22/05/24 12:31:35 INFO TextDataConvertor: Dataset: [data/rating_5000_cls_hc_10core_iterative.csv]
22/05/24 12:31:35 INFO TextDataConvertor: DataSet: ...ng_5000_cls_hc_10core_iterative.csv is finished
22/05/24 12:31:35 INFO TextDataConvertor: rating Scale: [3.0, 4.0, 5.0]
22/05/24 12:31:35 INFO TextDataConvertor: user number: 4005,	 item number is: 2673
22/05/24 12:31:35 INFO TextDataModel: Transform data to Convertor successfully!
22/05/24 12:31:35 INFO TextDataModel: Split data to train Set and test Set successfully!
22/05/24 12:31:36 INFO TextDataModel: Feature appender loaded successfully!
22/05/24 12:31:36 INFO TextDataConvertor: Dataset: [data/split/cv_1/train.txt]
22/05/24 12:31:36 INFO TextDataConvertor: DataSet: data/split/cv_1/train.txt is finished
22/05/24 12:31:36 INFO TextDataConvertor: rating Scale: [3.0, 4.0, 5.0]
22/05/24 12:31:36 INFO TextDataConvertor: user number: 4005,	 item number is: 2673
22/05/24 12:31:36 INFO TextDataModel: Transform data to Convertor successfully!
22/05/24 12:31:36 INFO TextDataConvertor: Dataset: [data/split/cv_1/test.txt]
22/05/24 12:31:36 INFO TextDataConvertor: DataSet: data/split/cv_1/test.txt is finished
22/05/24 12:31:36 INFO TextDataConvertor: rating Scale: [3.0, 4.0, 5.0]
22/05/24 12:31:36 INFO TextDataConvertor: user number: 4005,	 item number is: 2673
22/05/24 12:31:36 INFO TextDataModel: Split data to train Set and test Set successfully!
22/05/24 12:31:36 INFO TextDataModel: Data cardinality of training is 73580
22/05/24 12:31:36 INFO TextDataModel: Data cardinality of testing is 36791
22/05/24 12:31:36 INFO TextDataModel: Feature appender loaded successfully!
22/05/24 12:31:36 INFO RecommenderJob: ExpCMD: START - Executing recommender job on 1.
22/05/24 12:31:36 INFO BPRRecommender: Job Setup completed.
22/05/24 12:31:36 INFO BPRRecommender: BPRRecommender iter 1: loss = 51004.23212580318, delta_loss = -51004.23
22/05/24 12:31:36 INFO BPRRecommender: BPRRecommender iter 2: loss = 51003.22623891715, delta_loss = 1.0058869
22/05/24 12:31:36 INFO BPRRecommender: BPRRecommender iter 3: loss = 51002.68975814206, delta_loss = 0.5364808
22/05/24 12:31:36 INFO BPRRecommender: BPRRecommender iter 4: loss = 51002.37527369346, delta_loss = 0.31448445
22/05/24 12:31:36 INFO BPRRecommender: BPRRecommender iter 5: loss = 51002.17781775835, delta_loss = 0.19745593
22/05/24 12:31:36 INFO BPRRecommender: BPRRecommender iter 6: loss = 51002.05126576641, delta_loss = 0.12655199
22/05/24 12:31:36 INFO BPRRecommender: BPRRecommender iter 7: loss = 51001.96762639914, delta_loss = 0.08363937
22/05/24 12:31:36 INFO BPRRecommender: BPRRecommender iter 8: loss = 51001.91227975466, delta_loss = 0.055346645
22/05/24 12:31:36 INFO BPRRecommender: BPRRecommender iter 9: loss = 51001.87541191016, delta_loss = 0.036867846
22/05/24 12:31:36 INFO BPRRecommender: BPRRecommender iter 10: loss = 51001.84929297868, delta_loss = 0.026118932
22/05/24 12:31:36 INFO BPRRecommender: BPRRecommender iter 11: loss = 51001.83163515718, delta_loss = 0.017657822
22/05/24 12:31:37 INFO BPRRecommender: BPRRecommender iter 12: loss = 51001.81890199173, delta_loss = 0.012733165
22/05/24 12:31:37 INFO BPRRecommender: BPRRecommender iter 13: loss = 51001.810499279054, delta_loss = 0.008402713
22/05/24 12:31:37 INFO BPRRecommender: BPRRecommender iter 14: loss = 51001.80401071905, delta_loss = 0.00648856
22/05/24 12:31:37 INFO BPRRecommender: BPRRecommender iter 15: loss = 51001.80027318494, delta_loss = 0.0037375342
22/05/24 12:31:37 INFO BPRRecommender: BPRRecommender iter 16: loss = 51001.79627095264, delta_loss = 0.004002232
22/05/24 12:31:37 INFO BPRRecommender: BPRRecommender iter 17: loss = 51001.794672005126, delta_loss = 0.0015989476
22/05/24 12:31:37 INFO BPRRecommender: BPRRecommender iter 18: loss = 51001.79322624173, delta_loss = 0.0014457634
22/05/24 12:31:37 INFO BPRRecommender: BPRRecommender iter 19: loss = 51001.79231316761, delta_loss = 9.130741E-4
22/05/24 12:31:37 INFO BPRRecommender: BPRRecommender iter 20: loss = 51001.79112423595, delta_loss = 0.0011889316
22/05/24 12:31:37 INFO BPRRecommender: BPRRecommender iter 21: loss = 51001.79093116797, delta_loss = 1.9306797E-4
22/05/24 12:31:37 INFO BPRRecommender: BPRRecommender iter 22: loss = 51001.79066881886, delta_loss = 2.6234912E-4
22/05/24 12:31:37 INFO BPRRecommender: BPRRecommender iter 23: loss = 51001.790080381594, delta_loss = 5.8843725E-4
22/05/24 12:31:37 INFO BPRRecommender: BPRRecommender iter 24: loss = 51001.78954770866, delta_loss = 5.326729E-4
22/05/24 12:31:37 INFO BPRRecommender: BPRRecommender iter 25: loss = 51001.78993482043, delta_loss = -3.8711177E-4
22/05/24 12:31:37 INFO BPRRecommender: BPRRecommender iter 26: loss = 51001.789785307905, delta_loss = 1.4951252E-4
22/05/24 12:31:37 INFO BPRRecommender: BPRRecommender iter 27: loss = 51001.78979434615, delta_loss = -9.0382455E-6
22/05/24 12:31:37 INFO BPRRecommender: Job Train completed.
22/05/24 12:31:37 INFO RecommenderJob: ExpCMD: COMPLETE
22/05/24 12:31:37 INFO RecommenderJob: EvalCMD: START
22/05/24 12:31:37 INFO BPRRecommender: begin recommend
22/05/24 12:31:37 INFO BPRRecommender: end recommend
22/05/24 12:31:37 INFO RecommenderJob: Evaluator info:NormalizedDCGEvaluator is 0.013808063009966155
22/05/24 12:31:38 INFO RecommenderJob: Evaluator info:PrecisionEvaluator is 0.004814443329989907
22/05/24 12:31:38 INFO RecommenderJob: Evaluator info:PStatisticalParityEvaluator is 0.3580341023069044
22/05/24 12:31:38 INFO BPRRecommender: begin recommend
22/05/24 12:31:38 INFO BPRRecommender: end recommend
22/05/24 12:31:38 INFO RecommenderJob: Result path is exp00000/result/out-1.txt
22/05/24 12:31:38 INFO RecommenderJob: EvalCMD: COMPLETE.
22/05/24 12:31:38 INFO TextDataConvertor: Dataset: [data/split/cv_2/train.txt]
22/05/24 12:31:38 INFO TextDataConvertor: DataSet: data/split/cv_2/train.txt is finished
22/05/24 12:31:38 INFO TextDataConvertor: rating Scale: [3.0, 4.0, 5.0]
22/05/24 12:31:38 INFO TextDataConvertor: user number: 4005,	 item number is: 2673
22/05/24 12:31:38 INFO TextDataModel: Transform data to Convertor successfully!
22/05/24 12:31:38 INFO TextDataConvertor: Dataset: [data/split/cv_2/test.txt]
22/05/24 12:31:38 INFO TextDataConvertor: DataSet: data/split/cv_2/test.txt is finished
22/05/24 12:31:38 INFO TextDataConvertor: rating Scale: [3.0, 4.0, 5.0]
22/05/24 12:31:38 INFO TextDataConvertor: user number: 4005,	 item number is: 2673
22/05/24 12:31:39 INFO TextDataModel: Split data to train Set and test Set successfully!
22/05/24 12:31:39 INFO TextDataModel: Data cardinality of training is 73581
22/05/24 12:31:39 INFO TextDataModel: Data cardinality of testing is 36790
22/05/24 12:31:39 INFO TextDataModel: Feature appender loaded successfully!
22/05/24 12:31:39 INFO RecommenderJob: ExpCMD: START - Executing recommender job on 2.
22/05/24 12:31:39 INFO BPRRecommender: Job Setup completed.
22/05/24 12:31:39 INFO BPRRecommender: BPRRecommender iter 1: loss = 51004.91611650793, delta_loss = -51004.918
22/05/24 12:31:39 INFO BPRRecommender: BPRRecommender iter 2: loss = 51003.9089107848, delta_loss = 1.0072057
22/05/24 12:31:39 INFO BPRRecommender: BPRRecommender iter 3: loss = 51003.3776127351, delta_loss = 0.53129804
22/05/24 12:31:39 INFO BPRRecommender: BPRRecommender iter 4: loss = 51003.06471671098, delta_loss = 0.312896
22/05/24 12:31:39 INFO BPRRecommender: BPRRecommender iter 5: loss = 51002.86828222209, delta_loss = 0.19643448
22/05/24 12:31:39 INFO BPRRecommender: BPRRecommender iter 6: loss = 51002.74336199404, delta_loss = 0.12492023
22/05/24 12:31:39 INFO BPRRecommender: BPRRecommender iter 7: loss = 51002.659720749034, delta_loss = 0.083641246
22/05/24 12:31:39 INFO BPRRecommender: BPRRecommender iter 8: loss = 51002.60482053997, delta_loss = 0.05490021
22/05/24 12:31:39 INFO BPRRecommender: BPRRecommender iter 9: loss = 51002.56710602082, delta_loss = 0.03771452
22/05/24 12:31:39 INFO BPRRecommender: BPRRecommender iter 10: loss = 51002.541748110685, delta_loss = 0.02535791
22/05/24 12:31:39 INFO BPRRecommender: BPRRecommender iter 11: loss = 51002.52403872573, delta_loss = 0.017709386
22/05/24 12:31:39 INFO BPRRecommender: BPRRecommender iter 12: loss = 51002.511621595986, delta_loss = 0.01241713
22/05/24 12:31:39 INFO BPRRecommender: BPRRecommender iter 13: loss = 51002.503080589806, delta_loss = 0.008541007
22/05/24 12:31:39 INFO BPRRecommender: BPRRecommender iter 14: loss = 51002.49664014378, delta_loss = 0.0064404462
22/05/24 12:31:39 INFO BPRRecommender: BPRRecommender iter 15: loss = 51002.49309315901, delta_loss = 0.0035469849
22/05/24 12:31:39 INFO BPRRecommender: BPRRecommender iter 16: loss = 51002.4900248708, delta_loss = 0.0030682883
22/05/24 12:31:39 INFO BPRRecommender: BPRRecommender iter 17: loss = 51002.487888080635, delta_loss = 0.0021367902
22/05/24 12:31:39 INFO BPRRecommender: BPRRecommender iter 18: loss = 51002.486724144015, delta_loss = 0.0011639366
22/05/24 12:31:39 INFO BPRRecommender: BPRRecommender iter 19: loss = 51002.485928493574, delta_loss = 7.956504E-4
22/05/24 12:31:39 INFO BPRRecommender: BPRRecommender iter 20: loss = 51002.48486568945, delta_loss = 0.0010628041
22/05/24 12:31:39 INFO BPRRecommender: BPRRecommender iter 21: loss = 51002.48401548274, delta_loss = 8.502067E-4
22/05/24 12:31:40 INFO BPRRecommender: BPRRecommender iter 22: loss = 51002.48384236183, delta_loss = 1.731209E-4
22/05/24 12:31:40 INFO BPRRecommender: BPRRecommender iter 23: loss = 51002.48368533552, delta_loss = 1.5702631E-4
22/05/24 12:31:40 INFO BPRRecommender: BPRRecommender iter 24: loss = 51002.483358365826, delta_loss = 3.269697E-4
22/05/24 12:31:40 INFO BPRRecommender: BPRRecommender iter 25: loss = 51002.48328468703, delta_loss = 7.36788E-5
22/05/24 12:31:40 INFO BPRRecommender: BPRRecommender iter 26: loss = 51002.483145137, delta_loss = 1.3955003E-4
22/05/24 12:31:40 INFO BPRRecommender: BPRRecommender iter 27: loss = 51002.48316054167, delta_loss = -1.5404672E-5
22/05/24 12:31:40 INFO BPRRecommender: BPRRecommender iter 28: loss = 51002.48335108265, delta_loss = -1.9054097E-4
22/05/24 12:31:40 INFO BPRRecommender: BPRRecommender iter 29: loss = 51002.48367202274, delta_loss = -3.209401E-4
22/05/24 12:31:40 INFO BPRRecommender: BPRRecommender iter 30: loss = 51002.483042681866, delta_loss = 6.293409E-4
22/05/24 12:31:40 INFO BPRRecommender: BPRRecommender iter 31: loss = 51002.48297588173, delta_loss = 6.680014E-5
22/05/24 12:31:40 INFO BPRRecommender: BPRRecommender iter 32: loss = 51002.48341947892, delta_loss = -4.435972E-4
22/05/24 12:31:40 INFO BPRRecommender: BPRRecommender iter 33: loss = 51002.48344815192, delta_loss = -2.8673E-5
22/05/24 12:31:40 INFO BPRRecommender: BPRRecommender iter 34: loss = 51002.48363299871, delta_loss = -1.8484678E-4
22/05/24 12:31:40 INFO BPRRecommender: BPRRecommender iter 35: loss = 51002.48377945641, delta_loss = -1.4645769E-4
22/05/24 12:31:40 INFO BPRRecommender: BPRRecommender iter 36: loss = 51002.48310437888, delta_loss = 6.7507755E-4
22/05/24 12:31:40 INFO BPRRecommender: BPRRecommender iter 37: loss = 51002.48362113016, delta_loss = -5.1675126E-4
22/05/24 12:31:40 INFO BPRRecommender: BPRRecommender iter 38: loss = 51002.48347383588, delta_loss = 1.4729428E-4
22/05/24 12:31:40 INFO BPRRecommender: BPRRecommender iter 39: loss = 51002.483964049, delta_loss = -4.902131E-4
22/05/24 12:31:40 INFO BPRRecommender: BPRRecommender iter 40: loss = 51002.48344344812, delta_loss = 5.206009E-4
22/05/24 12:31:40 INFO BPRRecommender: BPRRecommender iter 41: loss = 51002.48362856606, delta_loss = -1.8511794E-4
22/05/24 12:31:40 INFO BPRRecommender: BPRRecommender iter 42: loss = 51002.483445721795, delta_loss = 1.8284426E-4
22/05/24 12:31:40 INFO BPRRecommender: BPRRecommender iter 43: loss = 51002.48401022265, delta_loss = -5.6450086E-4
22/05/24 12:31:40 INFO BPRRecommender: BPRRecommender iter 44: loss = 51002.483327431975, delta_loss = 6.8279065E-4
22/05/24 12:31:40 INFO BPRRecommender: BPRRecommender iter 45: loss = 51002.48365476858, delta_loss = -3.273366E-4
22/05/24 12:31:40 INFO BPRRecommender: BPRRecommender iter 46: loss = 51002.48365081988, delta_loss = 3.9486986E-6
22/05/24 12:31:40 INFO BPRRecommender: Job Train completed.
22/05/24 12:31:40 INFO RecommenderJob: ExpCMD: COMPLETE
22/05/24 12:31:40 INFO RecommenderJob: EvalCMD: START
22/05/24 12:31:40 INFO BPRRecommender: begin recommend
22/05/24 12:31:40 INFO BPRRecommender: end recommend
22/05/24 12:31:40 INFO RecommenderJob: Evaluator info:NormalizedDCGEvaluator is 0.028057893354980785
22/05/24 12:31:40 INFO RecommenderJob: Evaluator info:PrecisionEvaluator is 0.0084186746987951
22/05/24 12:31:40 INFO RecommenderJob: Evaluator info:PStatisticalParityEvaluator is 0.3790361445782985
22/05/24 12:31:40 INFO BPRRecommender: begin recommend
22/05/24 12:31:41 INFO BPRRecommender: end recommend
22/05/24 12:31:41 INFO RecommenderJob: Result path is exp00000/result/out-2.txt
