22/06/05 14:20:15 INFO TextDataConvertor: Dataset: [data/rating_5000_cls_hc_10core_iterative.csv]
22/06/05 14:20:15 INFO TextDataConvertor: DataSet: ...ng_5000_cls_hc_10core_iterative.csv is finished
22/06/05 14:20:15 INFO TextDataConvertor: rating Scale: [3.0, 4.0, 5.0]
22/06/05 14:20:15 INFO TextDataConvertor: user number: 4005,	 item number is: 2673
22/06/05 14:20:15 INFO TextDataModel: Transform data to Convertor successfully!
22/06/05 14:20:16 INFO TextDataModel: Split data to train Set and test Set successfully!
22/06/05 14:20:16 INFO TextDataModel: Feature appender loaded successfully!
22/06/05 14:20:16 INFO TextDataConvertor: Dataset: [data/split/cv_1/train.txt]
22/06/05 14:20:16 INFO TextDataConvertor: DataSet: data/split/cv_1/train.txt is finished
22/06/05 14:20:16 INFO TextDataConvertor: rating Scale: [3.0, 4.0, 5.0]
22/06/05 14:20:16 INFO TextDataConvertor: user number: 4005,	 item number is: 2673
22/06/05 14:20:16 INFO TextDataModel: Transform data to Convertor successfully!
22/06/05 14:20:16 INFO TextDataConvertor: Dataset: [data/split/cv_1/test.txt]
22/06/05 14:20:16 INFO TextDataConvertor: DataSet: data/split/cv_1/test.txt is finished
22/06/05 14:20:16 INFO TextDataConvertor: rating Scale: [3.0, 4.0, 5.0]
22/06/05 14:20:16 INFO TextDataConvertor: user number: 4005,	 item number is: 2673
22/06/05 14:20:16 INFO TextDataModel: Split data to train Set and test Set successfully!
22/06/05 14:20:16 INFO TextDataModel: Data cardinality of training is 73580
22/06/05 14:20:16 INFO TextDataModel: Data cardinality of testing is 36791
22/06/05 14:20:16 INFO TextDataModel: Feature appender loaded successfully!
22/06/05 14:20:16 INFO RecommenderJob: ExpCMD: START - Executing recommender job on 1.
22/06/05 14:20:20 INFO SLIMRecommender: Job Setup completed.
22/06/05 14:20:21 INFO SLIMRecommender: SLIMRecommender iter 1: loss = 454634.81261893525, delta_loss = -454634.81261893525
22/06/05 14:20:23 INFO SLIMRecommender: SLIMRecommender iter 2: loss = 27866.365711354163, delta_loss = 426768.44690758106
22/06/05 14:20:24 INFO SLIMRecommender: SLIMRecommender iter 3: loss = 28299.024145673855, delta_loss = -432.6584343196919
22/06/05 14:20:24 INFO SLIMRecommender: Job Train completed.
22/06/05 14:20:24 INFO RecommenderJob: ExpCMD: COMPLETE
22/06/05 14:20:24 INFO RecommenderJob: EvalCMD: START
22/06/05 14:20:24 INFO SLIMRecommender: begin recommend
22/06/05 14:20:25 INFO SLIMRecommender: end recommend
22/06/05 14:20:25 INFO RecommenderJob: Evaluator info:NormalizedDCGEvaluator is 0.012227373102197901
22/06/05 14:20:25 INFO SLIMRecommender: begin recommend
22/06/05 14:20:26 INFO SLIMRecommender: end recommend
22/06/05 14:20:26 INFO RecommenderJob: Result path is exp00008/result/out-1.txt
22/06/05 14:20:26 INFO RecommenderJob: EvalCMD: COMPLETE.
22/06/05 14:20:26 INFO TextDataConvertor: Dataset: [data/split/cv_2/train.txt]
22/06/05 14:20:26 INFO TextDataConvertor: DataSet: data/split/cv_2/train.txt is finished
22/06/05 14:20:26 INFO TextDataConvertor: rating Scale: [3.0, 4.0, 5.0]
22/06/05 14:20:26 INFO TextDataConvertor: user number: 4005,	 item number is: 2673
22/06/05 14:20:26 INFO TextDataModel: Transform data to Convertor successfully!
22/06/05 14:20:26 INFO TextDataConvertor: Dataset: [data/split/cv_2/test.txt]
22/06/05 14:20:26 INFO TextDataConvertor: DataSet: data/split/cv_2/test.txt is finished
22/06/05 14:20:26 INFO TextDataConvertor: rating Scale: [3.0, 4.0, 5.0]
22/06/05 14:20:26 INFO TextDataConvertor: user number: 4005,	 item number is: 2673
22/06/05 14:20:27 INFO TextDataModel: Split data to train Set and test Set successfully!
22/06/05 14:20:27 INFO TextDataModel: Data cardinality of training is 73581
22/06/05 14:20:27 INFO TextDataModel: Data cardinality of testing is 36790
22/06/05 14:20:27 INFO TextDataModel: Feature appender loaded successfully!
22/06/05 14:20:27 INFO RecommenderJob: ExpCMD: START - Executing recommender job on 2.
22/06/05 14:20:29 INFO SLIMRecommender: Job Setup completed.
22/06/05 14:20:31 INFO SLIMRecommender: SLIMRecommender iter 1: loss = 438389.79891307274, delta_loss = -438389.79891307274
22/06/05 14:20:32 INFO SLIMRecommender: SLIMRecommender iter 2: loss = 28066.029186014777, delta_loss = 410323.76972705795
22/06/05 14:20:33 INFO SLIMRecommender: SLIMRecommender iter 3: loss = 28504.04198232467, delta_loss = -438.012796309893
22/06/05 14:20:33 INFO SLIMRecommender: Job Train completed.
22/06/05 14:20:33 INFO RecommenderJob: ExpCMD: COMPLETE
22/06/05 14:20:33 INFO RecommenderJob: EvalCMD: START
22/06/05 14:20:34 INFO SLIMRecommender: begin recommend
22/06/05 14:20:34 INFO SLIMRecommender: end recommend
22/06/05 14:20:34 INFO RecommenderJob: Evaluator info:NormalizedDCGEvaluator is 0.012203133454342895
22/06/05 14:20:34 INFO SLIMRecommender: begin recommend
22/06/05 14:20:35 INFO SLIMRecommender: end recommend
22/06/05 14:20:35 INFO RecommenderJob: Result path is exp00008/result/out-2.txt
22/06/05 14:20:35 INFO RecommenderJob: EvalCMD: COMPLETE.
22/06/05 14:20:35 INFO TextDataConvertor: Dataset: [data/split/cv_3/train.txt]
22/06/05 14:20:35 INFO TextDataConvertor: DataSet: data/split/cv_3/train.txt is finished
22/06/05 14:20:35 INFO TextDataConvertor: rating Scale: [3.0, 4.0, 5.0]
22/06/05 14:20:35 INFO TextDataConvertor: user number: 4005,	 item number is: 2673
22/06/05 14:20:35 INFO TextDataModel: Transform data to Convertor successfully!
22/06/05 14:20:35 INFO TextDataConvertor: Dataset: [data/split/cv_3/test.txt]
22/06/05 14:20:35 INFO TextDataConvertor: DataSet: data/split/cv_3/test.txt is finished
22/06/05 14:20:35 INFO TextDataConvertor: rating Scale: [3.0, 4.0, 5.0]
22/06/05 14:20:35 INFO TextDataConvertor: user number: 4005,	 item number is: 2673
22/06/05 14:20:35 INFO TextDataModel: Split data to train Set and test Set successfully!
22/06/05 14:20:35 INFO TextDataModel: Data cardinality of training is 73581
22/06/05 14:20:35 INFO TextDataModel: Data cardinality of testing is 36790
22/06/05 14:20:35 INFO TextDataModel: Feature appender loaded successfully!
22/06/05 14:20:35 INFO RecommenderJob: ExpCMD: START - Executing recommender job on 3.
22/06/05 14:20:38 INFO SLIMRecommender: Job Setup completed.
22/06/05 14:20:40 INFO SLIMRecommender: SLIMRecommender iter 1: loss = 479285.5619777242, delta_loss = -479285.5619777242
22/06/05 14:20:41 INFO SLIMRecommender: SLIMRecommender iter 2: loss = 28290.710308434023, delta_loss = 450994.85166929016
22/06/05 14:20:43 INFO SLIMRecommender: SLIMRecommender iter 3: loss = 29024.44716961166, delta_loss = -733.7368611776365
22/06/05 14:20:43 INFO SLIMRecommender: Job Train completed.
22/06/05 14:20:43 INFO RecommenderJob: ExpCMD: COMPLETE
22/06/05 14:20:43 INFO RecommenderJob: EvalCMD: START
22/06/05 14:20:43 INFO SLIMRecommender: begin recommend
22/06/05 14:20:44 INFO SLIMRecommender: end recommend
22/06/05 14:20:44 INFO RecommenderJob: Evaluator info:NormalizedDCGEvaluator is 0.013474199275857055
22/06/05 14:20:44 INFO SLIMRecommender: begin recommend
22/06/05 14:20:45 INFO SLIMRecommender: end recommend
22/06/05 14:20:45 INFO RecommenderJob: Result path is exp00008/result/out-3.txt
22/06/05 14:20:45 INFO RecommenderJob: EvalCMD: COMPLETE.
