22/06/05 15:01:01 INFO TextDataConvertor: Dataset: [data/rating_5000_cls_hc_10core_iterative.csv]
22/06/05 15:01:01 INFO TextDataConvertor: DataSet: ...ng_5000_cls_hc_10core_iterative.csv is finished
22/06/05 15:01:01 INFO TextDataConvertor: rating Scale: [3.0, 4.0, 5.0]
22/06/05 15:01:01 INFO TextDataConvertor: user number: 4005,	 item number is: 2673
22/06/05 15:01:01 INFO TextDataModel: Transform data to Convertor successfully!
22/06/05 15:01:01 INFO TextDataModel: Split data to train Set and test Set successfully!
22/06/05 15:01:01 INFO TextDataModel: Feature appender loaded successfully!
22/06/05 15:01:01 INFO TextDataConvertor: Dataset: [data/split/cv_1/train.txt]
22/06/05 15:01:01 INFO TextDataConvertor: DataSet: data/split/cv_1/train.txt is finished
22/06/05 15:01:01 INFO TextDataConvertor: rating Scale: [3.0, 4.0, 5.0]
22/06/05 15:01:01 INFO TextDataConvertor: user number: 4005,	 item number is: 2673
22/06/05 15:01:01 INFO TextDataModel: Transform data to Convertor successfully!
22/06/05 15:01:01 INFO TextDataConvertor: Dataset: [data/split/cv_1/test.txt]
22/06/05 15:01:01 INFO TextDataConvertor: DataSet: data/split/cv_1/test.txt is finished
22/06/05 15:01:01 INFO TextDataConvertor: rating Scale: [3.0, 4.0, 5.0]
22/06/05 15:01:01 INFO TextDataConvertor: user number: 4005,	 item number is: 2673
22/06/05 15:01:02 INFO TextDataModel: Split data to train Set and test Set successfully!
22/06/05 15:01:02 INFO TextDataModel: Data cardinality of training is 73580
22/06/05 15:01:02 INFO TextDataModel: Data cardinality of testing is 36791
22/06/05 15:01:02 INFO TextDataModel: Feature appender loaded successfully!
22/06/05 15:01:02 INFO RecommenderJob: ExpCMD: START - Executing recommender job on 1.
22/06/05 15:01:02 INFO BPRRecommender: Job Setup completed.
22/06/05 15:01:02 INFO BPRRecommender: BPRRecommender iter 1: loss = 51007.488991238955, delta_loss = -51007.49
22/06/05 15:01:02 INFO BPRRecommender: BPRRecommender iter 2: loss = 51004.86683541961, delta_loss = 2.622156
22/06/05 15:01:02 INFO BPRRecommender: BPRRecommender iter 3: loss = 51003.63184771253, delta_loss = 1.2349877
22/06/05 15:01:02 INFO BPRRecommender: BPRRecommender iter 4: loss = 51002.9656437873, delta_loss = 0.6662039
22/06/05 15:01:02 INFO BPRRecommender: BPRRecommender iter 5: loss = 51002.58761262802, delta_loss = 0.37803116
22/06/05 15:01:02 INFO BPRRecommender: BPRRecommender iter 6: loss = 51002.36233066291, delta_loss = 0.22528197
22/06/05 15:01:02 INFO BPRRecommender: BPRRecommender iter 7: loss = 51002.22678761457, delta_loss = 0.13554305
22/06/05 15:01:02 INFO BPRRecommender: BPRRecommender iter 8: loss = 51002.14062854818, delta_loss = 0.086159065
22/06/05 15:01:02 INFO BPRRecommender: BPRRecommender iter 9: loss = 51002.08651254996, delta_loss = 0.054116
22/06/05 15:01:02 INFO BPRRecommender: BPRRecommender iter 10: loss = 51002.05187668302, delta_loss = 0.034635868
22/06/05 15:01:02 INFO BPRRecommender: BPRRecommender iter 11: loss = 51002.02826677637, delta_loss = 0.023609906
22/06/05 15:01:02 INFO BPRRecommender: BPRRecommender iter 12: loss = 51002.0135418829, delta_loss = 0.0147248935
22/06/05 15:01:02 INFO BPRRecommender: BPRRecommender iter 13: loss = 51002.00257016409, delta_loss = 0.0109717185
22/06/05 15:01:03 INFO BPRRecommender: BPRRecommender iter 14: loss = 51001.9956393246, delta_loss = 0.0069308393
22/06/05 15:01:03 INFO BPRRecommender: BPRRecommender iter 15: loss = 51001.99067300481, delta_loss = 0.00496632
22/06/05 15:01:03 INFO BPRRecommender: BPRRecommender iter 16: loss = 51001.985903672816, delta_loss = 0.004769332
22/06/05 15:01:03 INFO BPRRecommender: BPRRecommender iter 17: loss = 51001.983293935205, delta_loss = 0.0026097377
22/06/05 15:01:03 INFO BPRRecommender: BPRRecommender iter 18: loss = 51001.98070679302, delta_loss = 0.0025871422
22/06/05 15:01:03 INFO BPRRecommender: BPRRecommender iter 19: loss = 51001.97898665026, delta_loss = 0.0017201428
22/06/05 15:01:03 INFO BPRRecommender: BPRRecommender iter 20: loss = 51001.97638266374, delta_loss = 0.0026039865
22/06/05 15:01:03 INFO BPRRecommender: BPRRecommender iter 21: loss = 51001.97510041997, delta_loss = 0.0012822438
22/06/05 15:01:03 INFO BPRRecommender: BPRRecommender iter 22: loss = 51001.97297427743, delta_loss = 0.0021261426
22/06/05 15:01:03 INFO BPRRecommender: BPRRecommender iter 23: loss = 51001.97189030521, delta_loss = 0.0010839722
22/06/05 15:01:03 INFO BPRRecommender: BPRRecommender iter 24: loss = 51001.970849312136, delta_loss = 0.001040993
22/06/05 15:01:03 INFO BPRRecommender: BPRRecommender iter 25: loss = 51001.969361659554, delta_loss = 0.0014876525
22/06/05 15:01:03 INFO BPRRecommender: BPRRecommender iter 26: loss = 51001.96789066765, delta_loss = 0.0014709919
22/06/05 15:01:03 INFO BPRRecommender: BPRRecommender iter 27: loss = 51001.96623052166, delta_loss = 0.0016601459
22/06/05 15:01:03 INFO BPRRecommender: BPRRecommender iter 28: loss = 51001.96524118266, delta_loss = 9.89339E-4
22/06/05 15:01:03 INFO BPRRecommender: BPRRecommender iter 29: loss = 51001.96372011958, delta_loss = 0.001521063
22/06/05 15:01:03 INFO BPRRecommender: BPRRecommender iter 30: loss = 51001.96258796647, delta_loss = 0.0011321531
22/06/05 15:01:03 INFO BPRRecommender: BPRRecommender iter 31: loss = 51001.96165647506, delta_loss = 9.314914E-4
22/06/05 15:01:03 INFO BPRRecommender: BPRRecommender iter 32: loss = 51001.9600602099, delta_loss = 0.0015962651
22/06/05 15:01:03 INFO BPRRecommender: BPRRecommender iter 33: loss = 51001.95907533456, delta_loss = 9.848754E-4
22/06/05 15:01:03 INFO BPRRecommender: BPRRecommender iter 34: loss = 51001.95821713839, delta_loss = 8.581962E-4
22/06/05 15:01:03 INFO BPRRecommender: BPRRecommender iter 35: loss = 51001.95692999632, delta_loss = 0.001287142
22/06/05 15:01:03 INFO BPRRecommender: BPRRecommender iter 36: loss = 51001.95545767881, delta_loss = 0.0014723175
22/06/05 15:01:03 INFO BPRRecommender: BPRRecommender iter 37: loss = 51001.95393582281, delta_loss = 0.0015218561
22/06/05 15:01:04 INFO BPRRecommender: BPRRecommender iter 38: loss = 51001.953680393795, delta_loss = 2.55429E-4
22/06/05 15:01:04 INFO BPRRecommender: BPRRecommender iter 39: loss = 51001.95215792511, delta_loss = 0.0015224686
22/06/05 15:01:04 INFO BPRRecommender: BPRRecommender iter 40: loss = 51001.95188410758, delta_loss = 2.7381754E-4
22/06/05 15:01:04 INFO BPRRecommender: BPRRecommender iter 41: loss = 51001.95034102365, delta_loss = 0.0015430839
22/06/05 15:01:04 INFO BPRRecommender: BPRRecommender iter 42: loss = 51001.94952221136, delta_loss = 8.188123E-4
22/06/05 15:01:04 INFO BPRRecommender: BPRRecommender iter 43: loss = 51001.94860812967, delta_loss = 9.140817E-4
22/06/05 15:01:04 INFO BPRRecommender: BPRRecommender iter 44: loss = 51001.9473362416, delta_loss = 0.001271888
22/06/05 15:01:04 INFO BPRRecommender: BPRRecommender iter 45: loss = 51001.946783904306, delta_loss = 5.5233727E-4
22/06/05 15:01:04 INFO BPRRecommender: BPRRecommender iter 46: loss = 51001.9456334903, delta_loss = 0.001150414
22/06/05 15:01:04 INFO BPRRecommender: BPRRecommender iter 47: loss = 51001.94465858849, delta_loss = 9.7490184E-4
22/06/05 15:01:04 INFO BPRRecommender: BPRRecommender iter 48: loss = 51001.94383599928, delta_loss = 8.225892E-4
22/06/05 15:01:04 INFO BPRRecommender: BPRRecommender iter 49: loss = 51001.94321150191, delta_loss = 6.2449736E-4
22/06/05 15:01:04 INFO BPRRecommender: BPRRecommender iter 50: loss = 51001.94213728618, delta_loss = 0.0010742157
22/06/05 15:01:04 INFO BPRRecommender: Job Train completed.
22/06/05 15:01:04 INFO RecommenderJob: ExpCMD: COMPLETE
22/06/05 15:01:04 INFO RecommenderJob: EvalCMD: START
22/06/05 15:01:04 INFO BPRRecommender: begin recommend
22/06/05 15:01:04 INFO BPRRecommender: end recommend
22/06/05 15:01:04 INFO RecommenderJob: Evaluator info:NormalizedDCGEvaluator is 0.02651070762190844
22/06/05 15:01:04 INFO BPRRecommender: begin recommend
22/06/05 15:01:05 INFO BPRRecommender: end recommend
22/06/05 15:01:05 INFO RecommenderJob: Result path is exp00078/result/out-1.txt
22/06/05 15:01:05 INFO RecommenderJob: EvalCMD: COMPLETE.
22/06/05 15:01:05 INFO TextDataConvertor: Dataset: [data/split/cv_2/train.txt]
22/06/05 15:01:05 INFO TextDataConvertor: DataSet: data/split/cv_2/train.txt is finished
22/06/05 15:01:05 INFO TextDataConvertor: rating Scale: [3.0, 4.0, 5.0]
22/06/05 15:01:05 INFO TextDataConvertor: user number: 4005,	 item number is: 2673
22/06/05 15:01:05 INFO TextDataModel: Transform data to Convertor successfully!
22/06/05 15:01:05 INFO TextDataConvertor: Dataset: [data/split/cv_2/test.txt]
22/06/05 15:01:05 INFO TextDataConvertor: DataSet: data/split/cv_2/test.txt is finished
22/06/05 15:01:05 INFO TextDataConvertor: rating Scale: [3.0, 4.0, 5.0]
22/06/05 15:01:05 INFO TextDataConvertor: user number: 4005,	 item number is: 2673
22/06/05 15:01:05 INFO TextDataModel: Split data to train Set and test Set successfully!
22/06/05 15:01:05 INFO TextDataModel: Data cardinality of training is 73581
22/06/05 15:01:05 INFO TextDataModel: Data cardinality of testing is 36790
22/06/05 15:01:05 INFO TextDataModel: Feature appender loaded successfully!
22/06/05 15:01:05 INFO RecommenderJob: ExpCMD: START - Executing recommender job on 2.
22/06/05 15:01:05 INFO BPRRecommender: Job Setup completed.
22/06/05 15:01:06 INFO BPRRecommender: BPRRecommender iter 1: loss = 51008.22243157285, delta_loss = -51008.223
22/06/05 15:01:06 INFO BPRRecommender: BPRRecommender iter 2: loss = 51005.577486452705, delta_loss = 2.6449451
22/06/05 15:01:06 INFO BPRRecommender: BPRRecommender iter 3: loss = 51004.34057946077, delta_loss = 1.236907
22/06/05 15:01:06 INFO BPRRecommender: BPRRecommender iter 4: loss = 51003.67080528434, delta_loss = 0.6697742
22/06/05 15:01:06 INFO BPRRecommender: BPRRecommender iter 5: loss = 51003.289100596165, delta_loss = 0.3817047
22/06/05 15:01:06 INFO BPRRecommender: BPRRecommender iter 6: loss = 51003.062267740184, delta_loss = 0.22683285
22/06/05 15:01:06 INFO BPRRecommender: BPRRecommender iter 7: loss = 51002.92095257248, delta_loss = 0.14131516
22/06/05 15:01:06 INFO BPRRecommender: BPRRecommender iter 8: loss = 51002.8353755034, delta_loss = 0.08557707
22/06/05 15:01:06 INFO BPRRecommender: BPRRecommender iter 9: loss = 51002.78110155689, delta_loss = 0.054273948
22/06/05 15:01:06 INFO BPRRecommender: BPRRecommender iter 10: loss = 51002.744602554274, delta_loss = 0.036499
22/06/05 15:01:06 INFO BPRRecommender: BPRRecommender iter 11: loss = 51002.7224586799, delta_loss = 0.022143874
22/06/05 15:01:06 INFO BPRRecommender: BPRRecommender iter 12: loss = 51002.70729069208, delta_loss = 0.015167988
22/06/05 15:01:06 INFO BPRRecommender: BPRRecommender iter 13: loss = 51002.696414912876, delta_loss = 0.010875779
22/06/05 15:01:06 INFO BPRRecommender: BPRRecommender iter 14: loss = 51002.68908608377, delta_loss = 0.0073288293
22/06/05 15:01:06 INFO BPRRecommender: BPRRecommender iter 15: loss = 51002.68348108758, delta_loss = 0.0056049963
22/06/05 15:01:06 INFO BPRRecommender: BPRRecommender iter 16: loss = 51002.680287344076, delta_loss = 0.0031937435
22/06/05 15:01:07 INFO BPRRecommender: BPRRecommender iter 17: loss = 51002.6769220861, delta_loss = 0.003365258
22/06/05 15:01:07 INFO BPRRecommender: BPRRecommender iter 18: loss = 51002.67428067207, delta_loss = 0.002641414
22/06/05 15:01:07 INFO BPRRecommender: BPRRecommender iter 19: loss = 51002.67225736546, delta_loss = 0.0020233067
22/06/05 15:01:07 INFO BPRRecommender: BPRRecommender iter 20: loss = 51002.66978861114, delta_loss = 0.0024687543
22/06/05 15:01:07 INFO BPRRecommender: BPRRecommender iter 21: loss = 51002.668549962036, delta_loss = 0.0012386491
22/06/05 15:01:07 INFO BPRRecommender: BPRRecommender iter 22: loss = 51002.66688343775, delta_loss = 0.0016665243
22/06/05 15:01:07 INFO BPRRecommender: BPRRecommender iter 23: loss = 51002.66523565153, delta_loss = 0.0016477862
22/06/05 15:01:07 INFO BPRRecommender: BPRRecommender iter 24: loss = 51002.663600207095, delta_loss = 0.0016354445
22/06/05 15:01:07 INFO BPRRecommender: BPRRecommender iter 25: loss = 51002.66222256032, delta_loss = 0.0013776468
22/06/05 15:01:07 INFO BPRRecommender: BPRRecommender iter 26: loss = 51002.66143413156, delta_loss = 7.8842876E-4
22/06/05 15:01:07 INFO BPRRecommender: BPRRecommender iter 27: loss = 51002.66026137666, delta_loss = 0.0011727549
22/06/05 15:01:07 INFO BPRRecommender: BPRRecommender iter 28: loss = 51002.6580258456, delta_loss = 0.002235531
22/06/05 15:01:07 INFO BPRRecommender: BPRRecommender iter 29: loss = 51002.65730024146, delta_loss = 7.256041E-4
22/06/05 15:01:07 INFO BPRRecommender: BPRRecommender iter 30: loss = 51002.65617133128, delta_loss = 0.0011289102
22/06/05 15:01:07 INFO BPRRecommender: BPRRecommender iter 31: loss = 51002.6546297714, delta_loss = 0.0015415598
22/06/05 15:01:07 INFO BPRRecommender: BPRRecommender iter 32: loss = 51002.65344668863, delta_loss = 0.0011830828
22/06/05 15:01:07 INFO BPRRecommender: BPRRecommender iter 33: loss = 51002.65241697529, delta_loss = 0.0010297133
22/06/05 15:01:07 INFO BPRRecommender: BPRRecommender iter 34: loss = 51002.65140627296, delta_loss = 0.0010107023
22/06/05 15:01:07 INFO BPRRecommender: BPRRecommender iter 35: loss = 51002.6497338805, delta_loss = 0.0016723925
22/06/05 15:01:07 INFO BPRRecommender: BPRRecommender iter 36: loss = 51002.649358203416, delta_loss = 3.7567707E-4
22/06/05 15:01:08 INFO BPRRecommender: BPRRecommender iter 37: loss = 51002.64760710094, delta_loss = 0.0017511025
22/06/05 15:01:08 INFO BPRRecommender: BPRRecommender iter 38: loss = 51002.64744314306, delta_loss = 1.6395788E-4
22/06/05 15:01:08 INFO BPRRecommender: BPRRecommender iter 39: loss = 51002.6459609241, delta_loss = 0.001482219
22/06/05 15:01:08 INFO BPRRecommender: BPRRecommender iter 40: loss = 51002.64477085104, delta_loss = 0.0011900731
22/06/05 15:01:08 INFO BPRRecommender: BPRRecommender iter 41: loss = 51002.64344785337, delta_loss = 0.0013229976
22/06/05 15:01:08 INFO BPRRecommender: BPRRecommender iter 42: loss = 51002.64309776907, delta_loss = 3.500843E-4
22/06/05 15:01:08 INFO BPRRecommender: BPRRecommender iter 43: loss = 51002.641936219334, delta_loss = 0.0011615497
22/06/05 15:01:08 INFO BPRRecommender: BPRRecommender iter 44: loss = 51002.64092883808, delta_loss = 0.0010073812
22/06/05 15:01:08 INFO BPRRecommender: BPRRecommender iter 45: loss = 51002.639760201215, delta_loss = 0.0011686368
22/06/05 15:01:08 INFO BPRRecommender: BPRRecommender iter 46: loss = 51002.63877009694, delta_loss = 9.901043E-4
22/06/05 15:01:08 INFO BPRRecommender: BPRRecommender iter 47: loss = 51002.63794470433, delta_loss = 8.253926E-4
22/06/05 15:01:08 INFO BPRRecommender: BPRRecommender iter 48: loss = 51002.63750820075, delta_loss = 4.365036E-4
22/06/05 15:01:08 INFO BPRRecommender: BPRRecommender iter 49: loss = 51002.63626496284, delta_loss = 0.0012432379
22/06/05 15:01:08 INFO BPRRecommender: BPRRecommender iter 50: loss = 51002.63516331085, delta_loss = 0.001101652
22/06/05 15:01:08 INFO BPRRecommender: Job Train completed.
22/06/05 15:01:08 INFO RecommenderJob: ExpCMD: COMPLETE
22/06/05 15:01:08 INFO RecommenderJob: EvalCMD: START
22/06/05 15:01:08 INFO BPRRecommender: begin recommend
22/06/05 15:01:08 INFO BPRRecommender: end recommend
22/06/05 15:01:08 INFO RecommenderJob: Evaluator info:NormalizedDCGEvaluator is 0.028267124431028315
22/06/05 15:01:08 INFO BPRRecommender: begin recommend
22/06/05 15:01:09 INFO BPRRecommender: end recommend
22/06/05 15:01:09 INFO RecommenderJob: Result path is exp00078/result/out-2.txt
22/06/05 15:01:09 INFO RecommenderJob: EvalCMD: COMPLETE.
22/06/05 15:01:09 INFO TextDataConvertor: Dataset: [data/split/cv_3/train.txt]
22/06/05 15:01:09 INFO TextDataConvertor: DataSet: data/split/cv_3/train.txt is finished
22/06/05 15:01:09 INFO TextDataConvertor: rating Scale: [3.0, 4.0, 5.0]
22/06/05 15:01:09 INFO TextDataConvertor: user number: 4005,	 item number is: 2673
22/06/05 15:01:09 INFO TextDataModel: Transform data to Convertor successfully!
22/06/05 15:01:09 INFO TextDataConvertor: Dataset: [data/split/cv_3/test.txt]
22/06/05 15:01:09 INFO TextDataConvertor: DataSet: data/split/cv_3/test.txt is finished
22/06/05 15:01:09 INFO TextDataConvertor: rating Scale: [3.0, 4.0, 5.0]
22/06/05 15:01:09 INFO TextDataConvertor: user number: 4005,	 item number is: 2673
22/06/05 15:01:09 INFO TextDataModel: Split data to train Set and test Set successfully!
22/06/05 15:01:09 INFO TextDataModel: Data cardinality of training is 73581
22/06/05 15:01:09 INFO TextDataModel: Data cardinality of testing is 36790
22/06/05 15:01:09 INFO TextDataModel: Feature appender loaded successfully!
22/06/05 15:01:09 INFO RecommenderJob: ExpCMD: START - Executing recommender job on 3.
22/06/05 15:01:09 INFO BPRRecommender: Job Setup completed.
22/06/05 15:01:09 INFO BPRRecommender: BPRRecommender iter 1: loss = 51008.19206162967, delta_loss = -51008.19
22/06/05 15:01:09 INFO BPRRecommender: BPRRecommender iter 2: loss = 51005.57143106717, delta_loss = 2.6206305
22/06/05 15:01:09 INFO BPRRecommender: BPRRecommender iter 3: loss = 51004.328913233374, delta_loss = 1.2425178
22/06/05 15:01:09 INFO BPRRecommender: BPRRecommender iter 4: loss = 51003.66031435218, delta_loss = 0.6685989
22/06/05 15:01:09 INFO BPRRecommender: BPRRecommender iter 5: loss = 51003.280716304755, delta_loss = 0.37959805
22/06/05 15:01:09 INFO BPRRecommender: BPRRecommender iter 6: loss = 51003.056172962984, delta_loss = 0.22454335
22/06/05 15:01:09 INFO BPRRecommender: BPRRecommender iter 7: loss = 51002.91960630012, delta_loss = 0.13656667
22/06/05 15:01:09 INFO BPRRecommender: BPRRecommender iter 8: loss = 51002.83331840473, delta_loss = 0.08628789
22/06/05 15:01:09 INFO BPRRecommender: BPRRecommender iter 9: loss = 51002.77876654696, delta_loss = 0.05455186
22/06/05 15:01:09 INFO BPRRecommender: BPRRecommender iter 10: loss = 51002.744955260845, delta_loss = 0.033811286
22/06/05 15:01:09 INFO BPRRecommender: BPRRecommender iter 11: loss = 51002.72167379948, delta_loss = 0.02328146
22/06/05 15:01:09 INFO BPRRecommender: BPRRecommender iter 12: loss = 51002.70635885233, delta_loss = 0.015314947
22/06/05 15:01:09 INFO BPRRecommender: BPRRecommender iter 13: loss = 51002.69590588974, delta_loss = 0.0104529625
22/06/05 15:01:10 INFO BPRRecommender: BPRRecommender iter 14: loss = 51002.6890602616, delta_loss = 0.006845628
22/06/05 15:01:10 INFO BPRRecommender: BPRRecommender iter 15: loss = 51002.6831587607, delta_loss = 0.005901501
22/06/05 15:01:10 INFO BPRRecommender: BPRRecommender iter 16: loss = 51002.679613651584, delta_loss = 0.0035451092
22/06/05 15:01:10 INFO BPRRecommender: BPRRecommender iter 17: loss = 51002.67632428303, delta_loss = 0.0032893685
22/06/05 15:01:10 INFO BPRRecommender: BPRRecommender iter 18: loss = 51002.673824018995, delta_loss = 0.002500264
22/06/05 15:01:10 INFO BPRRecommender: BPRRecommender iter 19: loss = 51002.67216441987, delta_loss = 0.0016595991
22/06/05 15:01:10 INFO BPRRecommender: BPRRecommender iter 20: loss = 51002.66983687888, delta_loss = 0.002327541
22/06/05 15:01:10 INFO BPRRecommender: BPRRecommender iter 21: loss = 51002.668254925346, delta_loss = 0.0015819535
22/06/05 15:01:10 INFO BPRRecommender: BPRRecommender iter 22: loss = 51002.66644656421, delta_loss = 0.0018083612
22/06/05 15:01:10 INFO BPRRecommender: BPRRecommender iter 23: loss = 51002.66530667094, delta_loss = 0.0011398933
22/06/05 15:01:10 INFO BPRRecommender: BPRRecommender iter 24: loss = 51002.66329986519, delta_loss = 0.0020068057
22/06/05 15:01:10 INFO BPRRecommender: BPRRecommender iter 25: loss = 51002.66283871975, delta_loss = 4.6114545E-4
22/06/05 15:01:10 INFO BPRRecommender: BPRRecommender iter 26: loss = 51002.661532819126, delta_loss = 0.0013059006
22/06/05 15:01:10 INFO BPRRecommender: BPRRecommender iter 27: loss = 51002.659758899106, delta_loss = 0.00177392
22/06/05 15:01:10 INFO BPRRecommender: BPRRecommender iter 28: loss = 51002.658458435646, delta_loss = 0.0013004635
22/06/05 15:01:10 INFO BPRRecommender: BPRRecommender iter 29: loss = 51002.65716055779, delta_loss = 0.0012978779
22/06/05 15:01:10 INFO BPRRecommender: BPRRecommender iter 30: loss = 51002.65597065341, delta_loss = 0.0011899044
22/06/05 15:01:10 INFO BPRRecommender: BPRRecommender iter 31: loss = 51002.65490383266, delta_loss = 0.0010668207
22/06/05 15:01:10 INFO BPRRecommender: BPRRecommender iter 32: loss = 51002.653388966144, delta_loss = 0.0015148665
22/06/05 15:01:10 INFO BPRRecommender: BPRRecommender iter 33: loss = 51002.65228918357, delta_loss = 0.0010997825
22/06/05 15:01:10 INFO BPRRecommender: BPRRecommender iter 34: loss = 51002.651297405224, delta_loss = 9.917783E-4
22/06/05 15:01:10 INFO BPRRecommender: BPRRecommender iter 35: loss = 51002.65002547644, delta_loss = 0.0012719288
22/06/05 15:01:10 INFO BPRRecommender: BPRRecommender iter 36: loss = 51002.64942530358, delta_loss = 6.0017285E-4
22/06/05 15:01:10 INFO BPRRecommender: BPRRecommender iter 37: loss = 51002.64824778019, delta_loss = 0.0011775234
22/06/05 15:01:11 INFO BPRRecommender: BPRRecommender iter 38: loss = 51002.646908679046, delta_loss = 0.0013391011
22/06/05 15:01:11 INFO BPRRecommender: BPRRecommender iter 39: loss = 51002.64596334898, delta_loss = 9.453301E-4
22/06/05 15:01:11 INFO BPRRecommender: BPRRecommender iter 40: loss = 51002.64475026071, delta_loss = 0.0012130883
22/06/05 15:01:11 INFO BPRRecommender: BPRRecommender iter 41: loss = 51002.64399659844, delta_loss = 7.5366226E-4
22/06/05 15:01:11 INFO BPRRecommender: BPRRecommender iter 42: loss = 51002.64238449203, delta_loss = 0.0016121065
22/06/05 15:01:11 INFO BPRRecommender: BPRRecommender iter 43: loss = 51002.64175855265, delta_loss = 6.259394E-4
22/06/05 15:01:11 INFO BPRRecommender: BPRRecommender iter 44: loss = 51002.640648068475, delta_loss = 0.0011104841
22/06/05 15:01:11 INFO BPRRecommender: BPRRecommender iter 45: loss = 51002.63982299034, delta_loss = 8.250781E-4
22/06/05 15:01:11 INFO BPRRecommender: BPRRecommender iter 46: loss = 51002.63952285544, delta_loss = 3.001349E-4
22/06/05 15:01:11 INFO BPRRecommender: BPRRecommender iter 47: loss = 51002.638331001726, delta_loss = 0.0011918537
22/06/05 15:01:11 INFO BPRRecommender: BPRRecommender iter 48: loss = 51002.63653496694, delta_loss = 0.0017960347
22/06/05 15:01:11 INFO BPRRecommender: BPRRecommender iter 49: loss = 51002.63619332487, delta_loss = 3.4164207E-4
22/06/05 15:01:11 INFO BPRRecommender: BPRRecommender iter 50: loss = 51002.6360156054, delta_loss = 1.7771947E-4
22/06/05 15:01:11 INFO BPRRecommender: Job Train completed.
22/06/05 15:01:11 INFO RecommenderJob: ExpCMD: COMPLETE
22/06/05 15:01:11 INFO RecommenderJob: EvalCMD: START
22/06/05 15:01:11 INFO BPRRecommender: begin recommend
22/06/05 15:01:11 INFO BPRRecommender: end recommend
22/06/05 15:01:11 INFO RecommenderJob: Evaluator info:NormalizedDCGEvaluator is 0.023952531475785337
22/06/05 15:01:11 INFO BPRRecommender: begin recommend
22/06/05 15:01:12 INFO BPRRecommender: end recommend
22/06/05 15:01:12 INFO RecommenderJob: Result path is exp00078/result/out-3.txt
22/06/05 15:01:12 INFO RecommenderJob: EvalCMD: COMPLETE.
