22/06/05 14:21:12 INFO TextDataConvertor: Dataset: [data/rating_5000_cls_hc_10core_iterative.csv]
22/06/05 14:21:13 INFO TextDataConvertor: DataSet: ...ng_5000_cls_hc_10core_iterative.csv is finished
22/06/05 14:21:13 INFO TextDataConvertor: rating Scale: [3.0, 4.0, 5.0]
22/06/05 14:21:13 INFO TextDataConvertor: user number: 4005,	 item number is: 2673
22/06/05 14:21:13 INFO TextDataModel: Transform data to Convertor successfully!
22/06/05 14:21:13 INFO TextDataModel: Split data to train Set and test Set successfully!
22/06/05 14:21:13 INFO TextDataModel: Feature appender loaded successfully!
22/06/05 14:21:13 INFO TextDataConvertor: Dataset: [data/split/cv_1/train.txt]
22/06/05 14:21:13 INFO TextDataConvertor: DataSet: data/split/cv_1/train.txt is finished
22/06/05 14:21:13 INFO TextDataConvertor: rating Scale: [3.0, 4.0, 5.0]
22/06/05 14:21:13 INFO TextDataConvertor: user number: 4005,	 item number is: 2673
22/06/05 14:21:13 INFO TextDataModel: Transform data to Convertor successfully!
22/06/05 14:21:13 INFO TextDataConvertor: Dataset: [data/split/cv_1/test.txt]
22/06/05 14:21:13 INFO TextDataConvertor: DataSet: data/split/cv_1/test.txt is finished
22/06/05 14:21:13 INFO TextDataConvertor: rating Scale: [3.0, 4.0, 5.0]
22/06/05 14:21:13 INFO TextDataConvertor: user number: 4005,	 item number is: 2673
22/06/05 14:21:14 INFO TextDataModel: Split data to train Set and test Set successfully!
22/06/05 14:21:14 INFO TextDataModel: Data cardinality of training is 73580
22/06/05 14:21:14 INFO TextDataModel: Data cardinality of testing is 36791
22/06/05 14:21:14 INFO TextDataModel: Feature appender loaded successfully!
22/06/05 14:21:14 INFO RecommenderJob: ExpCMD: START - Executing recommender job on 1.
22/06/05 14:21:14 INFO BPRRecommender: Job Setup completed.
22/06/05 14:21:14 INFO BPRRecommender: BPRRecommender iter 1: loss = 51003.79299448341, delta_loss = -51003.793
22/06/05 14:21:14 INFO BPRRecommender: BPRRecommender iter 2: loss = 51003.28944018383, delta_loss = 0.5035543
22/06/05 14:21:14 INFO BPRRecommender: BPRRecommender iter 3: loss = 51002.96392814138, delta_loss = 0.32551205
22/06/05 14:21:14 INFO BPRRecommender: BPRRecommender iter 4: loss = 51002.73606999442, delta_loss = 0.22785814
22/06/05 14:21:14 INFO BPRRecommender: BPRRecommender iter 5: loss = 51002.570207629964, delta_loss = 0.16586237
22/06/05 14:21:14 INFO BPRRecommender: BPRRecommender iter 6: loss = 51002.44184962731, delta_loss = 0.128358
22/06/05 14:21:14 INFO BPRRecommender: BPRRecommender iter 7: loss = 51002.34227759015, delta_loss = 0.09957204
22/06/05 14:21:14 INFO BPRRecommender: BPRRecommender iter 8: loss = 51002.260843284384, delta_loss = 0.08143431
22/06/05 14:21:14 INFO BPRRecommender: BPRRecommender iter 9: loss = 51002.196752666714, delta_loss = 0.06409062
22/06/05 14:21:14 INFO BPRRecommender: BPRRecommender iter 10: loss = 51002.14401066412, delta_loss = 0.052742004
22/06/05 14:21:14 INFO BPRRecommender: BPRRecommender iter 11: loss = 51002.09858140687, delta_loss = 0.045429256
22/06/05 14:21:14 INFO BPRRecommender: BPRRecommender iter 12: loss = 51002.06083560217, delta_loss = 0.037745804
22/06/05 14:21:14 INFO BPRRecommender: BPRRecommender iter 13: loss = 51002.02804587335, delta_loss = 0.03278973
22/06/05 14:21:14 INFO BPRRecommender: BPRRecommender iter 14: loss = 51002.00029223736, delta_loss = 0.027753636
22/06/05 14:21:14 INFO BPRRecommender: BPRRecommender iter 15: loss = 51001.975885843734, delta_loss = 0.024406394
22/06/05 14:21:14 INFO BPRRecommender: BPRRecommender iter 16: loss = 51001.954850506816, delta_loss = 0.021035338
22/06/05 14:21:14 INFO BPRRecommender: BPRRecommender iter 17: loss = 51001.93618682542, delta_loss = 0.018663682
22/06/05 14:21:14 INFO BPRRecommender: BPRRecommender iter 18: loss = 51001.91964391546, delta_loss = 0.01654291
22/06/05 14:21:14 INFO BPRRecommender: BPRRecommender iter 19: loss = 51001.90527240919, delta_loss = 0.014371506
22/06/05 14:21:14 INFO BPRRecommender: BPRRecommender iter 20: loss = 51001.892157585484, delta_loss = 0.013114824
22/06/05 14:21:15 INFO BPRRecommender: BPRRecommender iter 21: loss = 51001.8804468822, delta_loss = 0.011710703
22/06/05 14:21:15 INFO BPRRecommender: BPRRecommender iter 22: loss = 51001.870135393176, delta_loss = 0.010311489
22/06/05 14:21:15 INFO BPRRecommender: BPRRecommender iter 23: loss = 51001.86066917299, delta_loss = 0.009466221
22/06/05 14:21:15 INFO BPRRecommender: BPRRecommender iter 24: loss = 51001.85250180493, delta_loss = 0.008167368
22/06/05 14:21:15 INFO BPRRecommender: BPRRecommender iter 25: loss = 51001.84486120655, delta_loss = 0.0076405983
22/06/05 14:21:15 INFO BPRRecommender: BPRRecommender iter 26: loss = 51001.837936610005, delta_loss = 0.0069245966
22/06/05 14:21:15 INFO BPRRecommender: BPRRecommender iter 27: loss = 51001.83194065119, delta_loss = 0.005995959
22/06/05 14:21:15 INFO BPRRecommender: BPRRecommender iter 28: loss = 51001.8263492852, delta_loss = 0.005591366
22/06/05 14:21:15 INFO BPRRecommender: BPRRecommender iter 29: loss = 51001.8213990539, delta_loss = 0.0049502314
22/06/05 14:21:15 INFO BPRRecommender: BPRRecommender iter 30: loss = 51001.8168382496, delta_loss = 0.0045608045
22/06/05 14:21:15 INFO BPRRecommender: BPRRecommender iter 31: loss = 51001.81267179554, delta_loss = 0.004166454
22/06/05 14:21:15 INFO BPRRecommender: BPRRecommender iter 32: loss = 51001.80897045951, delta_loss = 0.003701336
22/06/05 14:21:15 INFO BPRRecommender: BPRRecommender iter 33: loss = 51001.80551302815, delta_loss = 0.0034574314
22/06/05 14:21:15 INFO BPRRecommender: BPRRecommender iter 34: loss = 51001.80241510033, delta_loss = 0.003097928
22/06/05 14:21:15 INFO BPRRecommender: BPRRecommender iter 35: loss = 51001.79960889045, delta_loss = 0.00280621
22/06/05 14:21:15 INFO BPRRecommender: BPRRecommender iter 36: loss = 51001.79707915197, delta_loss = 0.0025297385
22/06/05 14:21:15 INFO BPRRecommender: BPRRecommender iter 37: loss = 51001.79474237615, delta_loss = 0.002336776
22/06/05 14:21:15 INFO BPRRecommender: BPRRecommender iter 38: loss = 51001.79265549163, delta_loss = 0.0020868846
22/06/05 14:21:15 INFO BPRRecommender: BPRRecommender iter 39: loss = 51001.79077849119, delta_loss = 0.0018770004
22/06/05 14:21:15 INFO BPRRecommender: BPRRecommender iter 40: loss = 51001.7889661511, delta_loss = 0.0018123401
22/06/05 14:21:15 INFO BPRRecommender: BPRRecommender iter 41: loss = 51001.78737805042, delta_loss = 0.0015881007
22/06/05 14:21:15 INFO BPRRecommender: BPRRecommender iter 42: loss = 51001.78596216107, delta_loss = 0.0014158894
22/06/05 14:21:15 INFO BPRRecommender: BPRRecommender iter 43: loss = 51001.78461482509, delta_loss = 0.001347336
22/06/05 14:21:15 INFO BPRRecommender: BPRRecommender iter 44: loss = 51001.783417786464, delta_loss = 0.0011970387
22/06/05 14:21:15 INFO BPRRecommender: BPRRecommender iter 45: loss = 51001.7822918994, delta_loss = 0.001125887
22/06/05 14:21:15 INFO BPRRecommender: BPRRecommender iter 46: loss = 51001.781300439005, delta_loss = 9.914604E-4
22/06/05 14:21:15 INFO BPRRecommender: BPRRecommender iter 47: loss = 51001.7803606508, delta_loss = 9.397882E-4
22/06/05 14:21:15 INFO BPRRecommender: BPRRecommender iter 48: loss = 51001.77953643578, delta_loss = 8.24215E-4
22/06/05 14:21:15 INFO BPRRecommender: BPRRecommender iter 49: loss = 51001.77876558942, delta_loss = 7.708464E-4
22/06/05 14:21:15 INFO BPRRecommender: BPRRecommender iter 50: loss = 51001.77805417427, delta_loss = 7.1141514E-4
22/06/05 14:21:15 INFO BPRRecommender: Job Train completed.
22/06/05 14:21:15 INFO RecommenderJob: ExpCMD: COMPLETE
22/06/05 14:21:15 INFO RecommenderJob: EvalCMD: START
22/06/05 14:21:15 INFO BPRRecommender: begin recommend
22/06/05 14:21:16 INFO BPRRecommender: end recommend
22/06/05 14:21:16 INFO RecommenderJob: Evaluator info:NormalizedDCGEvaluator is 0.05337392312590558
22/06/05 14:21:16 INFO BPRRecommender: begin recommend
22/06/05 14:21:16 INFO BPRRecommender: end recommend
22/06/05 14:21:16 INFO RecommenderJob: Result path is exp00061/result/out-1.txt
22/06/05 14:21:17 INFO RecommenderJob: EvalCMD: COMPLETE.
22/06/05 14:21:17 INFO TextDataConvertor: Dataset: [data/split/cv_2/train.txt]
22/06/05 14:21:17 INFO TextDataConvertor: DataSet: data/split/cv_2/train.txt is finished
22/06/05 14:21:17 INFO TextDataConvertor: rating Scale: [3.0, 4.0, 5.0]
22/06/05 14:21:17 INFO TextDataConvertor: user number: 4005,	 item number is: 2673
22/06/05 14:21:17 INFO TextDataModel: Transform data to Convertor successfully!
22/06/05 14:21:17 INFO TextDataConvertor: Dataset: [data/split/cv_2/test.txt]
22/06/05 14:21:17 INFO TextDataConvertor: DataSet: data/split/cv_2/test.txt is finished
22/06/05 14:21:17 INFO TextDataConvertor: rating Scale: [3.0, 4.0, 5.0]
22/06/05 14:21:17 INFO TextDataConvertor: user number: 4005,	 item number is: 2673
22/06/05 14:21:17 INFO TextDataModel: Split data to train Set and test Set successfully!
22/06/05 14:21:17 INFO TextDataModel: Data cardinality of training is 73581
22/06/05 14:21:17 INFO TextDataModel: Data cardinality of testing is 36790
22/06/05 14:21:17 INFO TextDataModel: Feature appender loaded successfully!
22/06/05 14:21:17 INFO RecommenderJob: ExpCMD: START - Executing recommender job on 2.
22/06/05 14:21:17 INFO BPRRecommender: Job Setup completed.
22/06/05 14:21:17 INFO BPRRecommender: BPRRecommender iter 1: loss = 51004.48754709018, delta_loss = -51004.49
22/06/05 14:21:17 INFO BPRRecommender: BPRRecommender iter 2: loss = 51003.9857781494, delta_loss = 0.50176895
22/06/05 14:21:17 INFO BPRRecommender: BPRRecommender iter 3: loss = 51003.65791070907, delta_loss = 0.32786745
22/06/05 14:21:17 INFO BPRRecommender: BPRRecommender iter 4: loss = 51003.430755313886, delta_loss = 0.2271554
22/06/05 14:21:17 INFO BPRRecommender: BPRRecommender iter 5: loss = 51003.26387223578, delta_loss = 0.16688308
22/06/05 14:21:17 INFO BPRRecommender: BPRRecommender iter 6: loss = 51003.13554876794, delta_loss = 0.12832347
22/06/05 14:21:17 INFO BPRRecommender: BPRRecommender iter 7: loss = 51003.035608368715, delta_loss = 0.0999404
22/06/05 14:21:17 INFO BPRRecommender: BPRRecommender iter 8: loss = 51002.95599573339, delta_loss = 0.079612635
22/06/05 14:21:17 INFO BPRRecommender: BPRRecommender iter 9: loss = 51002.89187415021, delta_loss = 0.06412158
22/06/05 14:21:17 INFO BPRRecommender: BPRRecommender iter 10: loss = 51002.837501442285, delta_loss = 0.05437271
22/06/05 14:21:17 INFO BPRRecommender: BPRRecommender iter 11: loss = 51002.793135888234, delta_loss = 0.044365555
22/06/05 14:21:17 INFO BPRRecommender: BPRRecommender iter 12: loss = 51002.755262762614, delta_loss = 0.037873127
22/06/05 14:21:17 INFO BPRRecommender: BPRRecommender iter 13: loss = 51002.72280200409, delta_loss = 0.03246076
22/06/05 14:21:18 INFO BPRRecommender: BPRRecommender iter 14: loss = 51002.69466006379, delta_loss = 0.02814194
22/06/05 14:21:18 INFO BPRRecommender: BPRRecommender iter 15: loss = 51002.670483564194, delta_loss = 0.024176499
22/06/05 14:21:18 INFO BPRRecommender: BPRRecommender iter 16: loss = 51002.64893743421, delta_loss = 0.02154613
22/06/05 14:21:18 INFO BPRRecommender: BPRRecommender iter 17: loss = 51002.63030956004, delta_loss = 0.018627875
22/06/05 14:21:18 INFO BPRRecommender: BPRRecommender iter 18: loss = 51002.613526572866, delta_loss = 0.016782988
22/06/05 14:21:18 INFO BPRRecommender: BPRRecommender iter 19: loss = 51002.59904516276, delta_loss = 0.01448141
22/06/05 14:21:18 INFO BPRRecommender: BPRRecommender iter 20: loss = 51002.585985515165, delta_loss = 0.013059648
22/06/05 14:21:18 INFO BPRRecommender: BPRRecommender iter 21: loss = 51002.57432864494, delta_loss = 0.01165687
22/06/05 14:21:18 INFO BPRRecommender: BPRRecommender iter 22: loss = 51002.56385247221, delta_loss = 0.010476173
22/06/05 14:21:18 INFO BPRRecommender: BPRRecommender iter 23: loss = 51002.554568084626, delta_loss = 0.009284387
22/06/05 14:21:18 INFO BPRRecommender: BPRRecommender iter 24: loss = 51002.54619799239, delta_loss = 0.008370092
22/06/05 14:21:18 INFO BPRRecommender: BPRRecommender iter 25: loss = 51002.53863545692, delta_loss = 0.0075625353
22/06/05 14:21:18 INFO BPRRecommender: BPRRecommender iter 26: loss = 51002.53185819578, delta_loss = 0.006777261
22/06/05 14:21:18 INFO BPRRecommender: BPRRecommender iter 27: loss = 51002.525681318395, delta_loss = 0.0061768773
22/06/05 14:21:18 INFO BPRRecommender: BPRRecommender iter 28: loss = 51002.52001442727, delta_loss = 0.005666891
22/06/05 14:21:18 INFO BPRRecommender: BPRRecommender iter 29: loss = 51002.514947734504, delta_loss = 0.005066693
22/06/05 14:21:18 INFO BPRRecommender: BPRRecommender iter 30: loss = 51002.51044051954, delta_loss = 0.0045072148
22/06/05 14:21:18 INFO BPRRecommender: BPRRecommender iter 31: loss = 51002.50623080013, delta_loss = 0.0042097196
22/06/05 14:21:18 INFO BPRRecommender: BPRRecommender iter 32: loss = 51002.502491931344, delta_loss = 0.0037388687
22/06/05 14:21:18 INFO BPRRecommender: BPRRecommender iter 33: loss = 51002.499025890356, delta_loss = 0.003466041
22/06/05 14:21:18 INFO BPRRecommender: BPRRecommender iter 34: loss = 51002.49595775967, delta_loss = 0.0030681307
22/06/05 14:21:18 INFO BPRRecommender: BPRRecommender iter 35: loss = 51002.49315886293, delta_loss = 0.0027988967
22/06/05 14:21:18 INFO BPRRecommender: BPRRecommender iter 36: loss = 51002.49056735148, delta_loss = 0.0025915115
22/06/05 14:21:18 INFO BPRRecommender: BPRRecommender iter 37: loss = 51002.48820792743, delta_loss = 0.002359424
22/06/05 14:21:18 INFO BPRRecommender: BPRRecommender iter 38: loss = 51002.48611272539, delta_loss = 0.002095202
22/06/05 14:21:18 INFO BPRRecommender: BPRRecommender iter 39: loss = 51002.48413814634, delta_loss = 0.001974579
22/06/05 14:21:18 INFO BPRRecommender: BPRRecommender iter 40: loss = 51002.482386606425, delta_loss = 0.0017515399
22/06/05 14:21:18 INFO BPRRecommender: BPRRecommender iter 41: loss = 51002.48081906335, delta_loss = 0.001567543
22/06/05 14:21:18 INFO BPRRecommender: BPRRecommender iter 42: loss = 51002.47935192681, delta_loss = 0.0014671365
22/06/05 14:21:18 INFO BPRRecommender: BPRRecommender iter 43: loss = 51002.47799396607, delta_loss = 0.0013579607
22/06/05 14:21:18 INFO BPRRecommender: BPRRecommender iter 44: loss = 51002.47678287165, delta_loss = 0.0012110944
22/06/05 14:21:18 INFO BPRRecommender: BPRRecommender iter 45: loss = 51002.47569736722, delta_loss = 0.0010855044
22/06/05 14:21:18 INFO BPRRecommender: BPRRecommender iter 46: loss = 51002.47467356326, delta_loss = 0.001023804
22/06/05 14:21:18 INFO BPRRecommender: BPRRecommender iter 47: loss = 51002.473760145855, delta_loss = 9.1341743E-4
22/06/05 14:21:18 INFO BPRRecommender: BPRRecommender iter 48: loss = 51002.47289963869, delta_loss = 8.6050713E-4
22/06/05 14:21:18 INFO BPRRecommender: BPRRecommender iter 49: loss = 51002.472114839125, delta_loss = 7.847996E-4
22/06/05 14:21:19 INFO BPRRecommender: BPRRecommender iter 50: loss = 51002.47140015158, delta_loss = 7.146875E-4
22/06/05 14:21:19 INFO BPRRecommender: Job Train completed.
22/06/05 14:21:19 INFO RecommenderJob: ExpCMD: COMPLETE
22/06/05 14:21:19 INFO RecommenderJob: EvalCMD: START
22/06/05 14:21:19 INFO BPRRecommender: begin recommend
22/06/05 14:21:19 INFO BPRRecommender: end recommend
22/06/05 14:21:19 INFO RecommenderJob: Evaluator info:NormalizedDCGEvaluator is 0.059238569318681225
22/06/05 14:21:19 INFO BPRRecommender: begin recommend
22/06/05 14:21:19 INFO BPRRecommender: end recommend
22/06/05 14:21:19 INFO RecommenderJob: Result path is exp00061/result/out-2.txt
22/06/05 14:21:19 INFO RecommenderJob: EvalCMD: COMPLETE.
22/06/05 14:21:19 INFO TextDataConvertor: Dataset: [data/split/cv_3/train.txt]
22/06/05 14:21:19 INFO TextDataConvertor: DataSet: data/split/cv_3/train.txt is finished
22/06/05 14:21:19 INFO TextDataConvertor: rating Scale: [3.0, 4.0, 5.0]
22/06/05 14:21:19 INFO TextDataConvertor: user number: 4005,	 item number is: 2673
22/06/05 14:21:19 INFO TextDataModel: Transform data to Convertor successfully!
22/06/05 14:21:19 INFO TextDataConvertor: Dataset: [data/split/cv_3/test.txt]
22/06/05 14:21:19 INFO TextDataConvertor: DataSet: data/split/cv_3/test.txt is finished
22/06/05 14:21:19 INFO TextDataConvertor: rating Scale: [3.0, 4.0, 5.0]
22/06/05 14:21:19 INFO TextDataConvertor: user number: 4005,	 item number is: 2673
22/06/05 14:21:19 INFO TextDataModel: Split data to train Set and test Set successfully!
22/06/05 14:21:19 INFO TextDataModel: Data cardinality of training is 73581
22/06/05 14:21:19 INFO TextDataModel: Data cardinality of testing is 36790
22/06/05 14:21:20 INFO TextDataModel: Feature appender loaded successfully!
22/06/05 14:21:20 INFO RecommenderJob: ExpCMD: START - Executing recommender job on 3.
22/06/05 14:21:20 INFO BPRRecommender: Job Setup completed.
22/06/05 14:21:20 INFO BPRRecommender: BPRRecommender iter 1: loss = 51004.49680663905, delta_loss = -51004.496
22/06/05 14:21:20 INFO BPRRecommender: BPRRecommender iter 2: loss = 51003.98711987682, delta_loss = 0.50968677
22/06/05 14:21:20 INFO BPRRecommender: BPRRecommender iter 3: loss = 51003.66033697213, delta_loss = 0.3267829
22/06/05 14:21:20 INFO BPRRecommender: BPRRecommender iter 4: loss = 51003.432107326604, delta_loss = 0.22822964
22/06/05 14:21:20 INFO BPRRecommender: BPRRecommender iter 5: loss = 51003.26476278893, delta_loss = 0.16734454
22/06/05 14:21:20 INFO BPRRecommender: BPRRecommender iter 6: loss = 51003.1366959882, delta_loss = 0.12806681
22/06/05 14:21:20 INFO BPRRecommender: BPRRecommender iter 7: loss = 51003.03684802246, delta_loss = 0.099847965
22/06/05 14:21:20 INFO BPRRecommender: BPRRecommender iter 8: loss = 51002.95717767906, delta_loss = 0.07967034
22/06/05 14:21:20 INFO BPRRecommender: BPRRecommender iter 9: loss = 51002.892242840215, delta_loss = 0.06493484
22/06/05 14:21:20 INFO BPRRecommender: BPRRecommender iter 10: loss = 51002.83840289343, delta_loss = 0.053839948
22/06/05 14:21:20 INFO BPRRecommender: BPRRecommender iter 11: loss = 51002.793034190116, delta_loss = 0.045368705
22/06/05 14:21:20 INFO BPRRecommender: BPRRecommender iter 12: loss = 51002.754679047066, delta_loss = 0.038355142
22/06/05 14:21:20 INFO BPRRecommender: BPRRecommender iter 13: loss = 51002.72286667834, delta_loss = 0.03181237
22/06/05 14:21:20 INFO BPRRecommender: BPRRecommender iter 14: loss = 51002.69476647615, delta_loss = 0.028100202
22/06/05 14:21:20 INFO BPRRecommender: BPRRecommender iter 15: loss = 51002.670634286544, delta_loss = 0.02413219
22/06/05 14:21:20 INFO BPRRecommender: BPRRecommender iter 16: loss = 51002.64870374037, delta_loss = 0.021930546
22/06/05 14:21:20 INFO BPRRecommender: BPRRecommender iter 17: loss = 51002.630276202246, delta_loss = 0.018427538
22/06/05 14:21:20 INFO BPRRecommender: BPRRecommender iter 18: loss = 51002.613804443776, delta_loss = 0.016471758
22/06/05 14:21:20 INFO BPRRecommender: BPRRecommender iter 19: loss = 51002.59916659216, delta_loss = 0.014637851
22/06/05 14:21:20 INFO BPRRecommender: BPRRecommender iter 20: loss = 51002.5861826987, delta_loss = 0.012983893
22/06/05 14:21:20 INFO BPRRecommender: BPRRecommender iter 21: loss = 51002.57449694437, delta_loss = 0.011685754
22/06/05 14:21:20 INFO BPRRecommender: BPRRecommender iter 22: loss = 51002.56389066404, delta_loss = 0.0106062805
22/06/05 14:21:20 INFO BPRRecommender: BPRRecommender iter 23: loss = 51002.554581174, delta_loss = 0.00930949
22/06/05 14:21:20 INFO BPRRecommender: BPRRecommender iter 24: loss = 51002.54619794109, delta_loss = 0.008383233
22/06/05 14:21:20 INFO BPRRecommender: BPRRecommender iter 25: loss = 51002.53870381294, delta_loss = 0.0074941283
22/06/05 14:21:20 INFO BPRRecommender: BPRRecommender iter 26: loss = 51002.531772048154, delta_loss = 0.006931765
22/06/05 14:21:20 INFO BPRRecommender: BPRRecommender iter 27: loss = 51002.525764917686, delta_loss = 0.0060071303
22/06/05 14:21:21 INFO BPRRecommender: BPRRecommender iter 28: loss = 51002.520260012294, delta_loss = 0.0055049052
22/06/05 14:21:21 INFO BPRRecommender: BPRRecommender iter 29: loss = 51002.51507850266, delta_loss = 0.0051815095
22/06/05 14:21:21 INFO BPRRecommender: BPRRecommender iter 30: loss = 51002.51053922589, delta_loss = 0.004539277
22/06/05 14:21:21 INFO BPRRecommender: BPRRecommender iter 31: loss = 51002.506498095994, delta_loss = 0.0040411297
22/06/05 14:21:21 INFO BPRRecommender: BPRRecommender iter 32: loss = 51002.5026463765, delta_loss = 0.0038517194
22/06/05 14:21:21 INFO BPRRecommender: BPRRecommender iter 33: loss = 51002.49923948479, delta_loss = 0.0034068916
22/06/05 14:21:21 INFO BPRRecommender: BPRRecommender iter 34: loss = 51002.49610546293, delta_loss = 0.0031340218
22/06/05 14:21:21 INFO BPRRecommender: BPRRecommender iter 35: loss = 51002.493330562655, delta_loss = 0.0027749003
22/06/05 14:21:21 INFO BPRRecommender: BPRRecommender iter 36: loss = 51002.49073227549, delta_loss = 0.002598287
22/06/05 14:21:21 INFO BPRRecommender: BPRRecommender iter 37: loss = 51002.488386135345, delta_loss = 0.00234614
22/06/05 14:21:21 INFO BPRRecommender: BPRRecommender iter 38: loss = 51002.48633843138, delta_loss = 0.002047704
22/06/05 14:21:21 INFO BPRRecommender: BPRRecommender iter 39: loss = 51002.48438563755, delta_loss = 0.0019527938
22/06/05 14:21:21 INFO BPRRecommender: BPRRecommender iter 40: loss = 51002.48256631594, delta_loss = 0.0018193217
22/06/05 14:21:21 INFO BPRRecommender: BPRRecommender iter 41: loss = 51002.48101832749, delta_loss = 0.0015479885
22/06/05 14:21:21 INFO BPRRecommender: BPRRecommender iter 42: loss = 51002.4794906216, delta_loss = 0.0015277059
22/06/05 14:21:21 INFO BPRRecommender: BPRRecommender iter 43: loss = 51002.47817683158, delta_loss = 0.00131379
22/06/05 14:21:21 INFO BPRRecommender: BPRRecommender iter 44: loss = 51002.4769891402, delta_loss = 0.0011876913
22/06/05 14:21:21 INFO BPRRecommender: BPRRecommender iter 45: loss = 51002.47583440565, delta_loss = 0.0011547345
22/06/05 14:21:21 INFO BPRRecommender: BPRRecommender iter 46: loss = 51002.47483146502, delta_loss = 0.0010029406
22/06/05 14:21:21 INFO BPRRecommender: BPRRecommender iter 47: loss = 51002.47391888845, delta_loss = 9.1257656E-4
22/06/05 14:21:21 INFO BPRRecommender: BPRRecommender iter 48: loss = 51002.4730552113, delta_loss = 8.636771E-4
22/06/05 14:21:21 INFO BPRRecommender: BPRRecommender iter 49: loss = 51002.472274937085, delta_loss = 7.802742E-4
22/06/05 14:21:21 INFO BPRRecommender: BPRRecommender iter 50: loss = 51002.471577796015, delta_loss = 6.9714105E-4
22/06/05 14:21:21 INFO BPRRecommender: Job Train completed.
22/06/05 14:21:21 INFO RecommenderJob: ExpCMD: COMPLETE
22/06/05 14:21:21 INFO RecommenderJob: EvalCMD: START
22/06/05 14:21:21 INFO BPRRecommender: begin recommend
22/06/05 14:21:21 INFO BPRRecommender: end recommend
22/06/05 14:21:21 INFO RecommenderJob: Evaluator info:NormalizedDCGEvaluator is 0.0637398749986929
22/06/05 14:21:21 INFO BPRRecommender: begin recommend
22/06/05 14:21:22 INFO BPRRecommender: end recommend
22/06/05 14:21:22 INFO RecommenderJob: Result path is exp00061/result/out-3.txt
22/06/05 14:21:22 INFO RecommenderJob: EvalCMD: COMPLETE.
