22/06/05 15:06:47 INFO TextDataConvertor: Dataset: [data/rating_5000_cls_hc_10core_iterative.csv]
22/06/05 15:06:47 INFO TextDataConvertor: DataSet: ...ng_5000_cls_hc_10core_iterative.csv is finished
22/06/05 15:06:47 INFO TextDataConvertor: rating Scale: [3.0, 4.0, 5.0]
22/06/05 15:06:47 INFO TextDataConvertor: user number: 4005,	 item number is: 2673
22/06/05 15:06:47 INFO TextDataModel: Transform data to Convertor successfully!
22/06/05 15:06:48 INFO TextDataModel: Split data to train Set and test Set successfully!
22/06/05 15:06:48 INFO TextDataModel: Feature appender loaded successfully!
22/06/05 15:06:48 INFO TextDataConvertor: Dataset: [data/split/cv_1/train.txt]
22/06/05 15:06:48 INFO TextDataConvertor: DataSet: data/split/cv_1/train.txt is finished
22/06/05 15:06:48 INFO TextDataConvertor: rating Scale: [3.0, 4.0, 5.0]
22/06/05 15:06:48 INFO TextDataConvertor: user number: 4005,	 item number is: 2673
22/06/05 15:06:48 INFO TextDataModel: Transform data to Convertor successfully!
22/06/05 15:06:48 INFO TextDataConvertor: Dataset: [data/split/cv_1/test.txt]
22/06/05 15:06:48 INFO TextDataConvertor: DataSet: data/split/cv_1/test.txt is finished
22/06/05 15:06:48 INFO TextDataConvertor: rating Scale: [3.0, 4.0, 5.0]
22/06/05 15:06:48 INFO TextDataConvertor: user number: 4005,	 item number is: 2673
22/06/05 15:06:48 INFO TextDataModel: Split data to train Set and test Set successfully!
22/06/05 15:06:48 INFO TextDataModel: Data cardinality of training is 73580
22/06/05 15:06:48 INFO TextDataModel: Data cardinality of testing is 36791
22/06/05 15:06:48 INFO TextDataModel: Feature appender loaded successfully!
22/06/05 15:06:48 INFO RecommenderJob: ExpCMD: START - Executing recommender job on 1.
22/06/05 15:06:48 INFO BPRRecommender: Job Setup completed.
22/06/05 15:06:48 INFO BPRRecommender: BPRRecommender iter 1: loss = 51008.62394657271, delta_loss = -51008.625
22/06/05 15:06:49 INFO BPRRecommender: BPRRecommender iter 2: loss = 51005.42449857838, delta_loss = 3.199448
22/06/05 15:06:49 INFO BPRRecommender: BPRRecommender iter 3: loss = 51004.03627051215, delta_loss = 1.388228
22/06/05 15:06:49 INFO BPRRecommender: BPRRecommender iter 4: loss = 51003.335829998825, delta_loss = 0.7004405
22/06/05 15:06:49 INFO BPRRecommender: BPRRecommender iter 5: loss = 51002.94842148496, delta_loss = 0.38740852
22/06/05 15:06:49 INFO BPRRecommender: BPRRecommender iter 6: loss = 51002.72375752877, delta_loss = 0.22466396
22/06/05 15:06:49 INFO BPRRecommender: BPRRecommender iter 7: loss = 51002.58474030243, delta_loss = 0.13901722
22/06/05 15:06:49 INFO BPRRecommender: BPRRecommender iter 8: loss = 51002.49413802373, delta_loss = 0.09060228
22/06/05 15:06:49 INFO BPRRecommender: BPRRecommender iter 9: loss = 51002.431111654405, delta_loss = 0.06302637
22/06/05 15:06:49 INFO BPRRecommender: BPRRecommender iter 10: loss = 51002.38378355972, delta_loss = 0.047328096
22/06/05 15:06:50 INFO BPRRecommender: BPRRecommender iter 11: loss = 51002.34718051574, delta_loss = 0.036603045
22/06/05 15:06:50 INFO BPRRecommender: BPRRecommender iter 12: loss = 51002.31690772892, delta_loss = 0.030272787
22/06/05 15:06:50 INFO BPRRecommender: BPRRecommender iter 13: loss = 51002.290227787395, delta_loss = 0.026679942
22/06/05 15:06:50 INFO BPRRecommender: BPRRecommender iter 14: loss = 51002.26661301237, delta_loss = 0.023614775
22/06/05 15:06:50 INFO BPRRecommender: BPRRecommender iter 15: loss = 51002.24540035018, delta_loss = 0.021212662
22/06/05 15:06:50 INFO BPRRecommender: BPRRecommender iter 16: loss = 51002.22481324417, delta_loss = 0.020587105
22/06/05 15:06:50 INFO BPRRecommender: BPRRecommender iter 17: loss = 51002.205399967206, delta_loss = 0.019413278
22/06/05 15:06:50 INFO BPRRecommender: BPRRecommender iter 18: loss = 51002.18772208389, delta_loss = 0.017677883
22/06/05 15:06:50 INFO BPRRecommender: BPRRecommender iter 19: loss = 51002.170991276, delta_loss = 0.016730808
22/06/05 15:06:50 INFO BPRRecommender: BPRRecommender iter 20: loss = 51002.154719406564, delta_loss = 0.016271869
22/06/05 15:06:50 INFO BPRRecommender: BPRRecommender iter 21: loss = 51002.13935549796, delta_loss = 0.015363908
22/06/05 15:06:50 INFO BPRRecommender: BPRRecommender iter 22: loss = 51002.12442243236, delta_loss = 0.0149330655
22/06/05 15:06:50 INFO BPRRecommender: BPRRecommender iter 23: loss = 51002.10993490958, delta_loss = 0.014487523
22/06/05 15:06:50 INFO BPRRecommender: BPRRecommender iter 24: loss = 51002.09641288549, delta_loss = 0.013522024
22/06/05 15:06:51 INFO BPRRecommender: BPRRecommender iter 25: loss = 51002.08371906174, delta_loss = 0.012693823
22/06/05 15:06:51 INFO BPRRecommender: BPRRecommender iter 26: loss = 51002.07059475919, delta_loss = 0.013124303
22/06/05 15:06:51 INFO BPRRecommender: BPRRecommender iter 27: loss = 51002.05880697843, delta_loss = 0.011787781
22/06/05 15:06:51 INFO BPRRecommender: BPRRecommender iter 28: loss = 51002.04731006588, delta_loss = 0.011496913
22/06/05 15:06:51 INFO BPRRecommender: BPRRecommender iter 29: loss = 51002.036170535685, delta_loss = 0.01113953
22/06/05 15:06:51 INFO BPRRecommender: BPRRecommender iter 30: loss = 51002.02576434544, delta_loss = 0.0104061905
22/06/05 15:06:51 INFO BPRRecommender: BPRRecommender iter 31: loss = 51002.01528872599, delta_loss = 0.01047562
22/06/05 15:06:51 INFO BPRRecommender: BPRRecommender iter 32: loss = 51002.005655805675, delta_loss = 0.00963292
22/06/05 15:06:51 INFO BPRRecommender: BPRRecommender iter 33: loss = 51001.996361098354, delta_loss = 0.009294707
22/06/05 15:06:51 INFO BPRRecommender: BPRRecommender iter 34: loss = 51001.98737554028, delta_loss = 0.0089855585
22/06/05 15:06:51 INFO BPRRecommender: BPRRecommender iter 35: loss = 51001.97895450885, delta_loss = 0.008421032
22/06/05 15:06:51 INFO BPRRecommender: BPRRecommender iter 36: loss = 51001.97075482051, delta_loss = 0.008199688
22/06/05 15:06:51 INFO BPRRecommender: BPRRecommender iter 37: loss = 51001.962997707284, delta_loss = 0.0077571133
22/06/05 15:06:51 INFO BPRRecommender: BPRRecommender iter 38: loss = 51001.955257721296, delta_loss = 0.007739986
22/06/05 15:06:51 INFO BPRRecommender: BPRRecommender iter 39: loss = 51001.947932555275, delta_loss = 0.007325166
22/06/05 15:06:51 INFO BPRRecommender: BPRRecommender iter 40: loss = 51001.94096076672, delta_loss = 0.0069717886
22/06/05 15:06:51 INFO BPRRecommender: BPRRecommender iter 41: loss = 51001.93432656589, delta_loss = 0.006634201
22/06/05 15:06:51 INFO BPRRecommender: BPRRecommender iter 42: loss = 51001.927716322854, delta_loss = 0.006610243
22/06/05 15:06:51 INFO BPRRecommender: BPRRecommender iter 43: loss = 51001.92159973091, delta_loss = 0.006116592
22/06/05 15:06:51 INFO BPRRecommender: BPRRecommender iter 44: loss = 51001.91553068138, delta_loss = 0.0060690497
22/06/05 15:06:52 INFO BPRRecommender: BPRRecommender iter 45: loss = 51001.90994461206, delta_loss = 0.0055860695
22/06/05 15:06:52 INFO BPRRecommender: BPRRecommender iter 46: loss = 51001.904469523906, delta_loss = 0.005475088
22/06/05 15:06:52 INFO BPRRecommender: BPRRecommender iter 47: loss = 51001.899348828905, delta_loss = 0.005120695
22/06/05 15:06:52 INFO BPRRecommender: BPRRecommender iter 48: loss = 51001.89421922918, delta_loss = 0.0051296
22/06/05 15:06:52 INFO BPRRecommender: BPRRecommender iter 49: loss = 51001.88935838863, delta_loss = 0.0048608407
22/06/05 15:06:52 INFO BPRRecommender: BPRRecommender iter 50: loss = 51001.88476478332, delta_loss = 0.004593605
22/06/05 15:06:52 INFO BPRRecommender: Job Train completed.
22/06/05 15:06:52 INFO RecommenderJob: ExpCMD: COMPLETE
22/06/05 15:06:52 INFO RecommenderJob: EvalCMD: START
22/06/05 15:06:52 INFO BPRRecommender: begin recommend
22/06/05 15:06:52 INFO BPRRecommender: end recommend
22/06/05 15:06:52 INFO RecommenderJob: Evaluator info:NormalizedDCGEvaluator is 0.02181178655290343
22/06/05 15:06:52 INFO BPRRecommender: begin recommend
22/06/05 15:06:53 INFO BPRRecommender: end recommend
22/06/05 15:06:53 INFO RecommenderJob: Result path is exp00081/result/out-1.txt
22/06/05 15:06:53 INFO RecommenderJob: EvalCMD: COMPLETE.
22/06/05 15:06:53 INFO TextDataConvertor: Dataset: [data/split/cv_2/train.txt]
22/06/05 15:06:53 INFO TextDataConvertor: DataSet: data/split/cv_2/train.txt is finished
22/06/05 15:06:53 INFO TextDataConvertor: rating Scale: [3.0, 4.0, 5.0]
22/06/05 15:06:53 INFO TextDataConvertor: user number: 4005,	 item number is: 2673
22/06/05 15:06:53 INFO TextDataModel: Transform data to Convertor successfully!
22/06/05 15:06:53 INFO TextDataConvertor: Dataset: [data/split/cv_2/test.txt]
22/06/05 15:06:53 INFO TextDataConvertor: DataSet: data/split/cv_2/test.txt is finished
22/06/05 15:06:53 INFO TextDataConvertor: rating Scale: [3.0, 4.0, 5.0]
22/06/05 15:06:53 INFO TextDataConvertor: user number: 4005,	 item number is: 2673
22/06/05 15:06:53 INFO TextDataModel: Split data to train Set and test Set successfully!
22/06/05 15:06:53 INFO TextDataModel: Data cardinality of training is 73581
22/06/05 15:06:53 INFO TextDataModel: Data cardinality of testing is 36790
22/06/05 15:06:54 INFO TextDataModel: Feature appender loaded successfully!
22/06/05 15:06:54 INFO RecommenderJob: ExpCMD: START - Executing recommender job on 2.
22/06/05 15:06:54 INFO BPRRecommender: Job Setup completed.
22/06/05 15:06:54 INFO BPRRecommender: BPRRecommender iter 1: loss = 51009.31874589627, delta_loss = -51009.32
22/06/05 15:06:54 INFO BPRRecommender: BPRRecommender iter 2: loss = 51006.13429014882, delta_loss = 3.1844556
22/06/05 15:06:54 INFO BPRRecommender: BPRRecommender iter 3: loss = 51004.74891187699, delta_loss = 1.3853782
22/06/05 15:06:54 INFO BPRRecommender: BPRRecommender iter 4: loss = 51004.039621101474, delta_loss = 0.7092908
22/06/05 15:06:54 INFO BPRRecommender: BPRRecommender iter 5: loss = 51003.64991154934, delta_loss = 0.38970956
22/06/05 15:06:54 INFO BPRRecommender: BPRRecommender iter 6: loss = 51003.42223693148, delta_loss = 0.22767462
22/06/05 15:06:54 INFO BPRRecommender: BPRRecommender iter 7: loss = 51003.28140815824, delta_loss = 0.14082877
22/06/05 15:06:54 INFO BPRRecommender: BPRRecommender iter 8: loss = 51003.18935221772, delta_loss = 0.09205594
22/06/05 15:06:54 INFO BPRRecommender: BPRRecommender iter 9: loss = 51003.12638858975, delta_loss = 0.06296363
22/06/05 15:06:54 INFO BPRRecommender: BPRRecommender iter 10: loss = 51003.07920832563, delta_loss = 0.047180265
22/06/05 15:06:54 INFO BPRRecommender: BPRRecommender iter 11: loss = 51003.04185479836, delta_loss = 0.037353527
22/06/05 15:06:54 INFO BPRRecommender: BPRRecommender iter 12: loss = 51003.011035985364, delta_loss = 0.030818813
22/06/05 15:06:55 INFO BPRRecommender: BPRRecommender iter 13: loss = 51002.98473774438, delta_loss = 0.026298242
22/06/05 15:06:55 INFO BPRRecommender: BPRRecommender iter 14: loss = 51002.96061361944, delta_loss = 0.024124125
22/06/05 15:06:55 INFO BPRRecommender: BPRRecommender iter 15: loss = 51002.93931625389, delta_loss = 0.021297365
22/06/05 15:06:55 INFO BPRRecommender: BPRRecommender iter 16: loss = 51002.91822817711, delta_loss = 0.021088077
22/06/05 15:06:55 INFO BPRRecommender: BPRRecommender iter 17: loss = 51002.89986943217, delta_loss = 0.018358745
22/06/05 15:06:55 INFO BPRRecommender: BPRRecommender iter 18: loss = 51002.88220582935, delta_loss = 0.017663604
22/06/05 15:06:55 INFO BPRRecommender: BPRRecommender iter 19: loss = 51002.86579524667, delta_loss = 0.016410582
22/06/05 15:06:55 INFO BPRRecommender: BPRRecommender iter 20: loss = 51002.84840620422, delta_loss = 0.017389042
22/06/05 15:06:55 INFO BPRRecommender: BPRRecommender iter 21: loss = 51002.83307451596, delta_loss = 0.015331688
22/06/05 15:06:55 INFO BPRRecommender: BPRRecommender iter 22: loss = 51002.818332101044, delta_loss = 0.0147424145
22/06/05 15:06:55 INFO BPRRecommender: BPRRecommender iter 23: loss = 51002.8036457371, delta_loss = 0.014686364
22/06/05 15:06:55 INFO BPRRecommender: BPRRecommender iter 24: loss = 51002.79015214136, delta_loss = 0.013493596
22/06/05 15:06:55 INFO BPRRecommender: BPRRecommender iter 25: loss = 51002.777086097485, delta_loss = 0.013066044
22/06/05 15:06:55 INFO BPRRecommender: BPRRecommender iter 26: loss = 51002.764714431745, delta_loss = 0.012371666
22/06/05 15:06:55 INFO BPRRecommender: BPRRecommender iter 27: loss = 51002.752443566365, delta_loss = 0.012270865
22/06/05 15:06:55 INFO BPRRecommender: BPRRecommender iter 28: loss = 51002.740943467266, delta_loss = 0.011500099
22/06/05 15:06:55 INFO BPRRecommender: BPRRecommender iter 29: loss = 51002.73020243461, delta_loss = 0.010741033
22/06/05 15:06:56 INFO BPRRecommender: BPRRecommender iter 30: loss = 51002.71958401452, delta_loss = 0.01061842
22/06/05 15:06:56 INFO BPRRecommender: BPRRecommender iter 31: loss = 51002.709419376355, delta_loss = 0.010164638
22/06/05 15:06:56 INFO BPRRecommender: BPRRecommender iter 32: loss = 51002.6993963271, delta_loss = 0.010023049
22/06/05 15:06:56 INFO BPRRecommender: BPRRecommender iter 33: loss = 51002.68999632087, delta_loss = 0.009400006
22/06/05 15:06:56 INFO BPRRecommender: BPRRecommender iter 34: loss = 51002.68112761282, delta_loss = 0.008868708
22/06/05 15:06:56 INFO BPRRecommender: BPRRecommender iter 35: loss = 51002.67245060335, delta_loss = 0.0086770095
22/06/05 15:06:56 INFO BPRRecommender: BPRRecommender iter 36: loss = 51002.66432996105, delta_loss = 0.008120642
22/06/05 15:06:56 INFO BPRRecommender: BPRRecommender iter 37: loss = 51002.656413035365, delta_loss = 0.0079169255
22/06/05 15:06:56 INFO BPRRecommender: BPRRecommender iter 38: loss = 51002.64888300107, delta_loss = 0.0075300345
22/06/05 15:06:56 INFO BPRRecommender: BPRRecommender iter 39: loss = 51002.641363383074, delta_loss = 0.007519618
22/06/05 15:06:56 INFO BPRRecommender: BPRRecommender iter 40: loss = 51002.63468798344, delta_loss = 0.0066754
22/06/05 15:06:56 INFO BPRRecommender: BPRRecommender iter 41: loss = 51002.62766265874, delta_loss = 0.0070253247
22/06/05 15:06:56 INFO BPRRecommender: BPRRecommender iter 42: loss = 51002.621190682185, delta_loss = 0.0064719766
22/06/05 15:06:56 INFO BPRRecommender: BPRRecommender iter 43: loss = 51002.61515688418, delta_loss = 0.006033798
22/06/05 15:06:56 INFO BPRRecommender: BPRRecommender iter 44: loss = 51002.609140272936, delta_loss = 0.006016611
22/06/05 15:06:56 INFO BPRRecommender: BPRRecommender iter 45: loss = 51002.60341268092, delta_loss = 0.005727592
22/06/05 15:06:56 INFO BPRRecommender: BPRRecommender iter 46: loss = 51002.59791659644, delta_loss = 0.0054960847
22/06/05 15:06:56 INFO BPRRecommender: BPRRecommender iter 47: loss = 51002.592579306925, delta_loss = 0.0053372895
22/06/05 15:06:56 INFO BPRRecommender: BPRRecommender iter 48: loss = 51002.5876347058, delta_loss = 0.004944601
22/06/05 15:06:56 INFO BPRRecommender: BPRRecommender iter 49: loss = 51002.582630425786, delta_loss = 0.0050042802
22/06/05 15:06:56 INFO BPRRecommender: BPRRecommender iter 50: loss = 51002.578119463324, delta_loss = 0.0045109624
22/06/05 15:06:56 INFO BPRRecommender: Job Train completed.
22/06/05 15:06:56 INFO RecommenderJob: ExpCMD: COMPLETE
22/06/05 15:06:56 INFO RecommenderJob: EvalCMD: START
22/06/05 15:06:56 INFO BPRRecommender: begin recommend
22/06/05 15:06:57 INFO BPRRecommender: end recommend
22/06/05 15:06:57 INFO RecommenderJob: Evaluator info:NormalizedDCGEvaluator is 0.020977214815628586
22/06/05 15:06:57 INFO BPRRecommender: begin recommend
22/06/05 15:06:57 INFO BPRRecommender: end recommend
22/06/05 15:06:57 INFO RecommenderJob: Result path is exp00081/result/out-2.txt
22/06/05 15:06:57 INFO RecommenderJob: EvalCMD: COMPLETE.
22/06/05 15:06:57 INFO TextDataConvertor: Dataset: [data/split/cv_3/train.txt]
22/06/05 15:06:57 INFO TextDataConvertor: DataSet: data/split/cv_3/train.txt is finished
22/06/05 15:06:57 INFO TextDataConvertor: rating Scale: [3.0, 4.0, 5.0]
22/06/05 15:06:57 INFO TextDataConvertor: user number: 4005,	 item number is: 2673
22/06/05 15:06:57 INFO TextDataModel: Transform data to Convertor successfully!
22/06/05 15:06:57 INFO TextDataConvertor: Dataset: [data/split/cv_3/test.txt]
22/06/05 15:06:57 INFO TextDataConvertor: DataSet: data/split/cv_3/test.txt is finished
22/06/05 15:06:57 INFO TextDataConvertor: rating Scale: [3.0, 4.0, 5.0]
22/06/05 15:06:57 INFO TextDataConvertor: user number: 4005,	 item number is: 2673
22/06/05 15:06:57 INFO TextDataModel: Split data to train Set and test Set successfully!
22/06/05 15:06:57 INFO TextDataModel: Data cardinality of training is 73581
22/06/05 15:06:57 INFO TextDataModel: Data cardinality of testing is 36790
22/06/05 15:06:57 INFO TextDataModel: Feature appender loaded successfully!
22/06/05 15:06:57 INFO RecommenderJob: ExpCMD: START - Executing recommender job on 3.
22/06/05 15:06:58 INFO BPRRecommender: Job Setup completed.
22/06/05 15:06:58 INFO BPRRecommender: BPRRecommender iter 1: loss = 51009.30404613545, delta_loss = -51009.305
22/06/05 15:06:58 INFO BPRRecommender: BPRRecommender iter 2: loss = 51006.12403541837, delta_loss = 3.1800108
22/06/05 15:06:58 INFO BPRRecommender: BPRRecommender iter 3: loss = 51004.73517408182, delta_loss = 1.3888613
22/06/05 15:06:58 INFO BPRRecommender: BPRRecommender iter 4: loss = 51004.02906214677, delta_loss = 0.7061119
22/06/05 15:06:58 INFO BPRRecommender: BPRRecommender iter 5: loss = 51003.64411035757, delta_loss = 0.3849518
22/06/05 15:06:58 INFO BPRRecommender: BPRRecommender iter 6: loss = 51003.41787200007, delta_loss = 0.22623836
22/06/05 15:06:58 INFO BPRRecommender: BPRRecommender iter 7: loss = 51003.27911139612, delta_loss = 0.1387606
22/06/05 15:06:58 INFO BPRRecommender: BPRRecommender iter 8: loss = 51003.18793003243, delta_loss = 0.09118136
22/06/05 15:06:58 INFO BPRRecommender: BPRRecommender iter 9: loss = 51003.12479179794, delta_loss = 0.06313823
22/06/05 15:06:58 INFO BPRRecommender: BPRRecommender iter 10: loss = 51003.077690120466, delta_loss = 0.047101676
22/06/05 15:06:58 INFO BPRRecommender: BPRRecommender iter 11: loss = 51003.04067265177, delta_loss = 0.03701747
22/06/05 15:06:58 INFO BPRRecommender: BPRRecommender iter 12: loss = 51003.01064752971, delta_loss = 0.030025123
22/06/05 15:06:58 INFO BPRRecommender: BPRRecommender iter 13: loss = 51002.984082756346, delta_loss = 0.026564773
22/06/05 15:06:58 INFO BPRRecommender: BPRRecommender iter 14: loss = 51002.96057142297, delta_loss = 0.023511333
22/06/05 15:06:58 INFO BPRRecommender: BPRRecommender iter 15: loss = 51002.938452494636, delta_loss = 0.022118928
22/06/05 15:06:59 INFO BPRRecommender: BPRRecommender iter 16: loss = 51002.918622054065, delta_loss = 0.019830441
22/06/05 15:06:59 INFO BPRRecommender: BPRRecommender iter 17: loss = 51002.89983688212, delta_loss = 0.018785171
22/06/05 15:06:59 INFO BPRRecommender: BPRRecommender iter 18: loss = 51002.88129241948, delta_loss = 0.018544463
22/06/05 15:06:59 INFO BPRRecommender: BPRRecommender iter 19: loss = 51002.864703352796, delta_loss = 0.016589066
22/06/05 15:06:59 INFO BPRRecommender: BPRRecommender iter 20: loss = 51002.84871017836, delta_loss = 0.015993174
22/06/05 15:06:59 INFO BPRRecommender: BPRRecommender iter 21: loss = 51002.83296236761, delta_loss = 0.015747812
22/06/05 15:06:59 INFO BPRRecommender: BPRRecommender iter 22: loss = 51002.81793168555, delta_loss = 0.015030682
22/06/05 15:06:59 INFO BPRRecommender: BPRRecommender iter 23: loss = 51002.803712268076, delta_loss = 0.014219417
22/06/05 15:06:59 INFO BPRRecommender: BPRRecommender iter 24: loss = 51002.79022195409, delta_loss = 0.013490314
22/06/05 15:06:59 INFO BPRRecommender: BPRRecommender iter 25: loss = 51002.777052066915, delta_loss = 0.0131698875
22/06/05 15:06:59 INFO BPRRecommender: BPRRecommender iter 26: loss = 51002.76470980196, delta_loss = 0.012342265
22/06/05 15:06:59 INFO BPRRecommender: BPRRecommender iter 27: loss = 51002.75266394432, delta_loss = 0.0120458575
22/06/05 15:06:59 INFO BPRRecommender: BPRRecommender iter 28: loss = 51002.74110351423, delta_loss = 0.01156043
22/06/05 15:06:59 INFO BPRRecommender: BPRRecommender iter 29: loss = 51002.73005413556, delta_loss = 0.011049379
22/06/05 15:06:59 INFO BPRRecommender: BPRRecommender iter 30: loss = 51002.719368641694, delta_loss = 0.010685494
22/06/05 15:06:59 INFO BPRRecommender: BPRRecommender iter 31: loss = 51002.70937934687, delta_loss = 0.009989295
22/06/05 15:06:59 INFO BPRRecommender: BPRRecommender iter 32: loss = 51002.69940786065, delta_loss = 0.009971486
22/06/05 15:06:59 INFO BPRRecommender: BPRRecommender iter 33: loss = 51002.690262474745, delta_loss = 0.009145386
22/06/05 15:06:59 INFO BPRRecommender: BPRRecommender iter 34: loss = 51002.68134078992, delta_loss = 0.008921685
22/06/05 15:06:59 INFO BPRRecommender: BPRRecommender iter 35: loss = 51002.6724461175, delta_loss = 0.008894673
22/06/05 15:06:59 INFO BPRRecommender: BPRRecommender iter 36: loss = 51002.66454192246, delta_loss = 0.007904195
22/06/05 15:07:00 INFO BPRRecommender: BPRRecommender iter 37: loss = 51002.65658069164, delta_loss = 0.00796123
22/06/05 15:07:00 INFO BPRRecommender: BPRRecommender iter 38: loss = 51002.64885438372, delta_loss = 0.007726308
22/06/05 15:07:00 INFO BPRRecommender: BPRRecommender iter 39: loss = 51002.64149020878, delta_loss = 0.007364175
22/06/05 15:07:00 INFO BPRRecommender: BPRRecommender iter 40: loss = 51002.63447456877, delta_loss = 0.00701564
22/06/05 15:07:00 INFO BPRRecommender: BPRRecommender iter 41: loss = 51002.62760228824, delta_loss = 0.0068722805
22/06/05 15:07:00 INFO BPRRecommender: BPRRecommender iter 42: loss = 51002.62107056485, delta_loss = 0.0065317233
22/06/05 15:07:00 INFO BPRRecommender: BPRRecommender iter 43: loss = 51002.61514795122, delta_loss = 0.0059226137
22/06/05 15:07:00 INFO BPRRecommender: BPRRecommender iter 44: loss = 51002.60931194356, delta_loss = 0.0058360077
22/06/05 15:07:00 INFO BPRRecommender: BPRRecommender iter 45: loss = 51002.603349757504, delta_loss = 0.005962186
22/06/05 15:07:00 INFO BPRRecommender: BPRRecommender iter 46: loss = 51002.59801652721, delta_loss = 0.0053332304
22/06/05 15:07:00 INFO BPRRecommender: BPRRecommender iter 47: loss = 51002.59283295723, delta_loss = 0.00518357
22/06/05 15:07:00 INFO BPRRecommender: BPRRecommender iter 48: loss = 51002.58773902506, delta_loss = 0.005093932
22/06/05 15:07:00 INFO BPRRecommender: BPRRecommender iter 49: loss = 51002.58295210622, delta_loss = 0.004786919
22/06/05 15:07:00 INFO BPRRecommender: BPRRecommender iter 50: loss = 51002.578321314206, delta_loss = 0.004630792
22/06/05 15:07:00 INFO BPRRecommender: Job Train completed.
22/06/05 15:07:00 INFO RecommenderJob: ExpCMD: COMPLETE
22/06/05 15:07:00 INFO RecommenderJob: EvalCMD: START
22/06/05 15:07:00 INFO BPRRecommender: begin recommend
22/06/05 15:07:00 INFO BPRRecommender: end recommend
22/06/05 15:07:00 INFO RecommenderJob: Evaluator info:NormalizedDCGEvaluator is 0.022846369115539746
22/06/05 15:07:00 INFO BPRRecommender: begin recommend
22/06/05 15:07:01 INFO BPRRecommender: end recommend
22/06/05 15:07:01 INFO RecommenderJob: Result path is exp00081/result/out-3.txt
22/06/05 15:07:01 INFO RecommenderJob: EvalCMD: COMPLETE.
