22/06/05 15:31:10 INFO TextDataConvertor: Dataset: [data/rating_5000_cls_hc_10core_iterative.csv]
22/06/05 15:31:10 INFO TextDataConvertor: DataSet: ...ng_5000_cls_hc_10core_iterative.csv is finished
22/06/05 15:31:10 INFO TextDataConvertor: rating Scale: [3.0, 4.0, 5.0]
22/06/05 15:31:10 INFO TextDataConvertor: user number: 4005,	 item number is: 2673
22/06/05 15:31:10 INFO TextDataModel: Transform data to Convertor successfully!
22/06/05 15:31:10 INFO TextDataModel: Split data to train Set and test Set successfully!
22/06/05 15:31:10 INFO TextDataModel: Feature appender loaded successfully!
22/06/05 15:31:10 INFO TextDataConvertor: Dataset: [data/split/cv_1/train.txt]
22/06/05 15:31:11 INFO TextDataConvertor: DataSet: data/split/cv_1/train.txt is finished
22/06/05 15:31:11 INFO TextDataConvertor: rating Scale: [3.0, 4.0, 5.0]
22/06/05 15:31:11 INFO TextDataConvertor: user number: 4005,	 item number is: 2673
22/06/05 15:31:11 INFO TextDataModel: Transform data to Convertor successfully!
22/06/05 15:31:11 INFO TextDataConvertor: Dataset: [data/split/cv_1/test.txt]
22/06/05 15:31:11 INFO TextDataConvertor: DataSet: data/split/cv_1/test.txt is finished
22/06/05 15:31:11 INFO TextDataConvertor: rating Scale: [3.0, 4.0, 5.0]
22/06/05 15:31:11 INFO TextDataConvertor: user number: 4005,	 item number is: 2673
22/06/05 15:31:11 INFO TextDataModel: Split data to train Set and test Set successfully!
22/06/05 15:31:11 INFO TextDataModel: Data cardinality of training is 73580
22/06/05 15:31:11 INFO TextDataModel: Data cardinality of testing is 36791
22/06/05 15:31:11 INFO TextDataModel: Feature appender loaded successfully!
22/06/05 15:31:11 INFO RecommenderJob: ExpCMD: START - Executing recommender job on 1.
22/06/05 15:31:11 INFO BPRRecommender: Job Setup completed.
22/06/05 15:31:11 INFO BPRRecommender: BPRRecommender iter 1: loss = 51008.07831294048, delta_loss = -51008.08
22/06/05 15:31:11 INFO BPRRecommender: BPRRecommender iter 2: loss = 51006.886598796395, delta_loss = 1.1917142
22/06/05 15:31:11 INFO BPRRecommender: BPRRecommender iter 3: loss = 51005.965652787054, delta_loss = 0.920946
22/06/05 15:31:11 INFO BPRRecommender: BPRRecommender iter 4: loss = 51005.239375612255, delta_loss = 0.7262772
22/06/05 15:31:11 INFO BPRRecommender: BPRRecommender iter 5: loss = 51004.65307727166, delta_loss = 0.58629835
22/06/05 15:31:11 INFO BPRRecommender: BPRRecommender iter 6: loss = 51004.181272967035, delta_loss = 0.4718043
22/06/05 15:31:11 INFO BPRRecommender: BPRRecommender iter 7: loss = 51003.79261721608, delta_loss = 0.38865575
22/06/05 15:31:11 INFO BPRRecommender: BPRRecommender iter 8: loss = 51003.476785753126, delta_loss = 0.31583145
22/06/05 15:31:11 INFO BPRRecommender: BPRRecommender iter 9: loss = 51003.21846052111, delta_loss = 0.25832522
22/06/05 15:31:11 INFO BPRRecommender: BPRRecommender iter 10: loss = 51003.00204000891, delta_loss = 0.21642052
22/06/05 15:31:11 INFO BPRRecommender: BPRRecommender iter 11: loss = 51002.82280189052, delta_loss = 0.17923813
22/06/05 15:31:11 INFO BPRRecommender: BPRRecommender iter 12: loss = 51002.67180389605, delta_loss = 0.150998
22/06/05 15:31:11 INFO BPRRecommender: BPRRecommender iter 13: loss = 51002.54445985051, delta_loss = 0.12734404
22/06/05 15:31:12 INFO BPRRecommender: BPRRecommender iter 14: loss = 51002.43834140753, delta_loss = 0.10611844
22/06/05 15:31:12 INFO BPRRecommender: BPRRecommender iter 15: loss = 51002.34781787043, delta_loss = 0.09052353
22/06/05 15:31:12 INFO BPRRecommender: BPRRecommender iter 16: loss = 51002.270694418694, delta_loss = 0.07712345
22/06/05 15:31:12 INFO BPRRecommender: BPRRecommender iter 17: loss = 51002.20553034048, delta_loss = 0.06516408
22/06/05 15:31:12 INFO BPRRecommender: BPRRecommender iter 18: loss = 51002.149482295616, delta_loss = 0.056048043
22/06/05 15:31:12 INFO BPRRecommender: BPRRecommender iter 19: loss = 51002.102462251714, delta_loss = 0.047020044
22/06/05 15:31:12 INFO BPRRecommender: BPRRecommender iter 20: loss = 51002.06125033112, delta_loss = 0.04121192
22/06/05 15:31:12 INFO BPRRecommender: BPRRecommender iter 21: loss = 51002.02564601482, delta_loss = 0.035604317
22/06/05 15:31:12 INFO BPRRecommender: BPRRecommender iter 22: loss = 51001.99486402045, delta_loss = 0.030781994
22/06/05 15:31:12 INFO BPRRecommender: BPRRecommender iter 23: loss = 51001.96868229382, delta_loss = 0.026181726
22/06/05 15:31:12 INFO BPRRecommender: BPRRecommender iter 24: loss = 51001.945812685866, delta_loss = 0.022869607
22/06/05 15:31:12 INFO BPRRecommender: BPRRecommender iter 25: loss = 51001.92577210542, delta_loss = 0.020040581
22/06/05 15:31:12 INFO BPRRecommender: BPRRecommender iter 26: loss = 51001.908401978006, delta_loss = 0.017370127
22/06/05 15:31:12 INFO BPRRecommender: BPRRecommender iter 27: loss = 51001.89329189351, delta_loss = 0.015110085
22/06/05 15:31:12 INFO BPRRecommender: BPRRecommender iter 28: loss = 51001.87999847905, delta_loss = 0.013293414
22/06/05 15:31:12 INFO BPRRecommender: BPRRecommender iter 29: loss = 51001.86816349649, delta_loss = 0.011834983
22/06/05 15:31:12 INFO BPRRecommender: BPRRecommender iter 30: loss = 51001.85779757685, delta_loss = 0.010365919
22/06/05 15:31:12 INFO BPRRecommender: BPRRecommender iter 31: loss = 51001.84867841722, delta_loss = 0.00911916
22/06/05 15:31:12 INFO BPRRecommender: BPRRecommender iter 32: loss = 51001.84068902719, delta_loss = 0.00798939
22/06/05 15:31:12 INFO BPRRecommender: BPRRecommender iter 33: loss = 51001.833580158884, delta_loss = 0.007108868
22/06/05 15:31:12 INFO BPRRecommender: BPRRecommender iter 34: loss = 51001.827266812455, delta_loss = 0.0063133463
22/06/05 15:31:12 INFO BPRRecommender: BPRRecommender iter 35: loss = 51001.82172369529, delta_loss = 0.005543117
22/06/05 15:31:12 INFO BPRRecommender: BPRRecommender iter 36: loss = 51001.81684876894, delta_loss = 0.0048749265
22/06/05 15:31:12 INFO BPRRecommender: BPRRecommender iter 37: loss = 51001.8123308139, delta_loss = 0.0045179552
22/06/05 15:31:12 INFO BPRRecommender: BPRRecommender iter 38: loss = 51001.80844269473, delta_loss = 0.0038881192
22/06/05 15:31:13 INFO BPRRecommender: BPRRecommender iter 39: loss = 51001.80489135865, delta_loss = 0.003551336
22/06/05 15:31:13 INFO BPRRecommender: BPRRecommender iter 40: loss = 51001.80175117089, delta_loss = 0.0031401878
22/06/05 15:31:13 INFO BPRRecommender: BPRRecommender iter 41: loss = 51001.79889478173, delta_loss = 0.0028563892
22/06/05 15:31:13 INFO BPRRecommender: BPRRecommender iter 42: loss = 51001.796436682154, delta_loss = 0.0024580995
22/06/05 15:31:13 INFO BPRRecommender: BPRRecommender iter 43: loss = 51001.794201683326, delta_loss = 0.0022349989
22/06/05 15:31:13 INFO BPRRecommender: BPRRecommender iter 44: loss = 51001.79211299943, delta_loss = 0.002088684
22/06/05 15:31:13 INFO BPRRecommender: BPRRecommender iter 45: loss = 51001.79035065222, delta_loss = 0.0017623472
22/06/05 15:31:13 INFO BPRRecommender: BPRRecommender iter 46: loss = 51001.78874377014, delta_loss = 0.0016068821
22/06/05 15:31:13 INFO BPRRecommender: BPRRecommender iter 47: loss = 51001.7873061133, delta_loss = 0.0014376568
22/06/05 15:31:13 INFO BPRRecommender: BPRRecommender iter 48: loss = 51001.78598791519, delta_loss = 0.0013181982
22/06/05 15:31:13 INFO BPRRecommender: BPRRecommender iter 49: loss = 51001.78481217028, delta_loss = 0.0011757449
22/06/05 15:31:13 INFO BPRRecommender: BPRRecommender iter 50: loss = 51001.78375347182, delta_loss = 0.0010586984
22/06/05 15:31:13 INFO BPRRecommender: Job Train completed.
22/06/05 15:31:13 INFO RecommenderJob: ExpCMD: COMPLETE
22/06/05 15:31:13 INFO RecommenderJob: EvalCMD: START
22/06/05 15:31:13 INFO BPRRecommender: begin recommend
22/06/05 15:31:13 INFO BPRRecommender: end recommend
22/06/05 15:31:13 INFO RecommenderJob: Evaluator info:NormalizedDCGEvaluator is 0.09967936239641598
22/06/05 15:31:13 INFO BPRRecommender: begin recommend
22/06/05 15:31:14 INFO BPRRecommender: end recommend
22/06/05 15:31:14 INFO RecommenderJob: Result path is exp00099/result/out-1.txt
22/06/05 15:31:14 INFO RecommenderJob: EvalCMD: COMPLETE.
22/06/05 15:31:14 INFO TextDataConvertor: Dataset: [data/split/cv_2/train.txt]
22/06/05 15:31:14 INFO TextDataConvertor: DataSet: data/split/cv_2/train.txt is finished
22/06/05 15:31:14 INFO TextDataConvertor: rating Scale: [3.0, 4.0, 5.0]
22/06/05 15:31:14 INFO TextDataConvertor: user number: 4005,	 item number is: 2673
22/06/05 15:31:14 INFO TextDataModel: Transform data to Convertor successfully!
22/06/05 15:31:14 INFO TextDataConvertor: Dataset: [data/split/cv_2/test.txt]
22/06/05 15:31:14 INFO TextDataConvertor: DataSet: data/split/cv_2/test.txt is finished
22/06/05 15:31:14 INFO TextDataConvertor: rating Scale: [3.0, 4.0, 5.0]
22/06/05 15:31:14 INFO TextDataConvertor: user number: 4005,	 item number is: 2673
22/06/05 15:31:14 INFO TextDataModel: Split data to train Set and test Set successfully!
22/06/05 15:31:14 INFO TextDataModel: Data cardinality of training is 73581
22/06/05 15:31:14 INFO TextDataModel: Data cardinality of testing is 36790
22/06/05 15:31:14 INFO TextDataModel: Feature appender loaded successfully!
22/06/05 15:31:14 INFO RecommenderJob: ExpCMD: START - Executing recommender job on 2.
22/06/05 15:31:14 INFO BPRRecommender: Job Setup completed.
22/06/05 15:31:14 INFO BPRRecommender: BPRRecommender iter 1: loss = 51008.78772321299, delta_loss = -51008.79
22/06/05 15:31:14 INFO BPRRecommender: BPRRecommender iter 2: loss = 51007.589447364866, delta_loss = 1.1982758
22/06/05 15:31:14 INFO BPRRecommender: BPRRecommender iter 3: loss = 51006.660367337274, delta_loss = 0.92908
22/06/05 15:31:15 INFO BPRRecommender: BPRRecommender iter 4: loss = 51005.933828352834, delta_loss = 0.72653896
22/06/05 15:31:15 INFO BPRRecommender: BPRRecommender iter 5: loss = 51005.34834825664, delta_loss = 0.5854801
22/06/05 15:31:15 INFO BPRRecommender: BPRRecommender iter 6: loss = 51004.87187592166, delta_loss = 0.47647235
22/06/05 15:31:15 INFO BPRRecommender: BPRRecommender iter 7: loss = 51004.48714070693, delta_loss = 0.38473523
22/06/05 15:31:15 INFO BPRRecommender: BPRRecommender iter 8: loss = 51004.17249063637, delta_loss = 0.31465006
22/06/05 15:31:15 INFO BPRRecommender: BPRRecommender iter 9: loss = 51003.910031326035, delta_loss = 0.2624593
22/06/05 15:31:15 INFO BPRRecommender: BPRRecommender iter 10: loss = 51003.69473364126, delta_loss = 0.21529768
22/06/05 15:31:15 INFO BPRRecommender: BPRRecommender iter 11: loss = 51003.51272060316, delta_loss = 0.18201303
22/06/05 15:31:15 INFO BPRRecommender: BPRRecommender iter 12: loss = 51003.36285942731, delta_loss = 0.14986117
22/06/05 15:31:15 INFO BPRRecommender: BPRRecommender iter 13: loss = 51003.23592245714, delta_loss = 0.12693697
22/06/05 15:31:15 INFO BPRRecommender: BPRRecommender iter 14: loss = 51003.12995942348, delta_loss = 0.10596304
22/06/05 15:31:15 INFO BPRRecommender: BPRRecommender iter 15: loss = 51003.03891845416, delta_loss = 0.09104097
22/06/05 15:31:15 INFO BPRRecommender: BPRRecommender iter 16: loss = 51002.96217424734, delta_loss = 0.076744206
22/06/05 15:31:15 INFO BPRRecommender: BPRRecommender iter 17: loss = 51002.89746733033, delta_loss = 0.064706914
22/06/05 15:31:15 INFO BPRRecommender: BPRRecommender iter 18: loss = 51002.84212724189, delta_loss = 0.05534009
22/06/05 15:31:15 INFO BPRRecommender: BPRRecommender iter 19: loss = 51002.793770065844, delta_loss = 0.048357178
22/06/05 15:31:15 INFO BPRRecommender: BPRRecommender iter 20: loss = 51002.75349717508, delta_loss = 0.04027289
22/06/05 15:31:15 INFO BPRRecommender: BPRRecommender iter 21: loss = 51002.71770881575, delta_loss = 0.03578836
22/06/05 15:31:15 INFO BPRRecommender: BPRRecommender iter 22: loss = 51002.68775123952, delta_loss = 0.029957576
22/06/05 15:31:15 INFO BPRRecommender: BPRRecommender iter 23: loss = 51002.66116343232, delta_loss = 0.026587807
22/06/05 15:31:15 INFO BPRRecommender: BPRRecommender iter 24: loss = 51002.63777206999, delta_loss = 0.023391362
22/06/05 15:31:15 INFO BPRRecommender: BPRRecommender iter 25: loss = 51002.618152252464, delta_loss = 0.019619817
22/06/05 15:31:15 INFO BPRRecommender: BPRRecommender iter 26: loss = 51002.600807945746, delta_loss = 0.017344307
22/06/05 15:31:15 INFO BPRRecommender: BPRRecommender iter 27: loss = 51002.58552800342, delta_loss = 0.015279942
22/06/05 15:31:15 INFO BPRRecommender: BPRRecommender iter 28: loss = 51002.572418219526, delta_loss = 0.013109784
22/06/05 15:31:16 INFO BPRRecommender: BPRRecommender iter 29: loss = 51002.560855903575, delta_loss = 0.011562316
22/06/05 15:31:16 INFO BPRRecommender: BPRRecommender iter 30: loss = 51002.55030869887, delta_loss = 0.010547205
22/06/05 15:31:16 INFO BPRRecommender: BPRRecommender iter 31: loss = 51002.54139794122, delta_loss = 0.0089107575
22/06/05 15:31:16 INFO BPRRecommender: BPRRecommender iter 32: loss = 51002.533406935865, delta_loss = 0.007991006
22/06/05 15:31:16 INFO BPRRecommender: BPRRecommender iter 33: loss = 51002.526367265906, delta_loss = 0.00703967
22/06/05 15:31:16 INFO BPRRecommender: BPRRecommender iter 34: loss = 51002.52011025484, delta_loss = 0.006257011
22/06/05 15:31:16 INFO BPRRecommender: BPRRecommender iter 35: loss = 51002.514599573915, delta_loss = 0.005510681
22/06/05 15:31:16 INFO BPRRecommender: BPRRecommender iter 36: loss = 51002.50967249352, delta_loss = 0.0049270806
22/06/05 15:31:16 INFO BPRRecommender: BPRRecommender iter 37: loss = 51002.505249065194, delta_loss = 0.0044234283
22/06/05 15:31:16 INFO BPRRecommender: BPRRecommender iter 38: loss = 51002.50136479025, delta_loss = 0.003884275
22/06/05 15:31:16 INFO BPRRecommender: BPRRecommender iter 39: loss = 51002.49789087459, delta_loss = 0.0034739156
22/06/05 15:31:16 INFO BPRRecommender: BPRRecommender iter 40: loss = 51002.49478328556, delta_loss = 0.003107589
22/06/05 15:31:16 INFO BPRRecommender: BPRRecommender iter 41: loss = 51002.49199435445, delta_loss = 0.0027889311
22/06/05 15:31:16 INFO BPRRecommender: BPRRecommender iter 42: loss = 51002.4895249767, delta_loss = 0.0024693778
22/06/05 15:31:16 INFO BPRRecommender: BPRRecommender iter 43: loss = 51002.48733145848, delta_loss = 0.0021935182
22/06/05 15:31:16 INFO BPRRecommender: BPRRecommender iter 44: loss = 51002.48532263942, delta_loss = 0.002008819
22/06/05 15:31:16 INFO BPRRecommender: BPRRecommender iter 45: loss = 51002.48361509024, delta_loss = 0.0017075492
22/06/05 15:31:16 INFO BPRRecommender: BPRRecommender iter 46: loss = 51002.481953278664, delta_loss = 0.0016618116
22/06/05 15:31:16 INFO BPRRecommender: BPRRecommender iter 47: loss = 51002.4805346275, delta_loss = 0.0014186512
22/06/05 15:31:16 INFO BPRRecommender: BPRRecommender iter 48: loss = 51002.4793069113, delta_loss = 0.0012277162
22/06/05 15:31:16 INFO BPRRecommender: BPRRecommender iter 49: loss = 51002.47814513028, delta_loss = 0.001161781
22/06/05 15:31:16 INFO BPRRecommender: BPRRecommender iter 50: loss = 51002.477118932446, delta_loss = 0.0010261978
22/06/05 15:31:16 INFO BPRRecommender: Job Train completed.
22/06/05 15:31:16 INFO RecommenderJob: ExpCMD: COMPLETE
22/06/05 15:31:16 INFO RecommenderJob: EvalCMD: START
22/06/05 15:31:16 INFO BPRRecommender: begin recommend
22/06/05 15:31:17 INFO BPRRecommender: end recommend
22/06/05 15:31:17 INFO RecommenderJob: Evaluator info:NormalizedDCGEvaluator is 0.09563950581842644
22/06/05 15:31:17 INFO BPRRecommender: begin recommend
22/06/05 15:31:17 INFO BPRRecommender: end recommend
22/06/05 15:31:17 INFO RecommenderJob: Result path is exp00099/result/out-2.txt
22/06/05 15:31:17 INFO RecommenderJob: EvalCMD: COMPLETE.
22/06/05 15:31:17 INFO TextDataConvertor: Dataset: [data/split/cv_3/train.txt]
22/06/05 15:31:17 INFO TextDataConvertor: DataSet: data/split/cv_3/train.txt is finished
22/06/05 15:31:17 INFO TextDataConvertor: rating Scale: [3.0, 4.0, 5.0]
22/06/05 15:31:17 INFO TextDataConvertor: user number: 4005,	 item number is: 2673
22/06/05 15:31:17 INFO TextDataModel: Transform data to Convertor successfully!
22/06/05 15:31:17 INFO TextDataConvertor: Dataset: [data/split/cv_3/test.txt]
22/06/05 15:31:17 INFO TextDataConvertor: DataSet: data/split/cv_3/test.txt is finished
22/06/05 15:31:17 INFO TextDataConvertor: rating Scale: [3.0, 4.0, 5.0]
22/06/05 15:31:17 INFO TextDataConvertor: user number: 4005,	 item number is: 2673
22/06/05 15:31:17 INFO TextDataModel: Split data to train Set and test Set successfully!
22/06/05 15:31:17 INFO TextDataModel: Data cardinality of training is 73581
22/06/05 15:31:17 INFO TextDataModel: Data cardinality of testing is 36790
22/06/05 15:31:17 INFO TextDataModel: Feature appender loaded successfully!
22/06/05 15:31:17 INFO RecommenderJob: ExpCMD: START - Executing recommender job on 3.
22/06/05 15:31:17 INFO BPRRecommender: Job Setup completed.
22/06/05 15:31:17 INFO BPRRecommender: BPRRecommender iter 1: loss = 51008.77492807216, delta_loss = -51008.773
22/06/05 15:31:17 INFO BPRRecommender: BPRRecommender iter 2: loss = 51007.58713108643, delta_loss = 1.187797
22/06/05 15:31:17 INFO BPRRecommender: BPRRecommender iter 3: loss = 51006.66245302037, delta_loss = 0.9246781
22/06/05 15:31:17 INFO BPRRecommender: BPRRecommender iter 4: loss = 51005.934165717605, delta_loss = 0.7282873
22/06/05 15:31:17 INFO BPRRecommender: BPRRecommender iter 5: loss = 51005.35076660215, delta_loss = 0.5833991
22/06/05 15:31:17 INFO BPRRecommender: BPRRecommender iter 6: loss = 51004.880405877346, delta_loss = 0.47036073
22/06/05 15:31:17 INFO BPRRecommender: BPRRecommender iter 7: loss = 51004.49160369913, delta_loss = 0.38880217
22/06/05 15:31:18 INFO BPRRecommender: BPRRecommender iter 8: loss = 51004.175997057275, delta_loss = 0.31560665
22/06/05 15:31:18 INFO BPRRecommender: BPRRecommender iter 9: loss = 51003.915011063116, delta_loss = 0.260986
22/06/05 15:31:18 INFO BPRRecommender: BPRRecommender iter 10: loss = 51003.697536733205, delta_loss = 0.21747433
22/06/05 15:31:18 INFO BPRRecommender: BPRRecommender iter 11: loss = 51003.51701859417, delta_loss = 0.18051814
22/06/05 15:31:18 INFO BPRRecommender: BPRRecommender iter 12: loss = 51003.36667708555, delta_loss = 0.15034151
22/06/05 15:31:18 INFO BPRRecommender: BPRRecommender iter 13: loss = 51003.23947237313, delta_loss = 0.12720472
22/06/05 15:31:18 INFO BPRRecommender: BPRRecommender iter 14: loss = 51003.132252052215, delta_loss = 0.10722032
22/06/05 15:31:18 INFO BPRRecommender: BPRRecommender iter 15: loss = 51003.04232987261, delta_loss = 0.08992218
22/06/05 15:31:18 INFO BPRRecommender: BPRRecommender iter 16: loss = 51002.96563911068, delta_loss = 0.07669076
22/06/05 15:31:18 INFO BPRRecommender: BPRRecommender iter 17: loss = 51002.90083478145, delta_loss = 0.06480433
22/06/05 15:31:18 INFO BPRRecommender: BPRRecommender iter 18: loss = 51002.84460834656, delta_loss = 0.056226436
22/06/05 15:31:18 INFO BPRRecommender: BPRRecommender iter 19: loss = 51002.7967700418, delta_loss = 0.047838304
22/06/05 15:31:18 INFO BPRRecommender: BPRRecommender iter 20: loss = 51002.755516424666, delta_loss = 0.04125362
22/06/05 15:31:18 INFO BPRRecommender: BPRRecommender iter 21: loss = 51002.720721006204, delta_loss = 0.03479542
22/06/05 15:31:18 INFO BPRRecommender: BPRRecommender iter 22: loss = 51002.68969813156, delta_loss = 0.031022875
22/06/05 15:31:18 INFO BPRRecommender: BPRRecommender iter 23: loss = 51002.662763846136, delta_loss = 0.026934285
22/06/05 15:31:18 INFO BPRRecommender: BPRRecommender iter 24: loss = 51002.64028021122, delta_loss = 0.022483636
22/06/05 15:31:19 INFO BPRRecommender: BPRRecommender iter 25: loss = 51002.620022978655, delta_loss = 0.020257233
22/06/05 15:31:19 INFO BPRRecommender: BPRRecommender iter 26: loss = 51002.60240861814, delta_loss = 0.01761436
22/06/05 15:31:19 INFO BPRRecommender: BPRRecommender iter 27: loss = 51002.58713358947, delta_loss = 0.0152750285
22/06/05 15:31:19 INFO BPRRecommender: BPRRecommender iter 28: loss = 51002.574005718074, delta_loss = 0.013127872
22/06/05 15:31:19 INFO BPRRecommender: BPRRecommender iter 29: loss = 51002.56198164735, delta_loss = 0.012024071
22/06/05 15:31:19 INFO BPRRecommender: BPRRecommender iter 30: loss = 51002.55176048571, delta_loss = 0.010221162
22/06/05 15:31:19 INFO BPRRecommender: BPRRecommender iter 31: loss = 51002.542606572344, delta_loss = 0.009153914
22/06/05 15:31:19 INFO BPRRecommender: BPRRecommender iter 32: loss = 51002.53438301579, delta_loss = 0.008223557
22/06/05 15:31:19 INFO BPRRecommender: BPRRecommender iter 33: loss = 51002.52744749055, delta_loss = 0.006935525
22/06/05 15:31:19 INFO BPRRecommender: BPRRecommender iter 34: loss = 51002.52106042971, delta_loss = 0.006387061
22/06/05 15:31:19 INFO BPRRecommender: BPRRecommender iter 35: loss = 51002.515526735595, delta_loss = 0.0055336943
22/06/05 15:31:19 INFO BPRRecommender: BPRRecommender iter 36: loss = 51002.5104441443, delta_loss = 0.0050825914
22/06/05 15:31:19 INFO BPRRecommender: BPRRecommender iter 37: loss = 51002.506000740614, delta_loss = 0.004443404
22/06/05 15:31:19 INFO BPRRecommender: BPRRecommender iter 38: loss = 51002.5021210061, delta_loss = 0.0038797345
22/06/05 15:31:19 INFO BPRRecommender: BPRRecommender iter 39: loss = 51002.49853379719, delta_loss = 0.003587209
22/06/05 15:31:19 INFO BPRRecommender: BPRRecommender iter 40: loss = 51002.49546779725, delta_loss = 0.0030659998
22/06/05 15:31:19 INFO BPRRecommender: BPRRecommender iter 41: loss = 51002.49260110516, delta_loss = 0.0028666921
22/06/05 15:31:19 INFO BPRRecommender: BPRRecommender iter 42: loss = 51002.49013092675, delta_loss = 0.0024701783
22/06/05 15:31:20 INFO BPRRecommender: BPRRecommender iter 43: loss = 51002.4878279603, delta_loss = 0.0023029665
22/06/05 15:31:20 INFO BPRRecommender: BPRRecommender iter 44: loss = 51002.485875054546, delta_loss = 0.0019529058
22/06/05 15:31:20 INFO BPRRecommender: BPRRecommender iter 45: loss = 51002.48406595525, delta_loss = 0.0018090993
22/06/05 15:31:20 INFO BPRRecommender: BPRRecommender iter 46: loss = 51002.48237170799, delta_loss = 0.0016942472
22/06/05 15:31:20 INFO BPRRecommender: BPRRecommender iter 47: loss = 51002.480984577574, delta_loss = 0.0013871305
22/06/05 15:31:20 INFO BPRRecommender: BPRRecommender iter 48: loss = 51002.479737900016, delta_loss = 0.0012466776
22/06/05 15:31:20 INFO BPRRecommender: BPRRecommender iter 49: loss = 51002.47856530905, delta_loss = 0.001172591
22/06/05 15:31:20 INFO BPRRecommender: BPRRecommender iter 50: loss = 51002.477481383416, delta_loss = 0.0010839256
22/06/05 15:31:20 INFO BPRRecommender: Job Train completed.
22/06/05 15:31:20 INFO RecommenderJob: ExpCMD: COMPLETE
22/06/05 15:31:20 INFO RecommenderJob: EvalCMD: START
22/06/05 15:31:20 INFO BPRRecommender: begin recommend
22/06/05 15:31:20 INFO BPRRecommender: end recommend
22/06/05 15:31:20 INFO RecommenderJob: Evaluator info:NormalizedDCGEvaluator is 0.09403020107133157
22/06/05 15:31:20 INFO BPRRecommender: begin recommend
22/06/05 15:31:20 INFO BPRRecommender: end recommend
22/06/05 15:31:20 INFO RecommenderJob: Result path is exp00099/result/out-3.txt
22/06/05 15:31:20 INFO RecommenderJob: EvalCMD: COMPLETE.
