22/05/26 15:55:13 INFO TextDataConvertor: Dataset: [data/rating_5000_cls_hc_10core_iterative.csv]
22/05/26 15:55:13 INFO TextDataConvertor: DataSet: ...ng_5000_cls_hc_10core_iterative.csv is finished
22/05/26 15:55:13 INFO TextDataConvertor: rating Scale: [3.0, 4.0, 5.0]
22/05/26 15:55:13 INFO TextDataConvertor: user number: 4005,	 item number is: 2673
22/05/26 15:55:13 INFO TextDataModel: Transform data to Convertor successfully!
22/05/26 15:55:14 INFO TextDataModel: Split data to train Set and test Set successfully!
22/05/26 15:55:14 INFO TextDataModel: Feature appender loaded successfully!
22/05/26 15:55:14 INFO TextDataConvertor: Dataset: [data/split/cv_1/train.txt]
22/05/26 15:55:14 INFO TextDataConvertor: DataSet: data/split/cv_1/train.txt is finished
22/05/26 15:55:14 INFO TextDataConvertor: rating Scale: [3.0, 4.0, 5.0]
22/05/26 15:55:14 INFO TextDataConvertor: user number: 4005,	 item number is: 2673
22/05/26 15:55:14 INFO TextDataModel: Transform data to Convertor successfully!
22/05/26 15:55:14 INFO TextDataConvertor: Dataset: [data/split/cv_1/test.txt]
22/05/26 15:55:14 INFO TextDataConvertor: DataSet: data/split/cv_1/test.txt is finished
22/05/26 15:55:14 INFO TextDataConvertor: rating Scale: [3.0, 4.0, 5.0]
22/05/26 15:55:14 INFO TextDataConvertor: user number: 4005,	 item number is: 2673
22/05/26 15:55:14 INFO TextDataModel: Split data to train Set and test Set successfully!
22/05/26 15:55:14 INFO TextDataModel: Data cardinality of training is 73580
22/05/26 15:55:14 INFO TextDataModel: Data cardinality of testing is 36791
22/05/26 15:55:14 INFO TextDataModel: Feature appender loaded successfully!
22/05/26 15:55:14 INFO RecommenderJob: ExpCMD: START - Executing recommender job on 1.
22/05/26 15:55:14 INFO BiasedMFRecommender: Job Setup completed.
22/05/26 15:55:14 INFO BiasedMFRecommender: BiasedMFRecommender iter 1: loss = 6238.955452719161, delta_loss = -6238.9556
22/05/26 15:55:14 INFO BiasedMFRecommender: BiasedMFRecommender iter 2: loss = 5895.416010423551, delta_loss = 343.53943
22/05/26 15:55:14 INFO BiasedMFRecommender: BiasedMFRecommender iter 3: loss = 5729.3835650438505, delta_loss = 166.03244
22/05/26 15:55:14 INFO BiasedMFRecommender: BiasedMFRecommender iter 4: loss = 5617.820543147934, delta_loss = 111.56302
22/05/26 15:55:14 INFO BiasedMFRecommender: BiasedMFRecommender iter 5: loss = 5535.536233234577, delta_loss = 82.28431
22/05/26 15:55:14 INFO BiasedMFRecommender: BiasedMFRecommender iter 6: loss = 5472.314632929854, delta_loss = 63.2216
22/05/26 15:55:14 INFO BiasedMFRecommender: BiasedMFRecommender iter 7: loss = 5422.595878108095, delta_loss = 49.718754
22/05/26 15:55:14 INFO BiasedMFRecommender: BiasedMFRecommender iter 8: loss = 5382.880575500752, delta_loss = 39.7153
22/05/26 15:55:14 INFO BiasedMFRecommender: BiasedMFRecommender iter 9: loss = 5350.785377461251, delta_loss = 32.0952
22/05/26 15:55:14 INFO BiasedMFRecommender: BiasedMFRecommender iter 10: loss = 5324.607779808413, delta_loss = 26.177597
22/05/26 15:55:14 INFO BiasedMFRecommender: Job Train completed.
22/05/26 15:55:14 INFO RecommenderJob: ExpCMD: COMPLETE
22/05/26 15:55:14 INFO RecommenderJob: EvalCMD: START
22/05/26 15:55:14 INFO BiasedMFRecommender: begin recommend
22/05/26 15:55:15 INFO BiasedMFRecommender: end recommend
22/05/26 15:55:15 INFO RecommenderJob: Evaluator info:NormalizedDCGEvaluator is 0.037097309676195935
22/05/26 15:55:15 INFO RecommenderJob: Evaluator info:PrecisionEvaluator is 0.012768304914744419
22/05/26 15:55:15 INFO RecommenderJob: Evaluator info:PStatisticalParityEvaluator is 0.3843329989969759
22/05/26 15:55:15 INFO BiasedMFRecommender: begin recommend
22/05/26 15:55:15 INFO BiasedMFRecommender: end recommend
22/05/26 15:55:16 INFO RecommenderJob: Result path is exp00004/result/out-1.txt
22/05/26 15:55:16 INFO RecommenderJob: EvalCMD: COMPLETE.
22/05/26 15:55:16 INFO TextDataConvertor: Dataset: [data/split/cv_2/train.txt]
22/05/26 15:55:16 INFO TextDataConvertor: DataSet: data/split/cv_2/train.txt is finished
22/05/26 15:55:16 INFO TextDataConvertor: rating Scale: [3.0, 4.0, 5.0]
22/05/26 15:55:16 INFO TextDataConvertor: user number: 4005,	 item number is: 2673
22/05/26 15:55:16 INFO TextDataModel: Transform data to Convertor successfully!
22/05/26 15:55:16 INFO TextDataConvertor: Dataset: [data/split/cv_2/test.txt]
22/05/26 15:55:16 INFO TextDataConvertor: DataSet: data/split/cv_2/test.txt is finished
22/05/26 15:55:16 INFO TextDataConvertor: rating Scale: [3.0, 4.0, 5.0]
22/05/26 15:55:16 INFO TextDataConvertor: user number: 4005,	 item number is: 2673
22/05/26 15:55:16 INFO TextDataModel: Split data to train Set and test Set successfully!
22/05/26 15:55:16 INFO TextDataModel: Data cardinality of training is 73581
22/05/26 15:55:16 INFO TextDataModel: Data cardinality of testing is 36790
22/05/26 15:55:16 INFO TextDataModel: Feature appender loaded successfully!
22/05/26 15:55:16 INFO RecommenderJob: ExpCMD: START - Executing recommender job on 2.
22/05/26 15:55:16 INFO BiasedMFRecommender: Job Setup completed.
22/05/26 15:55:16 INFO BiasedMFRecommender: BiasedMFRecommender iter 1: loss = 6074.499519276505, delta_loss = -6074.4995
22/05/26 15:55:16 INFO BiasedMFRecommender: BiasedMFRecommender iter 2: loss = 5743.725551964073, delta_loss = 330.77396
22/05/26 15:55:16 INFO BiasedMFRecommender: BiasedMFRecommender iter 3: loss = 5582.9742194152495, delta_loss = 160.75133
22/05/26 15:55:16 INFO BiasedMFRecommender: BiasedMFRecommender iter 4: loss = 5475.748736657316, delta_loss = 107.22548
22/05/26 15:55:16 INFO BiasedMFRecommender: BiasedMFRecommender iter 5: loss = 5397.266545071679, delta_loss = 78.48219
22/05/26 15:55:16 INFO BiasedMFRecommender: BiasedMFRecommender iter 6: loss = 5337.341276295399, delta_loss = 59.92527
22/05/26 15:55:16 INFO BiasedMFRecommender: BiasedMFRecommender iter 7: loss = 5290.441524729244, delta_loss = 46.89975
22/05/26 15:55:16 INFO BiasedMFRecommender: BiasedMFRecommender iter 8: loss = 5253.113219343884, delta_loss = 37.328304
22/05/26 15:55:16 INFO BiasedMFRecommender: BiasedMFRecommender iter 9: loss = 5223.025089151734, delta_loss = 30.08813
22/05/26 15:55:16 INFO BiasedMFRecommender: BiasedMFRecommender iter 10: loss = 5198.526474166782, delta_loss = 24.498615
22/05/26 15:55:16 INFO BiasedMFRecommender: Job Train completed.
22/05/26 15:55:16 INFO RecommenderJob: ExpCMD: COMPLETE
22/05/26 15:55:16 INFO RecommenderJob: EvalCMD: START
22/05/26 15:55:16 INFO BiasedMFRecommender: begin recommend
22/05/26 15:55:16 INFO BiasedMFRecommender: end recommend
22/05/26 15:55:17 INFO RecommenderJob: Evaluator info:NormalizedDCGEvaluator is 0.039515407175299694
22/05/26 15:55:17 INFO RecommenderJob: Evaluator info:PrecisionEvaluator is 0.012575301204819443
22/05/26 15:55:17 INFO RecommenderJob: Evaluator info:PStatisticalParityEvaluator is 0.22361445783124684
22/05/26 15:55:17 INFO BiasedMFRecommender: begin recommend
22/05/26 15:55:17 INFO BiasedMFRecommender: end recommend
22/05/26 15:55:17 INFO RecommenderJob: Result path is exp00004/result/out-2.txt
22/05/26 15:55:17 INFO RecommenderJob: EvalCMD: COMPLETE.
22/05/26 15:55:17 INFO TextDataConvertor: Dataset: [data/split/cv_3/train.txt]
22/05/26 15:55:17 INFO TextDataConvertor: DataSet: data/split/cv_3/train.txt is finished
22/05/26 15:55:17 INFO TextDataConvertor: rating Scale: [3.0, 4.0, 5.0]
22/05/26 15:55:17 INFO TextDataConvertor: user number: 4005,	 item number is: 2673
22/05/26 15:55:17 INFO TextDataModel: Transform data to Convertor successfully!
22/05/26 15:55:17 INFO TextDataConvertor: Dataset: [data/split/cv_3/test.txt]
22/05/26 15:55:17 INFO TextDataConvertor: DataSet: data/split/cv_3/test.txt is finished
22/05/26 15:55:17 INFO TextDataConvertor: rating Scale: [3.0, 4.0, 5.0]
22/05/26 15:55:17 INFO TextDataConvertor: user number: 4005,	 item number is: 2673
22/05/26 15:55:17 INFO TextDataModel: Split data to train Set and test Set successfully!
22/05/26 15:55:17 INFO TextDataModel: Data cardinality of training is 73581
22/05/26 15:55:17 INFO TextDataModel: Data cardinality of testing is 36790
22/05/26 15:55:17 INFO TextDataModel: Feature appender loaded successfully!
22/05/26 15:55:17 INFO RecommenderJob: ExpCMD: START - Executing recommender job on 3.
22/05/26 15:55:17 INFO BiasedMFRecommender: Job Setup completed.
22/05/26 15:55:17 INFO BiasedMFRecommender: BiasedMFRecommender iter 1: loss = 6296.4495779856725, delta_loss = -6296.4497
22/05/26 15:55:17 INFO BiasedMFRecommender: BiasedMFRecommender iter 2: loss = 5957.400581088007, delta_loss = 339.049
22/05/26 15:55:17 INFO BiasedMFRecommender: BiasedMFRecommender iter 3: loss = 5794.662652772618, delta_loss = 162.73793
22/05/26 15:55:17 INFO BiasedMFRecommender: BiasedMFRecommender iter 4: loss = 5685.9876277462945, delta_loss = 108.675026
22/05/26 15:55:17 INFO BiasedMFRecommender: BiasedMFRecommender iter 5: loss = 5606.137454108312, delta_loss = 79.850174
22/05/26 15:55:17 INFO BiasedMFRecommender: BiasedMFRecommender iter 6: loss = 5544.904320588453, delta_loss = 61.233135
22/05/26 15:55:17 INFO BiasedMFRecommender: BiasedMFRecommender iter 7: loss = 5496.792208124145, delta_loss = 48.112114
22/05/26 15:55:17 INFO BiasedMFRecommender: BiasedMFRecommender iter 8: loss = 5458.375215974691, delta_loss = 38.416992
22/05/26 15:55:17 INFO BiasedMFRecommender: BiasedMFRecommender iter 9: loss = 5427.334226770729, delta_loss = 31.040989
22/05/26 15:55:17 INFO BiasedMFRecommender: BiasedMFRecommender iter 10: loss = 5402.018011146403, delta_loss = 25.316216
22/05/26 15:55:17 INFO BiasedMFRecommender: Job Train completed.
22/05/26 15:55:17 INFO RecommenderJob: ExpCMD: COMPLETE
22/05/26 15:55:17 INFO RecommenderJob: EvalCMD: START
22/05/26 15:55:17 INFO BiasedMFRecommender: begin recommend
22/05/26 15:55:18 INFO BiasedMFRecommender: end recommend
22/05/26 15:55:18 INFO RecommenderJob: Evaluator info:NormalizedDCGEvaluator is 0.040927857078668806
22/05/26 15:55:18 INFO RecommenderJob: Evaluator info:PrecisionEvaluator is 0.01282886494612899
22/05/26 15:55:18 INFO RecommenderJob: Evaluator info:PStatisticalParityEvaluator is 0.41194688048106576
22/05/26 15:55:18 INFO BiasedMFRecommender: begin recommend
22/05/26 15:55:18 INFO BiasedMFRecommender: end recommend
22/05/26 15:55:18 INFO RecommenderJob: Result path is exp00004/result/out-3.txt
22/05/26 15:55:18 INFO RecommenderJob: EvalCMD: COMPLETE.
