22/06/05 13:54:03 INFO TextDataConvertor: Dataset: [data/rating_5000_cls_hc_10core_iterative.csv]
22/06/05 13:54:03 INFO TextDataConvertor: DataSet: ...ng_5000_cls_hc_10core_iterative.csv is finished
22/06/05 13:54:03 INFO TextDataConvertor: rating Scale: [3.0, 4.0, 5.0]
22/06/05 13:54:03 INFO TextDataConvertor: user number: 4005,	 item number is: 2673
22/06/05 13:54:03 INFO TextDataModel: Transform data to Convertor successfully!
22/06/05 13:54:03 INFO TextDataModel: Split data to train Set and test Set successfully!
22/06/05 13:54:04 INFO TextDataModel: Feature appender loaded successfully!
22/06/05 13:54:04 INFO RecommenderJob: SplitCMD: START - Splitting training and testing.
22/06/05 13:54:04 INFO RecommenderJob: SplitCMD: Splitting training and testing with 0.8% ratio on fold 1.
22/06/05 13:54:04 INFO TextDataModel: Split data to train Set and test Set successfully!
22/06/05 13:54:04 INFO TextDataModel: Data cardinality of training is 73580
22/06/05 13:54:04 INFO TextDataModel: Data cardinality of testing is 36791
22/06/05 13:54:04 INFO RecommenderJob: SplitCMD: START - Splitting training and testing.
22/06/05 13:54:04 INFO RecommenderJob: SplitCMD: Splitting training and testing with 0.8% ratio on fold 2.
22/06/05 13:54:04 INFO TextDataModel: Split data to train Set and test Set successfully!
22/06/05 13:54:04 INFO TextDataModel: Data cardinality of training is 73581
22/06/05 13:54:04 INFO TextDataModel: Data cardinality of testing is 36790
22/06/05 13:54:04 INFO RecommenderJob: SplitCMD: START - Splitting training and testing.
22/06/05 13:54:04 INFO RecommenderJob: SplitCMD: Splitting training and testing with 0.8% ratio on fold 3.
22/06/05 13:54:04 INFO TextDataModel: Split data to train Set and test Set successfully!
22/06/05 13:54:04 INFO TextDataModel: Data cardinality of training is 73581
22/06/05 13:54:04 INFO TextDataModel: Data cardinality of testing is 36790
22/06/05 13:54:04 INFO RecommenderJob: Average Evaluation Result of Cross Validation:
