22/05/26 15:54:51 INFO TextDataConvertor: Dataset: [data/rating_5000_cls_hc_10core_iterative.csv]
22/05/26 15:54:51 INFO TextDataConvertor: DataSet: ...ng_5000_cls_hc_10core_iterative.csv is finished
22/05/26 15:54:51 INFO TextDataConvertor: rating Scale: [3.0, 4.0, 5.0]
22/05/26 15:54:51 INFO TextDataConvertor: user number: 4005,	 item number is: 2673
22/05/26 15:54:51 INFO TextDataModel: Transform data to Convertor successfully!
22/05/26 15:54:52 INFO TextDataModel: Split data to train Set and test Set successfully!
22/05/26 15:54:52 INFO TextDataModel: Feature appender loaded successfully!
22/05/26 15:54:52 INFO TextDataConvertor: Dataset: [data/split/cv_1/train.txt]
22/05/26 15:54:52 INFO TextDataConvertor: DataSet: data/split/cv_1/train.txt is finished
22/05/26 15:54:52 INFO TextDataConvertor: rating Scale: [3.0, 4.0, 5.0]
22/05/26 15:54:52 INFO TextDataConvertor: user number: 4005,	 item number is: 2673
22/05/26 15:54:52 INFO TextDataModel: Transform data to Convertor successfully!
22/05/26 15:54:52 INFO TextDataConvertor: Dataset: [data/split/cv_1/test.txt]
22/05/26 15:54:52 INFO TextDataConvertor: DataSet: data/split/cv_1/test.txt is finished
22/05/26 15:54:52 INFO TextDataConvertor: rating Scale: [3.0, 4.0, 5.0]
22/05/26 15:54:52 INFO TextDataConvertor: user number: 4005,	 item number is: 2673
22/05/26 15:54:52 INFO TextDataModel: Split data to train Set and test Set successfully!
22/05/26 15:54:52 INFO TextDataModel: Data cardinality of training is 73580
22/05/26 15:54:52 INFO TextDataModel: Data cardinality of testing is 36791
22/05/26 15:54:53 INFO TextDataModel: Feature appender loaded successfully!
22/05/26 15:54:53 INFO RecommenderJob: ExpCMD: START - Executing recommender job on 1.
22/05/26 15:54:53 INFO BiasedMFRecommender: Job Setup completed.
22/05/26 15:54:53 INFO BiasedMFRecommender: BiasedMFRecommender iter 1: loss = 6239.698454639211, delta_loss = -6239.698
22/05/26 15:54:53 INFO BiasedMFRecommender: BiasedMFRecommender iter 2: loss = 5895.89228774543, delta_loss = 343.80615
22/05/26 15:54:53 INFO BiasedMFRecommender: BiasedMFRecommender iter 3: loss = 5729.721887332053, delta_loss = 166.1704
22/05/26 15:54:53 INFO BiasedMFRecommender: BiasedMFRecommender iter 4: loss = 5618.070754695243, delta_loss = 111.65113
22/05/26 15:54:53 INFO BiasedMFRecommender: BiasedMFRecommender iter 5: loss = 5535.72485902472, delta_loss = 82.345894
22/05/26 15:54:53 INFO BiasedMFRecommender: BiasedMFRecommender iter 6: loss = 5472.457847426074, delta_loss = 63.26701
22/05/26 15:54:53 INFO BiasedMFRecommender: BiasedMFRecommender iter 7: loss = 5422.704418411717, delta_loss = 49.75343
22/05/26 15:54:53 INFO BiasedMFRecommender: BiasedMFRecommender iter 8: loss = 5382.961994100923, delta_loss = 39.742424
22/05/26 15:54:53 INFO BiasedMFRecommender: BiasedMFRecommender iter 9: loss = 5350.845212357183, delta_loss = 32.116783
22/05/26 15:54:53 INFO BiasedMFRecommender: BiasedMFRecommender iter 10: loss = 5324.650219570316, delta_loss = 26.194992
22/05/26 15:54:53 INFO BiasedMFRecommender: Job Train completed.
22/05/26 15:54:53 INFO RecommenderJob: ExpCMD: COMPLETE
22/05/26 15:54:53 INFO RecommenderJob: EvalCMD: START
22/05/26 15:54:53 INFO BiasedMFRecommender: begin recommend
22/05/26 15:54:53 INFO BiasedMFRecommender: end recommend
22/05/26 15:54:53 INFO RecommenderJob: Evaluator info:NormalizedDCGEvaluator is 0.037097309676195935
22/05/26 15:54:53 INFO RecommenderJob: Evaluator info:PrecisionEvaluator is 0.012768304914744419
22/05/26 15:54:53 INFO RecommenderJob: Evaluator info:PStatisticalParityEvaluator is 0.3843329989969759
22/05/26 15:54:53 INFO BiasedMFRecommender: begin recommend
22/05/26 15:54:54 INFO BiasedMFRecommender: end recommend
22/05/26 15:54:54 INFO RecommenderJob: Result path is exp00000/result/out-1.txt
22/05/26 15:54:54 INFO RecommenderJob: EvalCMD: COMPLETE.
22/05/26 15:54:54 INFO TextDataConvertor: Dataset: [data/split/cv_2/train.txt]
22/05/26 15:54:54 INFO TextDataConvertor: DataSet: data/split/cv_2/train.txt is finished
22/05/26 15:54:54 INFO TextDataConvertor: rating Scale: [3.0, 4.0, 5.0]
22/05/26 15:54:54 INFO TextDataConvertor: user number: 4005,	 item number is: 2673
22/05/26 15:54:54 INFO TextDataModel: Transform data to Convertor successfully!
22/05/26 15:54:54 INFO TextDataConvertor: Dataset: [data/split/cv_2/test.txt]
22/05/26 15:54:54 INFO TextDataConvertor: DataSet: data/split/cv_2/test.txt is finished
22/05/26 15:54:54 INFO TextDataConvertor: rating Scale: [3.0, 4.0, 5.0]
22/05/26 15:54:54 INFO TextDataConvertor: user number: 4005,	 item number is: 2673
22/05/26 15:54:54 INFO TextDataModel: Split data to train Set and test Set successfully!
22/05/26 15:54:54 INFO TextDataModel: Data cardinality of training is 73581
22/05/26 15:54:54 INFO TextDataModel: Data cardinality of testing is 36790
22/05/26 15:54:54 INFO TextDataModel: Feature appender loaded successfully!
22/05/26 15:54:54 INFO RecommenderJob: ExpCMD: START - Executing recommender job on 2.
22/05/26 15:54:54 INFO BiasedMFRecommender: Job Setup completed.
22/05/26 15:54:54 INFO BiasedMFRecommender: BiasedMFRecommender iter 1: loss = 6075.241596803761, delta_loss = -6075.2417
22/05/26 15:54:54 INFO BiasedMFRecommender: BiasedMFRecommender iter 2: loss = 5744.2007116423265, delta_loss = 331.0409
22/05/26 15:54:54 INFO BiasedMFRecommender: BiasedMFRecommender iter 3: loss = 5583.312327673787, delta_loss = 160.88838
22/05/26 15:54:54 INFO BiasedMFRecommender: BiasedMFRecommender iter 4: loss = 5475.999352887723, delta_loss = 107.31297
22/05/26 15:54:54 INFO BiasedMFRecommender: BiasedMFRecommender iter 5: loss = 5397.455927010432, delta_loss = 78.54343
22/05/26 15:54:54 INFO BiasedMFRecommender: BiasedMFRecommender iter 6: loss = 5337.4854281395155, delta_loss = 59.970497
22/05/26 15:54:54 INFO BiasedMFRecommender: BiasedMFRecommender iter 7: loss = 5290.551078908874, delta_loss = 46.93435
22/05/26 15:54:54 INFO BiasedMFRecommender: BiasedMFRecommender iter 8: loss = 5253.1956641716315, delta_loss = 37.355415
22/05/26 15:54:54 INFO BiasedMFRecommender: BiasedMFRecommender iter 9: loss = 5223.085923707528, delta_loss = 30.109741
22/05/26 15:54:54 INFO BiasedMFRecommender: BiasedMFRecommender iter 10: loss = 5198.569864145268, delta_loss = 24.51606
22/05/26 15:54:54 INFO BiasedMFRecommender: Job Train completed.
22/05/26 15:54:54 INFO RecommenderJob: ExpCMD: COMPLETE
22/05/26 15:54:54 INFO RecommenderJob: EvalCMD: START
22/05/26 15:54:54 INFO BiasedMFRecommender: begin recommend
22/05/26 15:54:55 INFO BiasedMFRecommender: end recommend
22/05/26 15:54:55 INFO RecommenderJob: Evaluator info:NormalizedDCGEvaluator is 0.039515407175299694
22/05/26 15:54:55 INFO RecommenderJob: Evaluator info:PrecisionEvaluator is 0.012575301204819443
22/05/26 15:54:55 INFO RecommenderJob: Evaluator info:PStatisticalParityEvaluator is 0.22361445783124684
22/05/26 15:54:55 INFO BiasedMFRecommender: begin recommend
22/05/26 15:54:55 INFO BiasedMFRecommender: end recommend
22/05/26 15:54:55 INFO RecommenderJob: Result path is exp00000/result/out-2.txt
22/05/26 15:54:55 INFO RecommenderJob: EvalCMD: COMPLETE.
22/05/26 15:54:55 INFO TextDataConvertor: Dataset: [data/split/cv_3/train.txt]
22/05/26 15:54:55 INFO TextDataConvertor: DataSet: data/split/cv_3/train.txt is finished
22/05/26 15:54:55 INFO TextDataConvertor: rating Scale: [3.0, 4.0, 5.0]
22/05/26 15:54:55 INFO TextDataConvertor: user number: 4005,	 item number is: 2673
22/05/26 15:54:55 INFO TextDataModel: Transform data to Convertor successfully!
22/05/26 15:54:55 INFO TextDataConvertor: Dataset: [data/split/cv_3/test.txt]
22/05/26 15:54:55 INFO TextDataConvertor: DataSet: data/split/cv_3/test.txt is finished
22/05/26 15:54:55 INFO TextDataConvertor: rating Scale: [3.0, 4.0, 5.0]
22/05/26 15:54:55 INFO TextDataConvertor: user number: 4005,	 item number is: 2673
22/05/26 15:54:55 INFO TextDataModel: Split data to train Set and test Set successfully!
22/05/26 15:54:55 INFO TextDataModel: Data cardinality of training is 73581
22/05/26 15:54:55 INFO TextDataModel: Data cardinality of testing is 36790
22/05/26 15:54:55 INFO TextDataModel: Feature appender loaded successfully!
22/05/26 15:54:55 INFO RecommenderJob: ExpCMD: START - Executing recommender job on 3.
22/05/26 15:54:55 INFO BiasedMFRecommender: Job Setup completed.
22/05/26 15:54:55 INFO BiasedMFRecommender: BiasedMFRecommender iter 1: loss = 6297.194910410094, delta_loss = -6297.195
22/05/26 15:54:55 INFO BiasedMFRecommender: BiasedMFRecommender iter 2: loss = 5957.876817496138, delta_loss = 339.31808
22/05/26 15:54:55 INFO BiasedMFRecommender: BiasedMFRecommender iter 3: loss = 5795.00094577755, delta_loss = 162.87587
22/05/26 15:54:56 INFO BiasedMFRecommender: BiasedMFRecommender iter 4: loss = 5686.238124577155, delta_loss = 108.762825
22/05/26 15:54:56 INFO BiasedMFRecommender: BiasedMFRecommender iter 5: loss = 5606.326670678077, delta_loss = 79.91145
22/05/26 15:54:56 INFO BiasedMFRecommender: BiasedMFRecommender iter 6: loss = 5545.048359466259, delta_loss = 61.278313
22/05/26 15:54:56 INFO BiasedMFRecommender: BiasedMFRecommender iter 7: loss = 5496.901730170713, delta_loss = 48.14663
22/05/26 15:54:56 INFO BiasedMFRecommender: BiasedMFRecommender iter 8: loss = 5458.457709754952, delta_loss = 38.44402
22/05/26 15:54:56 INFO BiasedMFRecommender: BiasedMFRecommender iter 9: loss = 5427.395181444358, delta_loss = 31.062529
22/05/26 15:54:56 INFO BiasedMFRecommender: BiasedMFRecommender iter 10: loss = 5402.061579747065, delta_loss = 25.333601
22/05/26 15:54:56 INFO BiasedMFRecommender: Job Train completed.
22/05/26 15:54:56 INFO RecommenderJob: ExpCMD: COMPLETE
22/05/26 15:54:56 INFO RecommenderJob: EvalCMD: START
22/05/26 15:54:56 INFO BiasedMFRecommender: begin recommend
22/05/26 15:54:56 INFO BiasedMFRecommender: end recommend
22/05/26 15:54:56 INFO RecommenderJob: Evaluator info:NormalizedDCGEvaluator is 0.040927857078668806
22/05/26 15:54:56 INFO RecommenderJob: Evaluator info:PrecisionEvaluator is 0.01282886494612899
22/05/26 15:54:56 INFO RecommenderJob: Evaluator info:PStatisticalParityEvaluator is 0.41194688048106576
22/05/26 15:54:56 INFO BiasedMFRecommender: begin recommend
22/05/26 15:54:56 INFO BiasedMFRecommender: end recommend
22/05/26 15:54:56 INFO RecommenderJob: Result path is exp00000/result/out-3.txt
22/05/26 15:54:56 INFO RecommenderJob: EvalCMD: COMPLETE.
