22/06/05 13:12:58 INFO TextDataConvertor: Dataset: [data/rating_5000_cls_hc_10core_iterative.csv]
22/06/05 13:12:58 INFO TextDataConvertor: DataSet: ...ng_5000_cls_hc_10core_iterative.csv is finished
22/06/05 13:12:58 INFO TextDataConvertor: rating Scale: [3.0, 4.0, 5.0]
22/06/05 13:12:58 INFO TextDataConvertor: user number: 4005,	 item number is: 2673
22/06/05 13:12:58 INFO TextDataModel: Transform data to Convertor successfully!
22/06/05 13:12:58 INFO TextDataModel: Split data to train Set and test Set successfully!
22/06/05 13:12:58 INFO TextDataModel: Feature appender loaded successfully!
22/06/05 13:12:58 INFO TextDataConvertor: Dataset: [data/split/cv_1/train.txt]
22/06/05 13:12:58 INFO TextDataConvertor: DataSet: data/split/cv_1/train.txt is finished
22/06/05 13:12:58 INFO TextDataConvertor: rating Scale: [3.0, 4.0, 5.0]
22/06/05 13:12:58 INFO TextDataConvertor: user number: 4005,	 item number is: 2673
22/06/05 13:12:58 INFO TextDataModel: Transform data to Convertor successfully!
22/06/05 13:12:58 INFO TextDataConvertor: Dataset: [data/split/cv_1/test.txt]
22/06/05 13:12:58 INFO TextDataConvertor: DataSet: data/split/cv_1/test.txt is finished
22/06/05 13:12:58 INFO TextDataConvertor: rating Scale: [3.0, 4.0, 5.0]
22/06/05 13:12:58 INFO TextDataConvertor: user number: 4005,	 item number is: 2673
22/06/05 13:12:58 INFO TextDataModel: Split data to train Set and test Set successfully!
22/06/05 13:12:58 INFO TextDataModel: Data cardinality of training is 73580
22/06/05 13:12:58 INFO TextDataModel: Data cardinality of testing is 36791
22/06/05 13:12:59 INFO TextDataModel: Feature appender loaded successfully!
22/06/05 13:12:59 INFO RecommenderJob: ExpCMD: START - Executing recommender job on 1.
22/06/05 13:12:59 INFO BPRRecommender: Job Setup completed.
22/06/05 13:12:59 INFO BPRRecommender: BPRRecommender iter 1: loss = 51002.91540315988, delta_loss = -51002.914
22/06/05 13:12:59 INFO BPRRecommender: BPRRecommender iter 2: loss = 51002.448788167036, delta_loss = 0.466615
22/06/05 13:12:59 INFO BPRRecommender: BPRRecommender iter 3: loss = 51002.221197125415, delta_loss = 0.22759104
22/06/05 13:12:59 INFO BPRRecommender: BPRRecommender iter 4: loss = 51002.091269310455, delta_loss = 0.12992781
22/06/05 13:12:59 INFO BPRRecommender: BPRRecommender iter 5: loss = 51002.00728546675, delta_loss = 0.083983846
22/06/05 13:12:59 INFO BPRRecommender: BPRRecommender iter 6: loss = 51001.94997080374, delta_loss = 0.057314664
22/06/05 13:12:59 INFO BPRRecommender: BPRRecommender iter 7: loss = 51001.91023581066, delta_loss = 0.039734993
22/06/05 13:12:59 INFO BPRRecommender: BPRRecommender iter 8: loss = 51001.88075573188, delta_loss = 0.02948008
22/06/05 13:12:59 INFO BPRRecommender: BPRRecommender iter 9: loss = 51001.8579048285, delta_loss = 0.022850903
22/06/05 13:12:59 INFO BPRRecommender: BPRRecommender iter 10: loss = 51001.84047651604, delta_loss = 0.017428312
22/06/05 13:12:59 INFO BPRRecommender: BPRRecommender iter 11: loss = 51001.82655842173, delta_loss = 0.013918094
22/06/05 13:12:59 INFO BPRRecommender: BPRRecommender iter 12: loss = 51001.81578071229, delta_loss = 0.010777709
22/06/05 13:12:59 INFO BPRRecommender: BPRRecommender iter 13: loss = 51001.80701441906, delta_loss = 0.0087662935
22/06/05 13:12:59 INFO BPRRecommender: BPRRecommender iter 14: loss = 51001.80001013587, delta_loss = 0.0070042834
22/06/05 13:12:59 INFO BPRRecommender: BPRRecommender iter 15: loss = 51001.79429695123, delta_loss = 0.005713185
22/06/05 13:12:59 INFO BPRRecommender: BPRRecommender iter 16: loss = 51001.78973708516, delta_loss = 0.004559866
22/06/05 13:12:59 INFO BPRRecommender: BPRRecommender iter 17: loss = 51001.78607486224, delta_loss = 0.003662223
22/06/05 13:12:59 INFO BPRRecommender: BPRRecommender iter 18: loss = 51001.78301541149, delta_loss = 0.0030594508
22/06/05 13:12:59 INFO BPRRecommender: BPRRecommender iter 19: loss = 51001.78054095644, delta_loss = 0.0024744552
22/06/05 13:12:59 INFO BPRRecommender: BPRRecommender iter 20: loss = 51001.778531972224, delta_loss = 0.0020089843
22/06/05 13:12:59 INFO BPRRecommender: BPRRecommender iter 21: loss = 51001.77689508258, delta_loss = 0.0016368896
22/06/05 13:12:59 INFO BPRRecommender: BPRRecommender iter 22: loss = 51001.77556362107, delta_loss = 0.0013314615
22/06/05 13:12:59 INFO BPRRecommender: BPRRecommender iter 23: loss = 51001.77446334417, delta_loss = 0.001100277
22/06/05 13:12:59 INFO BPRRecommender: BPRRecommender iter 24: loss = 51001.773563823874, delta_loss = 8.995203E-4
22/06/05 13:12:59 INFO BPRRecommender: BPRRecommender iter 25: loss = 51001.77282777802, delta_loss = 7.360459E-4
22/06/05 13:12:59 INFO BPRRecommender: BPRRecommender iter 26: loss = 51001.77223426878, delta_loss = 5.9350923E-4
22/06/05 13:12:59 INFO BPRRecommender: BPRRecommender iter 27: loss = 51001.771745671256, delta_loss = 4.8859755E-4
22/06/05 13:12:59 INFO BPRRecommender: BPRRecommender iter 28: loss = 51001.77134238081, delta_loss = 4.0329044E-4
22/06/05 13:12:59 INFO BPRRecommender: BPRRecommender iter 29: loss = 51001.771018116364, delta_loss = 3.2426446E-4
22/06/05 13:12:59 INFO BPRRecommender: BPRRecommender iter 30: loss = 51001.770751023025, delta_loss = 2.6709333E-4
22/06/05 13:12:59 INFO BPRRecommender: BPRRecommender iter 31: loss = 51001.77053255201, delta_loss = 2.1847102E-4
22/06/05 13:12:59 INFO BPRRecommender: BPRRecommender iter 32: loss = 51001.77035059041, delta_loss = 1.819616E-4
22/06/05 13:12:59 INFO BPRRecommender: BPRRecommender iter 33: loss = 51001.77020598112, delta_loss = 1.4460928E-4
22/06/05 13:12:59 INFO BPRRecommender: BPRRecommender iter 34: loss = 51001.77008587446, delta_loss = 1.2010666E-4
22/06/05 13:12:59 INFO BPRRecommender: BPRRecommender iter 35: loss = 51001.76998765338, delta_loss = 9.822108E-5
22/06/05 13:12:59 INFO BPRRecommender: BPRRecommender iter 36: loss = 51001.76990741352, delta_loss = 8.023986E-5
22/06/05 13:12:59 INFO BPRRecommender: BPRRecommender iter 37: loss = 51001.76984127792, delta_loss = 6.61356E-5
22/06/05 13:12:59 INFO BPRRecommender: BPRRecommender iter 38: loss = 51001.76978878012, delta_loss = 5.2497802E-5
22/06/05 13:12:59 INFO BPRRecommender: BPRRecommender iter 39: loss = 51001.7697440052, delta_loss = 4.477492E-5
22/06/05 13:12:59 INFO BPRRecommender: BPRRecommender iter 40: loss = 51001.76970869337, delta_loss = 3.531183E-5
22/06/05 13:12:59 INFO BPRRecommender: BPRRecommender iter 41: loss = 51001.76967927806, delta_loss = 2.9415307E-5
22/06/05 13:12:59 INFO BPRRecommender: BPRRecommender iter 42: loss = 51001.76965480638, delta_loss = 2.447168E-5
22/06/05 13:12:59 INFO BPRRecommender: BPRRecommender iter 43: loss = 51001.76963536126, delta_loss = 1.944512E-5
22/06/05 13:12:59 INFO BPRRecommender: BPRRecommender iter 44: loss = 51001.76961912713, delta_loss = 1.6234131E-5
22/06/05 13:12:59 INFO BPRRecommender: BPRRecommender iter 45: loss = 51001.7696058488, delta_loss = 1.3278332E-5
22/06/05 13:12:59 INFO BPRRecommender: BPRRecommender iter 46: loss = 51001.769594734156, delta_loss = 1.1114644E-5
22/06/05 13:12:59 INFO BPRRecommender: BPRRecommender iter 47: loss = 51001.7695857929, delta_loss = 8.941257E-6
22/06/05 13:12:59 INFO BPRRecommender: Job Train completed.
22/06/05 13:12:59 INFO RecommenderJob: ExpCMD: COMPLETE
22/06/05 13:12:59 INFO RecommenderJob: EvalCMD: START
22/06/05 13:12:59 INFO BPRRecommender: begin recommend
22/06/05 13:13:00 INFO BPRRecommender: end recommend
22/06/05 13:13:00 INFO RecommenderJob: Evaluator info:NormalizedDCGEvaluator is 0.008819051599704562
22/06/05 13:13:00 INFO BPRRecommender: begin recommend
22/06/05 13:13:00 INFO BPRRecommender: end recommend
22/06/05 13:13:00 INFO RecommenderJob: Result path is exp00008/result/out-1.txt
22/06/05 13:13:00 INFO RecommenderJob: EvalCMD: COMPLETE.
22/06/05 13:13:00 INFO TextDataConvertor: Dataset: [data/split/cv_2/train.txt]
22/06/05 13:13:00 INFO TextDataConvertor: DataSet: data/split/cv_2/train.txt is finished
22/06/05 13:13:00 INFO TextDataConvertor: rating Scale: [3.0, 4.0, 5.0]
22/06/05 13:13:00 INFO TextDataConvertor: user number: 4005,	 item number is: 2673
22/06/05 13:13:00 INFO TextDataModel: Transform data to Convertor successfully!
22/06/05 13:13:00 INFO TextDataConvertor: Dataset: [data/split/cv_2/test.txt]
22/06/05 13:13:00 INFO TextDataConvertor: DataSet: data/split/cv_2/test.txt is finished
22/06/05 13:13:00 INFO TextDataConvertor: rating Scale: [3.0, 4.0, 5.0]
22/06/05 13:13:00 INFO TextDataConvertor: user number: 4005,	 item number is: 2673
22/06/05 13:13:01 INFO TextDataModel: Split data to train Set and test Set successfully!
22/06/05 13:13:01 INFO TextDataModel: Data cardinality of training is 73581
22/06/05 13:13:01 INFO TextDataModel: Data cardinality of testing is 36790
22/06/05 13:13:01 INFO TextDataModel: Feature appender loaded successfully!
22/06/05 13:13:01 INFO RecommenderJob: ExpCMD: START - Executing recommender job on 2.
22/06/05 13:13:01 INFO BPRRecommender: Job Setup completed.
22/06/05 13:13:01 INFO BPRRecommender: BPRRecommender iter 1: loss = 51003.599876430584, delta_loss = -51003.6
22/06/05 13:13:01 INFO BPRRecommender: BPRRecommender iter 2: loss = 51003.13742175292, delta_loss = 0.46245468
22/06/05 13:13:01 INFO BPRRecommender: BPRRecommender iter 3: loss = 51002.91409930253, delta_loss = 0.22332245
22/06/05 13:13:01 INFO BPRRecommender: BPRRecommender iter 4: loss = 51002.78321417931, delta_loss = 0.13088512
22/06/05 13:13:01 INFO BPRRecommender: BPRRecommender iter 5: loss = 51002.70031918152, delta_loss = 0.082894996
22/06/05 13:13:01 INFO BPRRecommender: BPRRecommender iter 6: loss = 51002.64409719537, delta_loss = 0.056221984
22/06/05 13:13:01 INFO BPRRecommender: BPRRecommender iter 7: loss = 51002.60427545633, delta_loss = 0.03982174
22/06/05 13:13:01 INFO BPRRecommender: BPRRecommender iter 8: loss = 51002.574677939476, delta_loss = 0.029597517
22/06/05 13:13:01 INFO BPRRecommender: BPRRecommender iter 9: loss = 51002.551911158735, delta_loss = 0.02276678
22/06/05 13:13:01 INFO BPRRecommender: BPRRecommender iter 10: loss = 51002.534370010406, delta_loss = 0.017541148
22/06/05 13:13:01 INFO BPRRecommender: BPRRecommender iter 11: loss = 51002.52023262191, delta_loss = 0.014137388
22/06/05 13:13:01 INFO BPRRecommender: BPRRecommender iter 12: loss = 51002.50953783556, delta_loss = 0.010694786
22/06/05 13:13:01 INFO BPRRecommender: BPRRecommender iter 13: loss = 51002.50060247171, delta_loss = 0.008935364
22/06/05 13:13:01 INFO BPRRecommender: BPRRecommender iter 14: loss = 51002.49344133662, delta_loss = 0.007161135
22/06/05 13:13:01 INFO BPRRecommender: BPRRecommender iter 15: loss = 51002.4878790813, delta_loss = 0.005562255
22/06/05 13:13:01 INFO BPRRecommender: BPRRecommender iter 16: loss = 51002.48318028429, delta_loss = 0.004698797
22/06/05 13:13:01 INFO BPRRecommender: BPRRecommender iter 17: loss = 51002.47938383041, delta_loss = 0.0037964538
22/06/05 13:13:01 INFO BPRRecommender: BPRRecommender iter 18: loss = 51002.47627850471, delta_loss = 0.0031053256
22/06/05 13:13:01 INFO BPRRecommender: BPRRecommender iter 19: loss = 51002.473857061785, delta_loss = 0.002421443
22/06/05 13:13:01 INFO BPRRecommender: BPRRecommender iter 20: loss = 51002.47180355134, delta_loss = 0.0020535104
22/06/05 13:13:01 INFO BPRRecommender: BPRRecommender iter 21: loss = 51002.47013408233, delta_loss = 0.001669469
22/06/05 13:13:01 INFO BPRRecommender: BPRRecommender iter 22: loss = 51002.46878769118, delta_loss = 0.0013463912
22/06/05 13:13:01 INFO BPRRecommender: BPRRecommender iter 23: loss = 51002.46767171953, delta_loss = 0.0011159716
22/06/05 13:13:01 INFO BPRRecommender: BPRRecommender iter 24: loss = 51002.46674791671, delta_loss = 9.2380284E-4
22/06/05 13:13:01 INFO BPRRecommender: BPRRecommender iter 25: loss = 51002.46601082112, delta_loss = 7.370956E-4
22/06/05 13:13:01 INFO BPRRecommender: BPRRecommender iter 26: loss = 51002.46541608674, delta_loss = 5.947344E-4
22/06/05 13:13:01 INFO BPRRecommender: BPRRecommender iter 27: loss = 51002.464912495685, delta_loss = 5.03591E-4
22/06/05 13:13:01 INFO BPRRecommender: BPRRecommender iter 28: loss = 51002.46450981306, delta_loss = 4.0268264E-4
22/06/05 13:13:01 INFO BPRRecommender: BPRRecommender iter 29: loss = 51002.46417549463, delta_loss = 3.3431844E-4
22/06/05 13:13:01 INFO BPRRecommender: BPRRecommender iter 30: loss = 51002.46390404416, delta_loss = 2.7145047E-4
22/06/05 13:13:01 INFO BPRRecommender: BPRRecommender iter 31: loss = 51002.4636883831, delta_loss = 2.1566107E-4
22/06/05 13:13:01 INFO BPRRecommender: BPRRecommender iter 32: loss = 51002.46350713188, delta_loss = 1.8125122E-4
22/06/05 13:13:01 INFO BPRRecommender: BPRRecommender iter 33: loss = 51002.463360207, delta_loss = 1.4692487E-4
22/06/05 13:13:01 INFO BPRRecommender: BPRRecommender iter 34: loss = 51002.463237109434, delta_loss = 1.2309756E-4
22/06/05 13:13:01 INFO BPRRecommender: BPRRecommender iter 35: loss = 51002.46313870878, delta_loss = 9.8400655E-5
22/06/05 13:13:01 INFO BPRRecommender: BPRRecommender iter 36: loss = 51002.463057790876, delta_loss = 8.0917904E-5
22/06/05 13:13:01 INFO BPRRecommender: BPRRecommender iter 37: loss = 51002.46299189203, delta_loss = 6.589884E-5
22/06/05 13:13:01 INFO BPRRecommender: BPRRecommender iter 38: loss = 51002.46293693677, delta_loss = 5.4955264E-5
22/06/05 13:13:01 INFO BPRRecommender: BPRRecommender iter 39: loss = 51002.46289299293, delta_loss = 4.3943837E-5
22/06/05 13:13:01 INFO BPRRecommender: BPRRecommender iter 40: loss = 51002.462857673585, delta_loss = 3.5319346E-5
22/06/05 13:13:01 INFO BPRRecommender: BPRRecommender iter 41: loss = 51002.46282750007, delta_loss = 3.0173513E-5
22/06/05 13:13:01 INFO BPRRecommender: BPRRecommender iter 42: loss = 51002.46280330326, delta_loss = 2.4196816E-5
22/06/05 13:13:01 INFO BPRRecommender: BPRRecommender iter 43: loss = 51002.46278273077, delta_loss = 2.0572486E-5
22/06/05 13:13:01 INFO BPRRecommender: BPRRecommender iter 44: loss = 51002.462766507044, delta_loss = 1.6223727E-5
22/06/05 13:13:01 INFO BPRRecommender: BPRRecommender iter 45: loss = 51002.462753301596, delta_loss = 1.3205448E-5
22/06/05 13:13:01 INFO BPRRecommender: BPRRecommender iter 46: loss = 51002.46274238872, delta_loss = 1.0912874E-5
22/06/05 13:13:01 INFO BPRRecommender: BPRRecommender iter 47: loss = 51002.462733336615, delta_loss = 9.052106E-6
22/06/05 13:13:01 INFO BPRRecommender: Job Train completed.
22/06/05 13:13:01 INFO RecommenderJob: ExpCMD: COMPLETE
22/06/05 13:13:01 INFO RecommenderJob: EvalCMD: START
22/06/05 13:13:01 INFO BPRRecommender: begin recommend
22/06/05 13:13:02 INFO BPRRecommender: end recommend
22/06/05 13:13:02 INFO RecommenderJob: Evaluator info:NormalizedDCGEvaluator is 0.007799313875808294
22/06/05 13:13:02 INFO BPRRecommender: begin recommend
22/06/05 13:13:02 INFO BPRRecommender: end recommend
22/06/05 13:13:02 INFO RecommenderJob: Result path is exp00008/result/out-2.txt
22/06/05 13:13:02 INFO RecommenderJob: EvalCMD: COMPLETE.
22/06/05 13:13:02 INFO TextDataConvertor: Dataset: [data/split/cv_3/train.txt]
22/06/05 13:13:02 INFO TextDataConvertor: DataSet: data/split/cv_3/train.txt is finished
22/06/05 13:13:02 INFO TextDataConvertor: rating Scale: [3.0, 4.0, 5.0]
22/06/05 13:13:02 INFO TextDataConvertor: user number: 4005,	 item number is: 2673
22/06/05 13:13:02 INFO TextDataModel: Transform data to Convertor successfully!
22/06/05 13:13:02 INFO TextDataConvertor: Dataset: [data/split/cv_3/test.txt]
22/06/05 13:13:02 INFO TextDataConvertor: DataSet: data/split/cv_3/test.txt is finished
22/06/05 13:13:02 INFO TextDataConvertor: rating Scale: [3.0, 4.0, 5.0]
22/06/05 13:13:02 INFO TextDataConvertor: user number: 4005,	 item number is: 2673
22/06/05 13:13:02 INFO TextDataModel: Split data to train Set and test Set successfully!
22/06/05 13:13:02 INFO TextDataModel: Data cardinality of training is 73581
22/06/05 13:13:02 INFO TextDataModel: Data cardinality of testing is 36790
22/06/05 13:13:02 INFO TextDataModel: Feature appender loaded successfully!
22/06/05 13:13:02 INFO RecommenderJob: ExpCMD: START - Executing recommender job on 3.
22/06/05 13:13:02 INFO BPRRecommender: Job Setup completed.
22/06/05 13:13:02 INFO BPRRecommender: BPRRecommender iter 1: loss = 51003.608162090095, delta_loss = -51003.61
22/06/05 13:13:02 INFO BPRRecommender: BPRRecommender iter 2: loss = 51003.14325986594, delta_loss = 0.46490222
22/06/05 13:13:02 INFO BPRRecommender: BPRRecommender iter 3: loss = 51002.91612985882, delta_loss = 0.22713001
22/06/05 13:13:02 INFO BPRRecommender: BPRRecommender iter 4: loss = 51002.785207234374, delta_loss = 0.13092263
22/06/05 13:13:02 INFO BPRRecommender: BPRRecommender iter 5: loss = 51002.701774264766, delta_loss = 0.08343297
22/06/05 13:13:02 INFO BPRRecommender: BPRRecommender iter 6: loss = 51002.64486332441, delta_loss = 0.05691094
22/06/05 13:13:02 INFO BPRRecommender: BPRRecommender iter 7: loss = 51002.60490641, delta_loss = 0.039956916
22/06/05 13:13:02 INFO BPRRecommender: BPRRecommender iter 8: loss = 51002.57472767998, delta_loss = 0.03017873
22/06/05 13:13:02 INFO BPRRecommender: BPRRecommender iter 9: loss = 51002.55191654407, delta_loss = 0.022811135
22/06/05 13:13:02 INFO BPRRecommender: BPRRecommender iter 10: loss = 51002.534207543686, delta_loss = 0.017709
22/06/05 13:13:02 INFO BPRRecommender: BPRRecommender iter 11: loss = 51002.520294600035, delta_loss = 0.013912943
22/06/05 13:13:02 INFO BPRRecommender: BPRRecommender iter 12: loss = 51002.509424284835, delta_loss = 0.010870315
22/06/05 13:13:02 INFO BPRRecommender: BPRRecommender iter 13: loss = 51002.500605442656, delta_loss = 0.0088188425
22/06/05 13:13:02 INFO BPRRecommender: BPRRecommender iter 14: loss = 51002.49353391522, delta_loss = 0.0070715277
22/06/05 13:13:02 INFO BPRRecommender: BPRRecommender iter 15: loss = 51002.48791843135, delta_loss = 0.005615484
22/06/05 13:13:02 INFO BPRRecommender: BPRRecommender iter 16: loss = 51002.48319386279, delta_loss = 0.0047245687
22/06/05 13:13:02 INFO BPRRecommender: BPRRecommender iter 17: loss = 51002.47944764301, delta_loss = 0.0037462197
22/06/05 13:13:02 INFO BPRRecommender: BPRRecommender iter 18: loss = 51002.47638176548, delta_loss = 0.0030658776
22/06/05 13:13:02 INFO BPRRecommender: BPRRecommender iter 19: loss = 51002.473837395606, delta_loss = 0.0025443698
22/06/05 13:13:03 INFO BPRRecommender: BPRRecommender iter 20: loss = 51002.47178346572, delta_loss = 0.00205393
22/06/05 13:13:03 INFO BPRRecommender: BPRRecommender iter 21: loss = 51002.470125453365, delta_loss = 0.0016580124
22/06/05 13:13:03 INFO BPRRecommender: BPRRecommender iter 22: loss = 51002.468788968305, delta_loss = 0.001336485
22/06/05 13:13:03 INFO BPRRecommender: BPRRecommender iter 23: loss = 51002.4676632514, delta_loss = 0.001125717
22/06/05 13:13:03 INFO BPRRecommender: BPRRecommender iter 24: loss = 51002.46676977315, delta_loss = 8.934783E-4
22/06/05 13:13:03 INFO BPRRecommender: BPRRecommender iter 25: loss = 51002.46601965305, delta_loss = 7.501201E-4
22/06/05 13:13:03 INFO BPRRecommender: BPRRecommender iter 26: loss = 51002.465413507, delta_loss = 6.0614606E-4
22/06/05 13:13:03 INFO BPRRecommender: BPRRecommender iter 27: loss = 51002.464919753154, delta_loss = 4.937538E-4
22/06/05 13:13:03 INFO BPRRecommender: BPRRecommender iter 28: loss = 51002.464518598514, delta_loss = 4.0115463E-4
22/06/05 13:13:03 INFO BPRRecommender: BPRRecommender iter 29: loss = 51002.46418390717, delta_loss = 3.3469134E-4
22/06/05 13:13:03 INFO BPRRecommender: BPRRecommender iter 30: loss = 51002.4639150344, delta_loss = 2.6887277E-4
22/06/05 13:13:03 INFO BPRRecommender: BPRRecommender iter 31: loss = 51002.46369206901, delta_loss = 2.2296539E-4
22/06/05 13:13:03 INFO BPRRecommender: BPRRecommender iter 32: loss = 51002.46351083824, delta_loss = 1.8123077E-4
22/06/05 13:13:03 INFO BPRRecommender: BPRRecommender iter 33: loss = 51002.46336397571, delta_loss = 1.4686253E-4
22/06/05 13:13:03 INFO BPRRecommender: BPRRecommender iter 34: loss = 51002.4632396085, delta_loss = 1.2436722E-4
22/06/05 13:13:03 INFO BPRRecommender: BPRRecommender iter 35: loss = 51002.46314146796, delta_loss = 9.814054E-5
22/06/05 13:13:03 INFO BPRRecommender: BPRRecommender iter 36: loss = 51002.463060527625, delta_loss = 8.0940335E-5
22/06/05 13:13:03 INFO BPRRecommender: BPRRecommender iter 37: loss = 51002.462993246016, delta_loss = 6.728161E-5
22/06/05 13:13:03 INFO BPRRecommender: BPRRecommender iter 38: loss = 51002.462939030345, delta_loss = 5.421567E-5
22/06/05 13:13:03 INFO BPRRecommender: BPRRecommender iter 39: loss = 51002.46289366742, delta_loss = 4.5362925E-5
22/06/05 13:13:03 INFO BPRRecommender: BPRRecommender iter 40: loss = 51002.462857429426, delta_loss = 3.6237994E-5
22/06/05 13:13:03 INFO BPRRecommender: BPRRecommender iter 41: loss = 51002.462827853655, delta_loss = 2.957577E-5
22/06/05 13:13:03 INFO BPRRecommender: BPRRecommender iter 42: loss = 51002.46280348361, delta_loss = 2.4370042E-5
22/06/05 13:13:03 INFO BPRRecommender: BPRRecommender iter 43: loss = 51002.46278373396, delta_loss = 1.9749656E-5
22/06/05 13:13:03 INFO BPRRecommender: BPRRecommender iter 44: loss = 51002.46276725135, delta_loss = 1.6482605E-5
22/06/05 13:13:03 INFO BPRRecommender: BPRRecommender iter 45: loss = 51002.46275370787, delta_loss = 1.3543482E-5
22/06/05 13:13:03 INFO BPRRecommender: BPRRecommender iter 46: loss = 51002.46274276021, delta_loss = 1.09476605E-5
22/06/05 13:13:03 INFO BPRRecommender: BPRRecommender iter 47: loss = 51002.462733584856, delta_loss = 9.175354E-6
22/06/05 13:13:03 INFO BPRRecommender: Job Train completed.
22/06/05 13:13:03 INFO RecommenderJob: ExpCMD: COMPLETE
22/06/05 13:13:03 INFO RecommenderJob: EvalCMD: START
22/06/05 13:13:03 INFO BPRRecommender: begin recommend
22/06/05 13:13:03 INFO BPRRecommender: end recommend
22/06/05 13:13:03 INFO RecommenderJob: Evaluator info:NormalizedDCGEvaluator is 0.009980775338621038
22/06/05 13:13:03 INFO BPRRecommender: begin recommend
22/06/05 13:13:03 INFO BPRRecommender: end recommend
22/06/05 13:13:03 INFO RecommenderJob: Result path is exp00008/result/out-3.txt
22/06/05 13:13:03 INFO RecommenderJob: EvalCMD: COMPLETE.
