22/06/05 14:00:43 INFO TextDataConvertor: Dataset: [data/rating_5000_cls_hc_10core_iterative.csv]
22/06/05 14:00:44 INFO TextDataConvertor: DataSet: ...ng_5000_cls_hc_10core_iterative.csv is finished
22/06/05 14:00:44 INFO TextDataConvertor: rating Scale: [3.0, 4.0, 5.0]
22/06/05 14:00:44 INFO TextDataConvertor: user number: 4005,	 item number is: 2673
22/06/05 14:00:44 INFO TextDataModel: Transform data to Convertor successfully!
22/06/05 14:00:44 INFO TextDataModel: Split data to train Set and test Set successfully!
22/06/05 14:00:44 INFO TextDataModel: Feature appender loaded successfully!
22/06/05 14:00:44 INFO TextDataConvertor: Dataset: [data/split/cv_1/train.txt]
22/06/05 14:00:45 INFO TextDataConvertor: DataSet: data/split/cv_1/train.txt is finished
22/06/05 14:00:45 INFO TextDataConvertor: rating Scale: [3.0, 4.0, 5.0]
22/06/05 14:00:45 INFO TextDataConvertor: user number: 4005,	 item number is: 2673
22/06/05 14:00:45 INFO TextDataModel: Transform data to Convertor successfully!
22/06/05 14:00:45 INFO TextDataConvertor: Dataset: [data/split/cv_1/test.txt]
22/06/05 14:00:45 INFO TextDataConvertor: DataSet: data/split/cv_1/test.txt is finished
22/06/05 14:00:45 INFO TextDataConvertor: rating Scale: [3.0, 4.0, 5.0]
22/06/05 14:00:45 INFO TextDataConvertor: user number: 4005,	 item number is: 2673
22/06/05 14:00:45 INFO TextDataModel: Split data to train Set and test Set successfully!
22/06/05 14:00:45 INFO TextDataModel: Data cardinality of training is 73580
22/06/05 14:00:45 INFO TextDataModel: Data cardinality of testing is 36791
22/06/05 14:00:45 INFO TextDataModel: Feature appender loaded successfully!
22/06/05 14:00:45 INFO RecommenderJob: ExpCMD: START - Executing recommender job on 1.
22/06/05 14:00:45 INFO BPRRecommender: Job Setup completed.
22/06/05 14:00:45 INFO BPRRecommender: BPRRecommender iter 1: loss = 51011.27086926698, delta_loss = -51011.27
22/06/05 14:00:45 INFO BPRRecommender: BPRRecommender iter 2: loss = 51007.805901113934, delta_loss = 3.4649682
22/06/05 14:00:45 INFO BPRRecommender: BPRRecommender iter 3: loss = 51005.861513903605, delta_loss = 1.9443872
22/06/05 14:00:45 INFO BPRRecommender: BPRRecommender iter 4: loss = 51004.64009150974, delta_loss = 1.2214224
22/06/05 14:00:46 INFO BPRRecommender: BPRRecommender iter 5: loss = 51003.82872584071, delta_loss = 0.81136566
22/06/05 14:00:46 INFO BPRRecommender: BPRRecommender iter 6: loss = 51003.26846929968, delta_loss = 0.56025654
22/06/05 14:00:46 INFO BPRRecommender: BPRRecommender iter 7: loss = 51002.8712550595, delta_loss = 0.39721423
22/06/05 14:00:46 INFO BPRRecommender: BPRRecommender iter 8: loss = 51002.58740113384, delta_loss = 0.28385392
22/06/05 14:00:46 INFO BPRRecommender: BPRRecommender iter 9: loss = 51002.378826319975, delta_loss = 0.20857482
22/06/05 14:00:46 INFO BPRRecommender: BPRRecommender iter 10: loss = 51002.22641405013, delta_loss = 0.15241227
22/06/05 14:00:46 INFO BPRRecommender: BPRRecommender iter 11: loss = 51002.11387784046, delta_loss = 0.11253621
22/06/05 14:00:46 INFO BPRRecommender: BPRRecommender iter 12: loss = 51002.029655936545, delta_loss = 0.08422191
22/06/05 14:00:46 INFO BPRRecommender: BPRRecommender iter 13: loss = 51001.96621614903, delta_loss = 0.06343979
22/06/05 14:00:46 INFO BPRRecommender: BPRRecommender iter 14: loss = 51001.91867135, delta_loss = 0.0475448
22/06/05 14:00:46 INFO BPRRecommender: BPRRecommender iter 15: loss = 51001.88311822566, delta_loss = 0.035553124
22/06/05 14:00:47 INFO BPRRecommender: BPRRecommender iter 16: loss = 51001.85602695974, delta_loss = 0.027091267
22/06/05 14:00:47 INFO BPRRecommender: BPRRecommender iter 17: loss = 51001.83535847791, delta_loss = 0.020668482
22/06/05 14:00:47 INFO BPRRecommender: BPRRecommender iter 18: loss = 51001.8198405356, delta_loss = 0.015517943
22/06/05 14:00:47 INFO BPRRecommender: BPRRecommender iter 19: loss = 51001.80797726578, delta_loss = 0.01186327
22/06/05 14:00:47 INFO BPRRecommender: BPRRecommender iter 20: loss = 51001.79894797995, delta_loss = 0.009029286
22/06/05 14:00:47 INFO BPRRecommender: BPRRecommender iter 21: loss = 51001.79205341541, delta_loss = 0.0068945647
22/06/05 14:00:47 INFO BPRRecommender: BPRRecommender iter 22: loss = 51001.78676249193, delta_loss = 0.0052909236
22/06/05 14:00:47 INFO BPRRecommender: BPRRecommender iter 23: loss = 51001.78273290788, delta_loss = 0.004029584
22/06/05 14:00:47 INFO BPRRecommender: BPRRecommender iter 24: loss = 51001.77966755381, delta_loss = 0.003065354
22/06/05 14:00:47 INFO BPRRecommender: BPRRecommender iter 25: loss = 51001.777309056364, delta_loss = 0.0023584974
22/06/05 14:00:47 INFO BPRRecommender: BPRRecommender iter 26: loss = 51001.77547596409, delta_loss = 0.0018330923
22/06/05 14:00:47 INFO BPRRecommender: BPRRecommender iter 27: loss = 51001.774111711486, delta_loss = 0.0013642526
22/06/05 14:00:47 INFO BPRRecommender: BPRRecommender iter 28: loss = 51001.77304835194, delta_loss = 0.0010633596
22/06/05 14:00:47 INFO BPRRecommender: BPRRecommender iter 29: loss = 51001.77224314072, delta_loss = 8.0521125E-4
22/06/05 14:00:47 INFO BPRRecommender: BPRRecommender iter 30: loss = 51001.7716150284, delta_loss = 6.281123E-4
22/06/05 14:00:47 INFO BPRRecommender: BPRRecommender iter 31: loss = 51001.77113517321, delta_loss = 4.798552E-4
22/06/05 14:00:47 INFO BPRRecommender: BPRRecommender iter 32: loss = 51001.77077338752, delta_loss = 3.617857E-4
22/06/05 14:00:47 INFO BPRRecommender: BPRRecommender iter 33: loss = 51001.770484842935, delta_loss = 2.8854457E-4
22/06/05 14:00:47 INFO BPRRecommender: BPRRecommender iter 34: loss = 51001.77026980764, delta_loss = 2.150353E-4
22/06/05 14:00:47 INFO BPRRecommender: BPRRecommender iter 35: loss = 51001.77010273817, delta_loss = 1.6706946E-4
22/06/05 14:00:47 INFO BPRRecommender: BPRRecommender iter 36: loss = 51001.76997507868, delta_loss = 1.276595E-4
22/06/05 14:00:47 INFO BPRRecommender: BPRRecommender iter 37: loss = 51001.76987564851, delta_loss = 9.9430166E-5
22/06/05 14:00:47 INFO BPRRecommender: BPRRecommender iter 38: loss = 51001.76980019873, delta_loss = 7.544978E-5
22/06/05 14:00:47 INFO BPRRecommender: BPRRecommender iter 39: loss = 51001.76974128476, delta_loss = 5.8913967E-5
22/06/05 14:00:47 INFO BPRRecommender: BPRRecommender iter 40: loss = 51001.76969585241, delta_loss = 4.5432353E-5
22/06/05 14:00:47 INFO BPRRecommender: BPRRecommender iter 41: loss = 51001.76966115862, delta_loss = 3.469379E-5
22/06/05 14:00:47 INFO BPRRecommender: BPRRecommender iter 42: loss = 51001.769634320175, delta_loss = 2.6838447E-5
22/06/05 14:00:47 INFO BPRRecommender: BPRRecommender iter 43: loss = 51001.76961363459, delta_loss = 2.0685584E-5
22/06/05 14:00:47 INFO BPRRecommender: BPRRecommender iter 44: loss = 51001.76959753938, delta_loss = 1.6095211E-5
22/06/05 14:00:48 INFO BPRRecommender: BPRRecommender iter 45: loss = 51001.769585164344, delta_loss = 1.2375036E-5
22/06/05 14:00:48 INFO BPRRecommender: BPRRecommender iter 46: loss = 51001.76957561581, delta_loss = 9.5485375E-6
22/06/05 14:00:48 INFO BPRRecommender: Job Train completed.
22/06/05 14:00:48 INFO RecommenderJob: ExpCMD: COMPLETE
22/06/05 14:00:48 INFO RecommenderJob: EvalCMD: START
22/06/05 14:00:48 INFO BPRRecommender: begin recommend
22/06/05 14:00:48 INFO BPRRecommender: end recommend
22/06/05 14:00:48 INFO RecommenderJob: Evaluator info:NormalizedDCGEvaluator is 0.017461724904017303
22/06/05 14:00:48 INFO BPRRecommender: begin recommend
22/06/05 14:00:48 INFO BPRRecommender: end recommend
22/06/05 14:00:48 INFO RecommenderJob: Result path is exp00049/result/out-1.txt
22/06/05 14:00:49 INFO RecommenderJob: EvalCMD: COMPLETE.
22/06/05 14:00:49 INFO TextDataConvertor: Dataset: [data/split/cv_2/train.txt]
22/06/05 14:00:49 INFO TextDataConvertor: DataSet: data/split/cv_2/train.txt is finished
22/06/05 14:00:49 INFO TextDataConvertor: rating Scale: [3.0, 4.0, 5.0]
22/06/05 14:00:49 INFO TextDataConvertor: user number: 4005,	 item number is: 2673
22/06/05 14:00:49 INFO TextDataModel: Transform data to Convertor successfully!
22/06/05 14:00:49 INFO TextDataConvertor: Dataset: [data/split/cv_2/test.txt]
22/06/05 14:00:49 INFO TextDataConvertor: DataSet: data/split/cv_2/test.txt is finished
22/06/05 14:00:49 INFO TextDataConvertor: rating Scale: [3.0, 4.0, 5.0]
22/06/05 14:00:49 INFO TextDataConvertor: user number: 4005,	 item number is: 2673
22/06/05 14:00:49 INFO TextDataModel: Split data to train Set and test Set successfully!
22/06/05 14:00:49 INFO TextDataModel: Data cardinality of training is 73581
22/06/05 14:00:49 INFO TextDataModel: Data cardinality of testing is 36790
22/06/05 14:00:49 INFO TextDataModel: Feature appender loaded successfully!
22/06/05 14:00:49 INFO RecommenderJob: ExpCMD: START - Executing recommender job on 2.
22/06/05 14:00:49 INFO BPRRecommender: Job Setup completed.
22/06/05 14:00:49 INFO BPRRecommender: BPRRecommender iter 1: loss = 51011.99270853277, delta_loss = -51011.992
22/06/05 14:00:49 INFO BPRRecommender: BPRRecommender iter 2: loss = 51008.50922439732, delta_loss = 3.483484
22/06/05 14:00:49 INFO BPRRecommender: BPRRecommender iter 3: loss = 51006.56405054096, delta_loss = 1.9451739
22/06/05 14:00:49 INFO BPRRecommender: BPRRecommender iter 4: loss = 51005.348094402165, delta_loss = 1.2159561
22/06/05 14:00:49 INFO BPRRecommender: BPRRecommender iter 5: loss = 51004.528072864, delta_loss = 0.8200215
22/06/05 14:00:49 INFO BPRRecommender: BPRRecommender iter 6: loss = 51003.964008171504, delta_loss = 0.5640647
22/06/05 14:00:49 INFO BPRRecommender: BPRRecommender iter 7: loss = 51003.56540296646, delta_loss = 0.3986052
22/06/05 14:00:49 INFO BPRRecommender: BPRRecommender iter 8: loss = 51003.28102530711, delta_loss = 0.28437766
22/06/05 14:00:49 INFO BPRRecommender: BPRRecommender iter 9: loss = 51003.07382897989, delta_loss = 0.20719633
22/06/05 14:00:49 INFO BPRRecommender: BPRRecommender iter 10: loss = 51002.92070931844, delta_loss = 0.15311967
22/06/05 14:00:50 INFO BPRRecommender: BPRRecommender iter 11: loss = 51002.80732001191, delta_loss = 0.113389306
22/06/05 14:00:50 INFO BPRRecommender: BPRRecommender iter 12: loss = 51002.72271635104, delta_loss = 0.08460366
22/06/05 14:00:50 INFO BPRRecommender: BPRRecommender iter 13: loss = 51002.659550559685, delta_loss = 0.06316579
22/06/05 14:00:50 INFO BPRRecommender: BPRRecommender iter 14: loss = 51002.61196150918, delta_loss = 0.04758905
22/06/05 14:00:50 INFO BPRRecommender: BPRRecommender iter 15: loss = 51002.576372636424, delta_loss = 0.03558887
22/06/05 14:00:50 INFO BPRRecommender: BPRRecommender iter 16: loss = 51002.54907528322, delta_loss = 0.027297353
22/06/05 14:00:50 INFO BPRRecommender: BPRRecommender iter 17: loss = 51002.52863387552, delta_loss = 0.020441407
22/06/05 14:00:50 INFO BPRRecommender: BPRRecommender iter 18: loss = 51002.51300957013, delta_loss = 0.015624305
22/06/05 14:00:50 INFO BPRRecommender: BPRRecommender iter 19: loss = 51002.501122876005, delta_loss = 0.0118866945
22/06/05 14:00:50 INFO BPRRecommender: BPRRecommender iter 20: loss = 51002.492114126566, delta_loss = 0.009008749
22/06/05 14:00:50 INFO BPRRecommender: BPRRecommender iter 21: loss = 51002.4851933589, delta_loss = 0.0069207675
22/06/05 14:00:50 INFO BPRRecommender: BPRRecommender iter 22: loss = 51002.479876715515, delta_loss = 0.0053166435
22/06/05 14:00:50 INFO BPRRecommender: BPRRecommender iter 23: loss = 51002.475879932965, delta_loss = 0.0039967825
22/06/05 14:00:50 INFO BPRRecommender: BPRRecommender iter 24: loss = 51002.47279059213, delta_loss = 0.0030893409
22/06/05 14:00:50 INFO BPRRecommender: BPRRecommender iter 25: loss = 51002.47046590878, delta_loss = 0.0023246834
22/06/05 14:00:50 INFO BPRRecommender: BPRRecommender iter 26: loss = 51002.4686405946, delta_loss = 0.0018253141
22/06/05 14:00:50 INFO BPRRecommender: BPRRecommender iter 27: loss = 51002.46726626865, delta_loss = 0.001374326
22/06/05 14:00:50 INFO BPRRecommender: BPRRecommender iter 28: loss = 51002.46620063576, delta_loss = 0.0010656329
22/06/05 14:00:50 INFO BPRRecommender: BPRRecommender iter 29: loss = 51002.46539029354, delta_loss = 8.103422E-4
22/06/05 14:00:50 INFO BPRRecommender: BPRRecommender iter 30: loss = 51002.4647694995, delta_loss = 6.20794E-4
22/06/05 14:00:50 INFO BPRRecommender: BPRRecommender iter 31: loss = 51002.46428687973, delta_loss = 4.8261977E-4
22/06/05 14:00:50 INFO BPRRecommender: BPRRecommender iter 32: loss = 51002.463913872656, delta_loss = 3.730071E-4
22/06/05 14:00:50 INFO BPRRecommender: BPRRecommender iter 33: loss = 51002.46363385072, delta_loss = 2.8002192E-4
22/06/05 14:00:50 INFO BPRRecommender: BPRRecommender iter 34: loss = 51002.46341852209, delta_loss = 2.1532862E-4
22/06/05 14:00:50 INFO BPRRecommender: BPRRecommender iter 35: loss = 51002.463251051915, delta_loss = 1.6747018E-4
22/06/05 14:00:50 INFO BPRRecommender: BPRRecommender iter 36: loss = 51002.463122424204, delta_loss = 1.2862771E-4
22/06/05 14:00:50 INFO BPRRecommender: BPRRecommender iter 37: loss = 51002.463023540724, delta_loss = 9.888348E-5
22/06/05 14:00:50 INFO BPRRecommender: BPRRecommender iter 38: loss = 51002.462948416556, delta_loss = 7.512417E-5
22/06/05 14:00:51 INFO BPRRecommender: BPRRecommender iter 39: loss = 51002.46288932805, delta_loss = 5.9088503E-5
22/06/05 14:00:51 INFO BPRRecommender: BPRRecommender iter 40: loss = 51002.46284375311, delta_loss = 4.5574947E-5
22/06/05 14:00:51 INFO BPRRecommender: BPRRecommender iter 41: loss = 51002.46280893892, delta_loss = 3.4814184E-5
22/06/05 14:00:51 INFO BPRRecommender: BPRRecommender iter 42: loss = 51002.462782061026, delta_loss = 2.6877897E-5
22/06/05 14:00:51 INFO BPRRecommender: BPRRecommender iter 43: loss = 51002.462761284136, delta_loss = 2.077689E-5
22/06/05 14:00:51 INFO BPRRecommender: BPRRecommender iter 44: loss = 51002.46274518586, delta_loss = 1.6098275E-5
22/06/05 14:00:51 INFO BPRRecommender: BPRRecommender iter 45: loss = 51002.46273253549, delta_loss = 1.2650373E-5
22/06/05 14:00:51 INFO BPRRecommender: BPRRecommender iter 46: loss = 51002.46272299177, delta_loss = 9.543721E-6
22/06/05 14:00:51 INFO BPRRecommender: Job Train completed.
22/06/05 14:00:51 INFO RecommenderJob: ExpCMD: COMPLETE
22/06/05 14:00:51 INFO RecommenderJob: EvalCMD: START
22/06/05 14:00:51 INFO BPRRecommender: begin recommend
22/06/05 14:00:51 INFO BPRRecommender: end recommend
22/06/05 14:00:51 INFO RecommenderJob: Evaluator info:NormalizedDCGEvaluator is 0.017816940347622108
22/06/05 14:00:51 INFO BPRRecommender: begin recommend
22/06/05 14:00:51 INFO BPRRecommender: end recommend
22/06/05 14:00:51 INFO RecommenderJob: Result path is exp00049/result/out-2.txt
22/06/05 14:00:52 INFO RecommenderJob: EvalCMD: COMPLETE.
22/06/05 14:00:52 INFO TextDataConvertor: Dataset: [data/split/cv_3/train.txt]
22/06/05 14:00:52 INFO TextDataConvertor: DataSet: data/split/cv_3/train.txt is finished
22/06/05 14:00:52 INFO TextDataConvertor: rating Scale: [3.0, 4.0, 5.0]
22/06/05 14:00:52 INFO TextDataConvertor: user number: 4005,	 item number is: 2673
22/06/05 14:00:52 INFO TextDataModel: Transform data to Convertor successfully!
22/06/05 14:00:52 INFO TextDataConvertor: Dataset: [data/split/cv_3/test.txt]
22/06/05 14:00:52 INFO TextDataConvertor: DataSet: data/split/cv_3/test.txt is finished
22/06/05 14:00:52 INFO TextDataConvertor: rating Scale: [3.0, 4.0, 5.0]
22/06/05 14:00:52 INFO TextDataConvertor: user number: 4005,	 item number is: 2673
22/06/05 14:00:52 INFO TextDataModel: Split data to train Set and test Set successfully!
22/06/05 14:00:52 INFO TextDataModel: Data cardinality of training is 73581
22/06/05 14:00:52 INFO TextDataModel: Data cardinality of testing is 36790
22/06/05 14:00:52 INFO TextDataModel: Feature appender loaded successfully!
22/06/05 14:00:52 INFO RecommenderJob: ExpCMD: START - Executing recommender job on 3.
22/06/05 14:00:52 INFO BPRRecommender: Job Setup completed.
22/06/05 14:00:52 INFO BPRRecommender: BPRRecommender iter 1: loss = 51011.97710743984, delta_loss = -51011.977
22/06/05 14:00:52 INFO BPRRecommender: BPRRecommender iter 2: loss = 51008.51415934177, delta_loss = 3.462948
22/06/05 14:00:52 INFO BPRRecommender: BPRRecommender iter 3: loss = 51006.569358520275, delta_loss = 1.9448009
22/06/05 14:00:52 INFO BPRRecommender: BPRRecommender iter 4: loss = 51005.34444506739, delta_loss = 1.2249135
22/06/05 14:00:52 INFO BPRRecommender: BPRRecommender iter 5: loss = 51004.53210001393, delta_loss = 0.812345
22/06/05 14:00:52 INFO BPRRecommender: BPRRecommender iter 6: loss = 51003.96632281205, delta_loss = 0.5657772
22/06/05 14:00:52 INFO BPRRecommender: BPRRecommender iter 7: loss = 51003.56953563041, delta_loss = 0.3967872
22/06/05 14:00:52 INFO BPRRecommender: BPRRecommender iter 8: loss = 51003.28152014951, delta_loss = 0.28801548
22/06/05 14:00:52 INFO BPRRecommender: BPRRecommender iter 9: loss = 51003.07389829878, delta_loss = 0.20762186
22/06/05 14:00:52 INFO BPRRecommender: BPRRecommender iter 10: loss = 51002.92149014589, delta_loss = 0.15240815
22/06/05 14:00:52 INFO BPRRecommender: BPRRecommender iter 11: loss = 51002.80775377944, delta_loss = 0.11373637
22/06/05 14:00:52 INFO BPRRecommender: BPRRecommender iter 12: loss = 51002.72345678018, delta_loss = 0.084297
22/06/05 14:00:52 INFO BPRRecommender: BPRRecommender iter 13: loss = 51002.65998482982, delta_loss = 0.06347195
22/06/05 14:00:52 INFO BPRRecommender: BPRRecommender iter 14: loss = 51002.61245836853, delta_loss = 0.04752646
22/06/05 14:00:52 INFO BPRRecommender: BPRRecommender iter 15: loss = 51002.57628068392, delta_loss = 0.036177684
22/06/05 14:00:52 INFO BPRRecommender: BPRRecommender iter 16: loss = 51002.549379970325, delta_loss = 0.026900714
22/06/05 14:00:52 INFO BPRRecommender: BPRRecommender iter 17: loss = 51002.5286365094, delta_loss = 0.020743461
22/06/05 14:00:53 INFO BPRRecommender: BPRRecommender iter 18: loss = 51002.51306450221, delta_loss = 0.015572007
22/06/05 14:00:53 INFO BPRRecommender: BPRRecommender iter 19: loss = 51002.501162019806, delta_loss = 0.011902482
22/06/05 14:00:53 INFO BPRRecommender: BPRRecommender iter 20: loss = 51002.492096067086, delta_loss = 0.009065953
22/06/05 14:00:53 INFO BPRRecommender: BPRRecommender iter 21: loss = 51002.48521160369, delta_loss = 0.0068844636
22/06/05 14:00:53 INFO BPRRecommender: BPRRecommender iter 22: loss = 51002.47992455408, delta_loss = 0.00528705
22/06/05 14:00:53 INFO BPRRecommender: BPRRecommender iter 23: loss = 51002.475861225736, delta_loss = 0.0040633283
22/06/05 14:00:53 INFO BPRRecommender: BPRRecommender iter 24: loss = 51002.47280900659, delta_loss = 0.003052219
22/06/05 14:00:53 INFO BPRRecommender: BPRRecommender iter 25: loss = 51002.47043777439, delta_loss = 0.0023712323
22/06/05 14:00:53 INFO BPRRecommender: BPRRecommender iter 26: loss = 51002.46865640684, delta_loss = 0.0017813676
22/06/05 14:00:53 INFO BPRRecommender: BPRRecommender iter 27: loss = 51002.46727005795, delta_loss = 0.0013863489
22/06/05 14:00:53 INFO BPRRecommender: BPRRecommender iter 28: loss = 51002.466210818806, delta_loss = 0.0010592391
22/06/05 14:00:53 INFO BPRRecommender: BPRRecommender iter 29: loss = 51002.465394255785, delta_loss = 8.16563E-4
22/06/05 14:00:53 INFO BPRRecommender: BPRRecommender iter 30: loss = 51002.464770925726, delta_loss = 6.2333007E-4
22/06/05 14:00:53 INFO BPRRecommender: BPRRecommender iter 31: loss = 51002.464286495466, delta_loss = 4.8443026E-4
22/06/05 14:00:53 INFO BPRRecommender: BPRRecommender iter 32: loss = 51002.463921406656, delta_loss = 3.650888E-4
22/06/05 14:00:53 INFO BPRRecommender: BPRRecommender iter 33: loss = 51002.463639001406, delta_loss = 2.8240524E-4
22/06/05 14:00:53 INFO BPRRecommender: BPRRecommender iter 34: loss = 51002.46342247871, delta_loss = 2.1652269E-4
22/06/05 14:00:53 INFO BPRRecommender: BPRRecommender iter 35: loss = 51002.463250560584, delta_loss = 1.7191813E-4
22/06/05 14:00:53 INFO BPRRecommender: BPRRecommender iter 36: loss = 51002.46312397916, delta_loss = 1.2658142E-4
22/06/05 14:00:53 INFO BPRRecommender: BPRRecommender iter 37: loss = 51002.46302367642, delta_loss = 1.0030274E-4
22/06/05 14:00:53 INFO BPRRecommender: BPRRecommender iter 38: loss = 51002.46294832105, delta_loss = 7.535537E-5
22/06/05 14:00:53 INFO BPRRecommender: BPRRecommender iter 39: loss = 51002.46288894127, delta_loss = 5.937978E-5
22/06/05 14:00:53 INFO BPRRecommender: BPRRecommender iter 40: loss = 51002.46284383865, delta_loss = 4.510262E-5
22/06/05 14:00:53 INFO BPRRecommender: BPRRecommender iter 41: loss = 51002.462809285345, delta_loss = 3.4553304E-5
22/06/05 14:00:53 INFO BPRRecommender: BPRRecommender iter 42: loss = 51002.46278224193, delta_loss = 2.7043418E-5
22/06/05 14:00:54 INFO BPRRecommender: BPRRecommender iter 43: loss = 51002.462761413866, delta_loss = 2.0828062E-5
22/06/05 14:00:54 INFO BPRRecommender: BPRRecommender iter 44: loss = 51002.46274522796, delta_loss = 1.6185906E-5
22/06/05 14:00:54 INFO BPRRecommender: BPRRecommender iter 45: loss = 51002.46273273668, delta_loss = 1.2491277E-5
22/06/05 14:00:54 INFO BPRRecommender: BPRRecommender iter 46: loss = 51002.4627231042, delta_loss = 9.63248E-6
22/06/05 14:00:54 INFO BPRRecommender: Job Train completed.
22/06/05 14:00:54 INFO RecommenderJob: ExpCMD: COMPLETE
22/06/05 14:00:54 INFO RecommenderJob: EvalCMD: START
22/06/05 14:00:54 INFO BPRRecommender: begin recommend
22/06/05 14:00:54 INFO BPRRecommender: end recommend
22/06/05 14:00:54 INFO RecommenderJob: Evaluator info:NormalizedDCGEvaluator is 0.024101404254976543
22/06/05 14:00:54 INFO BPRRecommender: begin recommend
22/06/05 14:00:54 INFO BPRRecommender: end recommend
22/06/05 14:00:54 INFO RecommenderJob: Result path is exp00049/result/out-3.txt
22/06/05 14:00:54 INFO RecommenderJob: EvalCMD: COMPLETE.
