22/06/05 15:19:40 INFO TextDataConvertor: Dataset: [data/rating_5000_cls_hc_10core_iterative.csv]
22/06/05 15:19:40 INFO TextDataConvertor: DataSet: ...ng_5000_cls_hc_10core_iterative.csv is finished
22/06/05 15:19:40 INFO TextDataConvertor: rating Scale: [3.0, 4.0, 5.0]
22/06/05 15:19:40 INFO TextDataConvertor: user number: 4005,	 item number is: 2673
22/06/05 15:19:40 INFO TextDataModel: Transform data to Convertor successfully!
22/06/05 15:19:40 INFO TextDataModel: Split data to train Set and test Set successfully!
22/06/05 15:19:40 INFO TextDataModel: Feature appender loaded successfully!
22/06/05 15:19:40 INFO TextDataConvertor: Dataset: [data/split/cv_1/train.txt]
22/06/05 15:19:40 INFO TextDataConvertor: DataSet: data/split/cv_1/train.txt is finished
22/06/05 15:19:40 INFO TextDataConvertor: rating Scale: [3.0, 4.0, 5.0]
22/06/05 15:19:40 INFO TextDataConvertor: user number: 4005,	 item number is: 2673
22/06/05 15:19:40 INFO TextDataModel: Transform data to Convertor successfully!
22/06/05 15:19:40 INFO TextDataConvertor: Dataset: [data/split/cv_1/test.txt]
22/06/05 15:19:41 INFO TextDataConvertor: DataSet: data/split/cv_1/test.txt is finished
22/06/05 15:19:41 INFO TextDataConvertor: rating Scale: [3.0, 4.0, 5.0]
22/06/05 15:19:41 INFO TextDataConvertor: user number: 4005,	 item number is: 2673
22/06/05 15:19:41 INFO TextDataModel: Split data to train Set and test Set successfully!
22/06/05 15:19:41 INFO TextDataModel: Data cardinality of training is 73580
22/06/05 15:19:41 INFO TextDataModel: Data cardinality of testing is 36791
22/06/05 15:19:41 INFO TextDataModel: Feature appender loaded successfully!
22/06/05 15:19:41 INFO RecommenderJob: ExpCMD: START - Executing recommender job on 1.
22/06/05 15:19:41 INFO BiasedMFRecommender: Job Setup completed.
22/06/05 15:19:41 INFO BiasedMFRecommender: BiasedMFRecommender iter 1: loss = 6504.7350331692405, delta_loss = -6504.735
22/06/05 15:19:41 INFO BiasedMFRecommender: BiasedMFRecommender iter 2: loss = 6474.917512834447, delta_loss = 29.81752
22/06/05 15:19:41 INFO BiasedMFRecommender: BiasedMFRecommender iter 3: loss = 6447.165275567291, delta_loss = 27.752237
22/06/05 15:19:41 INFO BiasedMFRecommender: BiasedMFRecommender iter 4: loss = 6421.2257256741905, delta_loss = 25.93955
22/06/05 15:19:41 INFO BiasedMFRecommender: BiasedMFRecommender iter 5: loss = 6396.8906414402645, delta_loss = 24.335085
22/06/05 15:19:41 INFO BiasedMFRecommender: BiasedMFRecommender iter 6: loss = 6373.986362105954, delta_loss = 22.90428
22/06/05 15:19:41 INFO BiasedMFRecommender: BiasedMFRecommender iter 7: loss = 6352.366430018472, delta_loss = 21.619932
22/06/05 15:19:41 INFO BiasedMFRecommender: BiasedMFRecommender iter 8: loss = 6331.906035310964, delta_loss = 20.460394
22/06/05 15:19:41 INFO BiasedMFRecommender: BiasedMFRecommender iter 9: loss = 6312.497789218265, delta_loss = 19.408247
22/06/05 15:19:41 INFO BiasedMFRecommender: BiasedMFRecommender iter 10: loss = 6294.048481167154, delta_loss = 18.449308
22/06/05 15:19:41 INFO BiasedMFRecommender: BiasedMFRecommender iter 11: loss = 6276.476568019113, delta_loss = 17.571913
22/06/05 15:19:41 INFO BiasedMFRecommender: BiasedMFRecommender iter 12: loss = 6259.710211361674, delta_loss = 16.766357
22/06/05 15:19:41 INFO BiasedMFRecommender: BiasedMFRecommender iter 13: loss = 6243.685727650244, delta_loss = 16.024485
22/06/05 15:19:41 INFO BiasedMFRecommender: BiasedMFRecommender iter 14: loss = 6228.346351593183, delta_loss = 15.339376
22/06/05 15:19:41 INFO BiasedMFRecommender: BiasedMFRecommender iter 15: loss = 6213.641239031082, delta_loss = 14.705112
22/06/05 15:19:41 INFO BiasedMFRecommender: BiasedMFRecommender iter 16: loss = 6199.524654466775, delta_loss = 14.116585
22/06/05 15:19:41 INFO BiasedMFRecommender: BiasedMFRecommender iter 17: loss = 6185.955302238975, delta_loss = 13.569352
22/06/05 15:19:41 INFO BiasedMFRecommender: BiasedMFRecommender iter 18: loss = 6172.895770482573, delta_loss = 13.059532
22/06/05 15:19:41 INFO BiasedMFRecommender: BiasedMFRecommender iter 19: loss = 6160.312064512018, delta_loss = 12.583706
22/06/05 15:19:41 INFO BiasedMFRecommender: BiasedMFRecommender iter 20: loss = 6148.173211804412, delta_loss = 12.138853
22/06/05 15:19:41 INFO BiasedMFRecommender: BiasedMFRecommender iter 21: loss = 6136.450924883652, delta_loss = 11.722287
22/06/05 15:19:41 INFO BiasedMFRecommender: BiasedMFRecommender iter 22: loss = 6125.119311482944, delta_loss = 11.331614
22/06/05 15:19:41 INFO BiasedMFRecommender: BiasedMFRecommender iter 23: loss = 6114.154623685217, delta_loss = 10.964687
22/06/05 15:19:41 INFO BiasedMFRecommender: BiasedMFRecommender iter 24: loss = 6103.535039484567, delta_loss = 10.619584
22/06/05 15:19:41 INFO BiasedMFRecommender: BiasedMFRecommender iter 25: loss = 6093.240471556319, delta_loss = 10.294568
22/06/05 15:19:41 INFO BiasedMFRecommender: BiasedMFRecommender iter 26: loss = 6083.252399035799, delta_loss = 9.988072
22/06/05 15:19:41 INFO BiasedMFRecommender: BiasedMFRecommender iter 27: loss = 6073.553718906591, delta_loss = 9.69868
22/06/05 15:19:41 INFO BiasedMFRecommender: BiasedMFRecommender iter 28: loss = 6064.128614210618, delta_loss = 9.425105
22/06/05 15:19:41 INFO BiasedMFRecommender: BiasedMFRecommender iter 29: loss = 6054.962436775179, delta_loss = 9.166178
22/06/05 15:19:41 INFO BiasedMFRecommender: BiasedMFRecommender iter 30: loss = 6046.041602551247, delta_loss = 8.920835
22/06/05 15:19:41 INFO BiasedMFRecommender: BiasedMFRecommender iter 31: loss = 6037.35349793696, delta_loss = 8.688105
22/06/05 15:19:41 INFO BiasedMFRecommender: BiasedMFRecommender iter 32: loss = 6028.88639574163, delta_loss = 8.467102
22/06/05 15:19:41 INFO BiasedMFRecommender: BiasedMFRecommender iter 33: loss = 6020.629379623821, delta_loss = 8.257016
22/06/05 15:19:41 INFO BiasedMFRecommender: BiasedMFRecommender iter 34: loss = 6012.572276008936, delta_loss = 8.057103
22/06/05 15:19:41 INFO BiasedMFRecommender: BiasedMFRecommender iter 35: loss = 6004.705592638599, delta_loss = 7.8666835
22/06/05 15:19:41 INFO BiasedMFRecommender: BiasedMFRecommender iter 36: loss = 5997.020463006348, delta_loss = 7.6851296
22/06/05 15:19:41 INFO BiasedMFRecommender: BiasedMFRecommender iter 37: loss = 5989.508596030647, delta_loss = 7.511867
22/06/05 15:19:41 INFO BiasedMFRecommender: BiasedMFRecommender iter 38: loss = 5982.1622304171215, delta_loss = 7.3463655
22/06/05 15:19:41 INFO BiasedMFRecommender: BiasedMFRecommender iter 39: loss = 5974.974093199718, delta_loss = 7.188137
22/06/05 15:19:41 INFO BiasedMFRecommender: BiasedMFRecommender iter 40: loss = 5967.937362036015, delta_loss = 7.0367312
22/06/05 15:19:41 INFO BiasedMFRecommender: BiasedMFRecommender iter 41: loss = 5961.045630875008, delta_loss = 6.8917313
22/06/05 15:19:41 INFO BiasedMFRecommender: BiasedMFRecommender iter 42: loss = 5954.2928786472985, delta_loss = 6.7527523
22/06/05 15:19:41 INFO BiasedMFRecommender: BiasedMFRecommender iter 43: loss = 5947.673440692102, delta_loss = 6.619438
22/06/05 15:19:41 INFO BiasedMFRecommender: BiasedMFRecommender iter 44: loss = 5941.181982642047, delta_loss = 6.491458
22/06/05 15:19:41 INFO BiasedMFRecommender: BiasedMFRecommender iter 45: loss = 5934.813476531601, delta_loss = 6.368506
22/06/05 15:19:41 INFO BiasedMFRecommender: BiasedMFRecommender iter 46: loss = 5928.563178916189, delta_loss = 6.2502975
22/06/05 15:19:41 INFO BiasedMFRecommender: BiasedMFRecommender iter 47: loss = 5922.42661081362, delta_loss = 6.136568
22/06/05 15:19:41 INFO BiasedMFRecommender: BiasedMFRecommender iter 48: loss = 5916.399539293889, delta_loss = 6.0270715
22/06/05 15:19:41 INFO BiasedMFRecommender: BiasedMFRecommender iter 49: loss = 5910.477960569325, delta_loss = 5.921579
22/06/05 15:19:41 INFO BiasedMFRecommender: BiasedMFRecommender iter 50: loss = 5904.658084443773, delta_loss = 5.819876
22/06/05 15:19:41 INFO BiasedMFRecommender: Job Train completed.
22/06/05 15:19:41 INFO RecommenderJob: ExpCMD: COMPLETE
22/06/05 15:19:41 INFO RecommenderJob: EvalCMD: START
22/06/05 15:19:41 INFO BiasedMFRecommender: begin recommend
22/06/05 15:19:42 INFO BiasedMFRecommender: end recommend
22/06/05 15:19:42 INFO RecommenderJob: Evaluator info:NormalizedDCGEvaluator is 0.05437472888321479
22/06/05 15:19:42 INFO BiasedMFRecommender: begin recommend
22/06/05 15:19:42 INFO BiasedMFRecommender: end recommend
22/06/05 15:19:42 INFO RecommenderJob: Result path is exp00048/result/out-1.txt
22/06/05 15:19:42 INFO RecommenderJob: EvalCMD: COMPLETE.
22/06/05 15:19:42 INFO TextDataConvertor: Dataset: [data/split/cv_2/train.txt]
22/06/05 15:19:42 INFO TextDataConvertor: DataSet: data/split/cv_2/train.txt is finished
22/06/05 15:19:42 INFO TextDataConvertor: rating Scale: [3.0, 4.0, 5.0]
22/06/05 15:19:42 INFO TextDataConvertor: user number: 4005,	 item number is: 2673
22/06/05 15:19:42 INFO TextDataModel: Transform data to Convertor successfully!
22/06/05 15:19:42 INFO TextDataConvertor: Dataset: [data/split/cv_2/test.txt]
22/06/05 15:19:42 INFO TextDataConvertor: DataSet: data/split/cv_2/test.txt is finished
22/06/05 15:19:42 INFO TextDataConvertor: rating Scale: [3.0, 4.0, 5.0]
22/06/05 15:19:42 INFO TextDataConvertor: user number: 4005,	 item number is: 2673
22/06/05 15:19:42 INFO TextDataModel: Split data to train Set and test Set successfully!
22/06/05 15:19:42 INFO TextDataModel: Data cardinality of training is 73581
22/06/05 15:19:42 INFO TextDataModel: Data cardinality of testing is 36790
22/06/05 15:19:42 INFO TextDataModel: Feature appender loaded successfully!
22/06/05 15:19:42 INFO RecommenderJob: ExpCMD: START - Executing recommender job on 2.
22/06/05 15:19:42 INFO BiasedMFRecommender: Job Setup completed.
22/06/05 15:19:42 INFO BiasedMFRecommender: BiasedMFRecommender iter 1: loss = 6322.537761428861, delta_loss = -6322.5376
22/06/05 15:19:42 INFO BiasedMFRecommender: BiasedMFRecommender iter 2: loss = 6295.370017108007, delta_loss = 27.167744
22/06/05 15:19:42 INFO BiasedMFRecommender: BiasedMFRecommender iter 3: loss = 6269.997069187702, delta_loss = 25.372948
22/06/05 15:19:42 INFO BiasedMFRecommender: BiasedMFRecommender iter 4: loss = 6246.200250701897, delta_loss = 23.796818
22/06/05 15:19:42 INFO BiasedMFRecommender: BiasedMFRecommender iter 5: loss = 6223.799554903912, delta_loss = 22.400696
22/06/05 15:19:42 INFO BiasedMFRecommender: BiasedMFRecommender iter 6: loss = 6202.645150052999, delta_loss = 21.154406
22/06/05 15:19:42 INFO BiasedMFRecommender: BiasedMFRecommender iter 7: loss = 6182.61097383293, delta_loss = 20.034176
22/06/05 15:19:42 INFO BiasedMFRecommender: BiasedMFRecommender iter 8: loss = 6163.589869150804, delta_loss = 19.021105
22/06/05 15:19:42 INFO BiasedMFRecommender: BiasedMFRecommender iter 9: loss = 6145.489866355958, delta_loss = 18.100002
22/06/05 15:19:42 INFO BiasedMFRecommender: BiasedMFRecommender iter 10: loss = 6128.231321469896, delta_loss = 17.258545
22/06/05 15:19:42 INFO BiasedMFRecommender: BiasedMFRecommender iter 11: loss = 6111.7446963701, delta_loss = 16.486626
22/06/05 15:19:42 INFO BiasedMFRecommender: BiasedMFRecommender iter 12: loss = 6095.96882275573, delta_loss = 15.775873
22/06/05 15:19:42 INFO BiasedMFRecommender: BiasedMFRecommender iter 13: loss = 6080.849532640782, delta_loss = 15.11929
22/06/05 15:19:42 INFO BiasedMFRecommender: BiasedMFRecommender iter 14: loss = 6066.338568197228, delta_loss = 14.510964
22/06/05 15:19:42 INFO BiasedMFRecommender: BiasedMFRecommender iter 15: loss = 6052.392705873441, delta_loss = 13.945863
22/06/05 15:19:42 INFO BiasedMFRecommender: BiasedMFRecommender iter 16: loss = 6038.97304601511, delta_loss = 13.41966
22/06/05 15:19:42 INFO BiasedMFRecommender: BiasedMFRecommender iter 17: loss = 6026.044431277137, delta_loss = 12.928615
22/06/05 15:19:42 INFO BiasedMFRecommender: BiasedMFRecommender iter 18: loss = 6013.574966048065, delta_loss = 12.469465
22/06/05 15:19:42 INFO BiasedMFRecommender: BiasedMFRecommender iter 19: loss = 6001.535615751532, delta_loss = 12.0393505
22/06/05 15:19:43 INFO BiasedMFRecommender: BiasedMFRecommender iter 20: loss = 5989.8998698620535, delta_loss = 11.635746
22/06/05 15:19:43 INFO BiasedMFRecommender: BiasedMFRecommender iter 21: loss = 5978.643456170256, delta_loss = 11.256413
22/06/05 15:19:43 INFO BiasedMFRecommender: BiasedMFRecommender iter 22: loss = 5967.74409665221, delta_loss = 10.89936
22/06/05 15:19:43 INFO BiasedMFRecommender: BiasedMFRecommender iter 23: loss = 5957.181297388553, delta_loss = 10.562799
22/06/05 15:19:43 INFO BiasedMFRecommender: BiasedMFRecommender iter 24: loss = 5946.93616660776, delta_loss = 10.245131
22/06/05 15:19:43 INFO BiasedMFRecommender: BiasedMFRecommender iter 25: loss = 5936.991256139068, delta_loss = 9.94491
22/06/05 15:19:43 INFO BiasedMFRecommender: BiasedMFRecommender iter 26: loss = 5927.330422510974, delta_loss = 9.660833
22/06/05 15:19:43 INFO BiasedMFRecommender: BiasedMFRecommender iter 27: loss = 5917.9387046625425, delta_loss = 9.391718
22/06/05 15:19:43 INFO BiasedMFRecommender: BiasedMFRecommender iter 28: loss = 5908.802215797191, delta_loss = 9.136489
22/06/05 15:19:43 INFO BiasedMFRecommender: BiasedMFRecommender iter 29: loss = 5899.9080473612175, delta_loss = 8.894169
22/06/05 15:19:43 INFO BiasedMFRecommender: BiasedMFRecommender iter 30: loss = 5891.244183477958, delta_loss = 8.663864
22/06/05 15:19:43 INFO BiasedMFRecommender: BiasedMFRecommender iter 31: loss = 5882.799424441425, delta_loss = 8.444759
22/06/05 15:19:43 INFO BiasedMFRecommender: BiasedMFRecommender iter 32: loss = 5874.563318118645, delta_loss = 8.236106
22/06/05 15:19:43 INFO BiasedMFRecommender: BiasedMFRecommender iter 33: loss = 5866.526098263808, delta_loss = 8.03722
22/06/05 15:19:43 INFO BiasedMFRecommender: BiasedMFRecommender iter 34: loss = 5858.678628918514, delta_loss = 7.8474693
22/06/05 15:19:43 INFO BiasedMFRecommender: BiasedMFRecommender iter 35: loss = 5851.012354181404, delta_loss = 7.6662745
22/06/05 15:19:43 INFO BiasedMFRecommender: BiasedMFRecommender iter 36: loss = 5843.519252732811, delta_loss = 7.4931016
22/06/05 15:19:43 INFO BiasedMFRecommender: BiasedMFRecommender iter 37: loss = 5836.19179658783, delta_loss = 7.327456
22/06/05 15:19:43 INFO BiasedMFRecommender: BiasedMFRecommender iter 38: loss = 5829.022913612331, delta_loss = 7.168883
22/06/05 15:19:43 INFO BiasedMFRecommender: BiasedMFRecommender iter 39: loss = 5822.005953406947, delta_loss = 7.01696
22/06/05 15:19:43 INFO BiasedMFRecommender: BiasedMFRecommender iter 40: loss = 5815.134656203985, delta_loss = 6.8712974
22/06/05 15:19:43 INFO BiasedMFRecommender: BiasedMFRecommender iter 41: loss = 5808.403124468286, delta_loss = 6.7315316
22/06/05 15:19:43 INFO BiasedMFRecommender: BiasedMFRecommender iter 42: loss = 5801.8057969339325, delta_loss = 6.5973277
22/06/05 15:19:43 INFO BiasedMFRecommender: BiasedMFRecommender iter 43: loss = 5795.337424831064, delta_loss = 6.468372
22/06/05 15:19:43 INFO BiasedMFRecommender: BiasedMFRecommender iter 44: loss = 5788.993050095185, delta_loss = 6.3443747
22/06/05 15:19:43 INFO BiasedMFRecommender: BiasedMFRecommender iter 45: loss = 5782.767985365878, delta_loss = 6.2250648
22/06/05 15:19:43 INFO BiasedMFRecommender: BiasedMFRecommender iter 46: loss = 5776.657795605215, delta_loss = 6.11019
22/06/05 15:19:43 INFO BiasedMFRecommender: BiasedMFRecommender iter 47: loss = 5770.658281189999, delta_loss = 5.9995146
22/06/05 15:19:43 INFO BiasedMFRecommender: BiasedMFRecommender iter 48: loss = 5764.765462337446, delta_loss = 5.892819
22/06/05 15:19:43 INFO BiasedMFRecommender: BiasedMFRecommender iter 49: loss = 5758.975564747347, delta_loss = 5.7898974
22/06/05 15:19:43 INFO BiasedMFRecommender: BiasedMFRecommender iter 50: loss = 5753.285006349948, delta_loss = 5.6905584
22/06/05 15:19:43 INFO BiasedMFRecommender: Job Train completed.
22/06/05 15:19:43 INFO RecommenderJob: ExpCMD: COMPLETE
22/06/05 15:19:43 INFO RecommenderJob: EvalCMD: START
22/06/05 15:19:43 INFO BiasedMFRecommender: begin recommend
22/06/05 15:19:43 INFO BiasedMFRecommender: end recommend
22/06/05 15:19:43 INFO RecommenderJob: Evaluator info:NormalizedDCGEvaluator is 0.05978687877567753
22/06/05 15:19:43 INFO BiasedMFRecommender: begin recommend
22/06/05 15:19:43 INFO BiasedMFRecommender: end recommend
22/06/05 15:19:43 INFO RecommenderJob: Result path is exp00048/result/out-2.txt
22/06/05 15:19:43 INFO RecommenderJob: EvalCMD: COMPLETE.
22/06/05 15:19:43 INFO TextDataConvertor: Dataset: [data/split/cv_3/train.txt]
22/06/05 15:19:43 INFO TextDataConvertor: DataSet: data/split/cv_3/train.txt is finished
22/06/05 15:19:43 INFO TextDataConvertor: rating Scale: [3.0, 4.0, 5.0]
22/06/05 15:19:43 INFO TextDataConvertor: user number: 4005,	 item number is: 2673
22/06/05 15:19:43 INFO TextDataModel: Transform data to Convertor successfully!
22/06/05 15:19:43 INFO TextDataConvertor: Dataset: [data/split/cv_3/test.txt]
22/06/05 15:19:43 INFO TextDataConvertor: DataSet: data/split/cv_3/test.txt is finished
22/06/05 15:19:43 INFO TextDataConvertor: rating Scale: [3.0, 4.0, 5.0]
22/06/05 15:19:43 INFO TextDataConvertor: user number: 4005,	 item number is: 2673
22/06/05 15:19:43 INFO TextDataModel: Split data to train Set and test Set successfully!
22/06/05 15:19:43 INFO TextDataModel: Data cardinality of training is 73581
22/06/05 15:19:43 INFO TextDataModel: Data cardinality of testing is 36790
22/06/05 15:19:43 INFO TextDataModel: Feature appender loaded successfully!
22/06/05 15:19:43 INFO RecommenderJob: ExpCMD: START - Executing recommender job on 3.
22/06/05 15:19:43 INFO BiasedMFRecommender: Job Setup completed.
22/06/05 15:19:43 INFO BiasedMFRecommender: BiasedMFRecommender iter 1: loss = 6557.225312194685, delta_loss = -6557.225
22/06/05 15:19:43 INFO BiasedMFRecommender: BiasedMFRecommender iter 2: loss = 6528.389953718307, delta_loss = 28.835358
22/06/05 15:19:43 INFO BiasedMFRecommender: BiasedMFRecommender iter 3: loss = 6501.464091253897, delta_loss = 26.925863
22/06/05 15:19:43 INFO BiasedMFRecommender: BiasedMFRecommender iter 4: loss = 6476.223542492847, delta_loss = 25.24055
22/06/05 15:19:43 INFO BiasedMFRecommender: BiasedMFRecommender iter 5: loss = 6452.482159472678, delta_loss = 23.741383
22/06/05 15:19:43 INFO BiasedMFRecommender: BiasedMFRecommender iter 6: loss = 6430.083722329583, delta_loss = 22.398438
22/06/05 15:19:43 INFO BiasedMFRecommender: BiasedMFRecommender iter 7: loss = 6408.895778271524, delta_loss = 21.187944
22/06/05 15:19:43 INFO BiasedMFRecommender: BiasedMFRecommender iter 8: loss = 6388.804931453487, delta_loss = 20.090847
22/06/05 15:19:43 INFO BiasedMFRecommender: BiasedMFRecommender iter 9: loss = 6369.713218694636, delta_loss = 19.091713
22/06/05 15:19:43 INFO BiasedMFRecommender: BiasedMFRecommender iter 10: loss = 6351.535300892357, delta_loss = 18.177917
22/06/05 15:19:43 INFO BiasedMFRecommender: BiasedMFRecommender iter 11: loss = 6334.196269806117, delta_loss = 17.339031
22/06/05 15:19:43 INFO BiasedMFRecommender: BiasedMFRecommender iter 12: loss = 6317.629921269943, delta_loss = 16.566349
22/06/05 15:19:43 INFO BiasedMFRecommender: BiasedMFRecommender iter 13: loss = 6301.777383808675, delta_loss = 15.852537
22/06/05 15:19:44 INFO BiasedMFRecommender: BiasedMFRecommender iter 14: loss = 6286.586019632437, delta_loss = 15.191364
22/06/05 15:19:44 INFO BiasedMFRecommender: BiasedMFRecommender iter 15: loss = 6272.008535700886, delta_loss = 14.577484
22/06/05 15:19:44 INFO BiasedMFRecommender: BiasedMFRecommender iter 16: loss = 6258.00225792681, delta_loss = 14.006278
22/06/05 15:19:44 INFO BiasedMFRecommender: BiasedMFRecommender iter 17: loss = 6244.528533004687, delta_loss = 13.473725
22/06/05 15:19:44 INFO BiasedMFRecommender: BiasedMFRecommender iter 18: loss = 6231.552230877308, delta_loss = 12.976302
22/06/05 15:19:44 INFO BiasedMFRecommender: BiasedMFRecommender iter 19: loss = 6219.041327203678, delta_loss = 12.510903
22/06/05 15:19:44 INFO BiasedMFRecommender: BiasedMFRecommender iter 20: loss = 6206.96654997868, delta_loss = 12.074778
22/06/05 15:19:44 INFO BiasedMFRecommender: BiasedMFRecommender iter 21: loss = 6195.301078043436, delta_loss = 11.665472
22/06/05 15:19:44 INFO BiasedMFRecommender: BiasedMFRecommender iter 22: loss = 6184.020281932768, delta_loss = 11.280796
22/06/05 15:19:44 INFO BiasedMFRecommender: BiasedMFRecommender iter 23: loss = 6173.1014995811, delta_loss = 10.918782
22/06/05 15:19:44 INFO BiasedMFRecommender: BiasedMFRecommender iter 24: loss = 6162.523840964166, delta_loss = 10.577659
22/06/05 15:19:44 INFO BiasedMFRecommender: BiasedMFRecommender iter 25: loss = 6152.268016970675, delta_loss = 10.255824
22/06/05 15:19:44 INFO BiasedMFRecommender: BiasedMFRecommender iter 26: loss = 6142.316188721497, delta_loss = 9.951828
22/06/05 15:19:44 INFO BiasedMFRecommender: BiasedMFRecommender iter 27: loss = 6132.651834270864, delta_loss = 9.664354
22/06/05 15:19:44 INFO BiasedMFRecommender: BiasedMFRecommender iter 28: loss = 6123.259630198601, delta_loss = 9.392204
22/06/05 15:19:44 INFO BiasedMFRecommender: BiasedMFRecommender iter 29: loss = 6114.1253460304015, delta_loss = 9.134284
22/06/05 15:19:44 INFO BiasedMFRecommender: BiasedMFRecommender iter 30: loss = 6105.23574978414, delta_loss = 8.889596
22/06/05 15:19:44 INFO BiasedMFRecommender: BiasedMFRecommender iter 31: loss = 6096.5785232163225, delta_loss = 8.657227
22/06/05 15:19:44 INFO BiasedMFRecommender: BiasedMFRecommender iter 32: loss = 6088.142185564668, delta_loss = 8.436337
22/06/05 15:19:44 INFO BiasedMFRecommender: BiasedMFRecommender iter 33: loss = 6079.916024772793, delta_loss = 8.226161
22/06/05 15:19:44 INFO BiasedMFRecommender: BiasedMFRecommender iter 34: loss = 6071.890035323079, delta_loss = 8.02599
22/06/05 15:19:44 INFO BiasedMFRecommender: BiasedMFRecommender iter 35: loss = 6064.054861929766, delta_loss = 7.8351736
22/06/05 15:19:44 INFO BiasedMFRecommender: BiasedMFRecommender iter 36: loss = 6056.401748452274, delta_loss = 7.6531134
22/06/05 15:19:44 INFO BiasedMFRecommender: BiasedMFRecommender iter 37: loss = 6048.922491458674, delta_loss = 7.479257
22/06/05 15:19:44 INFO BiasedMFRecommender: BiasedMFRecommender iter 38: loss = 6041.60939796035, delta_loss = 7.3130937
22/06/05 15:19:44 INFO BiasedMFRecommender: BiasedMFRecommender iter 39: loss = 6034.455246877915, delta_loss = 7.154151
22/06/05 15:19:44 INFO BiasedMFRecommender: BiasedMFRecommender iter 40: loss = 6027.453253869454, delta_loss = 7.001993
22/06/05 15:19:44 INFO BiasedMFRecommender: BiasedMFRecommender iter 41: loss = 6020.597039181764, delta_loss = 6.8562145
22/06/05 15:19:44 INFO BiasedMFRecommender: BiasedMFRecommender iter 42: loss = 6013.880598236191, delta_loss = 6.716441
22/06/05 15:19:44 INFO BiasedMFRecommender: BiasedMFRecommender iter 43: loss = 6007.298274675376, delta_loss = 6.5823236
22/06/05 15:19:44 INFO BiasedMFRecommender: BiasedMFRecommender iter 44: loss = 6000.844735650056, delta_loss = 6.453539
22/06/05 15:19:44 INFO BiasedMFRecommender: BiasedMFRecommender iter 45: loss = 5994.514949128519, delta_loss = 6.3297863
22/06/05 15:19:44 INFO BiasedMFRecommender: BiasedMFRecommender iter 46: loss = 5988.304163043947, delta_loss = 6.210786
22/06/05 15:19:44 INFO BiasedMFRecommender: BiasedMFRecommender iter 47: loss = 5982.207886114559, delta_loss = 6.0962768
22/06/05 15:19:44 INFO BiasedMFRecommender: BiasedMFRecommender iter 48: loss = 5976.221870183208, delta_loss = 5.986016
22/06/05 15:19:44 INFO BiasedMFRecommender: BiasedMFRecommender iter 49: loss = 5970.342093941253, delta_loss = 5.8797765
22/06/05 15:19:44 INFO BiasedMFRecommender: BiasedMFRecommender iter 50: loss = 5964.5647479181, delta_loss = 5.777346
22/06/05 15:19:44 INFO BiasedMFRecommender: Job Train completed.
22/06/05 15:19:44 INFO RecommenderJob: ExpCMD: COMPLETE
22/06/05 15:19:44 INFO RecommenderJob: EvalCMD: START
22/06/05 15:19:44 INFO BiasedMFRecommender: begin recommend
22/06/05 15:19:44 INFO BiasedMFRecommender: end recommend
22/06/05 15:19:44 INFO RecommenderJob: Evaluator info:NormalizedDCGEvaluator is 0.05478143433991633
22/06/05 15:19:44 INFO BiasedMFRecommender: begin recommend
22/06/05 15:19:44 INFO BiasedMFRecommender: end recommend
22/06/05 15:19:44 INFO RecommenderJob: Result path is exp00048/result/out-3.txt
22/06/05 15:19:44 INFO RecommenderJob: EvalCMD: COMPLETE.
