22/05/26 15:55:07 INFO TextDataConvertor: Dataset: [data/rating_5000_cls_hc_10core_iterative.csv]
22/05/26 15:55:07 INFO TextDataConvertor: DataSet: ...ng_5000_cls_hc_10core_iterative.csv is finished
22/05/26 15:55:07 INFO TextDataConvertor: rating Scale: [3.0, 4.0, 5.0]
22/05/26 15:55:07 INFO TextDataConvertor: user number: 4005,	 item number is: 2673
22/05/26 15:55:07 INFO TextDataModel: Transform data to Convertor successfully!
22/05/26 15:55:08 INFO TextDataModel: Split data to train Set and test Set successfully!
22/05/26 15:55:08 INFO TextDataModel: Feature appender loaded successfully!
22/05/26 15:55:08 INFO TextDataConvertor: Dataset: [data/split/cv_1/train.txt]
22/05/26 15:55:08 INFO TextDataConvertor: DataSet: data/split/cv_1/train.txt is finished
22/05/26 15:55:08 INFO TextDataConvertor: rating Scale: [3.0, 4.0, 5.0]
22/05/26 15:55:08 INFO TextDataConvertor: user number: 4005,	 item number is: 2673
22/05/26 15:55:08 INFO TextDataModel: Transform data to Convertor successfully!
22/05/26 15:55:08 INFO TextDataConvertor: Dataset: [data/split/cv_1/test.txt]
22/05/26 15:55:08 INFO TextDataConvertor: DataSet: data/split/cv_1/test.txt is finished
22/05/26 15:55:08 INFO TextDataConvertor: rating Scale: [3.0, 4.0, 5.0]
22/05/26 15:55:08 INFO TextDataConvertor: user number: 4005,	 item number is: 2673
22/05/26 15:55:08 INFO TextDataModel: Split data to train Set and test Set successfully!
22/05/26 15:55:08 INFO TextDataModel: Data cardinality of training is 73580
22/05/26 15:55:08 INFO TextDataModel: Data cardinality of testing is 36791
22/05/26 15:55:08 INFO TextDataModel: Feature appender loaded successfully!
22/05/26 15:55:08 INFO RecommenderJob: ExpCMD: START - Executing recommender job on 1.
22/05/26 15:55:08 INFO BiasedMFRecommender: Job Setup completed.
22/05/26 15:55:08 INFO BiasedMFRecommender: BiasedMFRecommender iter 1: loss = 6239.515848356839, delta_loss = -6239.5156
22/05/26 15:55:09 INFO BiasedMFRecommender: BiasedMFRecommender iter 2: loss = 5895.772617279346, delta_loss = 343.74323
22/05/26 15:55:09 INFO BiasedMFRecommender: BiasedMFRecommender iter 3: loss = 5729.637726532106, delta_loss = 166.13489
22/05/26 15:55:09 INFO BiasedMFRecommender: BiasedMFRecommender iter 4: loss = 5618.011099822312, delta_loss = 111.626625
22/05/26 15:55:09 INFO BiasedMFRecommender: BiasedMFRecommender iter 5: loss = 5535.683108145183, delta_loss = 82.327995
22/05/26 15:55:09 INFO BiasedMFRecommender: BiasedMFRecommender iter 6: loss = 5472.429600102064, delta_loss = 63.25351
22/05/26 15:55:09 INFO BiasedMFRecommender: BiasedMFRecommender iter 7: loss = 5422.686549386769, delta_loss = 49.74305
22/05/26 15:55:09 INFO BiasedMFRecommender: BiasedMFRecommender iter 8: loss = 5382.952189468045, delta_loss = 39.73436
22/05/26 15:55:09 INFO BiasedMFRecommender: BiasedMFRecommender iter 9: loss = 5350.841709382557, delta_loss = 32.11048
22/05/26 15:55:09 INFO BiasedMFRecommender: BiasedMFRecommender iter 10: loss = 5324.651648226011, delta_loss = 26.190062
22/05/26 15:55:09 INFO BiasedMFRecommender: Job Train completed.
22/05/26 15:55:09 INFO RecommenderJob: ExpCMD: COMPLETE
22/05/26 15:55:09 INFO RecommenderJob: EvalCMD: START
22/05/26 15:55:09 INFO BiasedMFRecommender: begin recommend
22/05/26 15:55:09 INFO BiasedMFRecommender: end recommend
22/05/26 15:55:09 INFO RecommenderJob: Evaluator info:NormalizedDCGEvaluator is 0.037097309676195935
22/05/26 15:55:09 INFO RecommenderJob: Evaluator info:PrecisionEvaluator is 0.012768304914744419
22/05/26 15:55:09 INFO RecommenderJob: Evaluator info:PStatisticalParityEvaluator is 0.3843329989969759
22/05/26 15:55:09 INFO BiasedMFRecommender: begin recommend
22/05/26 15:55:10 INFO BiasedMFRecommender: end recommend
22/05/26 15:55:10 INFO RecommenderJob: Result path is exp00003/result/out-1.txt
22/05/26 15:55:10 INFO RecommenderJob: EvalCMD: COMPLETE.
22/05/26 15:55:10 INFO TextDataConvertor: Dataset: [data/split/cv_2/train.txt]
22/05/26 15:55:10 INFO TextDataConvertor: DataSet: data/split/cv_2/train.txt is finished
22/05/26 15:55:10 INFO TextDataConvertor: rating Scale: [3.0, 4.0, 5.0]
22/05/26 15:55:10 INFO TextDataConvertor: user number: 4005,	 item number is: 2673
22/05/26 15:55:10 INFO TextDataModel: Transform data to Convertor successfully!
22/05/26 15:55:10 INFO TextDataConvertor: Dataset: [data/split/cv_2/test.txt]
22/05/26 15:55:10 INFO TextDataConvertor: DataSet: data/split/cv_2/test.txt is finished
22/05/26 15:55:10 INFO TextDataConvertor: rating Scale: [3.0, 4.0, 5.0]
22/05/26 15:55:10 INFO TextDataConvertor: user number: 4005,	 item number is: 2673
22/05/26 15:55:10 INFO TextDataModel: Split data to train Set and test Set successfully!
22/05/26 15:55:10 INFO TextDataModel: Data cardinality of training is 73581
22/05/26 15:55:10 INFO TextDataModel: Data cardinality of testing is 36790
22/05/26 15:55:10 INFO TextDataModel: Feature appender loaded successfully!
22/05/26 15:55:10 INFO RecommenderJob: ExpCMD: START - Executing recommender job on 2.
22/05/26 15:55:10 INFO BiasedMFRecommender: Job Setup completed.
22/05/26 15:55:10 INFO BiasedMFRecommender: BiasedMFRecommender iter 1: loss = 6075.058222668534, delta_loss = -6075.058
22/05/26 15:55:10 INFO BiasedMFRecommender: BiasedMFRecommender iter 2: loss = 5744.081396582755, delta_loss = 330.97684
22/05/26 15:55:10 INFO BiasedMFRecommender: BiasedMFRecommender iter 3: loss = 5583.227916930579, delta_loss = 160.85349
22/05/26 15:55:11 INFO BiasedMFRecommender: BiasedMFRecommender iter 4: loss = 5475.939058558659, delta_loss = 107.28886
22/05/26 15:55:11 INFO BiasedMFRecommender: BiasedMFRecommender iter 5: loss = 5397.4133838034495, delta_loss = 78.52567
22/05/26 15:55:11 INFO BiasedMFRecommender: BiasedMFRecommender iter 6: loss = 5337.456379995859, delta_loss = 59.957005
22/05/26 15:55:11 INFO BiasedMFRecommender: BiasedMFRecommender iter 7: loss = 5290.532475417066, delta_loss = 46.923904
22/05/26 15:55:11 INFO BiasedMFRecommender: BiasedMFRecommender iter 8: loss = 5253.185223674913, delta_loss = 37.34725
22/05/26 15:55:11 INFO BiasedMFRecommender: BiasedMFRecommender iter 9: loss = 5223.081891993729, delta_loss = 30.103333
22/05/26 15:55:11 INFO BiasedMFRecommender: BiasedMFRecommender iter 10: loss = 5198.570867517059, delta_loss = 24.511024
22/05/26 15:55:11 INFO BiasedMFRecommender: Job Train completed.
22/05/26 15:55:11 INFO RecommenderJob: ExpCMD: COMPLETE
22/05/26 15:55:11 INFO RecommenderJob: EvalCMD: START
22/05/26 15:55:11 INFO BiasedMFRecommender: begin recommend
22/05/26 15:55:11 INFO BiasedMFRecommender: end recommend
22/05/26 15:55:11 INFO RecommenderJob: Evaluator info:NormalizedDCGEvaluator is 0.039515407175299694
22/05/26 15:55:11 INFO RecommenderJob: Evaluator info:PrecisionEvaluator is 0.012575301204819443
22/05/26 15:55:11 INFO RecommenderJob: Evaluator info:PStatisticalParityEvaluator is 0.22361445783124684
22/05/26 15:55:11 INFO BiasedMFRecommender: begin recommend
22/05/26 15:55:11 INFO BiasedMFRecommender: end recommend
22/05/26 15:55:11 INFO RecommenderJob: Result path is exp00003/result/out-2.txt
22/05/26 15:55:11 INFO RecommenderJob: EvalCMD: COMPLETE.
22/05/26 15:55:11 INFO TextDataConvertor: Dataset: [data/split/cv_3/train.txt]
22/05/26 15:55:11 INFO TextDataConvertor: DataSet: data/split/cv_3/train.txt is finished
22/05/26 15:55:11 INFO TextDataConvertor: rating Scale: [3.0, 4.0, 5.0]
22/05/26 15:55:11 INFO TextDataConvertor: user number: 4005,	 item number is: 2673
22/05/26 15:55:11 INFO TextDataModel: Transform data to Convertor successfully!
22/05/26 15:55:11 INFO TextDataConvertor: Dataset: [data/split/cv_3/test.txt]
22/05/26 15:55:11 INFO TextDataConvertor: DataSet: data/split/cv_3/test.txt is finished
22/05/26 15:55:11 INFO TextDataConvertor: rating Scale: [3.0, 4.0, 5.0]
22/05/26 15:55:11 INFO TextDataConvertor: user number: 4005,	 item number is: 2673
22/05/26 15:55:12 INFO TextDataModel: Split data to train Set and test Set successfully!
22/05/26 15:55:12 INFO TextDataModel: Data cardinality of training is 73581
22/05/26 15:55:12 INFO TextDataModel: Data cardinality of testing is 36790
22/05/26 15:55:12 INFO TextDataModel: Feature appender loaded successfully!
22/05/26 15:55:12 INFO RecommenderJob: ExpCMD: START - Executing recommender job on 3.
22/05/26 15:55:12 INFO BiasedMFRecommender: Job Setup completed.
22/05/26 15:55:12 INFO BiasedMFRecommender: BiasedMFRecommender iter 1: loss = 6297.011518067208, delta_loss = -6297.0117
22/05/26 15:55:12 INFO BiasedMFRecommender: BiasedMFRecommender iter 2: loss = 5957.757190002489, delta_loss = 339.25433
22/05/26 15:55:12 INFO BiasedMFRecommender: BiasedMFRecommender iter 3: loss = 5794.916457856872, delta_loss = 162.84073
22/05/26 15:55:12 INFO BiasedMFRecommender: BiasedMFRecommender iter 4: loss = 5686.177896943854, delta_loss = 108.73856
22/05/26 15:55:12 INFO BiasedMFRecommender: BiasedMFRecommender iter 5: loss = 5606.284196542883, delta_loss = 79.8937
22/05/26 15:55:12 INFO BiasedMFRecommender: BiasedMFRecommender iter 6: loss = 5545.019316512798, delta_loss = 61.26488
22/05/26 15:55:12 INFO BiasedMFRecommender: BiasedMFRecommender iter 7: loss = 5496.883054941565, delta_loss = 48.13626
22/05/26 15:55:12 INFO BiasedMFRecommender: BiasedMFRecommender iter 8: loss = 5458.447131495367, delta_loss = 38.435925
22/05/26 15:55:12 INFO BiasedMFRecommender: BiasedMFRecommender iter 9: loss = 5427.39096400429, delta_loss = 31.056168
22/05/26 15:55:12 INFO BiasedMFRecommender: BiasedMFRecommender iter 10: loss = 5402.062367255779, delta_loss = 25.328596
22/05/26 15:55:12 INFO BiasedMFRecommender: Job Train completed.
22/05/26 15:55:12 INFO RecommenderJob: ExpCMD: COMPLETE
22/05/26 15:55:12 INFO RecommenderJob: EvalCMD: START
22/05/26 15:55:12 INFO BiasedMFRecommender: begin recommend
22/05/26 15:55:12 INFO BiasedMFRecommender: end recommend
22/05/26 15:55:12 INFO RecommenderJob: Evaluator info:NormalizedDCGEvaluator is 0.040927857078668806
22/05/26 15:55:12 INFO RecommenderJob: Evaluator info:PrecisionEvaluator is 0.01282886494612899
22/05/26 15:55:12 INFO RecommenderJob: Evaluator info:PStatisticalParityEvaluator is 0.41194688048106576
22/05/26 15:55:12 INFO BiasedMFRecommender: begin recommend
22/05/26 15:55:12 INFO BiasedMFRecommender: end recommend
22/05/26 15:55:12 INFO RecommenderJob: Result path is exp00003/result/out-3.txt
22/05/26 15:55:12 INFO RecommenderJob: EvalCMD: COMPLETE.
