22/06/05 13:19:50 INFO TextDataConvertor: Dataset: [data/rating_5000_cls_hc_10core_iterative.csv]
22/06/05 13:19:50 INFO TextDataConvertor: DataSet: ...ng_5000_cls_hc_10core_iterative.csv is finished
22/06/05 13:19:50 INFO TextDataConvertor: rating Scale: [3.0, 4.0, 5.0]
22/06/05 13:19:50 INFO TextDataConvertor: user number: 4005,	 item number is: 2673
22/06/05 13:19:50 INFO TextDataModel: Transform data to Convertor successfully!
22/06/05 13:19:51 INFO TextDataModel: Split data to train Set and test Set successfully!
22/06/05 13:19:51 INFO TextDataModel: Feature appender loaded successfully!
22/06/05 13:19:51 INFO TextDataConvertor: Dataset: [data/split/cv_1/train.txt]
22/06/05 13:19:51 INFO TextDataConvertor: DataSet: data/split/cv_1/train.txt is finished
22/06/05 13:19:51 INFO TextDataConvertor: rating Scale: [3.0, 4.0, 5.0]
22/06/05 13:19:51 INFO TextDataConvertor: user number: 4005,	 item number is: 2673
22/06/05 13:19:51 INFO TextDataModel: Transform data to Convertor successfully!
22/06/05 13:19:51 INFO TextDataConvertor: Dataset: [data/split/cv_1/test.txt]
22/06/05 13:19:51 INFO TextDataConvertor: DataSet: data/split/cv_1/test.txt is finished
22/06/05 13:19:51 INFO TextDataConvertor: rating Scale: [3.0, 4.0, 5.0]
22/06/05 13:19:51 INFO TextDataConvertor: user number: 4005,	 item number is: 2673
22/06/05 13:19:51 INFO TextDataModel: Split data to train Set and test Set successfully!
22/06/05 13:19:51 INFO TextDataModel: Data cardinality of training is 73580
22/06/05 13:19:51 INFO TextDataModel: Data cardinality of testing is 36791
22/06/05 13:19:51 INFO TextDataModel: Feature appender loaded successfully!
22/06/05 13:19:51 INFO RecommenderJob: ExpCMD: START - Executing recommender job on 1.
22/06/05 13:19:51 INFO BPRRecommender: Job Setup completed.
22/06/05 13:19:51 INFO BPRRecommender: BPRRecommender iter 1: loss = 51004.03174032992, delta_loss = -51004.03
22/06/05 13:19:51 INFO BPRRecommender: BPRRecommender iter 2: loss = 51003.60082673712, delta_loss = 0.4309136
22/06/05 13:19:51 INFO BPRRecommender: BPRRecommender iter 3: loss = 51003.25323399892, delta_loss = 0.34759274
22/06/05 13:19:51 INFO BPRRecommender: BPRRecommender iter 4: loss = 51002.97939029334, delta_loss = 0.2738437
22/06/05 13:19:52 INFO BPRRecommender: BPRRecommender iter 5: loss = 51002.7642622196, delta_loss = 0.21512808
22/06/05 13:19:52 INFO BPRRecommender: BPRRecommender iter 6: loss = 51002.59449412659, delta_loss = 0.1697681
22/06/05 13:19:52 INFO BPRRecommender: BPRRecommender iter 7: loss = 51002.46151883054, delta_loss = 0.1329753
22/06/05 13:19:52 INFO BPRRecommender: BPRRecommender iter 8: loss = 51002.352435865505, delta_loss = 0.10908297
22/06/05 13:19:52 INFO BPRRecommender: BPRRecommender iter 9: loss = 51002.26806816457, delta_loss = 0.0843677
22/06/05 13:19:52 INFO BPRRecommender: BPRRecommender iter 10: loss = 51002.20082496151, delta_loss = 0.0672432
22/06/05 13:19:52 INFO BPRRecommender: BPRRecommender iter 11: loss = 51002.14756061148, delta_loss = 0.05326435
22/06/05 13:19:52 INFO BPRRecommender: BPRRecommender iter 12: loss = 51002.10400000438, delta_loss = 0.043560605
22/06/05 13:19:52 INFO BPRRecommender: BPRRecommender iter 13: loss = 51002.07150101315, delta_loss = 0.032498993
22/06/05 13:19:52 INFO BPRRecommender: BPRRecommender iter 14: loss = 51002.04426032747, delta_loss = 0.027240686
22/06/05 13:19:52 INFO BPRRecommender: BPRRecommender iter 15: loss = 51002.022328187566, delta_loss = 0.02193214
22/06/05 13:19:52 INFO BPRRecommender: BPRRecommender iter 16: loss = 51002.0057728774, delta_loss = 0.01655531
22/06/05 13:19:52 INFO BPRRecommender: BPRRecommender iter 17: loss = 51001.99165613232, delta_loss = 0.014116745
22/06/05 13:19:52 INFO BPRRecommender: BPRRecommender iter 18: loss = 51001.980699396096, delta_loss = 0.010956736
22/06/05 13:19:52 INFO BPRRecommender: BPRRecommender iter 19: loss = 51001.97279454888, delta_loss = 0.007904847
22/06/05 13:19:52 INFO BPRRecommender: BPRRecommender iter 20: loss = 51001.96455213327, delta_loss = 0.008242415
22/06/05 13:19:52 INFO BPRRecommender: BPRRecommender iter 21: loss = 51001.96004374847, delta_loss = 0.004508385
22/06/05 13:19:52 INFO BPRRecommender: BPRRecommender iter 22: loss = 51001.955174575785, delta_loss = 0.004869173
22/06/05 13:19:52 INFO BPRRecommender: BPRRecommender iter 23: loss = 51001.95124065586, delta_loss = 0.00393392
22/06/05 13:19:52 INFO BPRRecommender: BPRRecommender iter 24: loss = 51001.94852238672, delta_loss = 0.0027182691
22/06/05 13:19:52 INFO BPRRecommender: BPRRecommender iter 25: loss = 51001.947216231674, delta_loss = 0.001306155
22/06/05 13:19:52 INFO BPRRecommender: BPRRecommender iter 26: loss = 51001.9443916847, delta_loss = 0.002824547
22/06/05 13:19:52 INFO BPRRecommender: BPRRecommender iter 27: loss = 51001.94288577176, delta_loss = 0.001505913
22/06/05 13:19:52 INFO BPRRecommender: BPRRecommender iter 28: loss = 51001.94182456608, delta_loss = 0.0010612056
22/06/05 13:19:52 INFO BPRRecommender: BPRRecommender iter 29: loss = 51001.9396772728, delta_loss = 0.0021472932
22/06/05 13:19:52 INFO BPRRecommender: BPRRecommender iter 30: loss = 51001.94015740521, delta_loss = -4.801324E-4
22/06/05 13:19:52 INFO BPRRecommender: BPRRecommender iter 31: loss = 51001.938515338596, delta_loss = 0.0016420666
22/06/05 13:19:52 INFO BPRRecommender: BPRRecommender iter 32: loss = 51001.940424337015, delta_loss = -0.0019089985
22/06/05 13:19:52 INFO BPRRecommender: BPRRecommender iter 33: loss = 51001.937018261044, delta_loss = 0.003406076
22/06/05 13:19:52 INFO BPRRecommender: BPRRecommender iter 34: loss = 51001.93244452877, delta_loss = 0.004573732
22/06/05 13:19:52 INFO BPRRecommender: BPRRecommender iter 35: loss = 51001.932680060396, delta_loss = -2.3553162E-4
22/06/05 13:19:52 INFO BPRRecommender: BPRRecommender iter 36: loss = 51001.92798785416, delta_loss = 0.004692206
22/06/05 13:19:52 INFO BPRRecommender: BPRRecommender iter 37: loss = 51001.92734455289, delta_loss = 6.433013E-4
22/06/05 13:19:52 INFO BPRRecommender: BPRRecommender iter 38: loss = 51001.926237806394, delta_loss = 0.0011067465
22/06/05 13:19:52 INFO BPRRecommender: BPRRecommender iter 39: loss = 51001.92400215797, delta_loss = 0.0022356485
22/06/05 13:19:52 INFO BPRRecommender: BPRRecommender iter 40: loss = 51001.912237240766, delta_loss = 0.0117649175
22/06/05 13:19:52 INFO BPRRecommender: BPRRecommender iter 41: loss = 51001.90552318878, delta_loss = 0.006714052
22/06/05 13:19:52 INFO BPRRecommender: BPRRecommender iter 42: loss = 51001.8943822991, delta_loss = 0.0111408895
22/06/05 13:19:52 INFO BPRRecommender: BPRRecommender iter 43: loss = 51001.90392545653, delta_loss = -0.009543157
22/06/05 13:19:52 INFO BPRRecommender: BPRRecommender iter 44: loss = 51001.87624907408, delta_loss = 0.027676383
22/06/05 13:19:52 INFO BPRRecommender: BPRRecommender iter 45: loss = 51001.85249826164, delta_loss = 0.023750812
22/06/05 13:19:52 INFO BPRRecommender: BPRRecommender iter 46: loss = 51001.830166889406, delta_loss = 0.022331372
22/06/05 13:19:53 INFO BPRRecommender: BPRRecommender iter 47: loss = 51001.81421647108, delta_loss = 0.015950419
22/06/05 13:19:53 INFO BPRRecommender: BPRRecommender iter 48: loss = 51001.78379402979, delta_loss = 0.030422442
22/06/05 13:19:53 INFO BPRRecommender: BPRRecommender iter 49: loss = 51001.72855181001, delta_loss = 0.055242218
22/06/05 13:19:53 INFO BPRRecommender: BPRRecommender iter 50: loss = 51001.656153697826, delta_loss = 0.07239811
22/06/05 13:19:53 INFO BPRRecommender: Job Train completed.
22/06/05 13:19:53 INFO RecommenderJob: ExpCMD: COMPLETE
22/06/05 13:19:53 INFO RecommenderJob: EvalCMD: START
22/06/05 13:19:53 INFO BPRRecommender: begin recommend
22/06/05 13:19:53 INFO BPRRecommender: end recommend
22/06/05 13:19:53 INFO RecommenderJob: Evaluator info:NormalizedDCGEvaluator is 0.09844632508589708
22/06/05 13:19:53 INFO BPRRecommender: begin recommend
22/06/05 13:19:53 INFO BPRRecommender: end recommend
22/06/05 13:19:53 INFO RecommenderJob: Result path is exp00014/result/out-1.txt
22/06/05 13:19:54 INFO RecommenderJob: EvalCMD: COMPLETE.
22/06/05 13:19:54 INFO TextDataConvertor: Dataset: [data/split/cv_2/train.txt]
22/06/05 13:19:54 INFO TextDataConvertor: DataSet: data/split/cv_2/train.txt is finished
22/06/05 13:19:54 INFO TextDataConvertor: rating Scale: [3.0, 4.0, 5.0]
22/06/05 13:19:54 INFO TextDataConvertor: user number: 4005,	 item number is: 2673
22/06/05 13:19:54 INFO TextDataModel: Transform data to Convertor successfully!
22/06/05 13:19:54 INFO TextDataConvertor: Dataset: [data/split/cv_2/test.txt]
22/06/05 13:19:54 INFO TextDataConvertor: DataSet: data/split/cv_2/test.txt is finished
22/06/05 13:19:54 INFO TextDataConvertor: rating Scale: [3.0, 4.0, 5.0]
22/06/05 13:19:54 INFO TextDataConvertor: user number: 4005,	 item number is: 2673
22/06/05 13:19:54 INFO TextDataModel: Split data to train Set and test Set successfully!
22/06/05 13:19:54 INFO TextDataModel: Data cardinality of training is 73581
22/06/05 13:19:54 INFO TextDataModel: Data cardinality of testing is 36790
22/06/05 13:19:54 INFO TextDataModel: Feature appender loaded successfully!
22/06/05 13:19:54 INFO RecommenderJob: ExpCMD: START - Executing recommender job on 2.
22/06/05 13:19:54 INFO BPRRecommender: Job Setup completed.
22/06/05 13:19:54 INFO BPRRecommender: BPRRecommender iter 1: loss = 51004.72917871178, delta_loss = -51004.73
22/06/05 13:19:54 INFO BPRRecommender: BPRRecommender iter 2: loss = 51004.29393728295, delta_loss = 0.43524143
22/06/05 13:19:54 INFO BPRRecommender: BPRRecommender iter 3: loss = 51003.94810927321, delta_loss = 0.345828
22/06/05 13:19:54 INFO BPRRecommender: BPRRecommender iter 4: loss = 51003.675577328635, delta_loss = 0.27253196
22/06/05 13:19:54 INFO BPRRecommender: BPRRecommender iter 5: loss = 51003.45762370845, delta_loss = 0.21795362
22/06/05 13:19:54 INFO BPRRecommender: BPRRecommender iter 6: loss = 51003.290085022374, delta_loss = 0.16753869
22/06/05 13:19:54 INFO BPRRecommender: BPRRecommender iter 7: loss = 51003.153040640376, delta_loss = 0.13704439
22/06/05 13:19:54 INFO BPRRecommender: BPRRecommender iter 8: loss = 51003.04686166594, delta_loss = 0.10617898
22/06/05 13:19:54 INFO BPRRecommender: BPRRecommender iter 9: loss = 51002.960930628295, delta_loss = 0.08593104
22/06/05 13:19:54 INFO BPRRecommender: BPRRecommender iter 10: loss = 51002.89577083714, delta_loss = 0.06515979
22/06/05 13:19:54 INFO BPRRecommender: BPRRecommender iter 11: loss = 51002.84137717089, delta_loss = 0.054393668
22/06/05 13:19:54 INFO BPRRecommender: BPRRecommender iter 12: loss = 51002.799484170304, delta_loss = 0.041893
22/06/05 13:19:54 INFO BPRRecommender: BPRRecommender iter 13: loss = 51002.765230539764, delta_loss = 0.03425363
22/06/05 13:19:54 INFO BPRRecommender: BPRRecommender iter 14: loss = 51002.737998606084, delta_loss = 0.027231934
22/06/05 13:19:54 INFO BPRRecommender: BPRRecommender iter 15: loss = 51002.715734508565, delta_loss = 0.022264097
22/06/05 13:19:54 INFO BPRRecommender: BPRRecommender iter 16: loss = 51002.6996737352, delta_loss = 0.016060773
22/06/05 13:19:54 INFO BPRRecommender: BPRRecommender iter 17: loss = 51002.685465170296, delta_loss = 0.014208565
22/06/05 13:19:54 INFO BPRRecommender: BPRRecommender iter 18: loss = 51002.67471355173, delta_loss = 0.010751619
22/06/05 13:19:54 INFO BPRRecommender: BPRRecommender iter 19: loss = 51002.66518785922, delta_loss = 0.009525692
22/06/05 13:19:54 INFO BPRRecommender: BPRRecommender iter 20: loss = 51002.658159515275, delta_loss = 0.007028344
22/06/05 13:19:55 INFO BPRRecommender: BPRRecommender iter 21: loss = 51002.653835715675, delta_loss = 0.0043237996
22/06/05 13:19:55 INFO BPRRecommender: BPRRecommender iter 22: loss = 51002.64860775115, delta_loss = 0.0052279644
22/06/05 13:19:55 INFO BPRRecommender: BPRRecommender iter 23: loss = 51002.64417993466, delta_loss = 0.0044278167
22/06/05 13:19:55 INFO BPRRecommender: BPRRecommender iter 24: loss = 51002.64274663104, delta_loss = 0.0014333036
22/06/05 13:19:55 INFO BPRRecommender: BPRRecommender iter 25: loss = 51002.640177928595, delta_loss = 0.0025687024
22/06/05 13:19:55 INFO BPRRecommender: BPRRecommender iter 26: loss = 51002.637602158, delta_loss = 0.0025757705
22/06/05 13:19:55 INFO BPRRecommender: BPRRecommender iter 27: loss = 51002.634555928424, delta_loss = 0.0030462295
22/06/05 13:19:55 INFO BPRRecommender: BPRRecommender iter 28: loss = 51002.63582245139, delta_loss = -0.0012665229
22/06/05 13:19:55 INFO BPRRecommender: BPRRecommender iter 29: loss = 51002.63416677968, delta_loss = 0.0016556717
22/06/05 13:19:55 INFO BPRRecommender: BPRRecommender iter 30: loss = 51002.632649761785, delta_loss = 0.0015170178
22/06/05 13:19:55 INFO BPRRecommender: BPRRecommender iter 31: loss = 51002.63099297234, delta_loss = 0.0016567894
22/06/05 13:19:55 INFO BPRRecommender: BPRRecommender iter 32: loss = 51002.63064472277, delta_loss = 3.4824957E-4
22/06/05 13:19:55 INFO BPRRecommender: BPRRecommender iter 33: loss = 51002.62887215752, delta_loss = 0.0017725653
22/06/05 13:19:55 INFO BPRRecommender: BPRRecommender iter 34: loss = 51002.628996703395, delta_loss = -1.2454588E-4
22/06/05 13:19:55 INFO BPRRecommender: BPRRecommender iter 35: loss = 51002.62669346565, delta_loss = 0.0023032378
22/06/05 13:19:55 INFO BPRRecommender: BPRRecommender iter 36: loss = 51002.62512705935, delta_loss = 0.0015664063
22/06/05 13:19:55 INFO BPRRecommender: BPRRecommender iter 37: loss = 51002.624063228686, delta_loss = 0.0010638307
22/06/05 13:19:55 INFO BPRRecommender: BPRRecommender iter 38: loss = 51002.6208343794, delta_loss = 0.0032288493
22/06/05 13:19:55 INFO BPRRecommender: BPRRecommender iter 39: loss = 51002.61495854958, delta_loss = 0.0058758296
22/06/05 13:19:55 INFO BPRRecommender: BPRRecommender iter 40: loss = 51002.616444638064, delta_loss = -0.0014860885
22/06/05 13:19:55 INFO BPRRecommender: BPRRecommender iter 41: loss = 51002.612674000986, delta_loss = 0.003770637
22/06/05 13:19:55 INFO BPRRecommender: BPRRecommender iter 42: loss = 51002.59906437756, delta_loss = 0.013609624
22/06/05 13:19:55 INFO BPRRecommender: BPRRecommender iter 43: loss = 51002.58552494319, delta_loss = 0.013539434
22/06/05 13:19:55 INFO BPRRecommender: BPRRecommender iter 44: loss = 51002.58765175107, delta_loss = -0.0021268078
22/06/05 13:19:55 INFO BPRRecommender: BPRRecommender iter 45: loss = 51002.57551163846, delta_loss = 0.012140113
22/06/05 13:19:55 INFO BPRRecommender: BPRRecommender iter 46: loss = 51002.54975000847, delta_loss = 0.02576163
22/06/05 13:19:55 INFO BPRRecommender: BPRRecommender iter 47: loss = 51002.50872416242, delta_loss = 0.041025847
22/06/05 13:19:55 INFO BPRRecommender: BPRRecommender iter 48: loss = 51002.496211744874, delta_loss = 0.0125124175
22/06/05 13:19:55 INFO BPRRecommender: BPRRecommender iter 49: loss = 51002.46265308692, delta_loss = 0.03355866
22/06/05 13:19:55 INFO BPRRecommender: BPRRecommender iter 50: loss = 51002.41416471747, delta_loss = 0.04848837
22/06/05 13:19:55 INFO BPRRecommender: Job Train completed.
22/06/05 13:19:55 INFO RecommenderJob: ExpCMD: COMPLETE
22/06/05 13:19:55 INFO RecommenderJob: EvalCMD: START
22/06/05 13:19:55 INFO BPRRecommender: begin recommend
22/06/05 13:19:55 INFO BPRRecommender: end recommend
22/06/05 13:19:55 INFO RecommenderJob: Evaluator info:NormalizedDCGEvaluator is 0.09858334501867273
22/06/05 13:19:55 INFO BPRRecommender: begin recommend
22/06/05 13:19:56 INFO BPRRecommender: end recommend
22/06/05 13:19:56 INFO RecommenderJob: Result path is exp00014/result/out-2.txt
22/06/05 13:19:56 INFO RecommenderJob: EvalCMD: COMPLETE.
22/06/05 13:19:56 INFO TextDataConvertor: Dataset: [data/split/cv_3/train.txt]
22/06/05 13:19:56 INFO TextDataConvertor: DataSet: data/split/cv_3/train.txt is finished
22/06/05 13:19:56 INFO TextDataConvertor: rating Scale: [3.0, 4.0, 5.0]
22/06/05 13:19:56 INFO TextDataConvertor: user number: 4005,	 item number is: 2673
22/06/05 13:19:56 INFO TextDataModel: Transform data to Convertor successfully!
22/06/05 13:19:56 INFO TextDataConvertor: Dataset: [data/split/cv_3/test.txt]
22/06/05 13:19:56 INFO TextDataConvertor: DataSet: data/split/cv_3/test.txt is finished
22/06/05 13:19:56 INFO TextDataConvertor: rating Scale: [3.0, 4.0, 5.0]
22/06/05 13:19:56 INFO TextDataConvertor: user number: 4005,	 item number is: 2673
22/06/05 13:19:56 INFO TextDataModel: Split data to train Set and test Set successfully!
22/06/05 13:19:56 INFO TextDataModel: Data cardinality of training is 73581
22/06/05 13:19:56 INFO TextDataModel: Data cardinality of testing is 36790
22/06/05 13:19:56 INFO TextDataModel: Feature appender loaded successfully!
22/06/05 13:19:56 INFO RecommenderJob: ExpCMD: START - Executing recommender job on 3.
22/06/05 13:19:56 INFO BPRRecommender: Job Setup completed.
22/06/05 13:19:56 INFO BPRRecommender: BPRRecommender iter 1: loss = 51004.736835899275, delta_loss = -51004.74
22/06/05 13:19:56 INFO BPRRecommender: BPRRecommender iter 2: loss = 51004.300344805684, delta_loss = 0.4364911
22/06/05 13:19:56 INFO BPRRecommender: BPRRecommender iter 3: loss = 51003.95249984587, delta_loss = 0.34784496
22/06/05 13:19:56 INFO BPRRecommender: BPRRecommender iter 4: loss = 51003.67771280412, delta_loss = 0.27478704
22/06/05 13:19:56 INFO BPRRecommender: BPRRecommender iter 5: loss = 51003.46199454703, delta_loss = 0.21571825
22/06/05 13:19:56 INFO BPRRecommender: BPRRecommender iter 6: loss = 51003.29285394196, delta_loss = 0.1691406
22/06/05 13:19:56 INFO BPRRecommender: BPRRecommender iter 7: loss = 51003.15557487338, delta_loss = 0.13727906
22/06/05 13:19:56 INFO BPRRecommender: BPRRecommender iter 8: loss = 51003.04732842972, delta_loss = 0.108246446
22/06/05 13:19:56 INFO BPRRecommender: BPRRecommender iter 9: loss = 51002.96362497406, delta_loss = 0.08370346
22/06/05 13:19:56 INFO BPRRecommender: BPRRecommender iter 10: loss = 51002.89421412873, delta_loss = 0.069410846
22/06/05 13:19:56 INFO BPRRecommender: BPRRecommender iter 11: loss = 51002.84247723758, delta_loss = 0.05173689
22/06/05 13:19:56 INFO BPRRecommender: BPRRecommender iter 12: loss = 51002.79907662976, delta_loss = 0.043400608
22/06/05 13:19:56 INFO BPRRecommender: BPRRecommender iter 13: loss = 51002.76552822448, delta_loss = 0.033548404
22/06/05 13:19:56 INFO BPRRecommender: BPRRecommender iter 14: loss = 51002.737489024024, delta_loss = 0.0280392
22/06/05 13:19:56 INFO BPRRecommender: BPRRecommender iter 15: loss = 51002.71604813985, delta_loss = 0.021440884
22/06/05 13:19:56 INFO BPRRecommender: BPRRecommender iter 16: loss = 51002.69849589253, delta_loss = 0.017552247
22/06/05 13:19:56 INFO BPRRecommender: BPRRecommender iter 17: loss = 51002.68544776281, delta_loss = 0.01304813
22/06/05 13:19:56 INFO BPRRecommender: BPRRecommender iter 18: loss = 51002.674049036985, delta_loss = 0.011398726
22/06/05 13:19:57 INFO BPRRecommender: BPRRecommender iter 19: loss = 51002.665366874775, delta_loss = 0.0086821625
22/06/05 13:19:57 INFO BPRRecommender: BPRRecommender iter 20: loss = 51002.65791945974, delta_loss = 0.007447415
22/06/05 13:19:57 INFO BPRRecommender: BPRRecommender iter 21: loss = 51002.65283771524, delta_loss = 0.0050817444
22/06/05 13:19:57 INFO BPRRecommender: BPRRecommender iter 22: loss = 51002.64864386979, delta_loss = 0.0041938457
22/06/05 13:19:57 INFO BPRRecommender: BPRRecommender iter 23: loss = 51002.64486404897, delta_loss = 0.0037798209
22/06/05 13:19:57 INFO BPRRecommender: BPRRecommender iter 24: loss = 51002.64179428587, delta_loss = 0.003069763
22/06/05 13:19:57 INFO BPRRecommender: BPRRecommender iter 25: loss = 51002.63984991799, delta_loss = 0.0019443679
22/06/05 13:19:57 INFO BPRRecommender: BPRRecommender iter 26: loss = 51002.63789895713, delta_loss = 0.0019509608
22/06/05 13:19:57 INFO BPRRecommender: BPRRecommender iter 27: loss = 51002.63626785667, delta_loss = 0.0016311004
22/06/05 13:19:57 INFO BPRRecommender: BPRRecommender iter 28: loss = 51002.63445773093, delta_loss = 0.0018101258
22/06/05 13:19:57 INFO BPRRecommender: BPRRecommender iter 29: loss = 51002.63531481317, delta_loss = -8.5708225E-4
22/06/05 13:19:57 INFO BPRRecommender: BPRRecommender iter 30: loss = 51002.6348151746, delta_loss = 4.9963855E-4
22/06/05 13:19:57 INFO BPRRecommender: BPRRecommender iter 31: loss = 51002.63227085689, delta_loss = 0.0025443176
22/06/05 13:19:57 INFO BPRRecommender: BPRRecommender iter 32: loss = 51002.632368147206, delta_loss = -9.7290314E-5
22/06/05 13:19:57 INFO BPRRecommender: BPRRecommender iter 33: loss = 51002.628757229744, delta_loss = 0.0036109174
22/06/05 13:19:57 INFO BPRRecommender: BPRRecommender iter 34: loss = 51002.62953245051, delta_loss = -7.7522075E-4
22/06/05 13:19:57 INFO BPRRecommender: BPRRecommender iter 35: loss = 51002.62634662286, delta_loss = 0.0031858278
22/06/05 13:19:57 INFO BPRRecommender: BPRRecommender iter 36: loss = 51002.62723481882, delta_loss = -8.8819594E-4
22/06/05 13:19:57 INFO BPRRecommender: BPRRecommender iter 37: loss = 51002.62300450606, delta_loss = 0.0042303125
22/06/05 13:19:57 INFO BPRRecommender: BPRRecommender iter 38: loss = 51002.61810607016, delta_loss = 0.004898436
22/06/05 13:19:57 INFO BPRRecommender: BPRRecommender iter 39: loss = 51002.6162359462, delta_loss = 0.0018701239
22/06/05 13:19:57 INFO BPRRecommender: BPRRecommender iter 40: loss = 51002.60645931904, delta_loss = 0.009776627
22/06/05 13:19:57 INFO BPRRecommender: BPRRecommender iter 41: loss = 51002.60652469234, delta_loss = -6.53733E-5
22/06/05 13:19:57 INFO BPRRecommender: BPRRecommender iter 42: loss = 51002.5978782401, delta_loss = 0.008646452
22/06/05 13:19:57 INFO BPRRecommender: BPRRecommender iter 43: loss = 51002.58505933549, delta_loss = 0.012818905
22/06/05 13:19:57 INFO BPRRecommender: BPRRecommender iter 44: loss = 51002.569350249505, delta_loss = 0.015709085
22/06/05 13:19:57 INFO BPRRecommender: BPRRecommender iter 45: loss = 51002.5620803375, delta_loss = 0.007269912
22/06/05 13:19:57 INFO BPRRecommender: BPRRecommender iter 46: loss = 51002.54695609793, delta_loss = 0.01512424
22/06/05 13:19:57 INFO BPRRecommender: BPRRecommender iter 47: loss = 51002.515197294444, delta_loss = 0.031758804
22/06/05 13:19:57 INFO BPRRecommender: BPRRecommender iter 48: loss = 51002.49200673042, delta_loss = 0.023190564
22/06/05 13:19:57 INFO BPRRecommender: BPRRecommender iter 49: loss = 51002.414681150025, delta_loss = 0.07732558
22/06/05 13:19:57 INFO BPRRecommender: BPRRecommender iter 50: loss = 51002.35654049492, delta_loss = 0.058140654
22/06/05 13:19:57 INFO BPRRecommender: Job Train completed.
22/06/05 13:19:57 INFO RecommenderJob: ExpCMD: COMPLETE
22/06/05 13:19:57 INFO RecommenderJob: EvalCMD: START
22/06/05 13:19:57 INFO BPRRecommender: begin recommend
22/06/05 13:19:58 INFO BPRRecommender: end recommend
22/06/05 13:19:58 INFO RecommenderJob: Evaluator info:NormalizedDCGEvaluator is 0.09939413624309885
22/06/05 13:19:58 INFO BPRRecommender: begin recommend
22/06/05 13:19:58 INFO BPRRecommender: end recommend
22/06/05 13:19:58 INFO RecommenderJob: Result path is exp00014/result/out-3.txt
22/06/05 13:19:58 INFO RecommenderJob: EvalCMD: COMPLETE.
