22/06/05 13:57:49 INFO TextDataConvertor: Dataset: [data/rating_5000_cls_hc_10core_iterative.csv]
22/06/05 13:57:49 INFO TextDataConvertor: DataSet: ...ng_5000_cls_hc_10core_iterative.csv is finished
22/06/05 13:57:49 INFO TextDataConvertor: rating Scale: [3.0, 4.0, 5.0]
22/06/05 13:57:49 INFO TextDataConvertor: user number: 4005,	 item number is: 2673
22/06/05 13:57:49 INFO TextDataModel: Transform data to Convertor successfully!
22/06/05 13:57:49 INFO TextDataModel: Split data to train Set and test Set successfully!
22/06/05 13:57:50 INFO TextDataModel: Feature appender loaded successfully!
22/06/05 13:57:50 INFO TextDataConvertor: Dataset: [data/split/cv_1/train.txt]
22/06/05 13:57:50 INFO TextDataConvertor: DataSet: data/split/cv_1/train.txt is finished
22/06/05 13:57:50 INFO TextDataConvertor: rating Scale: [3.0, 4.0, 5.0]
22/06/05 13:57:50 INFO TextDataConvertor: user number: 4005,	 item number is: 2673
22/06/05 13:57:50 INFO TextDataModel: Transform data to Convertor successfully!
22/06/05 13:57:50 INFO TextDataConvertor: Dataset: [data/split/cv_1/test.txt]
22/06/05 13:57:50 INFO TextDataConvertor: DataSet: data/split/cv_1/test.txt is finished
22/06/05 13:57:50 INFO TextDataConvertor: rating Scale: [3.0, 4.0, 5.0]
22/06/05 13:57:50 INFO TextDataConvertor: user number: 4005,	 item number is: 2673
22/06/05 13:57:50 INFO TextDataModel: Split data to train Set and test Set successfully!
22/06/05 13:57:50 INFO TextDataModel: Data cardinality of training is 73580
22/06/05 13:57:50 INFO TextDataModel: Data cardinality of testing is 36791
22/06/05 13:57:50 INFO TextDataModel: Feature appender loaded successfully!
22/06/05 13:57:50 INFO RecommenderJob: ExpCMD: START - Executing recommender job on 1.
22/06/05 13:57:50 INFO BPRRecommender: Job Setup completed.
22/06/05 13:57:50 INFO BPRRecommender: BPRRecommender iter 1: loss = 51005.87458522512, delta_loss = -51005.875
22/06/05 13:57:50 INFO BPRRecommender: BPRRecommender iter 2: loss = 51003.666046406586, delta_loss = 2.2085388
22/06/05 13:57:50 INFO BPRRecommender: BPRRecommender iter 3: loss = 51002.79759187568, delta_loss = 0.8684545
22/06/05 13:57:50 INFO BPRRecommender: BPRRecommender iter 4: loss = 51002.39448768696, delta_loss = 0.4031042
22/06/05 13:57:50 INFO BPRRecommender: BPRRecommender iter 5: loss = 51002.19007750133, delta_loss = 0.20441018
22/06/05 13:57:50 INFO BPRRecommender: BPRRecommender iter 6: loss = 51002.084893451785, delta_loss = 0.10518405
22/06/05 13:57:50 INFO BPRRecommender: BPRRecommender iter 7: loss = 51002.027051906865, delta_loss = 0.057841543
22/06/05 13:57:50 INFO BPRRecommender: BPRRecommender iter 8: loss = 51001.994421850504, delta_loss = 0.032630056
22/06/05 13:57:50 INFO BPRRecommender: BPRRecommender iter 9: loss = 51001.97511963891, delta_loss = 0.019302212
22/06/05 13:57:50 INFO BPRRecommender: BPRRecommender iter 10: loss = 51001.963201469465, delta_loss = 0.011918169
22/06/05 13:57:50 INFO BPRRecommender: BPRRecommender iter 11: loss = 51001.955580573034, delta_loss = 0.007620896
22/06/05 13:57:50 INFO BPRRecommender: BPRRecommender iter 12: loss = 51001.94996259296, delta_loss = 0.00561798
22/06/05 13:57:50 INFO BPRRecommender: BPRRecommender iter 13: loss = 51001.94559430629, delta_loss = 0.0043682866
22/06/05 13:57:50 INFO BPRRecommender: BPRRecommender iter 14: loss = 51001.94209345989, delta_loss = 0.0035008464
22/06/05 13:57:50 INFO BPRRecommender: BPRRecommender iter 15: loss = 51001.93900123985, delta_loss = 0.00309222
22/06/05 13:57:50 INFO BPRRecommender: BPRRecommender iter 16: loss = 51001.936084116234, delta_loss = 0.0029171237
22/06/05 13:57:50 INFO BPRRecommender: BPRRecommender iter 17: loss = 51001.93359787238, delta_loss = 0.0024862438
22/06/05 13:57:50 INFO BPRRecommender: BPRRecommender iter 18: loss = 51001.93112902597, delta_loss = 0.0024688465
22/06/05 13:57:51 INFO BPRRecommender: BPRRecommender iter 19: loss = 51001.92852847985, delta_loss = 0.0026005462
22/06/05 13:57:51 INFO BPRRecommender: BPRRecommender iter 20: loss = 51001.926399046686, delta_loss = 0.0021294332
22/06/05 13:57:51 INFO BPRRecommender: BPRRecommender iter 21: loss = 51001.92411644786, delta_loss = 0.0022825988
22/06/05 13:57:51 INFO BPRRecommender: BPRRecommender iter 22: loss = 51001.92159051637, delta_loss = 0.0025259315
22/06/05 13:57:51 INFO BPRRecommender: BPRRecommender iter 23: loss = 51001.919641337685, delta_loss = 0.0019491786
22/06/05 13:57:51 INFO BPRRecommender: BPRRecommender iter 24: loss = 51001.91757673318, delta_loss = 0.0020646045
22/06/05 13:57:51 INFO BPRRecommender: BPRRecommender iter 25: loss = 51001.91519352986, delta_loss = 0.0023832032
22/06/05 13:57:51 INFO BPRRecommender: BPRRecommender iter 26: loss = 51001.91328614795, delta_loss = 0.0019073819
22/06/05 13:57:51 INFO BPRRecommender: BPRRecommender iter 27: loss = 51001.91122913446, delta_loss = 0.0020570136
22/06/05 13:57:51 INFO BPRRecommender: BPRRecommender iter 28: loss = 51001.909184562544, delta_loss = 0.002044572
22/06/05 13:57:51 INFO BPRRecommender: BPRRecommender iter 29: loss = 51001.90730560064, delta_loss = 0.0018789619
22/06/05 13:57:51 INFO BPRRecommender: BPRRecommender iter 30: loss = 51001.90535037904, delta_loss = 0.0019552216
22/06/05 13:57:51 INFO BPRRecommender: BPRRecommender iter 31: loss = 51001.903498186985, delta_loss = 0.0018521921
22/06/05 13:57:51 INFO BPRRecommender: BPRRecommender iter 32: loss = 51001.90138436931, delta_loss = 0.0021138177
22/06/05 13:57:51 INFO BPRRecommender: BPRRecommender iter 33: loss = 51001.89980763176, delta_loss = 0.0015767375
22/06/05 13:57:51 INFO BPRRecommender: BPRRecommender iter 34: loss = 51001.8977821976, delta_loss = 0.002025434
22/06/05 13:57:51 INFO BPRRecommender: BPRRecommender iter 35: loss = 51001.89578626331, delta_loss = 0.0019959342
22/06/05 13:57:51 INFO BPRRecommender: BPRRecommender iter 36: loss = 51001.894047707756, delta_loss = 0.0017385555
22/06/05 13:57:51 INFO BPRRecommender: BPRRecommender iter 37: loss = 51001.892377120035, delta_loss = 0.0016705877
22/06/05 13:57:51 INFO BPRRecommender: BPRRecommender iter 38: loss = 51001.89083659573, delta_loss = 0.0015405243
22/06/05 13:57:51 INFO BPRRecommender: BPRRecommender iter 39: loss = 51001.889087693155, delta_loss = 0.0017489026
22/06/05 13:57:51 INFO BPRRecommender: BPRRecommender iter 40: loss = 51001.887194580086, delta_loss = 0.001893113
22/06/05 13:57:51 INFO BPRRecommender: BPRRecommender iter 41: loss = 51001.885826304264, delta_loss = 0.0013682758
22/06/05 13:57:51 INFO BPRRecommender: BPRRecommender iter 42: loss = 51001.88419806578, delta_loss = 0.0016282385
22/06/05 13:57:51 INFO BPRRecommender: BPRRecommender iter 43: loss = 51001.88271083441, delta_loss = 0.0014872313
22/06/05 13:57:51 INFO BPRRecommender: BPRRecommender iter 44: loss = 51001.881187250394, delta_loss = 0.001523584
22/06/05 13:57:51 INFO BPRRecommender: BPRRecommender iter 45: loss = 51001.87963731721, delta_loss = 0.0015499332
22/06/05 13:57:51 INFO BPRRecommender: BPRRecommender iter 46: loss = 51001.87811412824, delta_loss = 0.001523189
22/06/05 13:57:51 INFO BPRRecommender: BPRRecommender iter 47: loss = 51001.87649985963, delta_loss = 0.0016142686
22/06/05 13:57:51 INFO BPRRecommender: BPRRecommender iter 48: loss = 51001.875078881, delta_loss = 0.0014209787
22/06/05 13:57:51 INFO BPRRecommender: BPRRecommender iter 49: loss = 51001.87368945524, delta_loss = 0.0013894257
22/06/05 13:57:51 INFO BPRRecommender: BPRRecommender iter 50: loss = 51001.87216844263, delta_loss = 0.0015210126
22/06/05 13:57:51 INFO BPRRecommender: Job Train completed.
22/06/05 13:57:51 INFO RecommenderJob: ExpCMD: COMPLETE
22/06/05 13:57:51 INFO RecommenderJob: EvalCMD: START
22/06/05 13:57:51 INFO BPRRecommender: begin recommend
22/06/05 13:57:52 INFO BPRRecommender: end recommend
22/06/05 13:57:52 INFO RecommenderJob: Evaluator info:NormalizedDCGEvaluator is 0.013780310869818358
22/06/05 13:57:52 INFO BPRRecommender: begin recommend
22/06/05 13:57:52 INFO BPRRecommender: end recommend
22/06/05 13:57:52 INFO RecommenderJob: Result path is exp00047/result/out-1.txt
22/06/05 13:57:52 INFO RecommenderJob: EvalCMD: COMPLETE.
22/06/05 13:57:52 INFO TextDataConvertor: Dataset: [data/split/cv_2/train.txt]
22/06/05 13:57:52 INFO TextDataConvertor: DataSet: data/split/cv_2/train.txt is finished
22/06/05 13:57:52 INFO TextDataConvertor: rating Scale: [3.0, 4.0, 5.0]
22/06/05 13:57:52 INFO TextDataConvertor: user number: 4005,	 item number is: 2673
22/06/05 13:57:52 INFO TextDataModel: Transform data to Convertor successfully!
22/06/05 13:57:52 INFO TextDataConvertor: Dataset: [data/split/cv_2/test.txt]
22/06/05 13:57:52 INFO TextDataConvertor: DataSet: data/split/cv_2/test.txt is finished
22/06/05 13:57:52 INFO TextDataConvertor: rating Scale: [3.0, 4.0, 5.0]
22/06/05 13:57:52 INFO TextDataConvertor: user number: 4005,	 item number is: 2673
22/06/05 13:57:52 INFO TextDataModel: Split data to train Set and test Set successfully!
22/06/05 13:57:52 INFO TextDataModel: Data cardinality of training is 73581
22/06/05 13:57:52 INFO TextDataModel: Data cardinality of testing is 36790
22/06/05 13:57:52 INFO TextDataModel: Feature appender loaded successfully!
22/06/05 13:57:52 INFO RecommenderJob: ExpCMD: START - Executing recommender job on 2.
22/06/05 13:57:52 INFO BPRRecommender: Job Setup completed.
22/06/05 13:57:53 INFO BPRRecommender: BPRRecommender iter 1: loss = 51006.55653238902, delta_loss = -51006.555
22/06/05 13:57:53 INFO BPRRecommender: BPRRecommender iter 2: loss = 51004.36968063504, delta_loss = 2.1868517
22/06/05 13:57:53 INFO BPRRecommender: BPRRecommender iter 3: loss = 51003.49775902024, delta_loss = 0.8719216
22/06/05 13:57:53 INFO BPRRecommender: BPRRecommender iter 4: loss = 51003.09194084238, delta_loss = 0.40581816
22/06/05 13:57:53 INFO BPRRecommender: BPRRecommender iter 5: loss = 51002.888445718236, delta_loss = 0.20349513
22/06/05 13:57:53 INFO BPRRecommender: BPRRecommender iter 6: loss = 51002.78085710596, delta_loss = 0.10758861
22/06/05 13:57:53 INFO BPRRecommender: BPRRecommender iter 7: loss = 51002.72157483974, delta_loss = 0.059282266
22/06/05 13:57:53 INFO BPRRecommender: BPRRecommender iter 8: loss = 51002.688758709584, delta_loss = 0.03281613
22/06/05 13:57:53 INFO BPRRecommender: BPRRecommender iter 9: loss = 51002.66931086308, delta_loss = 0.019447846
22/06/05 13:57:53 INFO BPRRecommender: BPRRecommender iter 10: loss = 51002.65722004709, delta_loss = 0.012090816
22/06/05 13:57:53 INFO BPRRecommender: BPRRecommender iter 11: loss = 51002.64949794176, delta_loss = 0.0077221054
22/06/05 13:57:53 INFO BPRRecommender: BPRRecommender iter 12: loss = 51002.64374855273, delta_loss = 0.005749389
22/06/05 13:57:53 INFO BPRRecommender: BPRRecommender iter 13: loss = 51002.6393407066, delta_loss = 0.004407846
22/06/05 13:57:53 INFO BPRRecommender: BPRRecommender iter 14: loss = 51002.63607861534, delta_loss = 0.0032620912
22/06/05 13:57:53 INFO BPRRecommender: BPRRecommender iter 15: loss = 51002.63281804641, delta_loss = 0.003260569
22/06/05 13:57:53 INFO BPRRecommender: BPRRecommender iter 16: loss = 51002.629828924364, delta_loss = 0.002989122
22/06/05 13:57:53 INFO BPRRecommender: BPRRecommender iter 17: loss = 51002.627449001295, delta_loss = 0.0023799231
22/06/05 13:57:53 INFO BPRRecommender: BPRRecommender iter 18: loss = 51002.62472505202, delta_loss = 0.0027239493
22/06/05 13:57:53 INFO BPRRecommender: BPRRecommender iter 19: loss = 51002.62239037131, delta_loss = 0.0023346806
22/06/05 13:57:53 INFO BPRRecommender: BPRRecommender iter 20: loss = 51002.619920447425, delta_loss = 0.0024699238
22/06/05 13:57:53 INFO BPRRecommender: BPRRecommender iter 21: loss = 51002.61755505322, delta_loss = 0.0023653943
22/06/05 13:57:54 INFO BPRRecommender: BPRRecommender iter 22: loss = 51002.61540478297, delta_loss = 0.0021502702
22/06/05 13:57:54 INFO BPRRecommender: BPRRecommender iter 23: loss = 51002.61318838634, delta_loss = 0.0022163966
22/06/05 13:57:54 INFO BPRRecommender: BPRRecommender iter 24: loss = 51002.61135155045, delta_loss = 0.0018368359
22/06/05 13:57:54 INFO BPRRecommender: BPRRecommender iter 25: loss = 51002.608948779955, delta_loss = 0.0024027706
22/06/05 13:57:54 INFO BPRRecommender: BPRRecommender iter 26: loss = 51002.606622913416, delta_loss = 0.0023258666
22/06/05 13:57:54 INFO BPRRecommender: BPRRecommender iter 27: loss = 51002.604612656716, delta_loss = 0.0020102568
22/06/05 13:57:54 INFO BPRRecommender: BPRRecommender iter 28: loss = 51002.602844831206, delta_loss = 0.0017678256
22/06/05 13:57:54 INFO BPRRecommender: BPRRecommender iter 29: loss = 51002.60113947245, delta_loss = 0.0017053587
22/06/05 13:57:54 INFO BPRRecommender: BPRRecommender iter 30: loss = 51002.598753588274, delta_loss = 0.002385884
22/06/05 13:57:54 INFO BPRRecommender: BPRRecommender iter 31: loss = 51002.59689333464, delta_loss = 0.0018602536
22/06/05 13:57:54 INFO BPRRecommender: BPRRecommender iter 32: loss = 51002.59495728729, delta_loss = 0.0019360473
22/06/05 13:57:54 INFO BPRRecommender: BPRRecommender iter 33: loss = 51002.59320792447, delta_loss = 0.0017493628
22/06/05 13:57:54 INFO BPRRecommender: BPRRecommender iter 34: loss = 51002.59126878278, delta_loss = 0.0019391417
22/06/05 13:57:54 INFO BPRRecommender: BPRRecommender iter 35: loss = 51002.58957172043, delta_loss = 0.0016970624
22/06/05 13:57:54 INFO BPRRecommender: BPRRecommender iter 36: loss = 51002.58767197189, delta_loss = 0.0018997486
22/06/05 13:57:54 INFO BPRRecommender: BPRRecommender iter 37: loss = 51002.58582376021, delta_loss = 0.0018482116
22/06/05 13:57:54 INFO BPRRecommender: BPRRecommender iter 38: loss = 51002.5842519616, delta_loss = 0.0015717986
22/06/05 13:57:54 INFO BPRRecommender: BPRRecommender iter 39: loss = 51002.58248270281, delta_loss = 0.0017692588
22/06/05 13:57:54 INFO BPRRecommender: BPRRecommender iter 40: loss = 51002.58087726693, delta_loss = 0.0016054359
22/06/05 13:57:54 INFO BPRRecommender: BPRRecommender iter 41: loss = 51002.57922448754, delta_loss = 0.0016527794
22/06/05 13:57:54 INFO BPRRecommender: BPRRecommender iter 42: loss = 51002.57757065823, delta_loss = 0.0016538294
22/06/05 13:57:54 INFO BPRRecommender: BPRRecommender iter 43: loss = 51002.57589247071, delta_loss = 0.0016781875
22/06/05 13:57:54 INFO BPRRecommender: BPRRecommender iter 44: loss = 51002.57451709947, delta_loss = 0.0013753712
22/06/05 13:57:54 INFO BPRRecommender: BPRRecommender iter 45: loss = 51002.57311501929, delta_loss = 0.0014020802
22/06/05 13:57:54 INFO BPRRecommender: BPRRecommender iter 46: loss = 51002.57147607923, delta_loss = 0.0016389401
22/06/05 13:57:54 INFO BPRRecommender: BPRRecommender iter 47: loss = 51002.57003082702, delta_loss = 0.0014452522
22/06/05 13:57:54 INFO BPRRecommender: BPRRecommender iter 48: loss = 51002.56851287621, delta_loss = 0.0015179508
22/06/05 13:57:54 INFO BPRRecommender: BPRRecommender iter 49: loss = 51002.56717339563, delta_loss = 0.0013394806
22/06/05 13:57:54 INFO BPRRecommender: BPRRecommender iter 50: loss = 51002.56576850843, delta_loss = 0.0014048872
22/06/05 13:57:54 INFO BPRRecommender: Job Train completed.
22/06/05 13:57:54 INFO RecommenderJob: ExpCMD: COMPLETE
22/06/05 13:57:54 INFO RecommenderJob: EvalCMD: START
22/06/05 13:57:54 INFO BPRRecommender: begin recommend
22/06/05 13:57:54 INFO BPRRecommender: end recommend
22/06/05 13:57:54 INFO RecommenderJob: Evaluator info:NormalizedDCGEvaluator is 0.013902948237905907
22/06/05 13:57:54 INFO BPRRecommender: begin recommend
22/06/05 13:57:55 INFO BPRRecommender: end recommend
22/06/05 13:57:55 INFO RecommenderJob: Result path is exp00047/result/out-2.txt
22/06/05 13:57:55 INFO RecommenderJob: EvalCMD: COMPLETE.
22/06/05 13:57:55 INFO TextDataConvertor: Dataset: [data/split/cv_3/train.txt]
22/06/05 13:57:55 INFO TextDataConvertor: DataSet: data/split/cv_3/train.txt is finished
22/06/05 13:57:55 INFO TextDataConvertor: rating Scale: [3.0, 4.0, 5.0]
22/06/05 13:57:55 INFO TextDataConvertor: user number: 4005,	 item number is: 2673
22/06/05 13:57:55 INFO TextDataModel: Transform data to Convertor successfully!
22/06/05 13:57:55 INFO TextDataConvertor: Dataset: [data/split/cv_3/test.txt]
22/06/05 13:57:55 INFO TextDataConvertor: DataSet: data/split/cv_3/test.txt is finished
22/06/05 13:57:55 INFO TextDataConvertor: rating Scale: [3.0, 4.0, 5.0]
22/06/05 13:57:55 INFO TextDataConvertor: user number: 4005,	 item number is: 2673
22/06/05 13:57:55 INFO TextDataModel: Split data to train Set and test Set successfully!
22/06/05 13:57:55 INFO TextDataModel: Data cardinality of training is 73581
22/06/05 13:57:55 INFO TextDataModel: Data cardinality of testing is 36790
22/06/05 13:57:55 INFO TextDataModel: Feature appender loaded successfully!
22/06/05 13:57:55 INFO RecommenderJob: ExpCMD: START - Executing recommender job on 3.
22/06/05 13:57:55 INFO BPRRecommender: Job Setup completed.
22/06/05 13:57:55 INFO BPRRecommender: BPRRecommender iter 1: loss = 51006.53317767266, delta_loss = -51006.53
22/06/05 13:57:55 INFO BPRRecommender: BPRRecommender iter 2: loss = 51004.359891686436, delta_loss = 2.173286
22/06/05 13:57:55 INFO BPRRecommender: BPRRecommender iter 3: loss = 51003.49407652181, delta_loss = 0.86581516
22/06/05 13:57:55 INFO BPRRecommender: BPRRecommender iter 4: loss = 51003.09012758448, delta_loss = 0.40394893
22/06/05 13:57:55 INFO BPRRecommender: BPRRecommender iter 5: loss = 51002.88755624427, delta_loss = 0.20257135
22/06/05 13:57:55 INFO BPRRecommender: BPRRecommender iter 6: loss = 51002.77925576082, delta_loss = 0.108300485
22/06/05 13:57:55 INFO BPRRecommender: BPRRecommender iter 7: loss = 51002.721945299745, delta_loss = 0.057310462
22/06/05 13:57:55 INFO BPRRecommender: BPRRecommender iter 8: loss = 51002.68884557964, delta_loss = 0.03309972
22/06/05 13:57:55 INFO BPRRecommender: BPRRecommender iter 9: loss = 51002.66948165763, delta_loss = 0.019363921
22/06/05 13:57:55 INFO BPRRecommender: BPRRecommender iter 10: loss = 51002.657565284106, delta_loss = 0.011916374
22/06/05 13:57:55 INFO BPRRecommender: BPRRecommender iter 11: loss = 51002.649266312736, delta_loss = 0.008298972
22/06/05 13:57:55 INFO BPRRecommender: BPRRecommender iter 12: loss = 51002.64376799105, delta_loss = 0.0054983217
22/06/05 13:57:55 INFO BPRRecommender: BPRRecommender iter 13: loss = 51002.63952109712, delta_loss = 0.004246894
22/06/05 13:57:55 INFO BPRRecommender: BPRRecommender iter 14: loss = 51002.63611364738, delta_loss = 0.0034074497
22/06/05 13:57:56 INFO BPRRecommender: BPRRecommender iter 15: loss = 51002.6332195732, delta_loss = 0.0028940742
22/06/05 13:57:56 INFO BPRRecommender: BPRRecommender iter 16: loss = 51002.6302198961, delta_loss = 0.002999677
22/06/05 13:57:56 INFO BPRRecommender: BPRRecommender iter 17: loss = 51002.62770175426, delta_loss = 0.0025181419
22/06/05 13:57:56 INFO BPRRecommender: BPRRecommender iter 18: loss = 51002.6251351737, delta_loss = 0.0025665807
22/06/05 13:57:56 INFO BPRRecommender: BPRRecommender iter 19: loss = 51002.622494447605, delta_loss = 0.002640726
22/06/05 13:57:56 INFO BPRRecommender: BPRRecommender iter 20: loss = 51002.620149035225, delta_loss = 0.0023454123
22/06/05 13:57:56 INFO BPRRecommender: BPRRecommender iter 21: loss = 51002.61777703274, delta_loss = 0.0023720025
22/06/05 13:57:56 INFO BPRRecommender: BPRRecommender iter 22: loss = 51002.615525813424, delta_loss = 0.0022512192
22/06/05 13:57:56 INFO BPRRecommender: BPRRecommender iter 23: loss = 51002.613799889245, delta_loss = 0.0017259242
22/06/05 13:57:56 INFO BPRRecommender: BPRRecommender iter 24: loss = 51002.61119839133, delta_loss = 0.0026014978
22/06/05 13:57:56 INFO BPRRecommender: BPRRecommender iter 25: loss = 51002.60918317319, delta_loss = 0.0020152181
22/06/05 13:57:56 INFO BPRRecommender: BPRRecommender iter 26: loss = 51002.607003496574, delta_loss = 0.0021796767
22/06/05 13:57:56 INFO BPRRecommender: BPRRecommender iter 27: loss = 51002.60509815321, delta_loss = 0.0019053434
22/06/05 13:57:56 INFO BPRRecommender: BPRRecommender iter 28: loss = 51002.60308611158, delta_loss = 0.0020120416
22/06/05 13:57:56 INFO BPRRecommender: BPRRecommender iter 29: loss = 51002.60098760335, delta_loss = 0.0020985082
22/06/05 13:57:56 INFO BPRRecommender: BPRRecommender iter 30: loss = 51002.59900376566, delta_loss = 0.0019838377
22/06/05 13:57:56 INFO BPRRecommender: BPRRecommender iter 31: loss = 51002.597073438585, delta_loss = 0.001930327
22/06/05 13:57:56 INFO BPRRecommender: BPRRecommender iter 32: loss = 51002.595101574356, delta_loss = 0.0019718641
22/06/05 13:57:56 INFO BPRRecommender: BPRRecommender iter 33: loss = 51002.593313763355, delta_loss = 0.001787811
22/06/05 13:57:56 INFO BPRRecommender: BPRRecommender iter 34: loss = 51002.591465721816, delta_loss = 0.0018480415
22/06/05 13:57:56 INFO BPRRecommender: BPRRecommender iter 35: loss = 51002.58959466333, delta_loss = 0.0018710585
22/06/05 13:57:56 INFO BPRRecommender: BPRRecommender iter 36: loss = 51002.58800591263, delta_loss = 0.0015887507
22/06/05 13:57:56 INFO BPRRecommender: BPRRecommender iter 37: loss = 51002.58602194201, delta_loss = 0.0019839706
22/06/05 13:57:56 INFO BPRRecommender: BPRRecommender iter 38: loss = 51002.584579010654, delta_loss = 0.0014429314
22/06/05 13:57:56 INFO BPRRecommender: BPRRecommender iter 39: loss = 51002.582636818785, delta_loss = 0.0019421919
22/06/05 13:57:56 INFO BPRRecommender: BPRRecommender iter 40: loss = 51002.581351951936, delta_loss = 0.0012848668
22/06/05 13:57:56 INFO BPRRecommender: BPRRecommender iter 41: loss = 51002.579627087915, delta_loss = 0.001724864
22/06/05 13:57:57 INFO BPRRecommender: BPRRecommender iter 42: loss = 51002.57758762891, delta_loss = 0.002039459
22/06/05 13:57:57 INFO BPRRecommender: BPRRecommender iter 43: loss = 51002.57636582913, delta_loss = 0.0012217998
22/06/05 13:57:57 INFO BPRRecommender: BPRRecommender iter 44: loss = 51002.57463441775, delta_loss = 0.0017314113
22/06/05 13:57:57 INFO BPRRecommender: BPRRecommender iter 45: loss = 51002.57325278934, delta_loss = 0.0013816284
22/06/05 13:57:57 INFO BPRRecommender: BPRRecommender iter 46: loss = 51002.57173899972, delta_loss = 0.0015137896
22/06/05 13:57:57 INFO BPRRecommender: BPRRecommender iter 47: loss = 51002.570177473266, delta_loss = 0.0015615264
22/06/05 13:57:57 INFO BPRRecommender: BPRRecommender iter 48: loss = 51002.56880570891, delta_loss = 0.0013717643
22/06/05 13:57:57 INFO BPRRecommender: BPRRecommender iter 49: loss = 51002.56736850146, delta_loss = 0.0014372075
22/06/05 13:57:57 INFO BPRRecommender: BPRRecommender iter 50: loss = 51002.56578566876, delta_loss = 0.0015828327
22/06/05 13:57:57 INFO BPRRecommender: Job Train completed.
22/06/05 13:57:57 INFO RecommenderJob: ExpCMD: COMPLETE
22/06/05 13:57:57 INFO RecommenderJob: EvalCMD: START
22/06/05 13:57:57 INFO BPRRecommender: begin recommend
22/06/05 13:57:57 INFO BPRRecommender: end recommend
22/06/05 13:57:57 INFO RecommenderJob: Evaluator info:NormalizedDCGEvaluator is 0.016047200640743622
22/06/05 13:57:57 INFO BPRRecommender: begin recommend
22/06/05 13:57:57 INFO BPRRecommender: end recommend
22/06/05 13:57:57 INFO RecommenderJob: Result path is exp00047/result/out-3.txt
22/06/05 13:57:57 INFO RecommenderJob: EvalCMD: COMPLETE.
