22/06/05 13:15:16 INFO TextDataConvertor: Dataset: [data/rating_5000_cls_hc_10core_iterative.csv]
22/06/05 13:15:16 INFO TextDataConvertor: DataSet: ...ng_5000_cls_hc_10core_iterative.csv is finished
22/06/05 13:15:16 INFO TextDataConvertor: rating Scale: [3.0, 4.0, 5.0]
22/06/05 13:15:16 INFO TextDataConvertor: user number: 4005,	 item number is: 2673
22/06/05 13:15:16 INFO TextDataModel: Transform data to Convertor successfully!
22/06/05 13:15:17 INFO TextDataModel: Split data to train Set and test Set successfully!
22/06/05 13:15:17 INFO TextDataModel: Feature appender loaded successfully!
22/06/05 13:15:17 INFO TextDataConvertor: Dataset: [data/split/cv_1/train.txt]
22/06/05 13:15:17 INFO TextDataConvertor: DataSet: data/split/cv_1/train.txt is finished
22/06/05 13:15:17 INFO TextDataConvertor: rating Scale: [3.0, 4.0, 5.0]
22/06/05 13:15:17 INFO TextDataConvertor: user number: 4005,	 item number is: 2673
22/06/05 13:15:17 INFO TextDataModel: Transform data to Convertor successfully!
22/06/05 13:15:17 INFO TextDataConvertor: Dataset: [data/split/cv_1/test.txt]
22/06/05 13:15:17 INFO TextDataConvertor: DataSet: data/split/cv_1/test.txt is finished
22/06/05 13:15:17 INFO TextDataConvertor: rating Scale: [3.0, 4.0, 5.0]
22/06/05 13:15:17 INFO TextDataConvertor: user number: 4005,	 item number is: 2673
22/06/05 13:15:17 INFO TextDataModel: Split data to train Set and test Set successfully!
22/06/05 13:15:17 INFO TextDataModel: Data cardinality of training is 73580
22/06/05 13:15:17 INFO TextDataModel: Data cardinality of testing is 36791
22/06/05 13:15:17 INFO TextDataModel: Feature appender loaded successfully!
22/06/05 13:15:17 INFO RecommenderJob: ExpCMD: START - Executing recommender job on 1.
22/06/05 13:15:17 INFO BPRRecommender: Job Setup completed.
22/06/05 13:15:17 INFO BPRRecommender: BPRRecommender iter 1: loss = 51003.24098501999, delta_loss = -51003.242
22/06/05 13:15:17 INFO BPRRecommender: BPRRecommender iter 2: loss = 51003.023786368154, delta_loss = 0.21719866
22/06/05 13:15:17 INFO BPRRecommender: BPRRecommender iter 3: loss = 51002.85489409917, delta_loss = 0.16889226
22/06/05 13:15:17 INFO BPRRecommender: BPRRecommender iter 4: loss = 51002.71893727834, delta_loss = 0.13595682
22/06/05 13:15:17 INFO BPRRecommender: BPRRecommender iter 5: loss = 51002.60978394381, delta_loss = 0.10915334
22/06/05 13:15:17 INFO BPRRecommender: BPRRecommender iter 6: loss = 51002.52050102148, delta_loss = 0.08928292
22/06/05 13:15:17 INFO BPRRecommender: BPRRecommender iter 7: loss = 51002.44551909607, delta_loss = 0.07498193
22/06/05 13:15:18 INFO BPRRecommender: BPRRecommender iter 8: loss = 51002.38481904838, delta_loss = 0.060700048
22/06/05 13:15:18 INFO BPRRecommender: BPRRecommender iter 9: loss = 51002.32960383057, delta_loss = 0.055215217
22/06/05 13:15:18 INFO BPRRecommender: BPRRecommender iter 10: loss = 51002.28544930158, delta_loss = 0.04415453
22/06/05 13:15:18 INFO BPRRecommender: BPRRecommender iter 11: loss = 51002.24579558235, delta_loss = 0.03965372
22/06/05 13:15:18 INFO BPRRecommender: BPRRecommender iter 12: loss = 51002.21242032752, delta_loss = 0.033375256
22/06/05 13:15:18 INFO BPRRecommender: BPRRecommender iter 13: loss = 51002.18329851409, delta_loss = 0.029121814
22/06/05 13:15:18 INFO BPRRecommender: BPRRecommender iter 14: loss = 51002.15723136276, delta_loss = 0.02606715
22/06/05 13:15:18 INFO BPRRecommender: BPRRecommender iter 15: loss = 51002.13512074827, delta_loss = 0.022110615
22/06/05 13:15:18 INFO BPRRecommender: BPRRecommender iter 16: loss = 51002.116745621075, delta_loss = 0.018375127
22/06/05 13:15:18 INFO BPRRecommender: BPRRecommender iter 17: loss = 51002.09914916151, delta_loss = 0.017596459
22/06/05 13:15:18 INFO BPRRecommender: BPRRecommender iter 18: loss = 51002.0832589432, delta_loss = 0.015890218
22/06/05 13:15:18 INFO BPRRecommender: BPRRecommender iter 19: loss = 51002.070067942215, delta_loss = 0.013191001
22/06/05 13:15:18 INFO BPRRecommender: BPRRecommender iter 20: loss = 51002.058256240845, delta_loss = 0.011811702
22/06/05 13:15:18 INFO BPRRecommender: BPRRecommender iter 21: loss = 51002.04504760477, delta_loss = 0.013208636
22/06/05 13:15:18 INFO BPRRecommender: BPRRecommender iter 22: loss = 51002.031755666045, delta_loss = 0.013291939
22/06/05 13:15:18 INFO BPRRecommender: BPRRecommender iter 23: loss = 51002.026179762215, delta_loss = 0.0055759037
22/06/05 13:15:18 INFO BPRRecommender: BPRRecommender iter 24: loss = 51002.011680872405, delta_loss = 0.014498889
22/06/05 13:15:18 INFO BPRRecommender: BPRRecommender iter 25: loss = 51002.00697634186, delta_loss = 0.0047045304
22/06/05 13:15:18 INFO BPRRecommender: BPRRecommender iter 26: loss = 51001.99724419894, delta_loss = 0.009732143
22/06/05 13:15:18 INFO BPRRecommender: BPRRecommender iter 27: loss = 51001.98902884271, delta_loss = 0.008215357
22/06/05 13:15:18 INFO BPRRecommender: BPRRecommender iter 28: loss = 51001.97812026854, delta_loss = 0.010908574
22/06/05 13:15:18 INFO BPRRecommender: BPRRecommender iter 29: loss = 51001.969434510116, delta_loss = 0.008685758
22/06/05 13:15:18 INFO BPRRecommender: BPRRecommender iter 30: loss = 51001.960653591406, delta_loss = 0.008780919
22/06/05 13:15:18 INFO BPRRecommender: BPRRecommender iter 31: loss = 51001.945367324544, delta_loss = 0.015286267
22/06/05 13:15:18 INFO BPRRecommender: BPRRecommender iter 32: loss = 51001.93596724719, delta_loss = 0.009400077
22/06/05 13:15:18 INFO BPRRecommender: BPRRecommender iter 33: loss = 51001.9224614272, delta_loss = 0.01350582
22/06/05 13:15:18 INFO BPRRecommender: BPRRecommender iter 34: loss = 51001.90275281305, delta_loss = 0.019708615
22/06/05 13:15:18 INFO BPRRecommender: BPRRecommender iter 35: loss = 51001.88166549018, delta_loss = 0.021087322
22/06/05 13:15:18 INFO BPRRecommender: BPRRecommender iter 36: loss = 51001.87004626893, delta_loss = 0.011619221
22/06/05 13:15:18 INFO BPRRecommender: BPRRecommender iter 37: loss = 51001.84326081342, delta_loss = 0.026785456
22/06/05 13:15:18 INFO BPRRecommender: BPRRecommender iter 38: loss = 51001.8145364082, delta_loss = 0.028724406
22/06/05 13:15:18 INFO BPRRecommender: BPRRecommender iter 39: loss = 51001.77366496757, delta_loss = 0.04087144
22/06/05 13:15:18 INFO BPRRecommender: BPRRecommender iter 40: loss = 51001.74145357095, delta_loss = 0.032211397
22/06/05 13:15:18 INFO BPRRecommender: BPRRecommender iter 41: loss = 51001.70854972836, delta_loss = 0.032903843
22/06/05 13:15:19 INFO BPRRecommender: BPRRecommender iter 42: loss = 51001.63710740604, delta_loss = 0.07144232
22/06/05 13:15:19 INFO BPRRecommender: BPRRecommender iter 43: loss = 51001.57312447191, delta_loss = 0.063982934
22/06/05 13:15:19 INFO BPRRecommender: BPRRecommender iter 44: loss = 51001.50469320782, delta_loss = 0.068431266
22/06/05 13:15:19 INFO BPRRecommender: BPRRecommender iter 45: loss = 51001.40939575465, delta_loss = 0.095297456
22/06/05 13:15:19 INFO BPRRecommender: BPRRecommender iter 46: loss = 51001.301865930785, delta_loss = 0.10752983
22/06/05 13:15:19 INFO BPRRecommender: BPRRecommender iter 47: loss = 51001.17328951423, delta_loss = 0.12857641
22/06/05 13:15:19 INFO BPRRecommender: BPRRecommender iter 48: loss = 51001.03115400675, delta_loss = 0.1421355
22/06/05 13:15:19 INFO BPRRecommender: BPRRecommender iter 49: loss = 51000.81733426952, delta_loss = 0.21381974
22/06/05 13:15:19 INFO BPRRecommender: BPRRecommender iter 50: loss = 51000.624121785535, delta_loss = 0.19321248
22/06/05 13:15:19 INFO BPRRecommender: Job Train completed.
22/06/05 13:15:19 INFO RecommenderJob: ExpCMD: COMPLETE
22/06/05 13:15:19 INFO RecommenderJob: EvalCMD: START
22/06/05 13:15:19 INFO BPRRecommender: begin recommend
22/06/05 13:15:19 INFO BPRRecommender: end recommend
22/06/05 13:15:19 INFO RecommenderJob: Evaluator info:NormalizedDCGEvaluator is 0.09482006522949316
22/06/05 13:15:19 INFO BPRRecommender: begin recommend
22/06/05 13:15:20 INFO BPRRecommender: end recommend
22/06/05 13:15:20 INFO RecommenderJob: Result path is exp00010/result/out-1.txt
22/06/05 13:15:20 INFO RecommenderJob: EvalCMD: COMPLETE.
22/06/05 13:15:20 INFO TextDataConvertor: Dataset: [data/split/cv_2/train.txt]
22/06/05 13:15:20 INFO TextDataConvertor: DataSet: data/split/cv_2/train.txt is finished
22/06/05 13:15:20 INFO TextDataConvertor: rating Scale: [3.0, 4.0, 5.0]
22/06/05 13:15:20 INFO TextDataConvertor: user number: 4005,	 item number is: 2673
22/06/05 13:15:20 INFO TextDataModel: Transform data to Convertor successfully!
22/06/05 13:15:20 INFO TextDataConvertor: Dataset: [data/split/cv_2/test.txt]
22/06/05 13:15:20 INFO TextDataConvertor: DataSet: data/split/cv_2/test.txt is finished
22/06/05 13:15:20 INFO TextDataConvertor: rating Scale: [3.0, 4.0, 5.0]
22/06/05 13:15:20 INFO TextDataConvertor: user number: 4005,	 item number is: 2673
22/06/05 13:15:20 INFO TextDataModel: Split data to train Set and test Set successfully!
22/06/05 13:15:20 INFO TextDataModel: Data cardinality of training is 73581
22/06/05 13:15:20 INFO TextDataModel: Data cardinality of testing is 36790
22/06/05 13:15:20 INFO TextDataModel: Feature appender loaded successfully!
22/06/05 13:15:20 INFO RecommenderJob: ExpCMD: START - Executing recommender job on 2.
22/06/05 13:15:20 INFO BPRRecommender: Job Setup completed.
22/06/05 13:15:20 INFO BPRRecommender: BPRRecommender iter 1: loss = 51003.9392060088, delta_loss = -51003.938
22/06/05 13:15:20 INFO BPRRecommender: BPRRecommender iter 2: loss = 51003.71723916139, delta_loss = 0.22196685
22/06/05 13:15:20 INFO BPRRecommender: BPRRecommender iter 3: loss = 51003.55014069611, delta_loss = 0.16709846
22/06/05 13:15:20 INFO BPRRecommender: BPRRecommender iter 4: loss = 51003.413115389965, delta_loss = 0.13702531
22/06/05 13:15:20 INFO BPRRecommender: BPRRecommender iter 5: loss = 51003.301067555316, delta_loss = 0.112047836
22/06/05 13:15:20 INFO BPRRecommender: BPRRecommender iter 6: loss = 51003.213937953864, delta_loss = 0.0871296
22/06/05 13:15:20 INFO BPRRecommender: BPRRecommender iter 7: loss = 51003.13853720565, delta_loss = 0.07540075
22/06/05 13:15:20 INFO BPRRecommender: BPRRecommender iter 8: loss = 51003.07871182511, delta_loss = 0.05982538
22/06/05 13:15:20 INFO BPRRecommender: BPRRecommender iter 9: loss = 51003.0218488536, delta_loss = 0.056862973
22/06/05 13:15:20 INFO BPRRecommender: BPRRecommender iter 10: loss = 51002.97709884336, delta_loss = 0.04475001
22/06/05 13:15:20 INFO BPRRecommender: BPRRecommender iter 11: loss = 51002.94063669442, delta_loss = 0.03646215
22/06/05 13:15:20 INFO BPRRecommender: BPRRecommender iter 12: loss = 51002.9059810689, delta_loss = 0.034655627
22/06/05 13:15:21 INFO BPRRecommender: BPRRecommender iter 13: loss = 51002.87768805544, delta_loss = 0.028293014
22/06/05 13:15:21 INFO BPRRecommender: BPRRecommender iter 14: loss = 51002.85265350493, delta_loss = 0.02503455
22/06/05 13:15:21 INFO BPRRecommender: BPRRecommender iter 15: loss = 51002.829757555526, delta_loss = 0.022895949
22/06/05 13:15:21 INFO BPRRecommender: BPRRecommender iter 16: loss = 51002.810548818365, delta_loss = 0.019208737
22/06/05 13:15:21 INFO BPRRecommender: BPRRecommender iter 17: loss = 51002.79230571446, delta_loss = 0.018243104
22/06/05 13:15:21 INFO BPRRecommender: BPRRecommender iter 18: loss = 51002.776520077554, delta_loss = 0.015785636
22/06/05 13:15:21 INFO BPRRecommender: BPRRecommender iter 19: loss = 51002.7630332985, delta_loss = 0.013486779
22/06/05 13:15:21 INFO BPRRecommender: BPRRecommender iter 20: loss = 51002.74997141886, delta_loss = 0.013061879
22/06/05 13:15:21 INFO BPRRecommender: BPRRecommender iter 21: loss = 51002.73846652126, delta_loss = 0.011504898
22/06/05 13:15:21 INFO BPRRecommender: BPRRecommender iter 22: loss = 51002.73005153025, delta_loss = 0.008414991
22/06/05 13:15:21 INFO BPRRecommender: BPRRecommender iter 23: loss = 51002.71701941318, delta_loss = 0.013032117
22/06/05 13:15:21 INFO BPRRecommender: BPRRecommender iter 24: loss = 51002.70612446686, delta_loss = 0.010894947
22/06/05 13:15:21 INFO BPRRecommender: BPRRecommender iter 25: loss = 51002.69718383736, delta_loss = 0.00894063
22/06/05 13:15:21 INFO BPRRecommender: BPRRecommender iter 26: loss = 51002.68922353263, delta_loss = 0.007960305
22/06/05 13:15:21 INFO BPRRecommender: BPRRecommender iter 27: loss = 51002.679952197526, delta_loss = 0.009271335
22/06/05 13:15:21 INFO BPRRecommender: BPRRecommender iter 28: loss = 51002.6686142404, delta_loss = 0.011337957
22/06/05 13:15:21 INFO BPRRecommender: BPRRecommender iter 29: loss = 51002.66223336765, delta_loss = 0.006380873
22/06/05 13:15:21 INFO BPRRecommender: BPRRecommender iter 30: loss = 51002.64961872635, delta_loss = 0.012614641
22/06/05 13:15:21 INFO BPRRecommender: BPRRecommender iter 31: loss = 51002.63574095707, delta_loss = 0.013877769
22/06/05 13:15:21 INFO BPRRecommender: BPRRecommender iter 32: loss = 51002.62025653957, delta_loss = 0.015484418
22/06/05 13:15:21 INFO BPRRecommender: BPRRecommender iter 33: loss = 51002.61016228775, delta_loss = 0.0100942515
22/06/05 13:15:21 INFO BPRRecommender: BPRRecommender iter 34: loss = 51002.58812249872, delta_loss = 0.02203979
22/06/05 13:15:21 INFO BPRRecommender: BPRRecommender iter 35: loss = 51002.57045176386, delta_loss = 0.017670736
22/06/05 13:15:21 INFO BPRRecommender: BPRRecommender iter 36: loss = 51002.54374244331, delta_loss = 0.02670932
22/06/05 13:15:21 INFO BPRRecommender: BPRRecommender iter 37: loss = 51002.52459282957, delta_loss = 0.019149614
22/06/05 13:15:21 INFO BPRRecommender: BPRRecommender iter 38: loss = 51002.49775283662, delta_loss = 0.026839992
22/06/05 13:15:21 INFO BPRRecommender: BPRRecommender iter 39: loss = 51002.44864197099, delta_loss = 0.049110867
22/06/05 13:15:21 INFO BPRRecommender: BPRRecommender iter 40: loss = 51002.41076424459, delta_loss = 0.037877727
22/06/05 13:15:21 INFO BPRRecommender: BPRRecommender iter 41: loss = 51002.35977900832, delta_loss = 0.050985236
22/06/05 13:15:21 INFO BPRRecommender: BPRRecommender iter 42: loss = 51002.31042232224, delta_loss = 0.049356688
22/06/05 13:15:21 INFO BPRRecommender: BPRRecommender iter 43: loss = 51002.23338872857, delta_loss = 0.077033594
22/06/05 13:15:21 INFO BPRRecommender: BPRRecommender iter 44: loss = 51002.136038651865, delta_loss = 0.097350076
22/06/05 13:15:22 INFO BPRRecommender: BPRRecommender iter 45: loss = 51002.02962277478, delta_loss = 0.106415875
22/06/05 13:15:22 INFO BPRRecommender: BPRRecommender iter 46: loss = 51001.95406683464, delta_loss = 0.07555594
22/06/05 13:15:22 INFO BPRRecommender: BPRRecommender iter 47: loss = 51001.785914917185, delta_loss = 0.16815192
22/06/05 13:15:22 INFO BPRRecommender: BPRRecommender iter 48: loss = 51001.61717193956, delta_loss = 0.16874298
22/06/05 13:15:22 INFO BPRRecommender: BPRRecommender iter 49: loss = 51001.42195424768, delta_loss = 0.1952177
22/06/05 13:15:22 INFO BPRRecommender: BPRRecommender iter 50: loss = 51001.17740398316, delta_loss = 0.24455026
22/06/05 13:15:22 INFO BPRRecommender: Job Train completed.
22/06/05 13:15:22 INFO RecommenderJob: ExpCMD: COMPLETE
22/06/05 13:15:22 INFO RecommenderJob: EvalCMD: START
22/06/05 13:15:22 INFO BPRRecommender: begin recommend
22/06/05 13:15:22 INFO BPRRecommender: end recommend
22/06/05 13:15:22 INFO RecommenderJob: Evaluator info:NormalizedDCGEvaluator is 0.09036519783921435
22/06/05 13:15:22 INFO BPRRecommender: begin recommend
22/06/05 13:15:22 INFO BPRRecommender: end recommend
22/06/05 13:15:22 INFO RecommenderJob: Result path is exp00010/result/out-2.txt
22/06/05 13:15:22 INFO RecommenderJob: EvalCMD: COMPLETE.
22/06/05 13:15:22 INFO TextDataConvertor: Dataset: [data/split/cv_3/train.txt]
22/06/05 13:15:22 INFO TextDataConvertor: DataSet: data/split/cv_3/train.txt is finished
22/06/05 13:15:22 INFO TextDataConvertor: rating Scale: [3.0, 4.0, 5.0]
22/06/05 13:15:22 INFO TextDataConvertor: user number: 4005,	 item number is: 2673
22/06/05 13:15:22 INFO TextDataModel: Transform data to Convertor successfully!
22/06/05 13:15:22 INFO TextDataConvertor: Dataset: [data/split/cv_3/test.txt]
22/06/05 13:15:22 INFO TextDataConvertor: DataSet: data/split/cv_3/test.txt is finished
22/06/05 13:15:22 INFO TextDataConvertor: rating Scale: [3.0, 4.0, 5.0]
22/06/05 13:15:22 INFO TextDataConvertor: user number: 4005,	 item number is: 2673
22/06/05 13:15:22 INFO TextDataModel: Split data to train Set and test Set successfully!
22/06/05 13:15:22 INFO TextDataModel: Data cardinality of training is 73581
22/06/05 13:15:22 INFO TextDataModel: Data cardinality of testing is 36790
22/06/05 13:15:22 INFO TextDataModel: Feature appender loaded successfully!
22/06/05 13:15:22 INFO RecommenderJob: ExpCMD: START - Executing recommender job on 3.
22/06/05 13:15:22 INFO BPRRecommender: Job Setup completed.
22/06/05 13:15:22 INFO BPRRecommender: BPRRecommender iter 1: loss = 51003.92809136623, delta_loss = -51003.93
22/06/05 13:15:23 INFO BPRRecommender: BPRRecommender iter 2: loss = 51003.71009815971, delta_loss = 0.2179932
22/06/05 13:15:23 INFO BPRRecommender: BPRRecommender iter 3: loss = 51003.54311810117, delta_loss = 0.16698006
22/06/05 13:15:23 INFO BPRRecommender: BPRRecommender iter 4: loss = 51003.405583880136, delta_loss = 0.13753422
22/06/05 13:15:23 INFO BPRRecommender: BPRRecommender iter 5: loss = 51003.296511534725, delta_loss = 0.10907234
22/06/05 13:15:23 INFO BPRRecommender: BPRRecommender iter 6: loss = 51003.20932799021, delta_loss = 0.08718354
22/06/05 13:15:23 INFO BPRRecommender: BPRRecommender iter 7: loss = 51003.13431710903, delta_loss = 0.07501088
22/06/05 13:15:23 INFO BPRRecommender: BPRRecommender iter 8: loss = 51003.07136573475, delta_loss = 0.06295137
22/06/05 13:15:23 INFO BPRRecommender: BPRRecommender iter 9: loss = 51003.01849034261, delta_loss = 0.052875392
22/06/05 13:15:23 INFO BPRRecommender: BPRRecommender iter 10: loss = 51002.97431079658, delta_loss = 0.044179548
22/06/05 13:15:23 INFO BPRRecommender: BPRRecommender iter 11: loss = 51002.93538188261, delta_loss = 0.038928915
22/06/05 13:15:23 INFO BPRRecommender: BPRRecommender iter 12: loss = 51002.90473520807, delta_loss = 0.030646674
22/06/05 13:15:23 INFO BPRRecommender: BPRRecommender iter 13: loss = 51002.876048594946, delta_loss = 0.028686613
22/06/05 13:15:23 INFO BPRRecommender: BPRRecommender iter 14: loss = 51002.84927952002, delta_loss = 0.026769076
22/06/05 13:15:23 INFO BPRRecommender: BPRRecommender iter 15: loss = 51002.82970823152, delta_loss = 0.01957129
22/06/05 13:15:23 INFO BPRRecommender: BPRRecommender iter 16: loss = 51002.80597713892, delta_loss = 0.023731092
22/06/05 13:15:23 INFO BPRRecommender: BPRRecommender iter 17: loss = 51002.79179143218, delta_loss = 0.014185707
22/06/05 13:15:23 INFO BPRRecommender: BPRRecommender iter 18: loss = 51002.77709271402, delta_loss = 0.014698718
22/06/05 13:15:23 INFO BPRRecommender: BPRRecommender iter 19: loss = 51002.75992794829, delta_loss = 0.017164765
22/06/05 13:15:23 INFO BPRRecommender: BPRRecommender iter 20: loss = 51002.74994116983, delta_loss = 0.009986779
22/06/05 13:15:23 INFO BPRRecommender: BPRRecommender iter 21: loss = 51002.738903839076, delta_loss = 0.011037331
22/06/05 13:15:23 INFO BPRRecommender: BPRRecommender iter 22: loss = 51002.72579111823, delta_loss = 0.013112721
22/06/05 13:15:23 INFO BPRRecommender: BPRRecommender iter 23: loss = 51002.71748445909, delta_loss = 0.008306659
22/06/05 13:15:23 INFO BPRRecommender: BPRRecommender iter 24: loss = 51002.70977170934, delta_loss = 0.0077127498
22/06/05 13:15:23 INFO BPRRecommender: BPRRecommender iter 25: loss = 51002.6990765699, delta_loss = 0.01069514
22/06/05 13:15:23 INFO BPRRecommender: BPRRecommender iter 26: loss = 51002.69138953287, delta_loss = 0.007687037
22/06/05 13:15:24 INFO BPRRecommender: BPRRecommender iter 27: loss = 51002.68256240706, delta_loss = 0.008827126
22/06/05 13:15:24 INFO BPRRecommender: BPRRecommender iter 28: loss = 51002.676014739074, delta_loss = 0.006547668
22/06/05 13:15:24 INFO BPRRecommender: BPRRecommender iter 29: loss = 51002.66674006031, delta_loss = 0.009274678
22/06/05 13:15:24 INFO BPRRecommender: BPRRecommender iter 30: loss = 51002.65431328885, delta_loss = 0.012426771
22/06/05 13:15:24 INFO BPRRecommender: BPRRecommender iter 31: loss = 51002.64748501536, delta_loss = 0.0068282736
22/06/05 13:15:24 INFO BPRRecommender: BPRRecommender iter 32: loss = 51002.63702763586, delta_loss = 0.01045738
22/06/05 13:15:24 INFO BPRRecommender: BPRRecommender iter 33: loss = 51002.620130502866, delta_loss = 0.016897133
22/06/05 13:15:24 INFO BPRRecommender: BPRRecommender iter 34: loss = 51002.606095902316, delta_loss = 0.014034601
22/06/05 13:15:24 INFO BPRRecommender: BPRRecommender iter 35: loss = 51002.58731381439, delta_loss = 0.018782089
22/06/05 13:15:24 INFO BPRRecommender: BPRRecommender iter 36: loss = 51002.57282812597, delta_loss = 0.014485689
22/06/05 13:15:24 INFO BPRRecommender: BPRRecommender iter 37: loss = 51002.553391915564, delta_loss = 0.01943621
22/06/05 13:15:24 INFO BPRRecommender: BPRRecommender iter 38: loss = 51002.52139070856, delta_loss = 0.03200121
22/06/05 13:15:24 INFO BPRRecommender: BPRRecommender iter 39: loss = 51002.49697657461, delta_loss = 0.024414133
22/06/05 13:15:24 INFO BPRRecommender: BPRRecommender iter 40: loss = 51002.465090109436, delta_loss = 0.031886466
22/06/05 13:15:24 INFO BPRRecommender: BPRRecommender iter 41: loss = 51002.431718168256, delta_loss = 0.03337194
22/06/05 13:15:24 INFO BPRRecommender: BPRRecommender iter 42: loss = 51002.361122251175, delta_loss = 0.07059592
22/06/05 13:15:24 INFO BPRRecommender: BPRRecommender iter 43: loss = 51002.31294893429, delta_loss = 0.048173316
22/06/05 13:15:24 INFO BPRRecommender: BPRRecommender iter 44: loss = 51002.257771489756, delta_loss = 0.055177443
22/06/05 13:15:24 INFO BPRRecommender: BPRRecommender iter 45: loss = 51002.14830172943, delta_loss = 0.109469764
22/06/05 13:15:24 INFO BPRRecommender: BPRRecommender iter 46: loss = 51002.0612312393, delta_loss = 0.08707049
22/06/05 13:15:24 INFO BPRRecommender: BPRRecommender iter 47: loss = 51001.965190599425, delta_loss = 0.09604064
22/06/05 13:15:24 INFO BPRRecommender: BPRRecommender iter 48: loss = 51001.83613402755, delta_loss = 0.12905657
22/06/05 13:15:24 INFO BPRRecommender: BPRRecommender iter 49: loss = 51001.59501032239, delta_loss = 0.2411237
22/06/05 13:15:24 INFO BPRRecommender: BPRRecommender iter 50: loss = 51001.479839236395, delta_loss = 0.11517108
22/06/05 13:15:24 INFO BPRRecommender: Job Train completed.
22/06/05 13:15:24 INFO RecommenderJob: ExpCMD: COMPLETE
22/06/05 13:15:24 INFO RecommenderJob: EvalCMD: START
22/06/05 13:15:24 INFO BPRRecommender: begin recommend
22/06/05 13:15:25 INFO BPRRecommender: end recommend
22/06/05 13:15:25 INFO RecommenderJob: Evaluator info:NormalizedDCGEvaluator is 0.0991584139379138
22/06/05 13:15:25 INFO BPRRecommender: begin recommend
22/06/05 13:15:25 INFO BPRRecommender: end recommend
22/06/05 13:15:25 INFO RecommenderJob: Result path is exp00010/result/out-3.txt
22/06/05 13:15:25 INFO RecommenderJob: EvalCMD: COMPLETE.
