22/05/26 15:54:56 INFO TextDataConvertor: Dataset: [data/rating_5000_cls_hc_10core_iterative.csv]
22/05/26 15:54:57 INFO TextDataConvertor: DataSet: ...ng_5000_cls_hc_10core_iterative.csv is finished
22/05/26 15:54:57 INFO TextDataConvertor: rating Scale: [3.0, 4.0, 5.0]
22/05/26 15:54:57 INFO TextDataConvertor: user number: 4005,	 item number is: 2673
22/05/26 15:54:57 INFO TextDataModel: Transform data to Convertor successfully!
22/05/26 15:54:57 INFO TextDataModel: Split data to train Set and test Set successfully!
22/05/26 15:54:57 INFO TextDataModel: Feature appender loaded successfully!
22/05/26 15:54:57 INFO TextDataConvertor: Dataset: [data/split/cv_1/train.txt]
22/05/26 15:54:58 INFO TextDataConvertor: DataSet: data/split/cv_1/train.txt is finished
22/05/26 15:54:58 INFO TextDataConvertor: rating Scale: [3.0, 4.0, 5.0]
22/05/26 15:54:58 INFO TextDataConvertor: user number: 4005,	 item number is: 2673
22/05/26 15:54:58 INFO TextDataModel: Transform data to Convertor successfully!
22/05/26 15:54:58 INFO TextDataConvertor: Dataset: [data/split/cv_1/test.txt]
22/05/26 15:54:58 INFO TextDataConvertor: DataSet: data/split/cv_1/test.txt is finished
22/05/26 15:54:58 INFO TextDataConvertor: rating Scale: [3.0, 4.0, 5.0]
22/05/26 15:54:58 INFO TextDataConvertor: user number: 4005,	 item number is: 2673
22/05/26 15:54:58 INFO TextDataModel: Split data to train Set and test Set successfully!
22/05/26 15:54:58 INFO TextDataModel: Data cardinality of training is 73580
22/05/26 15:54:58 INFO TextDataModel: Data cardinality of testing is 36791
22/05/26 15:54:58 INFO TextDataModel: Feature appender loaded successfully!
22/05/26 15:54:58 INFO RecommenderJob: ExpCMD: START - Executing recommender job on 1.
22/05/26 15:54:58 INFO BiasedMFRecommender: Job Setup completed.
22/05/26 15:54:58 INFO BiasedMFRecommender: BiasedMFRecommender iter 1: loss = 6239.040365844546, delta_loss = -6239.0405
22/05/26 15:54:58 INFO BiasedMFRecommender: BiasedMFRecommender iter 2: loss = 5895.474915080217, delta_loss = 343.56546
22/05/26 15:54:58 INFO BiasedMFRecommender: BiasedMFRecommender iter 3: loss = 5729.428757225842, delta_loss = 166.04616
22/05/26 15:54:58 INFO BiasedMFRecommender: BiasedMFRecommender iter 4: loss = 5617.8569267545645, delta_loss = 111.57183
22/05/26 15:54:58 INFO BiasedMFRecommender: BiasedMFRecommender iter 5: loss = 5535.566366991669, delta_loss = 82.29056
22/05/26 15:54:58 INFO BiasedMFRecommender: BiasedMFRecommender iter 6: loss = 5472.340059876752, delta_loss = 63.226307
22/05/26 15:54:58 INFO BiasedMFRecommender: BiasedMFRecommender iter 7: loss = 5422.617615930125, delta_loss = 49.722443
22/05/26 15:54:58 INFO BiasedMFRecommender: BiasedMFRecommender iter 8: loss = 5382.899337187419, delta_loss = 39.718277
22/05/26 15:54:58 INFO BiasedMFRecommender: BiasedMFRecommender iter 9: loss = 5350.801684679869, delta_loss = 32.097652
22/05/26 15:54:58 INFO BiasedMFRecommender: BiasedMFRecommender iter 10: loss = 5324.622027001267, delta_loss = 26.179657
22/05/26 15:54:58 INFO BiasedMFRecommender: Job Train completed.
22/05/26 15:54:58 INFO RecommenderJob: ExpCMD: COMPLETE
22/05/26 15:54:58 INFO RecommenderJob: EvalCMD: START
22/05/26 15:54:58 INFO BiasedMFRecommender: begin recommend
22/05/26 15:54:59 INFO BiasedMFRecommender: end recommend
22/05/26 15:54:59 INFO RecommenderJob: Evaluator info:NormalizedDCGEvaluator is 0.037097309676195935
22/05/26 15:54:59 INFO RecommenderJob: Evaluator info:PrecisionEvaluator is 0.012768304914744419
22/05/26 15:54:59 INFO RecommenderJob: Evaluator info:PStatisticalParityEvaluator is 0.3843329989969759
22/05/26 15:54:59 INFO BiasedMFRecommender: begin recommend
22/05/26 15:54:59 INFO BiasedMFRecommender: end recommend
22/05/26 15:54:59 INFO RecommenderJob: Result path is exp00001/result/out-1.txt
22/05/26 15:54:59 INFO RecommenderJob: EvalCMD: COMPLETE.
22/05/26 15:54:59 INFO TextDataConvertor: Dataset: [data/split/cv_2/train.txt]
22/05/26 15:54:59 INFO TextDataConvertor: DataSet: data/split/cv_2/train.txt is finished
22/05/26 15:54:59 INFO TextDataConvertor: rating Scale: [3.0, 4.0, 5.0]
22/05/26 15:54:59 INFO TextDataConvertor: user number: 4005,	 item number is: 2673
22/05/26 15:54:59 INFO TextDataModel: Transform data to Convertor successfully!
22/05/26 15:54:59 INFO TextDataConvertor: Dataset: [data/split/cv_2/test.txt]
22/05/26 15:54:59 INFO TextDataConvertor: DataSet: data/split/cv_2/test.txt is finished
22/05/26 15:54:59 INFO TextDataConvertor: rating Scale: [3.0, 4.0, 5.0]
22/05/26 15:54:59 INFO TextDataConvertor: user number: 4005,	 item number is: 2673
22/05/26 15:54:59 INFO TextDataModel: Split data to train Set and test Set successfully!
22/05/26 15:54:59 INFO TextDataModel: Data cardinality of training is 73581
22/05/26 15:54:59 INFO TextDataModel: Data cardinality of testing is 36790
22/05/26 15:54:59 INFO TextDataModel: Feature appender loaded successfully!
22/05/26 15:54:59 INFO RecommenderJob: ExpCMD: START - Executing recommender job on 2.
22/05/26 15:55:00 INFO BiasedMFRecommender: Job Setup completed.
22/05/26 15:55:00 INFO BiasedMFRecommender: BiasedMFRecommender iter 1: loss = 6074.584167404038, delta_loss = -6074.584
22/05/26 15:55:00 INFO BiasedMFRecommender: BiasedMFRecommender iter 2: loss = 5743.78435967758, delta_loss = 330.7998
22/05/26 15:55:00 INFO BiasedMFRecommender: BiasedMFRecommender iter 3: loss = 5583.019302876261, delta_loss = 160.76506
22/05/26 15:55:00 INFO BiasedMFRecommender: BiasedMFRecommender iter 4: loss = 5475.785003424883, delta_loss = 107.2343
22/05/26 15:55:00 INFO BiasedMFRecommender: BiasedMFRecommender iter 5: loss = 5397.296571677062, delta_loss = 78.488434
22/05/26 15:55:00 INFO BiasedMFRecommender: BiasedMFRecommender iter 6: loss = 5337.366618895878, delta_loss = 59.929955
22/05/26 15:55:00 INFO BiasedMFRecommender: BiasedMFRecommender iter 7: loss = 5290.46320712654, delta_loss = 46.90341
22/05/26 15:55:00 INFO BiasedMFRecommender: BiasedMFRecommender iter 8: loss = 5253.131955388106, delta_loss = 37.331253
22/05/26 15:55:00 INFO BiasedMFRecommender: BiasedMFRecommender iter 9: loss = 5223.041398320725, delta_loss = 30.090557
22/05/26 15:55:00 INFO BiasedMFRecommender: BiasedMFRecommender iter 10: loss = 5198.54074732505, delta_loss = 24.50065
22/05/26 15:55:00 INFO BiasedMFRecommender: Job Train completed.
22/05/26 15:55:00 INFO RecommenderJob: ExpCMD: COMPLETE
22/05/26 15:55:00 INFO RecommenderJob: EvalCMD: START
22/05/26 15:55:00 INFO BiasedMFRecommender: begin recommend
22/05/26 15:55:00 INFO BiasedMFRecommender: end recommend
22/05/26 15:55:00 INFO RecommenderJob: Evaluator info:NormalizedDCGEvaluator is 0.039515407175299694
22/05/26 15:55:00 INFO RecommenderJob: Evaluator info:PrecisionEvaluator is 0.012575301204819443
22/05/26 15:55:00 INFO RecommenderJob: Evaluator info:PStatisticalParityEvaluator is 0.22361445783124684
22/05/26 15:55:00 INFO BiasedMFRecommender: begin recommend
22/05/26 15:55:00 INFO BiasedMFRecommender: end recommend
22/05/26 15:55:00 INFO RecommenderJob: Result path is exp00001/result/out-2.txt
22/05/26 15:55:00 INFO RecommenderJob: EvalCMD: COMPLETE.
22/05/26 15:55:00 INFO TextDataConvertor: Dataset: [data/split/cv_3/train.txt]
22/05/26 15:55:01 INFO TextDataConvertor: DataSet: data/split/cv_3/train.txt is finished
22/05/26 15:55:01 INFO TextDataConvertor: rating Scale: [3.0, 4.0, 5.0]
22/05/26 15:55:01 INFO TextDataConvertor: user number: 4005,	 item number is: 2673
22/05/26 15:55:01 INFO TextDataModel: Transform data to Convertor successfully!
22/05/26 15:55:01 INFO TextDataConvertor: Dataset: [data/split/cv_3/test.txt]
22/05/26 15:55:01 INFO TextDataConvertor: DataSet: data/split/cv_3/test.txt is finished
22/05/26 15:55:01 INFO TextDataConvertor: rating Scale: [3.0, 4.0, 5.0]
22/05/26 15:55:01 INFO TextDataConvertor: user number: 4005,	 item number is: 2673
22/05/26 15:55:01 INFO TextDataModel: Split data to train Set and test Set successfully!
22/05/26 15:55:01 INFO TextDataModel: Data cardinality of training is 73581
22/05/26 15:55:01 INFO TextDataModel: Data cardinality of testing is 36790
22/05/26 15:55:01 INFO TextDataModel: Feature appender loaded successfully!
22/05/26 15:55:01 INFO RecommenderJob: ExpCMD: START - Executing recommender job on 3.
22/05/26 15:55:01 INFO BiasedMFRecommender: Job Setup completed.
22/05/26 15:55:01 INFO BiasedMFRecommender: BiasedMFRecommender iter 1: loss = 6296.534761763612, delta_loss = -6296.5347
22/05/26 15:55:01 INFO BiasedMFRecommender: BiasedMFRecommender iter 2: loss = 5957.459571960678, delta_loss = 339.0752
22/05/26 15:55:01 INFO BiasedMFRecommender: BiasedMFRecommender iter 3: loss = 5794.707807624817, delta_loss = 162.75177
22/05/26 15:55:01 INFO BiasedMFRecommender: BiasedMFRecommender iter 4: loss = 5686.023941654832, delta_loss = 108.68387
22/05/26 15:55:01 INFO BiasedMFRecommender: BiasedMFRecommender iter 5: loss = 5606.167519561093, delta_loss = 79.85642
22/05/26 15:55:01 INFO BiasedMFRecommender: BiasedMFRecommender iter 6: loss = 5544.929692709693, delta_loss = 61.237827
22/05/26 15:55:01 INFO BiasedMFRecommender: BiasedMFRecommender iter 7: loss = 5496.813908748677, delta_loss = 48.115784
22/05/26 15:55:01 INFO BiasedMFRecommender: BiasedMFRecommender iter 8: loss = 5458.39395910908, delta_loss = 38.41995
22/05/26 15:55:01 INFO BiasedMFRecommender: BiasedMFRecommender iter 9: loss = 5427.350533760642, delta_loss = 31.043425
22/05/26 15:55:01 INFO BiasedMFRecommender: BiasedMFRecommender iter 10: loss = 5402.032275520668, delta_loss = 25.318258
22/05/26 15:55:01 INFO BiasedMFRecommender: Job Train completed.
22/05/26 15:55:01 INFO RecommenderJob: ExpCMD: COMPLETE
22/05/26 15:55:01 INFO RecommenderJob: EvalCMD: START
22/05/26 15:55:01 INFO BiasedMFRecommender: begin recommend
22/05/26 15:55:01 INFO BiasedMFRecommender: end recommend
22/05/26 15:55:01 INFO RecommenderJob: Evaluator info:NormalizedDCGEvaluator is 0.040927857078668806
22/05/26 15:55:01 INFO RecommenderJob: Evaluator info:PrecisionEvaluator is 0.01282886494612899
22/05/26 15:55:01 INFO RecommenderJob: Evaluator info:PStatisticalParityEvaluator is 0.41194688048106576
22/05/26 15:55:01 INFO BiasedMFRecommender: begin recommend
22/05/26 15:55:01 INFO BiasedMFRecommender: end recommend
22/05/26 15:55:01 INFO RecommenderJob: Result path is exp00001/result/out-3.txt
22/05/26 15:55:02 INFO RecommenderJob: EvalCMD: COMPLETE.
