22/06/05 13:27:56 INFO TextDataConvertor: Dataset: [data/rating_5000_cls_hc_10core_iterative.csv]
22/06/05 13:27:56 INFO TextDataConvertor: DataSet: ...ng_5000_cls_hc_10core_iterative.csv is finished
22/06/05 13:27:56 INFO TextDataConvertor: rating Scale: [3.0, 4.0, 5.0]
22/06/05 13:27:56 INFO TextDataConvertor: user number: 4005,	 item number is: 2673
22/06/05 13:27:56 INFO TextDataModel: Transform data to Convertor successfully!
22/06/05 13:27:56 INFO TextDataModel: Split data to train Set and test Set successfully!
22/06/05 13:27:56 INFO TextDataModel: Feature appender loaded successfully!
22/06/05 13:27:56 INFO TextDataConvertor: Dataset: [data/split/cv_1/train.txt]
22/06/05 13:27:56 INFO TextDataConvertor: DataSet: data/split/cv_1/train.txt is finished
22/06/05 13:27:56 INFO TextDataConvertor: rating Scale: [3.0, 4.0, 5.0]
22/06/05 13:27:56 INFO TextDataConvertor: user number: 4005,	 item number is: 2673
22/06/05 13:27:56 INFO TextDataModel: Transform data to Convertor successfully!
22/06/05 13:27:56 INFO TextDataConvertor: Dataset: [data/split/cv_1/test.txt]
22/06/05 13:27:56 INFO TextDataConvertor: DataSet: data/split/cv_1/test.txt is finished
22/06/05 13:27:56 INFO TextDataConvertor: rating Scale: [3.0, 4.0, 5.0]
22/06/05 13:27:56 INFO TextDataConvertor: user number: 4005,	 item number is: 2673
22/06/05 13:27:57 INFO TextDataModel: Split data to train Set and test Set successfully!
22/06/05 13:27:57 INFO TextDataModel: Data cardinality of training is 73580
22/06/05 13:27:57 INFO TextDataModel: Data cardinality of testing is 36791
22/06/05 13:27:57 INFO TextDataModel: Feature appender loaded successfully!
22/06/05 13:27:57 INFO RecommenderJob: ExpCMD: START - Executing recommender job on 1.
22/06/05 13:27:57 INFO BPRRecommender: Job Setup completed.
22/06/05 13:27:57 INFO BPRRecommender: BPRRecommender iter 1: loss = 51004.40559341895, delta_loss = -51004.406
22/06/05 13:27:57 INFO BPRRecommender: BPRRecommender iter 2: loss = 51003.80517926305, delta_loss = 0.60041416
22/06/05 13:27:57 INFO BPRRecommender: BPRRecommender iter 3: loss = 51003.404947730596, delta_loss = 0.40023154
22/06/05 13:27:57 INFO BPRRecommender: BPRRecommender iter 4: loss = 51003.11912449844, delta_loss = 0.28582323
22/06/05 13:27:57 INFO BPRRecommender: BPRRecommender iter 5: loss = 51002.90393746255, delta_loss = 0.21518704
22/06/05 13:27:57 INFO BPRRecommender: BPRRecommender iter 6: loss = 51002.73997746795, delta_loss = 0.16396
22/06/05 13:27:57 INFO BPRRecommender: BPRRecommender iter 7: loss = 51002.60939794302, delta_loss = 0.13057953
22/06/05 13:27:57 INFO BPRRecommender: BPRRecommender iter 8: loss = 51002.50297209631, delta_loss = 0.106425844
22/06/05 13:27:57 INFO BPRRecommender: BPRRecommender iter 9: loss = 51002.41669643987, delta_loss = 0.08627566
22/06/05 13:27:57 INFO BPRRecommender: BPRRecommender iter 10: loss = 51002.344815492776, delta_loss = 0.071880944
22/06/05 13:27:57 INFO BPRRecommender: BPRRecommender iter 11: loss = 51002.28390723491, delta_loss = 0.060908258
22/06/05 13:27:57 INFO BPRRecommender: BPRRecommender iter 12: loss = 51002.2312192823, delta_loss = 0.052687954
22/06/05 13:27:57 INFO BPRRecommender: BPRRecommender iter 13: loss = 51002.186917590756, delta_loss = 0.044301692
22/06/05 13:27:57 INFO BPRRecommender: BPRRecommender iter 14: loss = 51002.14797142858, delta_loss = 0.038946163
22/06/05 13:27:57 INFO BPRRecommender: BPRRecommender iter 15: loss = 51002.11334064391, delta_loss = 0.034630783
22/06/05 13:27:57 INFO BPRRecommender: BPRRecommender iter 16: loss = 51002.08364985053, delta_loss = 0.029690793
22/06/05 13:27:57 INFO BPRRecommender: BPRRecommender iter 17: loss = 51002.056942956115, delta_loss = 0.026706895
22/06/05 13:27:57 INFO BPRRecommender: BPRRecommender iter 18: loss = 51002.03320935252, delta_loss = 0.023733603
22/06/05 13:27:57 INFO BPRRecommender: BPRRecommender iter 19: loss = 51002.01177452596, delta_loss = 0.021434827
22/06/05 13:27:57 INFO BPRRecommender: BPRRecommender iter 20: loss = 51001.99229001923, delta_loss = 0.019484507
22/06/05 13:27:57 INFO BPRRecommender: BPRRecommender iter 21: loss = 51001.97509254963, delta_loss = 0.01719747
22/06/05 13:27:57 INFO BPRRecommender: BPRRecommender iter 22: loss = 51001.95918005366, delta_loss = 0.015912496
22/06/05 13:27:57 INFO BPRRecommender: BPRRecommender iter 23: loss = 51001.94496466754, delta_loss = 0.0142153865
22/06/05 13:27:57 INFO BPRRecommender: BPRRecommender iter 24: loss = 51001.931940938164, delta_loss = 0.013023729
22/06/05 13:27:57 INFO BPRRecommender: BPRRecommender iter 25: loss = 51001.919857756584, delta_loss = 0.012083181
22/06/05 13:27:57 INFO BPRRecommender: BPRRecommender iter 26: loss = 51001.90909437402, delta_loss = 0.010763383
22/06/05 13:27:57 INFO BPRRecommender: BPRRecommender iter 27: loss = 51001.899127005934, delta_loss = 0.009967368
22/06/05 13:27:57 INFO BPRRecommender: BPRRecommender iter 28: loss = 51001.89014535857, delta_loss = 0.008981647
22/06/05 13:27:57 INFO BPRRecommender: BPRRecommender iter 29: loss = 51001.88155146843, delta_loss = 0.00859389
22/06/05 13:27:58 INFO BPRRecommender: BPRRecommender iter 30: loss = 51001.87381228745, delta_loss = 0.007739181
22/06/05 13:27:58 INFO BPRRecommender: BPRRecommender iter 31: loss = 51001.8667676463, delta_loss = 0.0070446413
22/06/05 13:27:58 INFO BPRRecommender: BPRRecommender iter 32: loss = 51001.86016820299, delta_loss = 0.0065994435
22/06/05 13:27:58 INFO BPRRecommender: BPRRecommender iter 33: loss = 51001.854084536004, delta_loss = 0.006083667
22/06/05 13:27:58 INFO BPRRecommender: BPRRecommender iter 34: loss = 51001.848400427116, delta_loss = 0.005684109
22/06/05 13:27:58 INFO BPRRecommender: BPRRecommender iter 35: loss = 51001.84330893714, delta_loss = 0.0050914898
22/06/05 13:27:58 INFO BPRRecommender: BPRRecommender iter 36: loss = 51001.838427786046, delta_loss = 0.004881151
22/06/05 13:27:58 INFO BPRRecommender: BPRRecommender iter 37: loss = 51001.83398543369, delta_loss = 0.0044423523
22/06/05 13:27:58 INFO BPRRecommender: BPRRecommender iter 38: loss = 51001.82994869046, delta_loss = 0.004036743
22/06/05 13:27:58 INFO BPRRecommender: BPRRecommender iter 39: loss = 51001.82598852201, delta_loss = 0.0039601685
22/06/05 13:27:58 INFO BPRRecommender: BPRRecommender iter 40: loss = 51001.82265900617, delta_loss = 0.003329516
22/06/05 13:27:58 INFO BPRRecommender: BPRRecommender iter 41: loss = 51001.81938401547, delta_loss = 0.0032749907
22/06/05 13:27:58 INFO BPRRecommender: BPRRecommender iter 42: loss = 51001.81633962267, delta_loss = 0.003044393
22/06/05 13:27:58 INFO BPRRecommender: BPRRecommender iter 43: loss = 51001.81356012438, delta_loss = 0.0027794982
22/06/05 13:27:58 INFO BPRRecommender: BPRRecommender iter 44: loss = 51001.81096184571, delta_loss = 0.0025982787
22/06/05 13:27:58 INFO BPRRecommender: BPRRecommender iter 45: loss = 51001.80864359954, delta_loss = 0.002318246
22/06/05 13:27:58 INFO BPRRecommender: BPRRecommender iter 46: loss = 51001.80641288577, delta_loss = 0.0022307138
22/06/05 13:27:58 INFO BPRRecommender: BPRRecommender iter 47: loss = 51001.80433098817, delta_loss = 0.0020818976
22/06/05 13:27:58 INFO BPRRecommender: BPRRecommender iter 48: loss = 51001.802387646385, delta_loss = 0.0019433418
22/06/05 13:27:58 INFO BPRRecommender: BPRRecommender iter 49: loss = 51001.80071009434, delta_loss = 0.001677552
22/06/05 13:27:58 INFO BPRRecommender: BPRRecommender iter 50: loss = 51001.799066876214, delta_loss = 0.0016432181
22/06/05 13:27:58 INFO BPRRecommender: Job Train completed.
22/06/05 13:27:58 INFO RecommenderJob: ExpCMD: COMPLETE
22/06/05 13:27:58 INFO RecommenderJob: EvalCMD: START
22/06/05 13:27:58 INFO BPRRecommender: begin recommend
22/06/05 13:27:58 INFO BPRRecommender: end recommend
22/06/05 13:27:58 INFO RecommenderJob: Evaluator info:NormalizedDCGEvaluator is 0.0800794239976606
22/06/05 13:27:58 INFO BPRRecommender: begin recommend
22/06/05 13:27:59 INFO BPRRecommender: end recommend
22/06/05 13:27:59 INFO RecommenderJob: Result path is exp00021/result/out-1.txt
22/06/05 13:27:59 INFO RecommenderJob: EvalCMD: COMPLETE.
22/06/05 13:27:59 INFO TextDataConvertor: Dataset: [data/split/cv_2/train.txt]
22/06/05 13:27:59 INFO TextDataConvertor: DataSet: data/split/cv_2/train.txt is finished
22/06/05 13:27:59 INFO TextDataConvertor: rating Scale: [3.0, 4.0, 5.0]
22/06/05 13:27:59 INFO TextDataConvertor: user number: 4005,	 item number is: 2673
22/06/05 13:27:59 INFO TextDataModel: Transform data to Convertor successfully!
22/06/05 13:27:59 INFO TextDataConvertor: Dataset: [data/split/cv_2/test.txt]
22/06/05 13:27:59 INFO TextDataConvertor: DataSet: data/split/cv_2/test.txt is finished
22/06/05 13:27:59 INFO TextDataConvertor: rating Scale: [3.0, 4.0, 5.0]
22/06/05 13:27:59 INFO TextDataConvertor: user number: 4005,	 item number is: 2673
22/06/05 13:27:59 INFO TextDataModel: Split data to train Set and test Set successfully!
22/06/05 13:27:59 INFO TextDataModel: Data cardinality of training is 73581
22/06/05 13:27:59 INFO TextDataModel: Data cardinality of testing is 36790
22/06/05 13:27:59 INFO TextDataModel: Feature appender loaded successfully!
22/06/05 13:27:59 INFO RecommenderJob: ExpCMD: START - Executing recommender job on 2.
22/06/05 13:27:59 INFO BPRRecommender: Job Setup completed.
22/06/05 13:27:59 INFO BPRRecommender: BPRRecommender iter 1: loss = 51005.09322884856, delta_loss = -51005.094
22/06/05 13:27:59 INFO BPRRecommender: BPRRecommender iter 2: loss = 51004.50135683188, delta_loss = 0.59187204
22/06/05 13:27:59 INFO BPRRecommender: BPRRecommender iter 3: loss = 51004.10088174744, delta_loss = 0.40047508
22/06/05 13:27:59 INFO BPRRecommender: BPRRecommender iter 4: loss = 51003.816468653815, delta_loss = 0.2844131
22/06/05 13:27:59 INFO BPRRecommender: BPRRecommender iter 5: loss = 51003.599859945745, delta_loss = 0.2166087
22/06/05 13:27:59 INFO BPRRecommender: BPRRecommender iter 6: loss = 51003.43799058324, delta_loss = 0.16186936
22/06/05 13:27:59 INFO BPRRecommender: BPRRecommender iter 7: loss = 51003.30540447929, delta_loss = 0.1325861
22/06/05 13:27:59 INFO BPRRecommender: BPRRecommender iter 8: loss = 51003.199536524415, delta_loss = 0.10586795
22/06/05 13:27:59 INFO BPRRecommender: BPRRecommender iter 9: loss = 51003.11210374753, delta_loss = 0.08743278
22/06/05 13:27:59 INFO BPRRecommender: BPRRecommender iter 10: loss = 51003.0409708544, delta_loss = 0.07113289
22/06/05 13:27:59 INFO BPRRecommender: BPRRecommender iter 11: loss = 51002.979354517556, delta_loss = 0.061616335
22/06/05 13:27:59 INFO BPRRecommender: BPRRecommender iter 12: loss = 51002.927788795234, delta_loss = 0.05156572
22/06/05 13:27:59 INFO BPRRecommender: BPRRecommender iter 13: loss = 51002.882209827905, delta_loss = 0.045578968
22/06/05 13:27:59 INFO BPRRecommender: BPRRecommender iter 14: loss = 51002.842933245985, delta_loss = 0.03927658
22/06/05 13:27:59 INFO BPRRecommender: BPRRecommender iter 15: loss = 51002.80820606099, delta_loss = 0.034727186
22/06/05 13:28:00 INFO BPRRecommender: BPRRecommender iter 16: loss = 51002.778370641965, delta_loss = 0.02983542
22/06/05 13:28:00 INFO BPRRecommender: BPRRecommender iter 17: loss = 51002.75177216123, delta_loss = 0.026598481
22/06/05 13:28:00 INFO BPRRecommender: BPRRecommender iter 18: loss = 51002.72787021072, delta_loss = 0.02390195
22/06/05 13:28:00 INFO BPRRecommender: BPRRecommender iter 19: loss = 51002.706289088615, delta_loss = 0.021581123
22/06/05 13:28:00 INFO BPRRecommender: BPRRecommender iter 20: loss = 51002.68647357338, delta_loss = 0.019815516
22/06/05 13:28:00 INFO BPRRecommender: BPRRecommender iter 21: loss = 51002.66977457084, delta_loss = 0.016699003
22/06/05 13:28:00 INFO BPRRecommender: BPRRecommender iter 22: loss = 51002.65356407433, delta_loss = 0.016210496
22/06/05 13:28:00 INFO BPRRecommender: BPRRecommender iter 23: loss = 51002.639355542364, delta_loss = 0.014208532
22/06/05 13:28:00 INFO BPRRecommender: BPRRecommender iter 24: loss = 51002.626265168044, delta_loss = 0.013090374
22/06/05 13:28:00 INFO BPRRecommender: BPRRecommender iter 25: loss = 51002.61406398448, delta_loss = 0.0122011835
22/06/05 13:28:00 INFO BPRRecommender: BPRRecommender iter 26: loss = 51002.603024659344, delta_loss = 0.011039325
22/06/05 13:28:00 INFO BPRRecommender: BPRRecommender iter 27: loss = 51002.593051523385, delta_loss = 0.009973136
22/06/05 13:28:00 INFO BPRRecommender: BPRRecommender iter 28: loss = 51002.58379131763, delta_loss = 0.009260206
22/06/05 13:28:00 INFO BPRRecommender: BPRRecommender iter 29: loss = 51002.57554038613, delta_loss = 0.008250931
22/06/05 13:28:00 INFO BPRRecommender: BPRRecommender iter 30: loss = 51002.56756529153, delta_loss = 0.007975095
22/06/05 13:28:00 INFO BPRRecommender: BPRRecommender iter 31: loss = 51002.56038168896, delta_loss = 0.0071836025
22/06/05 13:28:00 INFO BPRRecommender: BPRRecommender iter 32: loss = 51002.553779486436, delta_loss = 0.0066022025
22/06/05 13:28:00 INFO BPRRecommender: BPRRecommender iter 33: loss = 51002.547717744244, delta_loss = 0.006061742
22/06/05 13:28:00 INFO BPRRecommender: BPRRecommender iter 34: loss = 51002.541956082816, delta_loss = 0.0057616616
22/06/05 13:28:00 INFO BPRRecommender: BPRRecommender iter 35: loss = 51002.53672214178, delta_loss = 0.005233941
22/06/05 13:28:00 INFO BPRRecommender: BPRRecommender iter 36: loss = 51002.532023821375, delta_loss = 0.0046983203
22/06/05 13:28:00 INFO BPRRecommender: BPRRecommender iter 37: loss = 51002.527505018305, delta_loss = 0.004518803
22/06/05 13:28:00 INFO BPRRecommender: BPRRecommender iter 38: loss = 51002.5234887927, delta_loss = 0.0040162257
22/06/05 13:28:00 INFO BPRRecommender: BPRRecommender iter 39: loss = 51002.519656635835, delta_loss = 0.0038321568
22/06/05 13:28:00 INFO BPRRecommender: BPRRecommender iter 40: loss = 51002.51617748263, delta_loss = 0.0034791532
22/06/05 13:28:00 INFO BPRRecommender: BPRRecommender iter 41: loss = 51002.512907485136, delta_loss = 0.0032699974
22/06/05 13:28:00 INFO BPRRecommender: BPRRecommender iter 42: loss = 51002.50979745261, delta_loss = 0.0031100325
22/06/05 13:28:00 INFO BPRRecommender: BPRRecommender iter 43: loss = 51002.50709669337, delta_loss = 0.0027007593
22/06/05 13:28:00 INFO BPRRecommender: BPRRecommender iter 44: loss = 51002.50449623373, delta_loss = 0.0026004596
22/06/05 13:28:00 INFO BPRRecommender: BPRRecommender iter 45: loss = 51002.502076065095, delta_loss = 0.0024201686
22/06/05 13:28:00 INFO BPRRecommender: BPRRecommender iter 46: loss = 51002.49985928386, delta_loss = 0.0022167813
22/06/05 13:28:00 INFO BPRRecommender: BPRRecommender iter 47: loss = 51002.49771903721, delta_loss = 0.0021402466
22/06/05 13:28:00 INFO BPRRecommender: BPRRecommender iter 48: loss = 51002.4958525825, delta_loss = 0.0018664547
22/06/05 13:28:00 INFO BPRRecommender: BPRRecommender iter 49: loss = 51002.49410081307, delta_loss = 0.0017517695
22/06/05 13:28:00 INFO BPRRecommender: BPRRecommender iter 50: loss = 51002.492535063306, delta_loss = 0.0015657498
22/06/05 13:28:00 INFO BPRRecommender: Job Train completed.
22/06/05 13:28:00 INFO RecommenderJob: ExpCMD: COMPLETE
22/06/05 13:28:00 INFO RecommenderJob: EvalCMD: START
22/06/05 13:28:00 INFO BPRRecommender: begin recommend
22/06/05 13:28:00 INFO BPRRecommender: end recommend
22/06/05 13:28:01 INFO RecommenderJob: Evaluator info:NormalizedDCGEvaluator is 0.07779004707693675
22/06/05 13:28:01 INFO BPRRecommender: begin recommend
22/06/05 13:28:01 INFO BPRRecommender: end recommend
22/06/05 13:28:01 INFO RecommenderJob: Result path is exp00021/result/out-2.txt
22/06/05 13:28:01 INFO RecommenderJob: EvalCMD: COMPLETE.
22/06/05 13:28:01 INFO TextDataConvertor: Dataset: [data/split/cv_3/train.txt]
22/06/05 13:28:01 INFO TextDataConvertor: DataSet: data/split/cv_3/train.txt is finished
22/06/05 13:28:01 INFO TextDataConvertor: rating Scale: [3.0, 4.0, 5.0]
22/06/05 13:28:01 INFO TextDataConvertor: user number: 4005,	 item number is: 2673
22/06/05 13:28:01 INFO TextDataModel: Transform data to Convertor successfully!
22/06/05 13:28:01 INFO TextDataConvertor: Dataset: [data/split/cv_3/test.txt]
22/06/05 13:28:01 INFO TextDataConvertor: DataSet: data/split/cv_3/test.txt is finished
22/06/05 13:28:01 INFO TextDataConvertor: rating Scale: [3.0, 4.0, 5.0]
22/06/05 13:28:01 INFO TextDataConvertor: user number: 4005,	 item number is: 2673
22/06/05 13:28:01 INFO TextDataModel: Split data to train Set and test Set successfully!
22/06/05 13:28:01 INFO TextDataModel: Data cardinality of training is 73581
22/06/05 13:28:01 INFO TextDataModel: Data cardinality of testing is 36790
22/06/05 13:28:01 INFO TextDataModel: Feature appender loaded successfully!
22/06/05 13:28:01 INFO RecommenderJob: ExpCMD: START - Executing recommender job on 3.
22/06/05 13:28:01 INFO BPRRecommender: Job Setup completed.
22/06/05 13:28:01 INFO BPRRecommender: BPRRecommender iter 1: loss = 51005.08586203588, delta_loss = -51005.086
22/06/05 13:28:01 INFO BPRRecommender: BPRRecommender iter 2: loss = 51004.49288211083, delta_loss = 0.5929799
22/06/05 13:28:01 INFO BPRRecommender: BPRRecommender iter 3: loss = 51004.09726273989, delta_loss = 0.39561936
22/06/05 13:28:01 INFO BPRRecommender: BPRRecommender iter 4: loss = 51003.813700213286, delta_loss = 0.28356254
22/06/05 13:28:01 INFO BPRRecommender: BPRRecommender iter 5: loss = 51003.60161737806, delta_loss = 0.21208283
22/06/05 13:28:01 INFO BPRRecommender: BPRRecommender iter 6: loss = 51003.43779825738, delta_loss = 0.16381912
22/06/05 13:28:01 INFO BPRRecommender: BPRRecommender iter 7: loss = 51003.30599919415, delta_loss = 0.13179906
22/06/05 13:28:01 INFO BPRRecommender: BPRRecommender iter 8: loss = 51003.20110309352, delta_loss = 0.1048961
22/06/05 13:28:01 INFO BPRRecommender: BPRRecommender iter 9: loss = 51003.11448571094, delta_loss = 0.08661738
22/06/05 13:28:01 INFO BPRRecommender: BPRRecommender iter 10: loss = 51003.04160191161, delta_loss = 0.0728838
22/06/05 13:28:01 INFO BPRRecommender: BPRRecommender iter 11: loss = 51002.98197347581, delta_loss = 0.059628434
22/06/05 13:28:01 INFO BPRRecommender: BPRRecommender iter 12: loss = 51002.92883522551, delta_loss = 0.05313825
22/06/05 13:28:01 INFO BPRRecommender: BPRRecommender iter 13: loss = 51002.8841865232, delta_loss = 0.044648703
22/06/05 13:28:01 INFO BPRRecommender: BPRRecommender iter 14: loss = 51002.84422546904, delta_loss = 0.039961055
22/06/05 13:28:02 INFO BPRRecommender: BPRRecommender iter 15: loss = 51002.81003502597, delta_loss = 0.034190442
22/06/05 13:28:02 INFO BPRRecommender: BPRRecommender iter 16: loss = 51002.77987207166, delta_loss = 0.030162955
22/06/05 13:28:02 INFO BPRRecommender: BPRRecommender iter 17: loss = 51002.75325284702, delta_loss = 0.026619224
22/06/05 13:28:02 INFO BPRRecommender: BPRRecommender iter 18: loss = 51002.72917716051, delta_loss = 0.024075687
22/06/05 13:28:02 INFO BPRRecommender: BPRRecommender iter 19: loss = 51002.70738222931, delta_loss = 0.021794932
22/06/05 13:28:02 INFO BPRRecommender: BPRRecommender iter 20: loss = 51002.688034998086, delta_loss = 0.019347232
22/06/05 13:28:02 INFO BPRRecommender: BPRRecommender iter 21: loss = 51002.66996208025, delta_loss = 0.018072918
22/06/05 13:28:02 INFO BPRRecommender: BPRRecommender iter 22: loss = 51002.654620744564, delta_loss = 0.015341336
22/06/05 13:28:02 INFO BPRRecommender: BPRRecommender iter 23: loss = 51002.64013657157, delta_loss = 0.014484173
22/06/05 13:28:02 INFO BPRRecommender: BPRRecommender iter 24: loss = 51002.62685416445, delta_loss = 0.013282407
22/06/05 13:28:02 INFO BPRRecommender: BPRRecommender iter 25: loss = 51002.61471164931, delta_loss = 0.012142515
22/06/05 13:28:02 INFO BPRRecommender: BPRRecommender iter 26: loss = 51002.60374900221, delta_loss = 0.010962647
22/06/05 13:28:02 INFO BPRRecommender: BPRRecommender iter 27: loss = 51002.593935245684, delta_loss = 0.009813757
22/06/05 13:28:02 INFO BPRRecommender: BPRRecommender iter 28: loss = 51002.584353018865, delta_loss = 0.009582227
22/06/05 13:28:02 INFO BPRRecommender: BPRRecommender iter 29: loss = 51002.57607042264, delta_loss = 0.008282596
22/06/05 13:28:02 INFO BPRRecommender: BPRRecommender iter 30: loss = 51002.56837162603, delta_loss = 0.0076987967
22/06/05 13:28:02 INFO BPRRecommender: BPRRecommender iter 31: loss = 51002.56105930257, delta_loss = 0.0073123234
22/06/05 13:28:02 INFO BPRRecommender: BPRRecommender iter 32: loss = 51002.55433927918, delta_loss = 0.006720023
22/06/05 13:28:02 INFO BPRRecommender: BPRRecommender iter 33: loss = 51002.54816744125, delta_loss = 0.006171838
22/06/05 13:28:02 INFO BPRRecommender: BPRRecommender iter 34: loss = 51002.54246124321, delta_loss = 0.005706198
22/06/05 13:28:02 INFO BPRRecommender: BPRRecommender iter 35: loss = 51002.53727477001, delta_loss = 0.005186473
22/06/05 13:28:02 INFO BPRRecommender: BPRRecommender iter 36: loss = 51002.53234566881, delta_loss = 0.004929101
22/06/05 13:28:02 INFO BPRRecommender: BPRRecommender iter 37: loss = 51002.52784854417, delta_loss = 0.004497125
22/06/05 13:28:02 INFO BPRRecommender: BPRRecommender iter 38: loss = 51002.52370962524, delta_loss = 0.004138919
22/06/05 13:28:02 INFO BPRRecommender: BPRRecommender iter 39: loss = 51002.51988343287, delta_loss = 0.0038261923
22/06/05 13:28:02 INFO BPRRecommender: BPRRecommender iter 40: loss = 51002.51627298067, delta_loss = 0.0036104522
22/06/05 13:28:02 INFO BPRRecommender: BPRRecommender iter 41: loss = 51002.51304095385, delta_loss = 0.003232027
22/06/05 13:28:02 INFO BPRRecommender: BPRRecommender iter 42: loss = 51002.50992549207, delta_loss = 0.0031154617
22/06/05 13:28:02 INFO BPRRecommender: BPRRecommender iter 43: loss = 51002.507057235816, delta_loss = 0.0028682563
22/06/05 13:28:02 INFO BPRRecommender: BPRRecommender iter 44: loss = 51002.50448051246, delta_loss = 0.0025767235
22/06/05 13:28:02 INFO BPRRecommender: BPRRecommender iter 45: loss = 51002.50194204504, delta_loss = 0.0025384675
22/06/05 13:28:02 INFO BPRRecommender: BPRRecommender iter 46: loss = 51002.499766641115, delta_loss = 0.002175404
22/06/05 13:28:02 INFO BPRRecommender: BPRRecommender iter 47: loss = 51002.49761301214, delta_loss = 0.002153629
22/06/05 13:28:02 INFO BPRRecommender: BPRRecommender iter 48: loss = 51002.49565748705, delta_loss = 0.001955525
22/06/05 13:28:03 INFO BPRRecommender: BPRRecommender iter 49: loss = 51002.49384063459, delta_loss = 0.0018168525
22/06/05 13:28:03 INFO BPRRecommender: BPRRecommender iter 50: loss = 51002.49217928454, delta_loss = 0.00166135
22/06/05 13:28:03 INFO BPRRecommender: Job Train completed.
22/06/05 13:28:03 INFO RecommenderJob: ExpCMD: COMPLETE
22/06/05 13:28:03 INFO RecommenderJob: EvalCMD: START
22/06/05 13:28:03 INFO BPRRecommender: begin recommend
22/06/05 13:28:03 INFO BPRRecommender: end recommend
22/06/05 13:28:03 INFO RecommenderJob: Evaluator info:NormalizedDCGEvaluator is 0.07655440449471101
22/06/05 13:28:03 INFO BPRRecommender: begin recommend
22/06/05 13:28:03 INFO BPRRecommender: end recommend
22/06/05 13:28:03 INFO RecommenderJob: Result path is exp00021/result/out-3.txt
22/06/05 13:28:03 INFO RecommenderJob: EvalCMD: COMPLETE.
