22/06/05 14:17:04 INFO TextDataConvertor: Dataset: [data/rating_5000_cls_hc_10core_iterative.csv]
22/06/05 14:17:04 INFO TextDataConvertor: DataSet: ...ng_5000_cls_hc_10core_iterative.csv is finished
22/06/05 14:17:04 INFO TextDataConvertor: rating Scale: [3.0, 4.0, 5.0]
22/06/05 14:17:04 INFO TextDataConvertor: user number: 4005,	 item number is: 2673
22/06/05 14:17:04 INFO TextDataModel: Transform data to Convertor successfully!
22/06/05 14:17:04 INFO TextDataModel: Split data to train Set and test Set successfully!
22/06/05 14:17:04 INFO TextDataModel: Feature appender loaded successfully!
22/06/05 14:17:04 INFO TextDataConvertor: Dataset: [data/split/cv_1/train.txt]
22/06/05 14:17:04 INFO TextDataConvertor: DataSet: data/split/cv_1/train.txt is finished
22/06/05 14:17:04 INFO TextDataConvertor: rating Scale: [3.0, 4.0, 5.0]
22/06/05 14:17:04 INFO TextDataConvertor: user number: 4005,	 item number is: 2673
22/06/05 14:17:04 INFO TextDataModel: Transform data to Convertor successfully!
22/06/05 14:17:04 INFO TextDataConvertor: Dataset: [data/split/cv_1/test.txt]
22/06/05 14:17:04 INFO TextDataConvertor: DataSet: data/split/cv_1/test.txt is finished
22/06/05 14:17:04 INFO TextDataConvertor: rating Scale: [3.0, 4.0, 5.0]
22/06/05 14:17:04 INFO TextDataConvertor: user number: 4005,	 item number is: 2673
22/06/05 14:17:04 INFO TextDataModel: Split data to train Set and test Set successfully!
22/06/05 14:17:04 INFO TextDataModel: Data cardinality of training is 73580
22/06/05 14:17:04 INFO TextDataModel: Data cardinality of testing is 36791
22/06/05 14:17:04 INFO TextDataModel: Feature appender loaded successfully!
22/06/05 14:17:04 INFO RecommenderJob: ExpCMD: START - Executing recommender job on 1.
22/06/05 14:17:05 INFO BPRRecommender: Job Setup completed.
22/06/05 14:17:05 INFO BPRRecommender: BPRRecommender iter 1: loss = 51003.529408053415, delta_loss = -51003.53
22/06/05 14:17:05 INFO BPRRecommender: BPRRecommender iter 2: loss = 51002.76021859148, delta_loss = 0.7691895
22/06/05 14:17:05 INFO BPRRecommender: BPRRecommender iter 3: loss = 51002.42285940961, delta_loss = 0.3373592
22/06/05 14:17:05 INFO BPRRecommender: BPRRecommender iter 4: loss = 51002.24293893836, delta_loss = 0.17992046
22/06/05 14:17:05 INFO BPRRecommender: BPRRecommender iter 5: loss = 51002.13472656164, delta_loss = 0.108212374
22/06/05 14:17:05 INFO BPRRecommender: BPRRecommender iter 6: loss = 51002.065378914274, delta_loss = 0.06934765
22/06/05 14:17:05 INFO BPRRecommender: BPRRecommender iter 7: loss = 51002.01548511135, delta_loss = 0.049893804
22/06/05 14:17:05 INFO BPRRecommender: BPRRecommender iter 8: loss = 51001.97881298434, delta_loss = 0.036672127
22/06/05 14:17:05 INFO BPRRecommender: BPRRecommender iter 9: loss = 51001.94993829365, delta_loss = 0.028874692
22/06/05 14:17:05 INFO BPRRecommender: BPRRecommender iter 10: loss = 51001.92629719851, delta_loss = 0.023641095
22/06/05 14:17:05 INFO BPRRecommender: BPRRecommender iter 11: loss = 51001.90677435213, delta_loss = 0.019522846
22/06/05 14:17:05 INFO BPRRecommender: BPRRecommender iter 12: loss = 51001.889638520566, delta_loss = 0.017135832
22/06/05 14:17:05 INFO BPRRecommender: BPRRecommender iter 13: loss = 51001.87499357956, delta_loss = 0.014644941
22/06/05 14:17:05 INFO BPRRecommender: BPRRecommender iter 14: loss = 51001.86262223085, delta_loss = 0.012371349
22/06/05 14:17:05 INFO BPRRecommender: BPRRecommender iter 15: loss = 51001.85155805197, delta_loss = 0.011064179
22/06/05 14:17:05 INFO BPRRecommender: BPRRecommender iter 16: loss = 51001.84209527622, delta_loss = 0.009462776
22/06/05 14:17:05 INFO BPRRecommender: BPRRecommender iter 17: loss = 51001.83356070177, delta_loss = 0.008534575
22/06/05 14:17:05 INFO BPRRecommender: BPRRecommender iter 18: loss = 51001.826091232506, delta_loss = 0.007469469
22/06/05 14:17:05 INFO BPRRecommender: BPRRecommender iter 19: loss = 51001.81924641602, delta_loss = 0.0068448163
22/06/05 14:17:05 INFO BPRRecommender: BPRRecommender iter 20: loss = 51001.81359896185, delta_loss = 0.005647454
22/06/05 14:17:05 INFO BPRRecommender: BPRRecommender iter 21: loss = 51001.808550640424, delta_loss = 0.0050483216
22/06/05 14:17:05 INFO BPRRecommender: BPRRecommender iter 22: loss = 51001.80397890594, delta_loss = 0.0045717345
22/06/05 14:17:05 INFO BPRRecommender: BPRRecommender iter 23: loss = 51001.7999415841, delta_loss = 0.004037322
22/06/05 14:17:05 INFO BPRRecommender: BPRRecommender iter 24: loss = 51001.796393982135, delta_loss = 0.0035476019
22/06/05 14:17:05 INFO BPRRecommender: BPRRecommender iter 25: loss = 51001.79330416259, delta_loss = 0.0030898196
22/06/05 14:17:05 INFO BPRRecommender: BPRRecommender iter 26: loss = 51001.79060845703, delta_loss = 0.0026957055
22/06/05 14:17:05 INFO BPRRecommender: BPRRecommender iter 27: loss = 51001.78812310106, delta_loss = 0.002485356
22/06/05 14:17:05 INFO BPRRecommender: BPRRecommender iter 28: loss = 51001.785985503506, delta_loss = 0.0021375977
22/06/05 14:17:05 INFO BPRRecommender: BPRRecommender iter 29: loss = 51001.78405306169, delta_loss = 0.0019324418
22/06/05 14:17:05 INFO BPRRecommender: BPRRecommender iter 30: loss = 51001.78241135438, delta_loss = 0.0016417073
22/06/05 14:17:05 INFO BPRRecommender: BPRRecommender iter 31: loss = 51001.78089636572, delta_loss = 0.0015149887
22/06/05 14:17:05 INFO BPRRecommender: BPRRecommender iter 32: loss = 51001.77958405485, delta_loss = 0.0013123109
22/06/05 14:17:05 INFO BPRRecommender: BPRRecommender iter 33: loss = 51001.77842117651, delta_loss = 0.0011628784
22/06/05 14:17:05 INFO BPRRecommender: BPRRecommender iter 34: loss = 51001.77742008616, delta_loss = 0.0010010904
22/06/05 14:17:05 INFO BPRRecommender: BPRRecommender iter 35: loss = 51001.77647902638, delta_loss = 9.410598E-4
22/06/05 14:17:05 INFO BPRRecommender: BPRRecommender iter 36: loss = 51001.77568456468, delta_loss = 7.944617E-4
22/06/05 14:17:05 INFO BPRRecommender: BPRRecommender iter 37: loss = 51001.77497410297, delta_loss = 7.104617E-4
22/06/05 14:17:05 INFO BPRRecommender: BPRRecommender iter 38: loss = 51001.77434759863, delta_loss = 6.2650436E-4
22/06/05 14:17:05 INFO BPRRecommender: BPRRecommender iter 39: loss = 51001.77378938848, delta_loss = 5.5821013E-4
22/06/05 14:17:05 INFO BPRRecommender: BPRRecommender iter 40: loss = 51001.77330065863, delta_loss = 4.8872986E-4
22/06/05 14:17:05 INFO BPRRecommender: BPRRecommender iter 41: loss = 51001.77286690175, delta_loss = 4.3375688E-4
22/06/05 14:17:05 INFO BPRRecommender: BPRRecommender iter 42: loss = 51001.772482963905, delta_loss = 3.8393785E-4
22/06/05 14:17:05 INFO BPRRecommender: BPRRecommender iter 43: loss = 51001.77215440518, delta_loss = 3.2855873E-4
22/06/05 14:17:05 INFO BPRRecommender: BPRRecommender iter 44: loss = 51001.771850614336, delta_loss = 3.0379085E-4
22/06/05 14:17:05 INFO BPRRecommender: BPRRecommender iter 45: loss = 51001.77158519068, delta_loss = 2.6542365E-4
22/06/05 14:17:05 INFO BPRRecommender: BPRRecommender iter 46: loss = 51001.77134803945, delta_loss = 2.3715122E-4
22/06/05 14:17:05 INFO BPRRecommender: BPRRecommender iter 47: loss = 51001.771138877295, delta_loss = 2.0916216E-4
22/06/05 14:17:05 INFO BPRRecommender: BPRRecommender iter 48: loss = 51001.77095816531, delta_loss = 1.8071198E-4
22/06/05 14:17:05 INFO BPRRecommender: BPRRecommender iter 49: loss = 51001.77079237074, delta_loss = 1.6579457E-4
22/06/05 14:17:05 INFO BPRRecommender: BPRRecommender iter 50: loss = 51001.770652648476, delta_loss = 1.3972227E-4
22/06/05 14:17:05 INFO BPRRecommender: Job Train completed.
22/06/05 14:17:05 INFO RecommenderJob: ExpCMD: COMPLETE
22/06/05 14:17:05 INFO RecommenderJob: EvalCMD: START
22/06/05 14:17:05 INFO BPRRecommender: begin recommend
22/06/05 14:17:06 INFO BPRRecommender: end recommend
22/06/05 14:17:06 INFO RecommenderJob: Evaluator info:NormalizedDCGEvaluator is 0.01268162372052774
22/06/05 14:17:06 INFO BPRRecommender: begin recommend
22/06/05 14:17:06 INFO BPRRecommender: end recommend
22/06/05 14:17:06 INFO RecommenderJob: Result path is exp00059/result/out-1.txt
22/06/05 14:17:06 INFO RecommenderJob: EvalCMD: COMPLETE.
22/06/05 14:17:06 INFO TextDataConvertor: Dataset: [data/split/cv_2/train.txt]
22/06/05 14:17:06 INFO TextDataConvertor: DataSet: data/split/cv_2/train.txt is finished
22/06/05 14:17:07 INFO TextDataConvertor: rating Scale: [3.0, 4.0, 5.0]
22/06/05 14:17:07 INFO TextDataConvertor: user number: 4005,	 item number is: 2673
22/06/05 14:17:07 INFO TextDataModel: Transform data to Convertor successfully!
22/06/05 14:17:07 INFO TextDataConvertor: Dataset: [data/split/cv_2/test.txt]
22/06/05 14:17:07 INFO TextDataConvertor: DataSet: data/split/cv_2/test.txt is finished
22/06/05 14:17:07 INFO TextDataConvertor: rating Scale: [3.0, 4.0, 5.0]
22/06/05 14:17:07 INFO TextDataConvertor: user number: 4005,	 item number is: 2673
22/06/05 14:17:07 INFO TextDataModel: Split data to train Set and test Set successfully!
22/06/05 14:17:07 INFO TextDataModel: Data cardinality of training is 73581
22/06/05 14:17:07 INFO TextDataModel: Data cardinality of testing is 36790
22/06/05 14:17:07 INFO TextDataModel: Feature appender loaded successfully!
22/06/05 14:17:07 INFO RecommenderJob: ExpCMD: START - Executing recommender job on 2.
22/06/05 14:17:07 INFO BPRRecommender: Job Setup completed.
22/06/05 14:17:07 INFO BPRRecommender: BPRRecommender iter 1: loss = 51004.2289492453, delta_loss = -51004.23
22/06/05 14:17:07 INFO BPRRecommender: BPRRecommender iter 2: loss = 51003.462347528766, delta_loss = 0.76660174
22/06/05 14:17:07 INFO BPRRecommender: BPRRecommender iter 3: loss = 51003.121137326445, delta_loss = 0.34121022
22/06/05 14:17:07 INFO BPRRecommender: BPRRecommender iter 4: loss = 51002.937290104084, delta_loss = 0.18384722
22/06/05 14:17:07 INFO BPRRecommender: BPRRecommender iter 5: loss = 51002.82912219403, delta_loss = 0.10816791
22/06/05 14:17:07 INFO BPRRecommender: BPRRecommender iter 6: loss = 51002.75889906152, delta_loss = 0.07022313
22/06/05 14:17:07 INFO BPRRecommender: BPRRecommender iter 7: loss = 51002.70953118817, delta_loss = 0.049367875
22/06/05 14:17:07 INFO BPRRecommender: BPRRecommender iter 8: loss = 51002.672034158764, delta_loss = 0.03749703
22/06/05 14:17:07 INFO BPRRecommender: BPRRecommender iter 9: loss = 51002.64318210501, delta_loss = 0.028852053
22/06/05 14:17:07 INFO BPRRecommender: BPRRecommender iter 10: loss = 51002.61964973434, delta_loss = 0.02353237
22/06/05 14:17:07 INFO BPRRecommender: BPRRecommender iter 11: loss = 51002.59970113807, delta_loss = 0.019948596
22/06/05 14:17:07 INFO BPRRecommender: BPRRecommender iter 12: loss = 51002.58280913935, delta_loss = 0.016892
22/06/05 14:17:07 INFO BPRRecommender: BPRRecommender iter 13: loss = 51002.567977680475, delta_loss = 0.014831459
22/06/05 14:17:07 INFO BPRRecommender: BPRRecommender iter 14: loss = 51002.55569621495, delta_loss = 0.012281465
22/06/05 14:17:07 INFO BPRRecommender: BPRRecommender iter 15: loss = 51002.544917137835, delta_loss = 0.010779077
22/06/05 14:17:07 INFO BPRRecommender: BPRRecommender iter 16: loss = 51002.534833083504, delta_loss = 0.010084054
22/06/05 14:17:07 INFO BPRRecommender: BPRRecommender iter 17: loss = 51002.52654694677, delta_loss = 0.008286137
22/06/05 14:17:07 INFO BPRRecommender: BPRRecommender iter 18: loss = 51002.51916383287, delta_loss = 0.0073831137
22/06/05 14:17:07 INFO BPRRecommender: BPRRecommender iter 19: loss = 51002.51252660943, delta_loss = 0.0066372235
22/06/05 14:17:07 INFO BPRRecommender: BPRRecommender iter 20: loss = 51002.50676601901, delta_loss = 0.0057605905
22/06/05 14:17:07 INFO BPRRecommender: BPRRecommender iter 21: loss = 51002.50159316582, delta_loss = 0.0051728534
22/06/05 14:17:07 INFO BPRRecommender: BPRRecommender iter 22: loss = 51002.49709368368, delta_loss = 0.004499482
22/06/05 14:17:07 INFO BPRRecommender: BPRRecommender iter 23: loss = 51002.49305814395, delta_loss = 0.00403554
22/06/05 14:17:07 INFO BPRRecommender: BPRRecommender iter 24: loss = 51002.489524448785, delta_loss = 0.0035336951
22/06/05 14:17:07 INFO BPRRecommender: BPRRecommender iter 25: loss = 51002.48640240229, delta_loss = 0.0031220466
22/06/05 14:17:07 INFO BPRRecommender: BPRRecommender iter 26: loss = 51002.48365967891, delta_loss = 0.0027427233
22/06/05 14:17:07 INFO BPRRecommender: BPRRecommender iter 27: loss = 51002.481221091606, delta_loss = 0.0024385874
22/06/05 14:17:07 INFO BPRRecommender: BPRRecommender iter 28: loss = 51002.479098373246, delta_loss = 0.0021227184
22/06/05 14:17:07 INFO BPRRecommender: BPRRecommender iter 29: loss = 51002.47720012347, delta_loss = 0.0018982497
22/06/05 14:17:07 INFO BPRRecommender: BPRRecommender iter 30: loss = 51002.475516914055, delta_loss = 0.0016832094
22/06/05 14:17:07 INFO BPRRecommender: BPRRecommender iter 31: loss = 51002.474018539644, delta_loss = 0.0014983744
22/06/05 14:17:08 INFO BPRRecommender: BPRRecommender iter 32: loss = 51002.47271915399, delta_loss = 0.0012993857
22/06/05 14:17:08 INFO BPRRecommender: BPRRecommender iter 33: loss = 51002.47154612416, delta_loss = 0.0011730299
22/06/05 14:17:08 INFO BPRRecommender: BPRRecommender iter 34: loss = 51002.47053979419, delta_loss = 0.00100633
22/06/05 14:17:08 INFO BPRRecommender: BPRRecommender iter 35: loss = 51002.46961800608, delta_loss = 9.217881E-4
22/06/05 14:17:08 INFO BPRRecommender: BPRRecommender iter 36: loss = 51002.4688310678, delta_loss = 7.869383E-4
22/06/05 14:17:08 INFO BPRRecommender: BPRRecommender iter 37: loss = 51002.468125550266, delta_loss = 7.0551754E-4
22/06/05 14:17:08 INFO BPRRecommender: BPRRecommender iter 38: loss = 51002.46748633163, delta_loss = 6.392186E-4
22/06/05 14:17:08 INFO BPRRecommender: BPRRecommender iter 39: loss = 51002.46693073882, delta_loss = 5.555928E-4
22/06/05 14:17:08 INFO BPRRecommender: BPRRecommender iter 40: loss = 51002.466442122204, delta_loss = 4.8861664E-4
22/06/05 14:17:08 INFO BPRRecommender: BPRRecommender iter 41: loss = 51002.466007887335, delta_loss = 4.3423485E-4
22/06/05 14:17:08 INFO BPRRecommender: BPRRecommender iter 42: loss = 51002.4656260364, delta_loss = 3.8185093E-4
22/06/05 14:17:08 INFO BPRRecommender: BPRRecommender iter 43: loss = 51002.46529125437, delta_loss = 3.3478203E-4
22/06/05 14:17:08 INFO BPRRecommender: BPRRecommender iter 44: loss = 51002.464989977954, delta_loss = 3.0127642E-4
22/06/05 14:17:08 INFO BPRRecommender: BPRRecommender iter 45: loss = 51002.46472816434, delta_loss = 2.618136E-4
22/06/05 14:17:08 INFO BPRRecommender: BPRRecommender iter 46: loss = 51002.46449252825, delta_loss = 2.356361E-4
22/06/05 14:17:08 INFO BPRRecommender: BPRRecommender iter 47: loss = 51002.46428794823, delta_loss = 2.0458002E-4
22/06/05 14:17:08 INFO BPRRecommender: BPRRecommender iter 48: loss = 51002.46410027853, delta_loss = 1.876697E-4
22/06/05 14:17:08 INFO BPRRecommender: BPRRecommender iter 49: loss = 51002.46394254698, delta_loss = 1.5773156E-4
22/06/05 14:17:08 INFO BPRRecommender: BPRRecommender iter 50: loss = 51002.46379825437, delta_loss = 1.442926E-4
22/06/05 14:17:08 INFO BPRRecommender: Job Train completed.
22/06/05 14:17:08 INFO RecommenderJob: ExpCMD: COMPLETE
22/06/05 14:17:08 INFO RecommenderJob: EvalCMD: START
22/06/05 14:17:08 INFO BPRRecommender: begin recommend
22/06/05 14:17:08 INFO BPRRecommender: end recommend
22/06/05 14:17:08 INFO RecommenderJob: Evaluator info:NormalizedDCGEvaluator is 0.010998344382852285
22/06/05 14:17:08 INFO BPRRecommender: begin recommend
22/06/05 14:17:08 INFO BPRRecommender: end recommend
22/06/05 14:17:08 INFO RecommenderJob: Result path is exp00059/result/out-2.txt
22/06/05 14:17:08 INFO RecommenderJob: EvalCMD: COMPLETE.
22/06/05 14:17:08 INFO TextDataConvertor: Dataset: [data/split/cv_3/train.txt]
22/06/05 14:17:08 INFO TextDataConvertor: DataSet: data/split/cv_3/train.txt is finished
22/06/05 14:17:08 INFO TextDataConvertor: rating Scale: [3.0, 4.0, 5.0]
22/06/05 14:17:08 INFO TextDataConvertor: user number: 4005,	 item number is: 2673
22/06/05 14:17:08 INFO TextDataModel: Transform data to Convertor successfully!
22/06/05 14:17:08 INFO TextDataConvertor: Dataset: [data/split/cv_3/test.txt]
22/06/05 14:17:08 INFO TextDataConvertor: DataSet: data/split/cv_3/test.txt is finished
22/06/05 14:17:08 INFO TextDataConvertor: rating Scale: [3.0, 4.0, 5.0]
22/06/05 14:17:08 INFO TextDataConvertor: user number: 4005,	 item number is: 2673
22/06/05 14:17:08 INFO TextDataModel: Split data to train Set and test Set successfully!
22/06/05 14:17:08 INFO TextDataModel: Data cardinality of training is 73581
22/06/05 14:17:08 INFO TextDataModel: Data cardinality of testing is 36790
22/06/05 14:17:09 INFO TextDataModel: Feature appender loaded successfully!
22/06/05 14:17:09 INFO RecommenderJob: ExpCMD: START - Executing recommender job on 3.
22/06/05 14:17:09 INFO BPRRecommender: Job Setup completed.
22/06/05 14:17:09 INFO BPRRecommender: BPRRecommender iter 1: loss = 51004.233504021075, delta_loss = -51004.234
22/06/05 14:17:09 INFO BPRRecommender: BPRRecommender iter 2: loss = 51003.46037126701, delta_loss = 0.77313274
22/06/05 14:17:09 INFO BPRRecommender: BPRRecommender iter 3: loss = 51003.11921835165, delta_loss = 0.3411529
22/06/05 14:17:09 INFO BPRRecommender: BPRRecommender iter 4: loss = 51002.93843491804, delta_loss = 0.18078344
22/06/05 14:17:09 INFO BPRRecommender: BPRRecommender iter 5: loss = 51002.83051264614, delta_loss = 0.10792227
22/06/05 14:17:09 INFO BPRRecommender: BPRRecommender iter 6: loss = 51002.7603258343, delta_loss = 0.07018681
22/06/05 14:17:09 INFO BPRRecommender: BPRRecommender iter 7: loss = 51002.710339619814, delta_loss = 0.049986213
22/06/05 14:17:09 INFO BPRRecommender: BPRRecommender iter 8: loss = 51002.67351606074, delta_loss = 0.03682356
22/06/05 14:17:09 INFO BPRRecommender: BPRRecommender iter 9: loss = 51002.643855866954, delta_loss = 0.029660193
22/06/05 14:17:09 INFO BPRRecommender: BPRRecommender iter 10: loss = 51002.620274611676, delta_loss = 0.023581255
22/06/05 14:17:09 INFO BPRRecommender: BPRRecommender iter 11: loss = 51002.60048598476, delta_loss = 0.019788627
22/06/05 14:17:09 INFO BPRRecommender: BPRRecommender iter 12: loss = 51002.58354699942, delta_loss = 0.016938986
22/06/05 14:17:09 INFO BPRRecommender: BPRRecommender iter 13: loss = 51002.56890697378, delta_loss = 0.014640026
22/06/05 14:17:09 INFO BPRRecommender: BPRRecommender iter 14: loss = 51002.55641660953, delta_loss = 0.012490364
22/06/05 14:17:09 INFO BPRRecommender: BPRRecommender iter 15: loss = 51002.54498790491, delta_loss = 0.0114287045
22/06/05 14:17:09 INFO BPRRecommender: BPRRecommender iter 16: loss = 51002.535391910926, delta_loss = 0.009595994
22/06/05 14:17:09 INFO BPRRecommender: BPRRecommender iter 17: loss = 51002.52712023634, delta_loss = 0.008271675
22/06/05 14:17:09 INFO BPRRecommender: BPRRecommender iter 18: loss = 51002.51952220142, delta_loss = 0.007598035
22/06/05 14:17:09 INFO BPRRecommender: BPRRecommender iter 19: loss = 51002.51290295632, delta_loss = 0.0066192453
22/06/05 14:17:09 INFO BPRRecommender: BPRRecommender iter 20: loss = 51002.50695415255, delta_loss = 0.005948804
22/06/05 14:17:09 INFO BPRRecommender: BPRRecommender iter 21: loss = 51002.50185267258, delta_loss = 0.00510148
22/06/05 14:17:09 INFO BPRRecommender: BPRRecommender iter 22: loss = 51002.4972440586, delta_loss = 0.004608614
22/06/05 14:17:09 INFO BPRRecommender: BPRRecommender iter 23: loss = 51002.49328185119, delta_loss = 0.0039622076
22/06/05 14:17:09 INFO BPRRecommender: BPRRecommender iter 24: loss = 51002.489684405824, delta_loss = 0.0035974453
22/06/05 14:17:09 INFO BPRRecommender: BPRRecommender iter 25: loss = 51002.486565194915, delta_loss = 0.003119211
22/06/05 14:17:09 INFO BPRRecommender: BPRRecommender iter 26: loss = 51002.4837542659, delta_loss = 0.002810929
22/06/05 14:17:09 INFO BPRRecommender: BPRRecommender iter 27: loss = 51002.48130636543, delta_loss = 0.0024479004
22/06/05 14:17:09 INFO BPRRecommender: BPRRecommender iter 28: loss = 51002.47919859177, delta_loss = 0.0021077737
22/06/05 14:17:09 INFO BPRRecommender: BPRRecommender iter 29: loss = 51002.47729153917, delta_loss = 0.0019070526
22/06/05 14:17:09 INFO BPRRecommender: BPRRecommender iter 30: loss = 51002.47558540257, delta_loss = 0.0017061366
22/06/05 14:17:09 INFO BPRRecommender: BPRRecommender iter 31: loss = 51002.47406600934, delta_loss = 0.0015193932
22/06/05 14:17:09 INFO BPRRecommender: BPRRecommender iter 32: loss = 51002.472756959716, delta_loss = 0.0013090497
22/06/05 14:17:09 INFO BPRRecommender: BPRRecommender iter 33: loss = 51002.471602124686, delta_loss = 0.001154835
22/06/05 14:17:09 INFO BPRRecommender: BPRRecommender iter 34: loss = 51002.4705679239, delta_loss = 0.0010342008
22/06/05 14:17:09 INFO BPRRecommender: BPRRecommender iter 35: loss = 51002.46964988213, delta_loss = 9.180418E-4
22/06/05 14:17:09 INFO BPRRecommender: BPRRecommender iter 36: loss = 51002.46884690351, delta_loss = 8.0297864E-4
22/06/05 14:17:09 INFO BPRRecommender: BPRRecommender iter 37: loss = 51002.468140466335, delta_loss = 7.0643716E-4
22/06/05 14:17:09 INFO BPRRecommender: BPRRecommender iter 38: loss = 51002.46750922324, delta_loss = 6.312431E-4
22/06/05 14:17:09 INFO BPRRecommender: BPRRecommender iter 39: loss = 51002.46695450568, delta_loss = 5.5471755E-4
22/06/05 14:17:09 INFO BPRRecommender: BPRRecommender iter 40: loss = 51002.466465662255, delta_loss = 4.888434E-4
22/06/05 14:17:09 INFO BPRRecommender: BPRRecommender iter 41: loss = 51002.46602209526, delta_loss = 4.43567E-4
22/06/05 14:17:09 INFO BPRRecommender: BPRRecommender iter 42: loss = 51002.46564798678, delta_loss = 3.741085E-4
22/06/05 14:17:09 INFO BPRRecommender: BPRRecommender iter 43: loss = 51002.46530626423, delta_loss = 3.4172254E-4
22/06/05 14:17:09 INFO BPRRecommender: BPRRecommender iter 44: loss = 51002.46499862351, delta_loss = 3.0764073E-4
22/06/05 14:17:09 INFO BPRRecommender: BPRRecommender iter 45: loss = 51002.46473146321, delta_loss = 2.671603E-4
22/06/05 14:17:09 INFO BPRRecommender: BPRRecommender iter 46: loss = 51002.46450217485, delta_loss = 2.2928836E-4
22/06/05 14:17:09 INFO BPRRecommender: BPRRecommender iter 47: loss = 51002.4642921443, delta_loss = 2.1003056E-4
22/06/05 14:17:09 INFO BPRRecommender: BPRRecommender iter 48: loss = 51002.46411009152, delta_loss = 1.8205278E-4
22/06/05 14:17:10 INFO BPRRecommender: BPRRecommender iter 49: loss = 51002.46394375162, delta_loss = 1.6633989E-4
22/06/05 14:17:10 INFO BPRRecommender: BPRRecommender iter 50: loss = 51002.4638013971, delta_loss = 1.4235452E-4
22/06/05 14:17:10 INFO BPRRecommender: Job Train completed.
22/06/05 14:17:10 INFO RecommenderJob: ExpCMD: COMPLETE
22/06/05 14:17:10 INFO RecommenderJob: EvalCMD: START
22/06/05 14:17:10 INFO BPRRecommender: begin recommend
22/06/05 14:17:10 INFO BPRRecommender: end recommend
22/06/05 14:17:10 INFO RecommenderJob: Evaluator info:NormalizedDCGEvaluator is 0.011322019793000862
22/06/05 14:17:10 INFO BPRRecommender: begin recommend
22/06/05 14:17:10 INFO BPRRecommender: end recommend
22/06/05 14:17:10 INFO RecommenderJob: Result path is exp00059/result/out-3.txt
22/06/05 14:17:10 INFO RecommenderJob: EvalCMD: COMPLETE.
